
Wed Oct 30 11:54:23 EET 2024 Anagnostakis Ioannis (rizitis@gmail.com) GR
Slackware package maker, version 3.14159265.

Searching for symbolic links:

No symbolic links were found, so we won't make an installation script.
You can make your own later in ./install/doinst.sh and rebuild the
package if you like.

This next step is optional - you can set the directories in your package
to some sane permissions. If any of the directories in your package have
special permissions, then DO NOT reset them here!

Would you like to reset all directory permissions to 755 (drwxr-xr-x) and
directory ownerships to root.root ([y]es, [n]o)? n


Creating Slackware package:  /home/omen/GITHUB/AUTO_SLACKBUILD/hacks/devbox/binary-devbox-0.13.6/devbox-0.13.6-x86_64-1_rtz.tlz

./
install/
install/doinst.sh
install/slack-desc
install/slack-required
usr/
usr/doc/
usr/doc/devbox-0.13.6/
usr/doc/devbox-0.13.6/Dockerfile
usr/doc/devbox-0.13.6/README.md
usr/doc/devbox-0.13.6/app/
usr/doc/devbox-0.13.6/app/.envrc
usr/doc/devbox-0.13.6/app/.gitignore
usr/doc/devbox-0.13.6/app/.yarnrc.yml
usr/doc/devbox-0.13.6/app/babel.config.js
usr/doc/devbox-0.13.6/app/cloud/
usr/doc/devbox-0.13.6/app/cloud/_category_.json
usr/doc/devbox-0.13.6/app/cloud/cache/
usr/doc/devbox-0.13.6/app/cloud/cache/authenticating.md
usr/doc/devbox-0.13.6/app/cloud/cache/index.md
usr/doc/devbox-0.13.6/app/cloud/cache/prebuilt_cache.md
usr/doc/devbox-0.13.6/app/cloud/cache/usage.md
usr/doc/devbox-0.13.6/app/cloud/dashboard/
usr/doc/devbox-0.13.6/app/cloud/dashboard/_category_.json
usr/doc/devbox-0.13.6/app/cloud/dashboard/creating_your_team.md
usr/doc/devbox-0.13.6/app/cloud/dashboard/index.md
usr/doc/devbox-0.13.6/app/cloud/dashboard/inviting_members.md
usr/doc/devbox-0.13.6/app/cloud/deploys/
usr/doc/devbox-0.13.6/app/cloud/deploys/_category_.json
usr/doc/devbox-0.13.6/app/cloud/deploys/custom_domains.md
usr/doc/devbox-0.13.6/app/cloud/deploys/index.md
usr/doc/devbox-0.13.6/app/cloud/deploys/integrations/
usr/doc/devbox-0.13.6/app/cloud/deploys/integrations/_category_.json
usr/doc/devbox-0.13.6/app/cloud/deploys/integrations/index.md
usr/doc/devbox-0.13.6/app/cloud/deploys/integrations/s3.md
usr/doc/devbox-0.13.6/app/cloud/deploys/integrations/supabase.md
usr/doc/devbox-0.13.6/app/cloud/deploys/integrations/upstash.md
usr/doc/devbox-0.13.6/app/cloud/deploys/monitoring_deploys.md
usr/doc/devbox-0.13.6/app/cloud/deploys/secrets.md
usr/doc/devbox-0.13.6/app/cloud/deploys/setup.md
usr/doc/devbox-0.13.6/app/cloud/devspace/
usr/doc/devbox-0.13.6/app/cloud/devspace/_category_.json
usr/doc/devbox-0.13.6/app/cloud/devspace/faq.md
usr/doc/devbox-0.13.6/app/cloud/devspace/index.md
usr/doc/devbox-0.13.6/app/cloud/devspace/managing_devspaces.md
usr/doc/devbox-0.13.6/app/cloud/devspace/sharing_devspaces.md
usr/doc/devbox-0.13.6/app/cloud/devspace/start_a_devspace.md
usr/doc/devbox-0.13.6/app/cloud/faq.md
usr/doc/devbox-0.13.6/app/cloud/index.md
usr/doc/devbox-0.13.6/app/cloud/secrets/
usr/doc/devbox-0.13.6/app/cloud/secrets/_category_.json
usr/doc/devbox-0.13.6/app/cloud/secrets/dashboard_secrets.md
usr/doc/devbox-0.13.6/app/cloud/secrets/index.md
usr/doc/devbox-0.13.6/app/cloud/secrets/secrets_cli.md
usr/doc/devbox-0.13.6/app/cloud/sidebar.ts
usr/doc/devbox-0.13.6/app/cloud_sidebars.js
usr/doc/devbox-0.13.6/app/devbox.json
usr/doc/devbox-0.13.6/app/devbox.lock
usr/doc/devbox-0.13.6/app/docs/
usr/doc/devbox-0.13.6/app/docs/cli_reference/
usr/doc/devbox-0.13.6/app/docs/cli_reference/_category_.json
usr/doc/devbox-0.13.6/app/docs/cli_reference/devbox.md
usr/doc/devbox-0.13.6/app/docs/cli_reference/devbox_add.md
usr/doc/devbox-0.13.6/app/docs/cli_reference/devbox_cache.md
usr/doc/devbox-0.13.6/app/docs/cli_reference/devbox_cache_configure.md
usr/doc/devbox-0.13.6/app/docs/cli_reference/devbox_cache_info.md
usr/doc/devbox-0.13.6/app/docs/cli_reference/devbox_cache_upload.md
usr/doc/devbox-0.13.6/app/docs/cli_reference/devbox_completion.md
usr/doc/devbox-0.13.6/app/docs/cli_reference/devbox_completion_bash.md
usr/doc/devbox-0.13.6/app/docs/cli_reference/devbox_completion_fish.md
usr/doc/devbox-0.13.6/app/docs/cli_reference/devbox_completion_zsh.md
usr/doc/devbox-0.13.6/app/docs/cli_reference/devbox_create.md
usr/doc/devbox-0.13.6/app/docs/cli_reference/devbox_generate.md
usr/doc/devbox-0.13.6/app/docs/cli_reference/devbox_generate_devcontainer.md
usr/doc/devbox-0.13.6/app/docs/cli_reference/devbox_generate_direnv.md
usr/doc/devbox-0.13.6/app/docs/cli_reference/devbox_generate_dockerfile.md
usr/doc/devbox-0.13.6/app/docs/cli_reference/devbox_generate_readme.md
usr/doc/devbox-0.13.6/app/docs/cli_reference/devbox_global.md
usr/doc/devbox-0.13.6/app/docs/cli_reference/devbox_global_add.md
usr/doc/devbox-0.13.6/app/docs/cli_reference/devbox_global_install.md
usr/doc/devbox-0.13.6/app/docs/cli_reference/devbox_global_list.md
usr/doc/devbox-0.13.6/app/docs/cli_reference/devbox_global_pull.md
usr/doc/devbox-0.13.6/app/docs/cli_reference/devbox_global_push.md
usr/doc/devbox-0.13.6/app/docs/cli_reference/devbox_global_rm.md
usr/doc/devbox-0.13.6/app/docs/cli_reference/devbox_global_run.md
usr/doc/devbox-0.13.6/app/docs/cli_reference/devbox_global_services.md
usr/doc/devbox-0.13.6/app/docs/cli_reference/devbox_global_shellenv.md
usr/doc/devbox-0.13.6/app/docs/cli_reference/devbox_global_update.md
usr/doc/devbox-0.13.6/app/docs/cli_reference/devbox_info.md
usr/doc/devbox-0.13.6/app/docs/cli_reference/devbox_init.md
usr/doc/devbox-0.13.6/app/docs/cli_reference/devbox_install.md
usr/doc/devbox-0.13.6/app/docs/cli_reference/devbox_rm.md
usr/doc/devbox-0.13.6/app/docs/cli_reference/devbox_run.md
usr/doc/devbox-0.13.6/app/docs/cli_reference/devbox_search.md
usr/doc/devbox-0.13.6/app/docs/cli_reference/devbox_secrets.md
usr/doc/devbox-0.13.6/app/docs/cli_reference/devbox_secrets_download.md
usr/doc/devbox-0.13.6/app/docs/cli_reference/devbox_secrets_init.md
usr/doc/devbox-0.13.6/app/docs/cli_reference/devbox_secrets_list.md
usr/doc/devbox-0.13.6/app/docs/cli_reference/devbox_secrets_rm.md
usr/doc/devbox-0.13.6/app/docs/cli_reference/devbox_secrets_set.md
usr/doc/devbox-0.13.6/app/docs/cli_reference/devbox_secrets_upload.md
usr/doc/devbox-0.13.6/app/docs/cli_reference/devbox_services.md
usr/doc/devbox-0.13.6/app/docs/cli_reference/devbox_services_attach.md
usr/doc/devbox-0.13.6/app/docs/cli_reference/devbox_services_ls.md
usr/doc/devbox-0.13.6/app/docs/cli_reference/devbox_services_restart.md
usr/doc/devbox-0.13.6/app/docs/cli_reference/devbox_services_start.md
usr/doc/devbox-0.13.6/app/docs/cli_reference/devbox_services_stop.md
usr/doc/devbox-0.13.6/app/docs/cli_reference/devbox_services_up.md
usr/doc/devbox-0.13.6/app/docs/cli_reference/devbox_shell.md
usr/doc/devbox-0.13.6/app/docs/cli_reference/devbox_shellenv.md
usr/doc/devbox-0.13.6/app/docs/cli_reference/devbox_update.md
usr/doc/devbox-0.13.6/app/docs/cli_reference/devbox_version.md
usr/doc/devbox-0.13.6/app/docs/cli_reference/devbox_version_update.md
usr/doc/devbox-0.13.6/app/docs/configuration.md
usr/doc/devbox-0.13.6/app/docs/continuous_integration/
usr/doc/devbox-0.13.6/app/docs/continuous_integration/github_action.md
usr/doc/devbox-0.13.6/app/docs/contributor-quickstart.md
usr/doc/devbox-0.13.6/app/docs/devbox_cloud/
usr/doc/devbox-0.13.6/app/docs/devbox_cloud/beta_faq.md
usr/doc/devbox-0.13.6/app/docs/devbox_cloud/index.mdx
usr/doc/devbox-0.13.6/app/docs/devbox_examples/
usr/doc/devbox-0.13.6/app/docs/devbox_examples/databases/
usr/doc/devbox-0.13.6/app/docs/devbox_examples/databases/mariadb.md
usr/doc/devbox-0.13.6/app/docs/devbox_examples/databases/mongodb.md
usr/doc/devbox-0.13.6/app/docs/devbox_examples/databases/mysql.md
usr/doc/devbox-0.13.6/app/docs/devbox_examples/databases/postgres.md
usr/doc/devbox-0.13.6/app/docs/devbox_examples/databases/rabbitmq.md
usr/doc/devbox-0.13.6/app/docs/devbox_examples/databases/redis.md
usr/doc/devbox-0.13.6/app/docs/devbox_examples/databases/valkey.md
usr/doc/devbox-0.13.6/app/docs/devbox_examples/index.md
usr/doc/devbox-0.13.6/app/docs/devbox_examples/languages/
usr/doc/devbox-0.13.6/app/docs/devbox_examples/languages/csharp.md
usr/doc/devbox-0.13.6/app/docs/devbox_examples/languages/elixir.md
usr/doc/devbox-0.13.6/app/docs/devbox_examples/languages/fsharp.md
usr/doc/devbox-0.13.6/app/docs/devbox_examples/languages/go.md
usr/doc/devbox-0.13.6/app/docs/devbox_examples/languages/haskell.md
usr/doc/devbox-0.13.6/app/docs/devbox_examples/languages/java.md
usr/doc/devbox-0.13.6/app/docs/devbox_examples/languages/nim.md
usr/doc/devbox-0.13.6/app/docs/devbox_examples/languages/nodejs.md
usr/doc/devbox-0.13.6/app/docs/devbox_examples/languages/php.md
usr/doc/devbox-0.13.6/app/docs/devbox_examples/languages/python.md
usr/doc/devbox-0.13.6/app/docs/devbox_examples/languages/ruby.md
usr/doc/devbox-0.13.6/app/docs/devbox_examples/languages/rust.md
usr/doc/devbox-0.13.6/app/docs/devbox_examples/languages/zig.md
usr/doc/devbox-0.13.6/app/docs/devbox_examples/servers/
usr/doc/devbox-0.13.6/app/docs/devbox_examples/servers/apache.md
usr/doc/devbox-0.13.6/app/docs/devbox_examples/servers/caddy.md
usr/doc/devbox-0.13.6/app/docs/devbox_examples/servers/nginx.md
usr/doc/devbox-0.13.6/app/docs/devbox_examples/stacks/
usr/doc/devbox-0.13.6/app/docs/devbox_examples/stacks/django.md
usr/doc/devbox-0.13.6/app/docs/devbox_examples/stacks/drupal.md
usr/doc/devbox-0.13.6/app/docs/devbox_examples/stacks/jekyll.md
usr/doc/devbox-0.13.6/app/docs/devbox_examples/stacks/lapp.md
usr/doc/devbox-0.13.6/app/docs/devbox_examples/stacks/laravel.md
usr/doc/devbox-0.13.6/app/docs/devbox_examples/stacks/lepp.md
usr/doc/devbox-0.13.6/app/docs/devbox_examples/stacks/rails.md
usr/doc/devbox-0.13.6/app/docs/devbox_examples/stacks/spring.md
usr/doc/devbox-0.13.6/app/docs/devbox_global.md
usr/doc/devbox-0.13.6/app/docs/env_variables.md
usr/doc/devbox-0.13.6/app/docs/faq.md
usr/doc/devbox-0.13.6/app/docs/guides/
usr/doc/devbox-0.13.6/app/docs/guides/creating_plugins.md
usr/doc/devbox-0.13.6/app/docs/guides/pinning_packages.md
usr/doc/devbox-0.13.6/app/docs/guides/platform_specific_packages.md
usr/doc/devbox-0.13.6/app/docs/guides/plugins.md
usr/doc/devbox-0.13.6/app/docs/guides/scripts.md
usr/doc/devbox-0.13.6/app/docs/guides/secrets.md
usr/doc/devbox-0.13.6/app/docs/guides/services.md
usr/doc/devbox-0.13.6/app/docs/guides/using_flakes.md
usr/doc/devbox-0.13.6/app/docs/ide_configuration/
usr/doc/devbox-0.13.6/app/docs/ide_configuration/direnv.md
usr/doc/devbox-0.13.6/app/docs/ide_configuration/eclipse.md
usr/doc/devbox-0.13.6/app/docs/ide_configuration/vscode.md
usr/doc/devbox-0.13.6/app/docs/ide_configuration/zed.md
usr/doc/devbox-0.13.6/app/docs/index.md
usr/doc/devbox-0.13.6/app/docs/installing_devbox.mdx
usr/doc/devbox-0.13.6/app/docs/quickstart.mdx
usr/doc/devbox-0.13.6/app/docs/telemetry.md
usr/doc/devbox-0.13.6/app/docusaurus.config.js
usr/doc/devbox-0.13.6/app/nixhub/
usr/doc/devbox-0.13.6/app/nixhub/get-a-package.api.mdx
usr/doc/devbox-0.13.6/app/nixhub/index.mdx
usr/doc/devbox-0.13.6/app/nixhub/resolve-a-package-version.api.mdx
usr/doc/devbox-0.13.6/app/nixhub/search-packages.api.mdx
usr/doc/devbox-0.13.6/app/nixhub/sidebar.ts
usr/doc/devbox-0.13.6/app/nixhub_sidebars.js
usr/doc/devbox-0.13.6/app/package.json
usr/doc/devbox-0.13.6/app/pnpm-lock.yaml
usr/doc/devbox-0.13.6/app/sidebars.js
usr/doc/devbox-0.13.6/app/specs/
usr/doc/devbox-0.13.6/app/specs/nixhub.yaml
usr/doc/devbox-0.13.6/app/src/
usr/doc/devbox-0.13.6/app/src/css/
usr/doc/devbox-0.13.6/app/src/css/custom.css
usr/doc/devbox-0.13.6/app/src/pages/
usr/doc/devbox-0.13.6/app/src/pages/index.module.css
usr/doc/devbox-0.13.6/app/static/
usr/doc/devbox-0.13.6/app/static/.nojekyll
usr/doc/devbox-0.13.6/app/static/img/
usr/doc/devbox-0.13.6/app/static/img/active_member.png
usr/doc/devbox-0.13.6/app/static/img/auth_page.png
usr/doc/devbox-0.13.6/app/static/img/build-logs.jpeg
usr/doc/devbox-0.13.6/app/static/img/cloud.svg
usr/doc/devbox-0.13.6/app/static/img/connection_parameters.png
usr/doc/devbox-0.13.6/app/static/img/create-project.png
usr/doc/devbox-0.13.6/app/static/img/create_team_form.png
usr/doc/devbox-0.13.6/app/static/img/custom-domain-issued.png
usr/doc/devbox-0.13.6/app/static/img/custom-domain-unknown.png
usr/doc/devbox-0.13.6/app/static/img/custom-domain.png
usr/doc/devbox-0.13.6/app/static/img/dashboard_create_new_devspace.png
usr/doc/devbox-0.13.6/app/static/img/delete_member.png
usr/doc/devbox-0.13.6/app/static/img/deploy-in-progress.png
usr/doc/devbox-0.13.6/app/static/img/deploy-success.png
usr/doc/devbox-0.13.6/app/static/img/devbox_cloud_browser.png
usr/doc/devbox-0.13.6/app/static/img/devbox_cloud_editor.png
usr/doc/devbox-0.13.6/app/static/img/devbox_docs_logo_dark.svg
usr/doc/devbox-0.13.6/app/static/img/devbox_docs_logo_light.svg
usr/doc/devbox-0.13.6/app/static/img/devbox_global.svg
usr/doc/devbox-0.13.6/app/static/img/devbox_logo_dark.svg
usr/doc/devbox-0.13.6/app/static/img/devbox_logo_light.svg
usr/doc/devbox-0.13.6/app/static/img/devbox_sh.png
usr/doc/devbox-0.13.6/app/static/img/devbox_symbol_dark.svg
usr/doc/devbox-0.13.6/app/static/img/devbox_symbol_light.svg
usr/doc/devbox-0.13.6/app/static/img/discord.svg
usr/doc/devbox-0.13.6/app/static/img/eclipse_background_2.png
usr/doc/devbox-0.13.6/app/static/img/edit_secrets.png
usr/doc/devbox-0.13.6/app/static/img/enable-deployments.jpeg
usr/doc/devbox-0.13.6/app/static/img/favicon.ico
usr/doc/devbox-0.13.6/app/static/img/github-dark.svg
usr/doc/devbox-0.13.6/app/static/img/github-light.svg
usr/doc/devbox-0.13.6/app/static/img/invited_member.png
usr/doc/devbox-0.13.6/app/static/img/inviting_member.png
usr/doc/devbox-0.13.6/app/static/img/jetify-docs-logo-dark.svg
usr/doc/devbox-0.13.6/app/static/img/jetify-docs-logo-light.svg
usr/doc/devbox-0.13.6/app/static/img/jetify-social-card.png
usr/doc/devbox-0.13.6/app/static/img/jetify_auth.jpeg
usr/doc/devbox-0.13.6/app/static/img/jetify_cloud_dashboard.jpeg
usr/doc/devbox-0.13.6/app/static/img/jetpack_docs_logo_dark.svg
usr/doc/devbox-0.13.6/app/static/img/jetpack_docs_logo_light.svg
usr/doc/devbox-0.13.6/app/static/img/jetpack_logo_dark.svg
usr/doc/devbox-0.13.6/app/static/img/jetpack_logo_light.svg
usr/doc/devbox-0.13.6/app/static/img/members_tab.png
usr/doc/devbox-0.13.6/app/static/img/newproject-tworepos.png
usr/doc/devbox-0.13.6/app/static/img/newproject.png
usr/doc/devbox-0.13.6/app/static/img/nix-term-dark.svg
usr/doc/devbox-0.13.6/app/static/img/nix-term-light.svg
usr/doc/devbox-0.13.6/app/static/img/nix_snowflake_dark.svg
usr/doc/devbox-0.13.6/app/static/img/nix_snowflake_light.svg
usr/doc/devbox-0.13.6/app/static/img/open-in-devspace.svg
usr/doc/devbox-0.13.6/app/static/img/open_in_devbox.svg
usr/doc/devbox-0.13.6/app/static/img/postgres-secrets.png
usr/doc/devbox-0.13.6/app/static/img/process-compose-tui.png
usr/doc/devbox-0.13.6/app/static/img/project-page.png
usr/doc/devbox-0.13.6/app/static/img/runtime-logs.png
usr/doc/devbox-0.13.6/app/static/img/s3-secrets.png
usr/doc/devbox-0.13.6/app/static/img/secrets.gif
usr/doc/devbox-0.13.6/app/static/img/secrets_tab.png
usr/doc/devbox-0.13.6/app/static/img/shield_galaxy.svg
usr/doc/devbox-0.13.6/app/static/img/shield_moon.svg
usr/doc/devbox-0.13.6/app/static/img/shield_white.svg
usr/doc/devbox-0.13.6/app/static/img/supabase-API.png
usr/doc/devbox-0.13.6/app/static/img/supabase-secrets.png
usr/doc/devbox-0.13.6/app/static/img/team_selector.png
usr/doc/devbox-0.13.6/app/static/img/upstash-secrets.png
usr/doc/devbox-0.13.6/app/static/img/upstash.png
usr/doc/devbox-0.13.6/app/tsconfig.json
usr/doc/devbox-0.13.6/app/vercel.json
usr/doc/devbox-0.13.6/devbox.SlackBuild
usr/doc/devbox-0.13.6/launchpad.yaml
usr/doc/devbox-0.13.6/nginx.conf
usr/doc/devbox-0.13.6/translation/
usr/doc/devbox-0.13.6/translation/README-ko-KR.md
usr/doc/devbox-0.13.6/translation/README-zh-CN.md
usr/local/
usr/local/bin/
usr/local/bin/devbox
WARNING:  zero length file usr/doc/devbox-0.13.6/app/static/.nojekyll

Slackware package /home/omen/GITHUB/AUTO_SLACKBUILD/hacks/devbox/binary-devbox-0.13.6/devbox-0.13.6-x86_64-1_rtz.tlz created.

