
Sun Sep 29 14:55:28 EEST 2024 Anagnostakis Ioannis (rizitis@gmail.com) GR
Slackware package maker, version 3.14159265.

Searching for symbolic links:

No symbolic links were found, so we won't make an installation script.
You can make your own later in ./install/doinst.sh and rebuild the
package if you like.

This next step is optional - you can set the directories in your package
to some sane permissions. If any of the directories in your package have
special permissions, then DO NOT reset them here!

Would you like to reset all directory permissions to 755 (drwxr-xr-x) and
directory ownerships to root.root ([y]es, [n]o)? n


Creating Slackware package:  /home/omen/GITHUB/AUTO_SLACKBUILD/hacks/vtracer/binary-vtracer-0.6.4/vtracer-0.6.4-x86_64-1_rtz.tlz

./
install/
install/doinst.sh
install/slack-desc
usr/
usr/doc/
usr/doc/vtracer-0.6.4/
usr/doc/vtracer-0.6.4/Cargo.lock
usr/doc/vtracer-0.6.4/Cargo.toml
usr/doc/vtracer-0.6.4/CHANGELOG.md
usr/doc/vtracer-0.6.4/cmdapp/
usr/doc/vtracer-0.6.4/cmdapp/Cargo.toml
usr/doc/vtracer-0.6.4/cmdapp/.gitignore
usr/doc/vtracer-0.6.4/cmdapp/LICENSE-APACHE
usr/doc/vtracer-0.6.4/cmdapp/LICENSE-MIT
usr/doc/vtracer-0.6.4/cmdapp/pyproject.toml
usr/doc/vtracer-0.6.4/cmdapp/README.md
usr/doc/vtracer-0.6.4/cmdapp/src/
usr/doc/vtracer-0.6.4/cmdapp/src/config.rs
usr/doc/vtracer-0.6.4/cmdapp/src/converter.rs
usr/doc/vtracer-0.6.4/cmdapp/src/lib.rs
usr/doc/vtracer-0.6.4/cmdapp/src/main.rs
usr/doc/vtracer-0.6.4/cmdapp/src/python.rs
usr/doc/vtracer-0.6.4/cmdapp/src/svg.rs
usr/doc/vtracer-0.6.4/cmdapp/vtracer/
usr/doc/vtracer-0.6.4/cmdapp/vtracer/__init__.py
usr/doc/vtracer-0.6.4/cmdapp/vtracer/README.md
usr/doc/vtracer-0.6.4/cmdapp/vtracer/vtracer.pyi
usr/doc/vtracer-0.6.4/docs/
usr/doc/vtracer-0.6.4/docs/0.bootstrap.js
usr/doc/vtracer-0.6.4/docs/589cb57662b50620abca.module.wasm
usr/doc/vtracer-0.6.4/docs/assets/
usr/doc/vtracer-0.6.4/docs/assets/apple-icon.png
usr/doc/vtracer-0.6.4/docs/assets/samples/
usr/doc/vtracer-0.6.4/docs/assets/samples/46.svg
usr/doc/vtracer-0.6.4/docs/assets/samples/angel-luciano-LATYeZyw88c-unsplash.jpg
usr/doc/vtracer-0.6.4/docs/assets/samples/angel-luciano-LATYeZyw88c-unsplash-s.jpg
usr/doc/vtracer-0.6.4/docs/assets/samples/Cityscape Sunset_DFM3-01.jpg
usr/doc/vtracer-0.6.4/docs/assets/samples/Cityscape Sunset_DFM3-01.svg
usr/doc/vtracer-0.6.4/docs/assets/samples/Gum Tree Vector.jpg
usr/doc/vtracer-0.6.4/docs/assets/samples/Gum Tree Vector.svg
usr/doc/vtracer-0.6.4/docs/assets/samples/K1_drawing.jpg
usr/doc/vtracer-0.6.4/docs/assets/samples/tank-unit-preview.png
usr/doc/vtracer-0.6.4/docs/assets/samples/vectorstock_31191940.ai
usr/doc/vtracer-0.6.4/docs/assets/samples/vectorstock_31191940.png
usr/doc/vtracer-0.6.4/docs/assets/visioncortex-logo-light.svg
usr/doc/vtracer-0.6.4/docs/assets/visioncortex-logo.svg
usr/doc/vtracer-0.6.4/docs/bootstrap.js
usr/doc/vtracer-0.6.4/docs/COPYRIGHT
usr/doc/vtracer-0.6.4/docs/images/
usr/doc/vtracer-0.6.4/docs/images/aliyun-logo.png
usr/doc/vtracer-0.6.4/docs/images/screenshot-01.png
usr/doc/vtracer-0.6.4/docs/images/screenshot-02.png
usr/doc/vtracer-0.6.4/docs/images/visioncortex-banner.png
usr/doc/vtracer-0.6.4/docs/images/visioncortex icon.png
usr/doc/vtracer-0.6.4/docs/index.html
usr/doc/vtracer-0.6.4/docs/uikit/
usr/doc/vtracer-0.6.4/docs/uikit/css/
usr/doc/vtracer-0.6.4/docs/uikit/css/uikit.css
usr/doc/vtracer-0.6.4/docs/uikit/css/uikit.min.css
usr/doc/vtracer-0.6.4/docs/uikit/css/uikit-rtl.css
usr/doc/vtracer-0.6.4/docs/uikit/css/uikit-rtl.min.css
usr/doc/vtracer-0.6.4/docs/uikit/js/
usr/doc/vtracer-0.6.4/docs/uikit/js/uikit-icons.js
usr/doc/vtracer-0.6.4/docs/uikit/js/uikit-icons.min.js
usr/doc/vtracer-0.6.4/docs/uikit/js/uikit.js
usr/doc/vtracer-0.6.4/docs/uikit/js/uikit.min.js
usr/doc/vtracer-0.6.4/LICENSE
usr/doc/vtracer-0.6.4/README.md
usr/doc/vtracer-0.6.4/target/
usr/doc/vtracer-0.6.4/target/CACHEDIR.TAG
usr/doc/vtracer-0.6.4/target/release/
usr/doc/vtracer-0.6.4/target/release/build/
usr/doc/vtracer-0.6.4/target/release/build/crossbeam-utils-aa31b6780e120df5/
usr/doc/vtracer-0.6.4/target/release/build/crossbeam-utils-aa31b6780e120df5/build-script-build
usr/doc/vtracer-0.6.4/target/release/build/crossbeam-utils-aa31b6780e120df5/build_script_build-aa31b6780e120df5
usr/doc/vtracer-0.6.4/target/release/build/crossbeam-utils-aa31b6780e120df5/build_script_build-aa31b6780e120df5.d
usr/doc/vtracer-0.6.4/target/release/build/crossbeam-utils-eb70dd6fb5970ede/
usr/doc/vtracer-0.6.4/target/release/build/crossbeam-utils-eb70dd6fb5970ede/invoked.timestamp
usr/doc/vtracer-0.6.4/target/release/build/crossbeam-utils-eb70dd6fb5970ede/out/
usr/doc/vtracer-0.6.4/target/release/build/crossbeam-utils-eb70dd6fb5970ede/output
usr/doc/vtracer-0.6.4/target/release/build/crossbeam-utils-eb70dd6fb5970ede/root-output
usr/doc/vtracer-0.6.4/target/release/build/crossbeam-utils-eb70dd6fb5970ede/stderr
usr/doc/vtracer-0.6.4/target/release/build/libc-adabd15ddbd646a0/
usr/doc/vtracer-0.6.4/target/release/build/libc-adabd15ddbd646a0/build-script-build
usr/doc/vtracer-0.6.4/target/release/build/libc-adabd15ddbd646a0/build_script_build-adabd15ddbd646a0
usr/doc/vtracer-0.6.4/target/release/build/libc-adabd15ddbd646a0/build_script_build-adabd15ddbd646a0.d
usr/doc/vtracer-0.6.4/target/release/build/libc-f1535aa5ef55b4cf/
usr/doc/vtracer-0.6.4/target/release/build/libc-f1535aa5ef55b4cf/invoked.timestamp
usr/doc/vtracer-0.6.4/target/release/build/libc-f1535aa5ef55b4cf/out/
usr/doc/vtracer-0.6.4/target/release/build/libc-f1535aa5ef55b4cf/output
usr/doc/vtracer-0.6.4/target/release/build/libc-f1535aa5ef55b4cf/root-output
usr/doc/vtracer-0.6.4/target/release/build/libc-f1535aa5ef55b4cf/stderr
usr/doc/vtracer-0.6.4/target/release/build/miniz_oxide-781822fa0f6fafc4/
usr/doc/vtracer-0.6.4/target/release/build/miniz_oxide-781822fa0f6fafc4/build-script-build
usr/doc/vtracer-0.6.4/target/release/build/miniz_oxide-781822fa0f6fafc4/build_script_build-781822fa0f6fafc4
usr/doc/vtracer-0.6.4/target/release/build/miniz_oxide-781822fa0f6fafc4/build_script_build-781822fa0f6fafc4.d
usr/doc/vtracer-0.6.4/target/release/build/miniz_oxide-aa1873d315cf73c1/
usr/doc/vtracer-0.6.4/target/release/build/miniz_oxide-aa1873d315cf73c1/invoked.timestamp
usr/doc/vtracer-0.6.4/target/release/build/miniz_oxide-aa1873d315cf73c1/out/
usr/doc/vtracer-0.6.4/target/release/build/miniz_oxide-aa1873d315cf73c1/out/autocfg_3db25b722171f535_0.ll
usr/doc/vtracer-0.6.4/target/release/build/miniz_oxide-aa1873d315cf73c1/out/autocfg_3db25b722171f535_1.ll
usr/doc/vtracer-0.6.4/target/release/build/miniz_oxide-aa1873d315cf73c1/output
usr/doc/vtracer-0.6.4/target/release/build/miniz_oxide-aa1873d315cf73c1/root-output
usr/doc/vtracer-0.6.4/target/release/build/miniz_oxide-aa1873d315cf73c1/stderr
usr/doc/vtracer-0.6.4/target/release/build/num-rational-3d0b020231a344f8/
usr/doc/vtracer-0.6.4/target/release/build/num-rational-3d0b020231a344f8/build-script-build
usr/doc/vtracer-0.6.4/target/release/build/num-rational-3d0b020231a344f8/build_script_build-3d0b020231a344f8
usr/doc/vtracer-0.6.4/target/release/build/num-rational-3d0b020231a344f8/build_script_build-3d0b020231a344f8.d
usr/doc/vtracer-0.6.4/target/release/build/num-rational-70a10f0f0a0a6dd8/
usr/doc/vtracer-0.6.4/target/release/build/num-rational-70a10f0f0a0a6dd8/invoked.timestamp
usr/doc/vtracer-0.6.4/target/release/build/num-rational-70a10f0f0a0a6dd8/out/
usr/doc/vtracer-0.6.4/target/release/build/num-rational-70a10f0f0a0a6dd8/out/autocfg_f501abf24d875d43_0.ll
usr/doc/vtracer-0.6.4/target/release/build/num-rational-70a10f0f0a0a6dd8/out/autocfg_f501abf24d875d43_1.ll
usr/doc/vtracer-0.6.4/target/release/build/num-rational-70a10f0f0a0a6dd8/output
usr/doc/vtracer-0.6.4/target/release/build/num-rational-70a10f0f0a0a6dd8/root-output
usr/doc/vtracer-0.6.4/target/release/build/num-rational-70a10f0f0a0a6dd8/stderr
usr/doc/vtracer-0.6.4/target/release/build/num-traits-b0981a3dbf2807d3/
usr/doc/vtracer-0.6.4/target/release/build/num-traits-b0981a3dbf2807d3/build-script-build
usr/doc/vtracer-0.6.4/target/release/build/num-traits-b0981a3dbf2807d3/build_script_build-b0981a3dbf2807d3
usr/doc/vtracer-0.6.4/target/release/build/num-traits-b0981a3dbf2807d3/build_script_build-b0981a3dbf2807d3.d
usr/doc/vtracer-0.6.4/target/release/build/num-traits-de4dfc56dd158ed6/
usr/doc/vtracer-0.6.4/target/release/build/num-traits-de4dfc56dd158ed6/invoked.timestamp
usr/doc/vtracer-0.6.4/target/release/build/num-traits-de4dfc56dd158ed6/out/
usr/doc/vtracer-0.6.4/target/release/build/num-traits-de4dfc56dd158ed6/out/autocfg_4bb8d93b872b791f_0.ll
usr/doc/vtracer-0.6.4/target/release/build/num-traits-de4dfc56dd158ed6/out/autocfg_4bb8d93b872b791f_1.ll
usr/doc/vtracer-0.6.4/target/release/build/num-traits-de4dfc56dd158ed6/output
usr/doc/vtracer-0.6.4/target/release/build/num-traits-de4dfc56dd158ed6/root-output
usr/doc/vtracer-0.6.4/target/release/build/num-traits-de4dfc56dd158ed6/stderr
usr/doc/vtracer-0.6.4/target/release/build/proc-macro2-4394215b4464338c/
usr/doc/vtracer-0.6.4/target/release/build/proc-macro2-4394215b4464338c/invoked.timestamp
usr/doc/vtracer-0.6.4/target/release/build/proc-macro2-4394215b4464338c/out/
usr/doc/vtracer-0.6.4/target/release/build/proc-macro2-4394215b4464338c/out/proc_macro2.d
usr/doc/vtracer-0.6.4/target/release/build/proc-macro2-4394215b4464338c/output
usr/doc/vtracer-0.6.4/target/release/build/proc-macro2-4394215b4464338c/root-output
usr/doc/vtracer-0.6.4/target/release/build/proc-macro2-4394215b4464338c/stderr
usr/doc/vtracer-0.6.4/target/release/build/proc-macro2-bf35c6596fe5a081/
usr/doc/vtracer-0.6.4/target/release/build/proc-macro2-bf35c6596fe5a081/build-script-build
usr/doc/vtracer-0.6.4/target/release/build/proc-macro2-bf35c6596fe5a081/build_script_build-bf35c6596fe5a081
usr/doc/vtracer-0.6.4/target/release/build/proc-macro2-bf35c6596fe5a081/build_script_build-bf35c6596fe5a081.d
usr/doc/vtracer-0.6.4/target/release/build/rayon-core-53a5a94623f2e6f5/
usr/doc/vtracer-0.6.4/target/release/build/rayon-core-53a5a94623f2e6f5/invoked.timestamp
usr/doc/vtracer-0.6.4/target/release/build/rayon-core-53a5a94623f2e6f5/out/
usr/doc/vtracer-0.6.4/target/release/build/rayon-core-53a5a94623f2e6f5/output
usr/doc/vtracer-0.6.4/target/release/build/rayon-core-53a5a94623f2e6f5/root-output
usr/doc/vtracer-0.6.4/target/release/build/rayon-core-53a5a94623f2e6f5/stderr
usr/doc/vtracer-0.6.4/target/release/build/rayon-core-af634debfac858f9/
usr/doc/vtracer-0.6.4/target/release/build/rayon-core-af634debfac858f9/build-script-build
usr/doc/vtracer-0.6.4/target/release/build/rayon-core-af634debfac858f9/build_script_build-af634debfac858f9
usr/doc/vtracer-0.6.4/target/release/build/rayon-core-af634debfac858f9/build_script_build-af634debfac858f9.d
usr/doc/vtracer-0.6.4/target/release/build/serde-8be4eed2b698a7e3/
usr/doc/vtracer-0.6.4/target/release/build/serde-8be4eed2b698a7e3/invoked.timestamp
usr/doc/vtracer-0.6.4/target/release/build/serde-8be4eed2b698a7e3/out/
usr/doc/vtracer-0.6.4/target/release/build/serde-8be4eed2b698a7e3/output
usr/doc/vtracer-0.6.4/target/release/build/serde-8be4eed2b698a7e3/root-output
usr/doc/vtracer-0.6.4/target/release/build/serde-8be4eed2b698a7e3/stderr
usr/doc/vtracer-0.6.4/target/release/build/serde-f108dafd470371af/
usr/doc/vtracer-0.6.4/target/release/build/serde-f108dafd470371af/build-script-build
usr/doc/vtracer-0.6.4/target/release/build/serde-f108dafd470371af/build_script_build-f108dafd470371af
usr/doc/vtracer-0.6.4/target/release/build/serde-f108dafd470371af/build_script_build-f108dafd470371af.d
usr/doc/vtracer-0.6.4/target/release/build/serde_json-42eece16221f0eea/
usr/doc/vtracer-0.6.4/target/release/build/serde_json-42eece16221f0eea/invoked.timestamp
usr/doc/vtracer-0.6.4/target/release/build/serde_json-42eece16221f0eea/out/
usr/doc/vtracer-0.6.4/target/release/build/serde_json-42eece16221f0eea/output
usr/doc/vtracer-0.6.4/target/release/build/serde_json-42eece16221f0eea/root-output
usr/doc/vtracer-0.6.4/target/release/build/serde_json-42eece16221f0eea/stderr
usr/doc/vtracer-0.6.4/target/release/build/serde_json-b2ca28c05bd1e48b/
usr/doc/vtracer-0.6.4/target/release/build/serde_json-b2ca28c05bd1e48b/build-script-build
usr/doc/vtracer-0.6.4/target/release/build/serde_json-b2ca28c05bd1e48b/build_script_build-b2ca28c05bd1e48b
usr/doc/vtracer-0.6.4/target/release/build/serde_json-b2ca28c05bd1e48b/build_script_build-b2ca28c05bd1e48b.d
usr/doc/vtracer-0.6.4/target/release/build/wasm-bindgen-20851e4041550a87/
usr/doc/vtracer-0.6.4/target/release/build/wasm-bindgen-20851e4041550a87/build-script-build
usr/doc/vtracer-0.6.4/target/release/build/wasm-bindgen-20851e4041550a87/build_script_build-20851e4041550a87
usr/doc/vtracer-0.6.4/target/release/build/wasm-bindgen-20851e4041550a87/build_script_build-20851e4041550a87.d
usr/doc/vtracer-0.6.4/target/release/build/wasm-bindgen-588bae3ecb67163d/
usr/doc/vtracer-0.6.4/target/release/build/wasm-bindgen-588bae3ecb67163d/invoked.timestamp
usr/doc/vtracer-0.6.4/target/release/build/wasm-bindgen-588bae3ecb67163d/out/
usr/doc/vtracer-0.6.4/target/release/build/wasm-bindgen-588bae3ecb67163d/output
usr/doc/vtracer-0.6.4/target/release/build/wasm-bindgen-588bae3ecb67163d/root-output
usr/doc/vtracer-0.6.4/target/release/build/wasm-bindgen-588bae3ecb67163d/stderr
usr/doc/vtracer-0.6.4/target/release/build/wasm-bindgen-shared-be5f1defb2874edb/
usr/doc/vtracer-0.6.4/target/release/build/wasm-bindgen-shared-be5f1defb2874edb/build-script-build
usr/doc/vtracer-0.6.4/target/release/build/wasm-bindgen-shared-be5f1defb2874edb/build_script_build-be5f1defb2874edb
usr/doc/vtracer-0.6.4/target/release/build/wasm-bindgen-shared-be5f1defb2874edb/build_script_build-be5f1defb2874edb.d
usr/doc/vtracer-0.6.4/target/release/build/wasm-bindgen-shared-f6e9ee7bd2c92f03/
usr/doc/vtracer-0.6.4/target/release/build/wasm-bindgen-shared-f6e9ee7bd2c92f03/invoked.timestamp
usr/doc/vtracer-0.6.4/target/release/build/wasm-bindgen-shared-f6e9ee7bd2c92f03/out/
usr/doc/vtracer-0.6.4/target/release/build/wasm-bindgen-shared-f6e9ee7bd2c92f03/output
usr/doc/vtracer-0.6.4/target/release/build/wasm-bindgen-shared-f6e9ee7bd2c92f03/root-output
usr/doc/vtracer-0.6.4/target/release/build/wasm-bindgen-shared-f6e9ee7bd2c92f03/stderr
usr/doc/vtracer-0.6.4/target/release/.cargo-lock
usr/doc/vtracer-0.6.4/target/release/deps/
usr/doc/vtracer-0.6.4/target/release/deps/adler32-7e0ef7bc957cf25b.d
usr/doc/vtracer-0.6.4/target/release/deps/adler-f6963b01cf556c9c.d
usr/doc/vtracer-0.6.4/target/release/deps/ansi_term-03bb9c4abd35e378.d
usr/doc/vtracer-0.6.4/target/release/deps/atty-4c11c2fd12bfa89a.d
usr/doc/vtracer-0.6.4/target/release/deps/autocfg-b8b36dd318ef2f42.d
usr/doc/vtracer-0.6.4/target/release/deps/bitflags-51410da5921c7601.d
usr/doc/vtracer-0.6.4/target/release/deps/bit_vec-8158857dc823458e.d
usr/doc/vtracer-0.6.4/target/release/deps/bumpalo-f9c91c4fa90554b5.d
usr/doc/vtracer-0.6.4/target/release/deps/bytemuck-18120c31acf92055.d
usr/doc/vtracer-0.6.4/target/release/deps/byteorder-488efda26114830a.d
usr/doc/vtracer-0.6.4/target/release/deps/cfg_if-7e3dd31e862c6400.d
usr/doc/vtracer-0.6.4/target/release/deps/cfg_if-b22bb1ee99fdbfde.d
usr/doc/vtracer-0.6.4/target/release/deps/clap-adaa215522450594.d
usr/doc/vtracer-0.6.4/target/release/deps/color_quant-57ceeb0a12297431.d
usr/doc/vtracer-0.6.4/target/release/deps/console_error_panic_hook-28d14c1668bef489.d
usr/doc/vtracer-0.6.4/target/release/deps/console_log-b17d3a899d88a777.d
usr/doc/vtracer-0.6.4/target/release/deps/crc32fast-8af2d2af0189eebe.d
usr/doc/vtracer-0.6.4/target/release/deps/crossbeam_deque-9391bd512723cf79.d
usr/doc/vtracer-0.6.4/target/release/deps/crossbeam_epoch-41c4dd7693ca5b73.d
usr/doc/vtracer-0.6.4/target/release/deps/crossbeam_utils-5c60b68aac7c39ae.d
usr/doc/vtracer-0.6.4/target/release/deps/deflate-3abdabe9430b2233.d
usr/doc/vtracer-0.6.4/target/release/deps/either-1afb7a61c31b249b.d
usr/doc/vtracer-0.6.4/target/release/deps/fastrand-87d829cb0a3faf4d.d
usr/doc/vtracer-0.6.4/target/release/deps/flo_curves-aa15e14645277be1.d
usr/doc/vtracer-0.6.4/target/release/deps/gif-a28848f235c5ae34.d
usr/doc/vtracer-0.6.4/target/release/deps/image-0c948d969cf1fb38.d
usr/doc/vtracer-0.6.4/target/release/deps/itertools-06528d88deb4336b.d
usr/doc/vtracer-0.6.4/target/release/deps/itoa-8f38e63f8c6d72fa.d
usr/doc/vtracer-0.6.4/target/release/deps/jpeg_decoder-fb77285dc4dbea5a.d
usr/doc/vtracer-0.6.4/target/release/deps/js_sys-f99a74ac45419a70.d
usr/doc/vtracer-0.6.4/target/release/deps/libadler32-7e0ef7bc957cf25b.rlib
usr/doc/vtracer-0.6.4/target/release/deps/libadler32-7e0ef7bc957cf25b.rmeta
usr/doc/vtracer-0.6.4/target/release/deps/libadler-f6963b01cf556c9c.rlib
usr/doc/vtracer-0.6.4/target/release/deps/libadler-f6963b01cf556c9c.rmeta
usr/doc/vtracer-0.6.4/target/release/deps/libansi_term-03bb9c4abd35e378.rlib
usr/doc/vtracer-0.6.4/target/release/deps/libansi_term-03bb9c4abd35e378.rmeta
usr/doc/vtracer-0.6.4/target/release/deps/libatty-4c11c2fd12bfa89a.rlib
usr/doc/vtracer-0.6.4/target/release/deps/libatty-4c11c2fd12bfa89a.rmeta
usr/doc/vtracer-0.6.4/target/release/deps/libautocfg-b8b36dd318ef2f42.rlib
usr/doc/vtracer-0.6.4/target/release/deps/libautocfg-b8b36dd318ef2f42.rmeta
usr/doc/vtracer-0.6.4/target/release/deps/libbitflags-51410da5921c7601.rlib
usr/doc/vtracer-0.6.4/target/release/deps/libbitflags-51410da5921c7601.rmeta
usr/doc/vtracer-0.6.4/target/release/deps/libbit_vec-8158857dc823458e.rlib
usr/doc/vtracer-0.6.4/target/release/deps/libbit_vec-8158857dc823458e.rmeta
usr/doc/vtracer-0.6.4/target/release/deps/libbumpalo-f9c91c4fa90554b5.rlib
usr/doc/vtracer-0.6.4/target/release/deps/libbumpalo-f9c91c4fa90554b5.rmeta
usr/doc/vtracer-0.6.4/target/release/deps/libbytemuck-18120c31acf92055.rlib
usr/doc/vtracer-0.6.4/target/release/deps/libbytemuck-18120c31acf92055.rmeta
usr/doc/vtracer-0.6.4/target/release/deps/libbyteorder-488efda26114830a.rlib
usr/doc/vtracer-0.6.4/target/release/deps/libbyteorder-488efda26114830a.rmeta
usr/doc/vtracer-0.6.4/target/release/deps/libc-587823d62d2bad7c.d
usr/doc/vtracer-0.6.4/target/release/deps/libcfg_if-7e3dd31e862c6400.rlib
usr/doc/vtracer-0.6.4/target/release/deps/libcfg_if-7e3dd31e862c6400.rmeta
usr/doc/vtracer-0.6.4/target/release/deps/libcfg_if-b22bb1ee99fdbfde.rlib
usr/doc/vtracer-0.6.4/target/release/deps/libcfg_if-b22bb1ee99fdbfde.rmeta
usr/doc/vtracer-0.6.4/target/release/deps/libclap-adaa215522450594.rlib
usr/doc/vtracer-0.6.4/target/release/deps/libclap-adaa215522450594.rmeta
usr/doc/vtracer-0.6.4/target/release/deps/libcolor_quant-57ceeb0a12297431.rlib
usr/doc/vtracer-0.6.4/target/release/deps/libcolor_quant-57ceeb0a12297431.rmeta
usr/doc/vtracer-0.6.4/target/release/deps/libconsole_error_panic_hook-28d14c1668bef489.rlib
usr/doc/vtracer-0.6.4/target/release/deps/libconsole_error_panic_hook-28d14c1668bef489.rmeta
usr/doc/vtracer-0.6.4/target/release/deps/libconsole_log-b17d3a899d88a777.rlib
usr/doc/vtracer-0.6.4/target/release/deps/libconsole_log-b17d3a899d88a777.rmeta
usr/doc/vtracer-0.6.4/target/release/deps/libcrc32fast-8af2d2af0189eebe.rlib
usr/doc/vtracer-0.6.4/target/release/deps/libcrc32fast-8af2d2af0189eebe.rmeta
usr/doc/vtracer-0.6.4/target/release/deps/libcrossbeam_deque-9391bd512723cf79.rlib
usr/doc/vtracer-0.6.4/target/release/deps/libcrossbeam_deque-9391bd512723cf79.rmeta
usr/doc/vtracer-0.6.4/target/release/deps/libcrossbeam_epoch-41c4dd7693ca5b73.rlib
usr/doc/vtracer-0.6.4/target/release/deps/libcrossbeam_epoch-41c4dd7693ca5b73.rmeta
usr/doc/vtracer-0.6.4/target/release/deps/libcrossbeam_utils-5c60b68aac7c39ae.rlib
usr/doc/vtracer-0.6.4/target/release/deps/libcrossbeam_utils-5c60b68aac7c39ae.rmeta
usr/doc/vtracer-0.6.4/target/release/deps/libdeflate-3abdabe9430b2233.rlib
usr/doc/vtracer-0.6.4/target/release/deps/libdeflate-3abdabe9430b2233.rmeta
usr/doc/vtracer-0.6.4/target/release/deps/libeither-1afb7a61c31b249b.rlib
usr/doc/vtracer-0.6.4/target/release/deps/libeither-1afb7a61c31b249b.rmeta
usr/doc/vtracer-0.6.4/target/release/deps/libfastrand-87d829cb0a3faf4d.rlib
usr/doc/vtracer-0.6.4/target/release/deps/libfastrand-87d829cb0a3faf4d.rmeta
usr/doc/vtracer-0.6.4/target/release/deps/libflo_curves-aa15e14645277be1.rlib
usr/doc/vtracer-0.6.4/target/release/deps/libflo_curves-aa15e14645277be1.rmeta
usr/doc/vtracer-0.6.4/target/release/deps/libgif-a28848f235c5ae34.rlib
usr/doc/vtracer-0.6.4/target/release/deps/libgif-a28848f235c5ae34.rmeta
usr/doc/vtracer-0.6.4/target/release/deps/libimage-0c948d969cf1fb38.rlib
usr/doc/vtracer-0.6.4/target/release/deps/libimage-0c948d969cf1fb38.rmeta
usr/doc/vtracer-0.6.4/target/release/deps/libitertools-06528d88deb4336b.rlib
usr/doc/vtracer-0.6.4/target/release/deps/libitertools-06528d88deb4336b.rmeta
usr/doc/vtracer-0.6.4/target/release/deps/libitoa-8f38e63f8c6d72fa.rlib
usr/doc/vtracer-0.6.4/target/release/deps/libitoa-8f38e63f8c6d72fa.rmeta
usr/doc/vtracer-0.6.4/target/release/deps/libjpeg_decoder-fb77285dc4dbea5a.rlib
usr/doc/vtracer-0.6.4/target/release/deps/libjpeg_decoder-fb77285dc4dbea5a.rmeta
usr/doc/vtracer-0.6.4/target/release/deps/libjs_sys-f99a74ac45419a70.rlib
usr/doc/vtracer-0.6.4/target/release/deps/libjs_sys-f99a74ac45419a70.rmeta
usr/doc/vtracer-0.6.4/target/release/deps/liblibc-587823d62d2bad7c.rlib
usr/doc/vtracer-0.6.4/target/release/deps/liblibc-587823d62d2bad7c.rmeta
usr/doc/vtracer-0.6.4/target/release/deps/liblog-20c689a7219f73ba.rlib
usr/doc/vtracer-0.6.4/target/release/deps/liblog-20c689a7219f73ba.rmeta
usr/doc/vtracer-0.6.4/target/release/deps/liblog-44aea94cb6132c27.rlib
usr/doc/vtracer-0.6.4/target/release/deps/liblog-44aea94cb6132c27.rmeta
usr/doc/vtracer-0.6.4/target/release/deps/libmemchr-0d10c48e957a4625.rlib
usr/doc/vtracer-0.6.4/target/release/deps/libmemchr-0d10c48e957a4625.rmeta
usr/doc/vtracer-0.6.4/target/release/deps/libminiz_oxide-4912d99091befb93.rlib
usr/doc/vtracer-0.6.4/target/release/deps/libminiz_oxide-4912d99091befb93.rmeta
usr/doc/vtracer-0.6.4/target/release/deps/libminiz_oxide-74167cdf090b5492.rlib
usr/doc/vtracer-0.6.4/target/release/deps/libminiz_oxide-74167cdf090b5492.rmeta
usr/doc/vtracer-0.6.4/target/release/deps/libnum_integer-c6291620f05f5d7b.rlib
usr/doc/vtracer-0.6.4/target/release/deps/libnum_integer-c6291620f05f5d7b.rmeta
usr/doc/vtracer-0.6.4/target/release/deps/libnum_iter-f12a4a665a9a4c86.rlib
usr/doc/vtracer-0.6.4/target/release/deps/libnum_iter-f12a4a665a9a4c86.rmeta
usr/doc/vtracer-0.6.4/target/release/deps/libnum_rational-fb132e5933c54087.rlib
usr/doc/vtracer-0.6.4/target/release/deps/libnum_rational-fb132e5933c54087.rmeta
usr/doc/vtracer-0.6.4/target/release/deps/libnum_traits-53c153760c44a691.rlib
usr/doc/vtracer-0.6.4/target/release/deps/libnum_traits-53c153760c44a691.rmeta
usr/doc/vtracer-0.6.4/target/release/deps/libonce_cell-43c245dcbb325f07.rlib
usr/doc/vtracer-0.6.4/target/release/deps/libonce_cell-43c245dcbb325f07.rmeta
usr/doc/vtracer-0.6.4/target/release/deps/libonce_cell-e4bbd16904ceeaa1.rlib
usr/doc/vtracer-0.6.4/target/release/deps/libonce_cell-e4bbd16904ceeaa1.rmeta
usr/doc/vtracer-0.6.4/target/release/deps/libpng-3afc0acf81b02529.rlib
usr/doc/vtracer-0.6.4/target/release/deps/libpng-3afc0acf81b02529.rmeta
usr/doc/vtracer-0.6.4/target/release/deps/libproc_macro2-7d67c438a2d965f9.rlib
usr/doc/vtracer-0.6.4/target/release/deps/libproc_macro2-7d67c438a2d965f9.rmeta
usr/doc/vtracer-0.6.4/target/release/deps/libquote-7b6edce516ec3321.rlib
usr/doc/vtracer-0.6.4/target/release/deps/libquote-7b6edce516ec3321.rmeta
usr/doc/vtracer-0.6.4/target/release/deps/librayon-5f67bf555a8e5642.rlib
usr/doc/vtracer-0.6.4/target/release/deps/librayon-5f67bf555a8e5642.rmeta
usr/doc/vtracer-0.6.4/target/release/deps/librayon_core-39bc8e9476c0bf4c.rlib
usr/doc/vtracer-0.6.4/target/release/deps/librayon_core-39bc8e9476c0bf4c.rmeta
usr/doc/vtracer-0.6.4/target/release/deps/libroots-ff8d029362a5fe69.rlib
usr/doc/vtracer-0.6.4/target/release/deps/libroots-ff8d029362a5fe69.rmeta
usr/doc/vtracer-0.6.4/target/release/deps/libryu-386bad8e25a3f32e.rlib
usr/doc/vtracer-0.6.4/target/release/deps/libryu-386bad8e25a3f32e.rmeta
usr/doc/vtracer-0.6.4/target/release/deps/libscoped_threadpool-90ccacc791905d72.rlib
usr/doc/vtracer-0.6.4/target/release/deps/libscoped_threadpool-90ccacc791905d72.rmeta
usr/doc/vtracer-0.6.4/target/release/deps/libserde-14be14670d6e4e3e.rlib
usr/doc/vtracer-0.6.4/target/release/deps/libserde-14be14670d6e4e3e.rmeta
usr/doc/vtracer-0.6.4/target/release/deps/libserde_derive-60c1b25769dc5aa2.so
usr/doc/vtracer-0.6.4/target/release/deps/libserde_json-95126e0ecaabe6b2.rlib
usr/doc/vtracer-0.6.4/target/release/deps/libserde_json-95126e0ecaabe6b2.rmeta
usr/doc/vtracer-0.6.4/target/release/deps/libsmallvec-90b8698310cfd074.rlib
usr/doc/vtracer-0.6.4/target/release/deps/libsmallvec-90b8698310cfd074.rmeta
usr/doc/vtracer-0.6.4/target/release/deps/libstrsim-a99b9f4d2bd9f670.rlib
usr/doc/vtracer-0.6.4/target/release/deps/libstrsim-a99b9f4d2bd9f670.rmeta
usr/doc/vtracer-0.6.4/target/release/deps/libsyn-31782efc809bc870.rlib
usr/doc/vtracer-0.6.4/target/release/deps/libsyn-31782efc809bc870.rmeta
usr/doc/vtracer-0.6.4/target/release/deps/libtextwrap-696d71ed0c6d4b1c.rlib
usr/doc/vtracer-0.6.4/target/release/deps/libtextwrap-696d71ed0c6d4b1c.rmeta
usr/doc/vtracer-0.6.4/target/release/deps/libtiff-fbafd2f4a1e832ab.rlib
usr/doc/vtracer-0.6.4/target/release/deps/libtiff-fbafd2f4a1e832ab.rmeta
usr/doc/vtracer-0.6.4/target/release/deps/libunicode_ident-a4c42d0bd7b8baea.rlib
usr/doc/vtracer-0.6.4/target/release/deps/libunicode_ident-a4c42d0bd7b8baea.rmeta
usr/doc/vtracer-0.6.4/target/release/deps/libunicode_width-6ad5a74c93ab05ab.rlib
usr/doc/vtracer-0.6.4/target/release/deps/libunicode_width-6ad5a74c93ab05ab.rmeta
usr/doc/vtracer-0.6.4/target/release/deps/libvec_map-05229468a7eac020.rlib
usr/doc/vtracer-0.6.4/target/release/deps/libvec_map-05229468a7eac020.rmeta
usr/doc/vtracer-0.6.4/target/release/deps/libvisioncortex-c7ec2a163da27e1c.rlib
usr/doc/vtracer-0.6.4/target/release/deps/libvisioncortex-c7ec2a163da27e1c.rmeta
usr/doc/vtracer-0.6.4/target/release/deps/libvisioncortex-e6e3bf81ae4da0e6.rlib
usr/doc/vtracer-0.6.4/target/release/deps/libvisioncortex-e6e3bf81ae4da0e6.rmeta
usr/doc/vtracer-0.6.4/target/release/deps/libvtracer.rlib
usr/doc/vtracer-0.6.4/target/release/deps/libvtracer.so
usr/doc/vtracer-0.6.4/target/release/deps/libvtracer_webapp.so
usr/doc/vtracer-0.6.4/target/release/deps/libwasm_bindgen-293b475676443b5d.rlib
usr/doc/vtracer-0.6.4/target/release/deps/libwasm_bindgen-293b475676443b5d.rmeta
usr/doc/vtracer-0.6.4/target/release/deps/libwasm_bindgen_backend-5cdd46f2d1ad8102.rlib
usr/doc/vtracer-0.6.4/target/release/deps/libwasm_bindgen_backend-5cdd46f2d1ad8102.rmeta
usr/doc/vtracer-0.6.4/target/release/deps/libwasm_bindgen_macro-f7a9ac1edb25e771.so
usr/doc/vtracer-0.6.4/target/release/deps/libwasm_bindgen_macro_support-6d6e30ae12f66787.rlib
usr/doc/vtracer-0.6.4/target/release/deps/libwasm_bindgen_macro_support-6d6e30ae12f66787.rmeta
usr/doc/vtracer-0.6.4/target/release/deps/libwasm_bindgen_shared-41ae2501d33ee14f.rlib
usr/doc/vtracer-0.6.4/target/release/deps/libwasm_bindgen_shared-41ae2501d33ee14f.rmeta
usr/doc/vtracer-0.6.4/target/release/deps/libweb_sys-31def6c544406f32.rlib
usr/doc/vtracer-0.6.4/target/release/deps/libweb_sys-31def6c544406f32.rmeta
usr/doc/vtracer-0.6.4/target/release/deps/libweezl-8f135bb786474563.rlib
usr/doc/vtracer-0.6.4/target/release/deps/libweezl-8f135bb786474563.rmeta
usr/doc/vtracer-0.6.4/target/release/deps/log-20c689a7219f73ba.d
usr/doc/vtracer-0.6.4/target/release/deps/log-44aea94cb6132c27.d
usr/doc/vtracer-0.6.4/target/release/deps/memchr-0d10c48e957a4625.d
usr/doc/vtracer-0.6.4/target/release/deps/miniz_oxide-4912d99091befb93.d
usr/doc/vtracer-0.6.4/target/release/deps/miniz_oxide-74167cdf090b5492.d
usr/doc/vtracer-0.6.4/target/release/deps/num_integer-c6291620f05f5d7b.d
usr/doc/vtracer-0.6.4/target/release/deps/num_iter-f12a4a665a9a4c86.d
usr/doc/vtracer-0.6.4/target/release/deps/num_rational-fb132e5933c54087.d
usr/doc/vtracer-0.6.4/target/release/deps/num_traits-53c153760c44a691.d
usr/doc/vtracer-0.6.4/target/release/deps/once_cell-43c245dcbb325f07.d
usr/doc/vtracer-0.6.4/target/release/deps/once_cell-e4bbd16904ceeaa1.d
usr/doc/vtracer-0.6.4/target/release/deps/png-3afc0acf81b02529.d
usr/doc/vtracer-0.6.4/target/release/deps/proc_macro2-7d67c438a2d965f9.d
usr/doc/vtracer-0.6.4/target/release/deps/quote-7b6edce516ec3321.d
usr/doc/vtracer-0.6.4/target/release/deps/rayon-5f67bf555a8e5642.d
usr/doc/vtracer-0.6.4/target/release/deps/rayon_core-39bc8e9476c0bf4c.d
usr/doc/vtracer-0.6.4/target/release/deps/roots-ff8d029362a5fe69.d
usr/doc/vtracer-0.6.4/target/release/deps/ryu-386bad8e25a3f32e.d
usr/doc/vtracer-0.6.4/target/release/deps/scoped_threadpool-90ccacc791905d72.d
usr/doc/vtracer-0.6.4/target/release/deps/serde-14be14670d6e4e3e.d
usr/doc/vtracer-0.6.4/target/release/deps/serde_derive-60c1b25769dc5aa2.d
usr/doc/vtracer-0.6.4/target/release/deps/serde_json-95126e0ecaabe6b2.d
usr/doc/vtracer-0.6.4/target/release/deps/smallvec-90b8698310cfd074.d
usr/doc/vtracer-0.6.4/target/release/deps/strsim-a99b9f4d2bd9f670.d
usr/doc/vtracer-0.6.4/target/release/deps/syn-31782efc809bc870.d
usr/doc/vtracer-0.6.4/target/release/deps/textwrap-696d71ed0c6d4b1c.d
usr/doc/vtracer-0.6.4/target/release/deps/tiff-fbafd2f4a1e832ab.d
usr/doc/vtracer-0.6.4/target/release/deps/unicode_ident-a4c42d0bd7b8baea.d
usr/doc/vtracer-0.6.4/target/release/deps/unicode_width-6ad5a74c93ab05ab.d
usr/doc/vtracer-0.6.4/target/release/deps/vec_map-05229468a7eac020.d
usr/doc/vtracer-0.6.4/target/release/deps/visioncortex-c7ec2a163da27e1c.d
usr/doc/vtracer-0.6.4/target/release/deps/visioncortex-e6e3bf81ae4da0e6.d
usr/doc/vtracer-0.6.4/target/release/deps/vtracer-9691a212f599ec06
usr/doc/vtracer-0.6.4/target/release/deps/vtracer-9691a212f599ec06.d
usr/doc/vtracer-0.6.4/target/release/deps/vtracer.d
usr/doc/vtracer-0.6.4/target/release/deps/vtracer_webapp.d
usr/doc/vtracer-0.6.4/target/release/deps/wasm_bindgen-293b475676443b5d.d
usr/doc/vtracer-0.6.4/target/release/deps/wasm_bindgen_backend-5cdd46f2d1ad8102.d
usr/doc/vtracer-0.6.4/target/release/deps/wasm_bindgen_macro-f7a9ac1edb25e771.d
usr/doc/vtracer-0.6.4/target/release/deps/wasm_bindgen_macro_support-6d6e30ae12f66787.d
usr/doc/vtracer-0.6.4/target/release/deps/wasm_bindgen_shared-41ae2501d33ee14f.d
usr/doc/vtracer-0.6.4/target/release/deps/web_sys-31def6c544406f32.d
usr/doc/vtracer-0.6.4/target/release/deps/weezl-8f135bb786474563.d
usr/doc/vtracer-0.6.4/target/release/examples/
usr/doc/vtracer-0.6.4/target/release/.fingerprint/
usr/doc/vtracer-0.6.4/target/release/.fingerprint/adler32-7e0ef7bc957cf25b/
usr/doc/vtracer-0.6.4/target/release/.fingerprint/adler32-7e0ef7bc957cf25b/dep-lib-adler32
usr/doc/vtracer-0.6.4/target/release/.fingerprint/adler32-7e0ef7bc957cf25b/invoked.timestamp
usr/doc/vtracer-0.6.4/target/release/.fingerprint/adler32-7e0ef7bc957cf25b/lib-adler32
usr/doc/vtracer-0.6.4/target/release/.fingerprint/adler32-7e0ef7bc957cf25b/lib-adler32.json
usr/doc/vtracer-0.6.4/target/release/.fingerprint/adler-f6963b01cf556c9c/
usr/doc/vtracer-0.6.4/target/release/.fingerprint/adler-f6963b01cf556c9c/dep-lib-adler
usr/doc/vtracer-0.6.4/target/release/.fingerprint/adler-f6963b01cf556c9c/invoked.timestamp
usr/doc/vtracer-0.6.4/target/release/.fingerprint/adler-f6963b01cf556c9c/lib-adler
usr/doc/vtracer-0.6.4/target/release/.fingerprint/adler-f6963b01cf556c9c/lib-adler.json
usr/doc/vtracer-0.6.4/target/release/.fingerprint/ansi_term-03bb9c4abd35e378/
usr/doc/vtracer-0.6.4/target/release/.fingerprint/ansi_term-03bb9c4abd35e378/dep-lib-ansi_term
usr/doc/vtracer-0.6.4/target/release/.fingerprint/ansi_term-03bb9c4abd35e378/invoked.timestamp
usr/doc/vtracer-0.6.4/target/release/.fingerprint/ansi_term-03bb9c4abd35e378/lib-ansi_term
usr/doc/vtracer-0.6.4/target/release/.fingerprint/ansi_term-03bb9c4abd35e378/lib-ansi_term.json
usr/doc/vtracer-0.6.4/target/release/.fingerprint/atty-4c11c2fd12bfa89a/
usr/doc/vtracer-0.6.4/target/release/.fingerprint/atty-4c11c2fd12bfa89a/dep-lib-atty
usr/doc/vtracer-0.6.4/target/release/.fingerprint/atty-4c11c2fd12bfa89a/invoked.timestamp
usr/doc/vtracer-0.6.4/target/release/.fingerprint/atty-4c11c2fd12bfa89a/lib-atty
usr/doc/vtracer-0.6.4/target/release/.fingerprint/atty-4c11c2fd12bfa89a/lib-atty.json
usr/doc/vtracer-0.6.4/target/release/.fingerprint/autocfg-b8b36dd318ef2f42/
usr/doc/vtracer-0.6.4/target/release/.fingerprint/autocfg-b8b36dd318ef2f42/dep-lib-autocfg
usr/doc/vtracer-0.6.4/target/release/.fingerprint/autocfg-b8b36dd318ef2f42/invoked.timestamp
usr/doc/vtracer-0.6.4/target/release/.fingerprint/autocfg-b8b36dd318ef2f42/lib-autocfg
usr/doc/vtracer-0.6.4/target/release/.fingerprint/autocfg-b8b36dd318ef2f42/lib-autocfg.json
usr/doc/vtracer-0.6.4/target/release/.fingerprint/bitflags-51410da5921c7601/
usr/doc/vtracer-0.6.4/target/release/.fingerprint/bitflags-51410da5921c7601/dep-lib-bitflags
usr/doc/vtracer-0.6.4/target/release/.fingerprint/bitflags-51410da5921c7601/invoked.timestamp
usr/doc/vtracer-0.6.4/target/release/.fingerprint/bitflags-51410da5921c7601/lib-bitflags
usr/doc/vtracer-0.6.4/target/release/.fingerprint/bitflags-51410da5921c7601/lib-bitflags.json
usr/doc/vtracer-0.6.4/target/release/.fingerprint/bit-vec-8158857dc823458e/
usr/doc/vtracer-0.6.4/target/release/.fingerprint/bit-vec-8158857dc823458e/dep-lib-bit_vec
usr/doc/vtracer-0.6.4/target/release/.fingerprint/bit-vec-8158857dc823458e/invoked.timestamp
usr/doc/vtracer-0.6.4/target/release/.fingerprint/bit-vec-8158857dc823458e/lib-bit_vec
usr/doc/vtracer-0.6.4/target/release/.fingerprint/bit-vec-8158857dc823458e/lib-bit_vec.json
usr/doc/vtracer-0.6.4/target/release/.fingerprint/bumpalo-f9c91c4fa90554b5/
usr/doc/vtracer-0.6.4/target/release/.fingerprint/bumpalo-f9c91c4fa90554b5/dep-lib-bumpalo
usr/doc/vtracer-0.6.4/target/release/.fingerprint/bumpalo-f9c91c4fa90554b5/invoked.timestamp
usr/doc/vtracer-0.6.4/target/release/.fingerprint/bumpalo-f9c91c4fa90554b5/lib-bumpalo
usr/doc/vtracer-0.6.4/target/release/.fingerprint/bumpalo-f9c91c4fa90554b5/lib-bumpalo.json
usr/doc/vtracer-0.6.4/target/release/.fingerprint/bytemuck-18120c31acf92055/
usr/doc/vtracer-0.6.4/target/release/.fingerprint/bytemuck-18120c31acf92055/dep-lib-bytemuck
usr/doc/vtracer-0.6.4/target/release/.fingerprint/bytemuck-18120c31acf92055/invoked.timestamp
usr/doc/vtracer-0.6.4/target/release/.fingerprint/bytemuck-18120c31acf92055/lib-bytemuck
usr/doc/vtracer-0.6.4/target/release/.fingerprint/bytemuck-18120c31acf92055/lib-bytemuck.json
usr/doc/vtracer-0.6.4/target/release/.fingerprint/byteorder-488efda26114830a/
usr/doc/vtracer-0.6.4/target/release/.fingerprint/byteorder-488efda26114830a/dep-lib-byteorder
usr/doc/vtracer-0.6.4/target/release/.fingerprint/byteorder-488efda26114830a/invoked.timestamp
usr/doc/vtracer-0.6.4/target/release/.fingerprint/byteorder-488efda26114830a/lib-byteorder
usr/doc/vtracer-0.6.4/target/release/.fingerprint/byteorder-488efda26114830a/lib-byteorder.json
usr/doc/vtracer-0.6.4/target/release/.fingerprint/cfg-if-7e3dd31e862c6400/
usr/doc/vtracer-0.6.4/target/release/.fingerprint/cfg-if-7e3dd31e862c6400/dep-lib-cfg_if
usr/doc/vtracer-0.6.4/target/release/.fingerprint/cfg-if-7e3dd31e862c6400/invoked.timestamp
usr/doc/vtracer-0.6.4/target/release/.fingerprint/cfg-if-7e3dd31e862c6400/lib-cfg_if
usr/doc/vtracer-0.6.4/target/release/.fingerprint/cfg-if-7e3dd31e862c6400/lib-cfg_if.json
usr/doc/vtracer-0.6.4/target/release/.fingerprint/cfg-if-b22bb1ee99fdbfde/
usr/doc/vtracer-0.6.4/target/release/.fingerprint/cfg-if-b22bb1ee99fdbfde/dep-lib-cfg_if
usr/doc/vtracer-0.6.4/target/release/.fingerprint/cfg-if-b22bb1ee99fdbfde/invoked.timestamp
usr/doc/vtracer-0.6.4/target/release/.fingerprint/cfg-if-b22bb1ee99fdbfde/lib-cfg_if
usr/doc/vtracer-0.6.4/target/release/.fingerprint/cfg-if-b22bb1ee99fdbfde/lib-cfg_if.json
usr/doc/vtracer-0.6.4/target/release/.fingerprint/clap-adaa215522450594/
usr/doc/vtracer-0.6.4/target/release/.fingerprint/clap-adaa215522450594/dep-lib-clap
usr/doc/vtracer-0.6.4/target/release/.fingerprint/clap-adaa215522450594/invoked.timestamp
usr/doc/vtracer-0.6.4/target/release/.fingerprint/clap-adaa215522450594/lib-clap
usr/doc/vtracer-0.6.4/target/release/.fingerprint/clap-adaa215522450594/lib-clap.json
usr/doc/vtracer-0.6.4/target/release/.fingerprint/color_quant-57ceeb0a12297431/
usr/doc/vtracer-0.6.4/target/release/.fingerprint/color_quant-57ceeb0a12297431/dep-lib-color_quant
usr/doc/vtracer-0.6.4/target/release/.fingerprint/color_quant-57ceeb0a12297431/invoked.timestamp
usr/doc/vtracer-0.6.4/target/release/.fingerprint/color_quant-57ceeb0a12297431/lib-color_quant
usr/doc/vtracer-0.6.4/target/release/.fingerprint/color_quant-57ceeb0a12297431/lib-color_quant.json
usr/doc/vtracer-0.6.4/target/release/.fingerprint/console_error_panic_hook-28d14c1668bef489/
usr/doc/vtracer-0.6.4/target/release/.fingerprint/console_error_panic_hook-28d14c1668bef489/dep-lib-console_error_panic_hook
usr/doc/vtracer-0.6.4/target/release/.fingerprint/console_error_panic_hook-28d14c1668bef489/invoked.timestamp
usr/doc/vtracer-0.6.4/target/release/.fingerprint/console_error_panic_hook-28d14c1668bef489/lib-console_error_panic_hook
usr/doc/vtracer-0.6.4/target/release/.fingerprint/console_error_panic_hook-28d14c1668bef489/lib-console_error_panic_hook.json
usr/doc/vtracer-0.6.4/target/release/.fingerprint/console_log-b17d3a899d88a777/
usr/doc/vtracer-0.6.4/target/release/.fingerprint/console_log-b17d3a899d88a777/dep-lib-console_log
usr/doc/vtracer-0.6.4/target/release/.fingerprint/console_log-b17d3a899d88a777/invoked.timestamp
usr/doc/vtracer-0.6.4/target/release/.fingerprint/console_log-b17d3a899d88a777/lib-console_log
usr/doc/vtracer-0.6.4/target/release/.fingerprint/console_log-b17d3a899d88a777/lib-console_log.json
usr/doc/vtracer-0.6.4/target/release/.fingerprint/crc32fast-8af2d2af0189eebe/
usr/doc/vtracer-0.6.4/target/release/.fingerprint/crc32fast-8af2d2af0189eebe/dep-lib-crc32fast
usr/doc/vtracer-0.6.4/target/release/.fingerprint/crc32fast-8af2d2af0189eebe/invoked.timestamp
usr/doc/vtracer-0.6.4/target/release/.fingerprint/crc32fast-8af2d2af0189eebe/lib-crc32fast
usr/doc/vtracer-0.6.4/target/release/.fingerprint/crc32fast-8af2d2af0189eebe/lib-crc32fast.json
usr/doc/vtracer-0.6.4/target/release/.fingerprint/crossbeam-deque-9391bd512723cf79/
usr/doc/vtracer-0.6.4/target/release/.fingerprint/crossbeam-deque-9391bd512723cf79/dep-lib-crossbeam_deque
usr/doc/vtracer-0.6.4/target/release/.fingerprint/crossbeam-deque-9391bd512723cf79/invoked.timestamp
usr/doc/vtracer-0.6.4/target/release/.fingerprint/crossbeam-deque-9391bd512723cf79/lib-crossbeam_deque
usr/doc/vtracer-0.6.4/target/release/.fingerprint/crossbeam-deque-9391bd512723cf79/lib-crossbeam_deque.json
usr/doc/vtracer-0.6.4/target/release/.fingerprint/crossbeam-epoch-41c4dd7693ca5b73/
usr/doc/vtracer-0.6.4/target/release/.fingerprint/crossbeam-epoch-41c4dd7693ca5b73/dep-lib-crossbeam_epoch
usr/doc/vtracer-0.6.4/target/release/.fingerprint/crossbeam-epoch-41c4dd7693ca5b73/invoked.timestamp
usr/doc/vtracer-0.6.4/target/release/.fingerprint/crossbeam-epoch-41c4dd7693ca5b73/lib-crossbeam_epoch
usr/doc/vtracer-0.6.4/target/release/.fingerprint/crossbeam-epoch-41c4dd7693ca5b73/lib-crossbeam_epoch.json
usr/doc/vtracer-0.6.4/target/release/.fingerprint/crossbeam-utils-5c60b68aac7c39ae/
usr/doc/vtracer-0.6.4/target/release/.fingerprint/crossbeam-utils-5c60b68aac7c39ae/dep-lib-crossbeam_utils
usr/doc/vtracer-0.6.4/target/release/.fingerprint/crossbeam-utils-5c60b68aac7c39ae/invoked.timestamp
usr/doc/vtracer-0.6.4/target/release/.fingerprint/crossbeam-utils-5c60b68aac7c39ae/lib-crossbeam_utils
usr/doc/vtracer-0.6.4/target/release/.fingerprint/crossbeam-utils-5c60b68aac7c39ae/lib-crossbeam_utils.json
usr/doc/vtracer-0.6.4/target/release/.fingerprint/crossbeam-utils-aa31b6780e120df5/
usr/doc/vtracer-0.6.4/target/release/.fingerprint/crossbeam-utils-aa31b6780e120df5/build-script-build-script-build
usr/doc/vtracer-0.6.4/target/release/.fingerprint/crossbeam-utils-aa31b6780e120df5/build-script-build-script-build.json
usr/doc/vtracer-0.6.4/target/release/.fingerprint/crossbeam-utils-aa31b6780e120df5/dep-build-script-build-script-build
usr/doc/vtracer-0.6.4/target/release/.fingerprint/crossbeam-utils-aa31b6780e120df5/invoked.timestamp
usr/doc/vtracer-0.6.4/target/release/.fingerprint/crossbeam-utils-eb70dd6fb5970ede/
usr/doc/vtracer-0.6.4/target/release/.fingerprint/crossbeam-utils-eb70dd6fb5970ede/run-build-script-build-script-build
usr/doc/vtracer-0.6.4/target/release/.fingerprint/crossbeam-utils-eb70dd6fb5970ede/run-build-script-build-script-build.json
usr/doc/vtracer-0.6.4/target/release/.fingerprint/deflate-3abdabe9430b2233/
usr/doc/vtracer-0.6.4/target/release/.fingerprint/deflate-3abdabe9430b2233/dep-lib-deflate
usr/doc/vtracer-0.6.4/target/release/.fingerprint/deflate-3abdabe9430b2233/invoked.timestamp
usr/doc/vtracer-0.6.4/target/release/.fingerprint/deflate-3abdabe9430b2233/lib-deflate
usr/doc/vtracer-0.6.4/target/release/.fingerprint/deflate-3abdabe9430b2233/lib-deflate.json
usr/doc/vtracer-0.6.4/target/release/.fingerprint/either-1afb7a61c31b249b/
usr/doc/vtracer-0.6.4/target/release/.fingerprint/either-1afb7a61c31b249b/dep-lib-either
usr/doc/vtracer-0.6.4/target/release/.fingerprint/either-1afb7a61c31b249b/invoked.timestamp
usr/doc/vtracer-0.6.4/target/release/.fingerprint/either-1afb7a61c31b249b/lib-either
usr/doc/vtracer-0.6.4/target/release/.fingerprint/either-1afb7a61c31b249b/lib-either.json
usr/doc/vtracer-0.6.4/target/release/.fingerprint/fastrand-87d829cb0a3faf4d/
usr/doc/vtracer-0.6.4/target/release/.fingerprint/fastrand-87d829cb0a3faf4d/dep-lib-fastrand
usr/doc/vtracer-0.6.4/target/release/.fingerprint/fastrand-87d829cb0a3faf4d/invoked.timestamp
usr/doc/vtracer-0.6.4/target/release/.fingerprint/fastrand-87d829cb0a3faf4d/lib-fastrand
usr/doc/vtracer-0.6.4/target/release/.fingerprint/fastrand-87d829cb0a3faf4d/lib-fastrand.json
usr/doc/vtracer-0.6.4/target/release/.fingerprint/flo_curves-aa15e14645277be1/
usr/doc/vtracer-0.6.4/target/release/.fingerprint/flo_curves-aa15e14645277be1/dep-lib-flo_curves
usr/doc/vtracer-0.6.4/target/release/.fingerprint/flo_curves-aa15e14645277be1/invoked.timestamp
usr/doc/vtracer-0.6.4/target/release/.fingerprint/flo_curves-aa15e14645277be1/lib-flo_curves
usr/doc/vtracer-0.6.4/target/release/.fingerprint/flo_curves-aa15e14645277be1/lib-flo_curves.json
usr/doc/vtracer-0.6.4/target/release/.fingerprint/gif-a28848f235c5ae34/
usr/doc/vtracer-0.6.4/target/release/.fingerprint/gif-a28848f235c5ae34/dep-lib-gif
usr/doc/vtracer-0.6.4/target/release/.fingerprint/gif-a28848f235c5ae34/invoked.timestamp
usr/doc/vtracer-0.6.4/target/release/.fingerprint/gif-a28848f235c5ae34/lib-gif
usr/doc/vtracer-0.6.4/target/release/.fingerprint/gif-a28848f235c5ae34/lib-gif.json
usr/doc/vtracer-0.6.4/target/release/.fingerprint/image-0c948d969cf1fb38/
usr/doc/vtracer-0.6.4/target/release/.fingerprint/image-0c948d969cf1fb38/dep-lib-image
usr/doc/vtracer-0.6.4/target/release/.fingerprint/image-0c948d969cf1fb38/invoked.timestamp
usr/doc/vtracer-0.6.4/target/release/.fingerprint/image-0c948d969cf1fb38/lib-image
usr/doc/vtracer-0.6.4/target/release/.fingerprint/image-0c948d969cf1fb38/lib-image.json
usr/doc/vtracer-0.6.4/target/release/.fingerprint/itertools-06528d88deb4336b/
usr/doc/vtracer-0.6.4/target/release/.fingerprint/itertools-06528d88deb4336b/dep-lib-itertools
usr/doc/vtracer-0.6.4/target/release/.fingerprint/itertools-06528d88deb4336b/invoked.timestamp
usr/doc/vtracer-0.6.4/target/release/.fingerprint/itertools-06528d88deb4336b/lib-itertools
usr/doc/vtracer-0.6.4/target/release/.fingerprint/itertools-06528d88deb4336b/lib-itertools.json
usr/doc/vtracer-0.6.4/target/release/.fingerprint/itoa-8f38e63f8c6d72fa/
usr/doc/vtracer-0.6.4/target/release/.fingerprint/itoa-8f38e63f8c6d72fa/dep-lib-itoa
usr/doc/vtracer-0.6.4/target/release/.fingerprint/itoa-8f38e63f8c6d72fa/invoked.timestamp
usr/doc/vtracer-0.6.4/target/release/.fingerprint/itoa-8f38e63f8c6d72fa/lib-itoa
usr/doc/vtracer-0.6.4/target/release/.fingerprint/itoa-8f38e63f8c6d72fa/lib-itoa.json
usr/doc/vtracer-0.6.4/target/release/.fingerprint/jpeg-decoder-fb77285dc4dbea5a/
usr/doc/vtracer-0.6.4/target/release/.fingerprint/jpeg-decoder-fb77285dc4dbea5a/dep-lib-jpeg_decoder
usr/doc/vtracer-0.6.4/target/release/.fingerprint/jpeg-decoder-fb77285dc4dbea5a/invoked.timestamp
usr/doc/vtracer-0.6.4/target/release/.fingerprint/jpeg-decoder-fb77285dc4dbea5a/lib-jpeg_decoder
usr/doc/vtracer-0.6.4/target/release/.fingerprint/jpeg-decoder-fb77285dc4dbea5a/lib-jpeg_decoder.json
usr/doc/vtracer-0.6.4/target/release/.fingerprint/js-sys-f99a74ac45419a70/
usr/doc/vtracer-0.6.4/target/release/.fingerprint/js-sys-f99a74ac45419a70/dep-lib-js_sys
usr/doc/vtracer-0.6.4/target/release/.fingerprint/js-sys-f99a74ac45419a70/invoked.timestamp
usr/doc/vtracer-0.6.4/target/release/.fingerprint/js-sys-f99a74ac45419a70/lib-js_sys
usr/doc/vtracer-0.6.4/target/release/.fingerprint/js-sys-f99a74ac45419a70/lib-js_sys.json
usr/doc/vtracer-0.6.4/target/release/.fingerprint/libc-587823d62d2bad7c/
usr/doc/vtracer-0.6.4/target/release/.fingerprint/libc-587823d62d2bad7c/dep-lib-libc
usr/doc/vtracer-0.6.4/target/release/.fingerprint/libc-587823d62d2bad7c/invoked.timestamp
usr/doc/vtracer-0.6.4/target/release/.fingerprint/libc-587823d62d2bad7c/lib-libc
usr/doc/vtracer-0.6.4/target/release/.fingerprint/libc-587823d62d2bad7c/lib-libc.json
usr/doc/vtracer-0.6.4/target/release/.fingerprint/libc-adabd15ddbd646a0/
usr/doc/vtracer-0.6.4/target/release/.fingerprint/libc-adabd15ddbd646a0/build-script-build-script-build
usr/doc/vtracer-0.6.4/target/release/.fingerprint/libc-adabd15ddbd646a0/build-script-build-script-build.json
usr/doc/vtracer-0.6.4/target/release/.fingerprint/libc-adabd15ddbd646a0/dep-build-script-build-script-build
usr/doc/vtracer-0.6.4/target/release/.fingerprint/libc-adabd15ddbd646a0/invoked.timestamp
usr/doc/vtracer-0.6.4/target/release/.fingerprint/libc-f1535aa5ef55b4cf/
usr/doc/vtracer-0.6.4/target/release/.fingerprint/libc-f1535aa5ef55b4cf/run-build-script-build-script-build
usr/doc/vtracer-0.6.4/target/release/.fingerprint/libc-f1535aa5ef55b4cf/run-build-script-build-script-build.json
usr/doc/vtracer-0.6.4/target/release/.fingerprint/log-20c689a7219f73ba/
usr/doc/vtracer-0.6.4/target/release/.fingerprint/log-20c689a7219f73ba/dep-lib-log
usr/doc/vtracer-0.6.4/target/release/.fingerprint/log-20c689a7219f73ba/invoked.timestamp
usr/doc/vtracer-0.6.4/target/release/.fingerprint/log-20c689a7219f73ba/lib-log
usr/doc/vtracer-0.6.4/target/release/.fingerprint/log-20c689a7219f73ba/lib-log.json
usr/doc/vtracer-0.6.4/target/release/.fingerprint/log-44aea94cb6132c27/
usr/doc/vtracer-0.6.4/target/release/.fingerprint/log-44aea94cb6132c27/dep-lib-log
usr/doc/vtracer-0.6.4/target/release/.fingerprint/log-44aea94cb6132c27/invoked.timestamp
usr/doc/vtracer-0.6.4/target/release/.fingerprint/log-44aea94cb6132c27/lib-log
usr/doc/vtracer-0.6.4/target/release/.fingerprint/log-44aea94cb6132c27/lib-log.json
usr/doc/vtracer-0.6.4/target/release/.fingerprint/memchr-0d10c48e957a4625/
usr/doc/vtracer-0.6.4/target/release/.fingerprint/memchr-0d10c48e957a4625/dep-lib-memchr
usr/doc/vtracer-0.6.4/target/release/.fingerprint/memchr-0d10c48e957a4625/invoked.timestamp
usr/doc/vtracer-0.6.4/target/release/.fingerprint/memchr-0d10c48e957a4625/lib-memchr
usr/doc/vtracer-0.6.4/target/release/.fingerprint/memchr-0d10c48e957a4625/lib-memchr.json
usr/doc/vtracer-0.6.4/target/release/.fingerprint/miniz_oxide-4912d99091befb93/
usr/doc/vtracer-0.6.4/target/release/.fingerprint/miniz_oxide-4912d99091befb93/dep-lib-miniz_oxide
usr/doc/vtracer-0.6.4/target/release/.fingerprint/miniz_oxide-4912d99091befb93/invoked.timestamp
usr/doc/vtracer-0.6.4/target/release/.fingerprint/miniz_oxide-4912d99091befb93/lib-miniz_oxide
usr/doc/vtracer-0.6.4/target/release/.fingerprint/miniz_oxide-4912d99091befb93/lib-miniz_oxide.json
usr/doc/vtracer-0.6.4/target/release/.fingerprint/miniz_oxide-74167cdf090b5492/
usr/doc/vtracer-0.6.4/target/release/.fingerprint/miniz_oxide-74167cdf090b5492/dep-lib-miniz_oxide
usr/doc/vtracer-0.6.4/target/release/.fingerprint/miniz_oxide-74167cdf090b5492/invoked.timestamp
usr/doc/vtracer-0.6.4/target/release/.fingerprint/miniz_oxide-74167cdf090b5492/lib-miniz_oxide
usr/doc/vtracer-0.6.4/target/release/.fingerprint/miniz_oxide-74167cdf090b5492/lib-miniz_oxide.json
usr/doc/vtracer-0.6.4/target/release/.fingerprint/miniz_oxide-781822fa0f6fafc4/
usr/doc/vtracer-0.6.4/target/release/.fingerprint/miniz_oxide-781822fa0f6fafc4/build-script-build-script-build
usr/doc/vtracer-0.6.4/target/release/.fingerprint/miniz_oxide-781822fa0f6fafc4/build-script-build-script-build.json
usr/doc/vtracer-0.6.4/target/release/.fingerprint/miniz_oxide-781822fa0f6fafc4/dep-build-script-build-script-build
usr/doc/vtracer-0.6.4/target/release/.fingerprint/miniz_oxide-781822fa0f6fafc4/invoked.timestamp
usr/doc/vtracer-0.6.4/target/release/.fingerprint/miniz_oxide-aa1873d315cf73c1/
usr/doc/vtracer-0.6.4/target/release/.fingerprint/miniz_oxide-aa1873d315cf73c1/run-build-script-build-script-build
usr/doc/vtracer-0.6.4/target/release/.fingerprint/miniz_oxide-aa1873d315cf73c1/run-build-script-build-script-build.json
usr/doc/vtracer-0.6.4/target/release/.fingerprint/num-integer-c6291620f05f5d7b/
usr/doc/vtracer-0.6.4/target/release/.fingerprint/num-integer-c6291620f05f5d7b/dep-lib-num_integer
usr/doc/vtracer-0.6.4/target/release/.fingerprint/num-integer-c6291620f05f5d7b/invoked.timestamp
usr/doc/vtracer-0.6.4/target/release/.fingerprint/num-integer-c6291620f05f5d7b/lib-num_integer
usr/doc/vtracer-0.6.4/target/release/.fingerprint/num-integer-c6291620f05f5d7b/lib-num_integer.json
usr/doc/vtracer-0.6.4/target/release/.fingerprint/num-iter-f12a4a665a9a4c86/
usr/doc/vtracer-0.6.4/target/release/.fingerprint/num-iter-f12a4a665a9a4c86/dep-lib-num_iter
usr/doc/vtracer-0.6.4/target/release/.fingerprint/num-iter-f12a4a665a9a4c86/invoked.timestamp
usr/doc/vtracer-0.6.4/target/release/.fingerprint/num-iter-f12a4a665a9a4c86/lib-num_iter
usr/doc/vtracer-0.6.4/target/release/.fingerprint/num-iter-f12a4a665a9a4c86/lib-num_iter.json
usr/doc/vtracer-0.6.4/target/release/.fingerprint/num-rational-3d0b020231a344f8/
usr/doc/vtracer-0.6.4/target/release/.fingerprint/num-rational-3d0b020231a344f8/build-script-build-script-build
usr/doc/vtracer-0.6.4/target/release/.fingerprint/num-rational-3d0b020231a344f8/build-script-build-script-build.json
usr/doc/vtracer-0.6.4/target/release/.fingerprint/num-rational-3d0b020231a344f8/dep-build-script-build-script-build
usr/doc/vtracer-0.6.4/target/release/.fingerprint/num-rational-3d0b020231a344f8/invoked.timestamp
usr/doc/vtracer-0.6.4/target/release/.fingerprint/num-rational-70a10f0f0a0a6dd8/
usr/doc/vtracer-0.6.4/target/release/.fingerprint/num-rational-70a10f0f0a0a6dd8/run-build-script-build-script-build
usr/doc/vtracer-0.6.4/target/release/.fingerprint/num-rational-70a10f0f0a0a6dd8/run-build-script-build-script-build.json
usr/doc/vtracer-0.6.4/target/release/.fingerprint/num-rational-fb132e5933c54087/
usr/doc/vtracer-0.6.4/target/release/.fingerprint/num-rational-fb132e5933c54087/dep-lib-num_rational
usr/doc/vtracer-0.6.4/target/release/.fingerprint/num-rational-fb132e5933c54087/invoked.timestamp
usr/doc/vtracer-0.6.4/target/release/.fingerprint/num-rational-fb132e5933c54087/lib-num_rational
usr/doc/vtracer-0.6.4/target/release/.fingerprint/num-rational-fb132e5933c54087/lib-num_rational.json
usr/doc/vtracer-0.6.4/target/release/.fingerprint/num-traits-53c153760c44a691/
usr/doc/vtracer-0.6.4/target/release/.fingerprint/num-traits-53c153760c44a691/dep-lib-num_traits
usr/doc/vtracer-0.6.4/target/release/.fingerprint/num-traits-53c153760c44a691/invoked.timestamp
usr/doc/vtracer-0.6.4/target/release/.fingerprint/num-traits-53c153760c44a691/lib-num_traits
usr/doc/vtracer-0.6.4/target/release/.fingerprint/num-traits-53c153760c44a691/lib-num_traits.json
usr/doc/vtracer-0.6.4/target/release/.fingerprint/num-traits-b0981a3dbf2807d3/
usr/doc/vtracer-0.6.4/target/release/.fingerprint/num-traits-b0981a3dbf2807d3/build-script-build-script-build
usr/doc/vtracer-0.6.4/target/release/.fingerprint/num-traits-b0981a3dbf2807d3/build-script-build-script-build.json
usr/doc/vtracer-0.6.4/target/release/.fingerprint/num-traits-b0981a3dbf2807d3/dep-build-script-build-script-build
usr/doc/vtracer-0.6.4/target/release/.fingerprint/num-traits-b0981a3dbf2807d3/invoked.timestamp
usr/doc/vtracer-0.6.4/target/release/.fingerprint/num-traits-de4dfc56dd158ed6/
usr/doc/vtracer-0.6.4/target/release/.fingerprint/num-traits-de4dfc56dd158ed6/run-build-script-build-script-build
usr/doc/vtracer-0.6.4/target/release/.fingerprint/num-traits-de4dfc56dd158ed6/run-build-script-build-script-build.json
usr/doc/vtracer-0.6.4/target/release/.fingerprint/once_cell-43c245dcbb325f07/
usr/doc/vtracer-0.6.4/target/release/.fingerprint/once_cell-43c245dcbb325f07/dep-lib-once_cell
usr/doc/vtracer-0.6.4/target/release/.fingerprint/once_cell-43c245dcbb325f07/invoked.timestamp
usr/doc/vtracer-0.6.4/target/release/.fingerprint/once_cell-43c245dcbb325f07/lib-once_cell
usr/doc/vtracer-0.6.4/target/release/.fingerprint/once_cell-43c245dcbb325f07/lib-once_cell.json
usr/doc/vtracer-0.6.4/target/release/.fingerprint/once_cell-e4bbd16904ceeaa1/
usr/doc/vtracer-0.6.4/target/release/.fingerprint/once_cell-e4bbd16904ceeaa1/dep-lib-once_cell
usr/doc/vtracer-0.6.4/target/release/.fingerprint/once_cell-e4bbd16904ceeaa1/invoked.timestamp
usr/doc/vtracer-0.6.4/target/release/.fingerprint/once_cell-e4bbd16904ceeaa1/lib-once_cell
usr/doc/vtracer-0.6.4/target/release/.fingerprint/once_cell-e4bbd16904ceeaa1/lib-once_cell.json
usr/doc/vtracer-0.6.4/target/release/.fingerprint/png-3afc0acf81b02529/
usr/doc/vtracer-0.6.4/target/release/.fingerprint/png-3afc0acf81b02529/dep-lib-png
usr/doc/vtracer-0.6.4/target/release/.fingerprint/png-3afc0acf81b02529/invoked.timestamp
usr/doc/vtracer-0.6.4/target/release/.fingerprint/png-3afc0acf81b02529/lib-png
usr/doc/vtracer-0.6.4/target/release/.fingerprint/png-3afc0acf81b02529/lib-png.json
usr/doc/vtracer-0.6.4/target/release/.fingerprint/proc-macro2-4394215b4464338c/
usr/doc/vtracer-0.6.4/target/release/.fingerprint/proc-macro2-4394215b4464338c/run-build-script-build-script-build
usr/doc/vtracer-0.6.4/target/release/.fingerprint/proc-macro2-4394215b4464338c/run-build-script-build-script-build.json
usr/doc/vtracer-0.6.4/target/release/.fingerprint/proc-macro2-7d67c438a2d965f9/
usr/doc/vtracer-0.6.4/target/release/.fingerprint/proc-macro2-7d67c438a2d965f9/dep-lib-proc_macro2
usr/doc/vtracer-0.6.4/target/release/.fingerprint/proc-macro2-7d67c438a2d965f9/invoked.timestamp
usr/doc/vtracer-0.6.4/target/release/.fingerprint/proc-macro2-7d67c438a2d965f9/lib-proc_macro2
usr/doc/vtracer-0.6.4/target/release/.fingerprint/proc-macro2-7d67c438a2d965f9/lib-proc_macro2.json
usr/doc/vtracer-0.6.4/target/release/.fingerprint/proc-macro2-bf35c6596fe5a081/
usr/doc/vtracer-0.6.4/target/release/.fingerprint/proc-macro2-bf35c6596fe5a081/build-script-build-script-build
usr/doc/vtracer-0.6.4/target/release/.fingerprint/proc-macro2-bf35c6596fe5a081/build-script-build-script-build.json
usr/doc/vtracer-0.6.4/target/release/.fingerprint/proc-macro2-bf35c6596fe5a081/dep-build-script-build-script-build
usr/doc/vtracer-0.6.4/target/release/.fingerprint/proc-macro2-bf35c6596fe5a081/invoked.timestamp
usr/doc/vtracer-0.6.4/target/release/.fingerprint/quote-7b6edce516ec3321/
usr/doc/vtracer-0.6.4/target/release/.fingerprint/quote-7b6edce516ec3321/dep-lib-quote
usr/doc/vtracer-0.6.4/target/release/.fingerprint/quote-7b6edce516ec3321/invoked.timestamp
usr/doc/vtracer-0.6.4/target/release/.fingerprint/quote-7b6edce516ec3321/lib-quote
usr/doc/vtracer-0.6.4/target/release/.fingerprint/quote-7b6edce516ec3321/lib-quote.json
usr/doc/vtracer-0.6.4/target/release/.fingerprint/rayon-5f67bf555a8e5642/
usr/doc/vtracer-0.6.4/target/release/.fingerprint/rayon-5f67bf555a8e5642/dep-lib-rayon
usr/doc/vtracer-0.6.4/target/release/.fingerprint/rayon-5f67bf555a8e5642/invoked.timestamp
usr/doc/vtracer-0.6.4/target/release/.fingerprint/rayon-5f67bf555a8e5642/lib-rayon
usr/doc/vtracer-0.6.4/target/release/.fingerprint/rayon-5f67bf555a8e5642/lib-rayon.json
usr/doc/vtracer-0.6.4/target/release/.fingerprint/rayon-core-39bc8e9476c0bf4c/
usr/doc/vtracer-0.6.4/target/release/.fingerprint/rayon-core-39bc8e9476c0bf4c/dep-lib-rayon_core
usr/doc/vtracer-0.6.4/target/release/.fingerprint/rayon-core-39bc8e9476c0bf4c/invoked.timestamp
usr/doc/vtracer-0.6.4/target/release/.fingerprint/rayon-core-39bc8e9476c0bf4c/lib-rayon_core
usr/doc/vtracer-0.6.4/target/release/.fingerprint/rayon-core-39bc8e9476c0bf4c/lib-rayon_core.json
usr/doc/vtracer-0.6.4/target/release/.fingerprint/rayon-core-53a5a94623f2e6f5/
usr/doc/vtracer-0.6.4/target/release/.fingerprint/rayon-core-53a5a94623f2e6f5/run-build-script-build-script-build
usr/doc/vtracer-0.6.4/target/release/.fingerprint/rayon-core-53a5a94623f2e6f5/run-build-script-build-script-build.json
usr/doc/vtracer-0.6.4/target/release/.fingerprint/rayon-core-af634debfac858f9/
usr/doc/vtracer-0.6.4/target/release/.fingerprint/rayon-core-af634debfac858f9/build-script-build-script-build
usr/doc/vtracer-0.6.4/target/release/.fingerprint/rayon-core-af634debfac858f9/build-script-build-script-build.json
usr/doc/vtracer-0.6.4/target/release/.fingerprint/rayon-core-af634debfac858f9/dep-build-script-build-script-build
usr/doc/vtracer-0.6.4/target/release/.fingerprint/rayon-core-af634debfac858f9/invoked.timestamp
usr/doc/vtracer-0.6.4/target/release/.fingerprint/roots-ff8d029362a5fe69/
usr/doc/vtracer-0.6.4/target/release/.fingerprint/roots-ff8d029362a5fe69/dep-lib-roots
usr/doc/vtracer-0.6.4/target/release/.fingerprint/roots-ff8d029362a5fe69/invoked.timestamp
usr/doc/vtracer-0.6.4/target/release/.fingerprint/roots-ff8d029362a5fe69/lib-roots
usr/doc/vtracer-0.6.4/target/release/.fingerprint/roots-ff8d029362a5fe69/lib-roots.json
usr/doc/vtracer-0.6.4/target/release/.fingerprint/ryu-386bad8e25a3f32e/
usr/doc/vtracer-0.6.4/target/release/.fingerprint/ryu-386bad8e25a3f32e/dep-lib-ryu
usr/doc/vtracer-0.6.4/target/release/.fingerprint/ryu-386bad8e25a3f32e/invoked.timestamp
usr/doc/vtracer-0.6.4/target/release/.fingerprint/ryu-386bad8e25a3f32e/lib-ryu
usr/doc/vtracer-0.6.4/target/release/.fingerprint/ryu-386bad8e25a3f32e/lib-ryu.json
usr/doc/vtracer-0.6.4/target/release/.fingerprint/scoped_threadpool-90ccacc791905d72/
usr/doc/vtracer-0.6.4/target/release/.fingerprint/scoped_threadpool-90ccacc791905d72/dep-lib-scoped_threadpool
usr/doc/vtracer-0.6.4/target/release/.fingerprint/scoped_threadpool-90ccacc791905d72/invoked.timestamp
usr/doc/vtracer-0.6.4/target/release/.fingerprint/scoped_threadpool-90ccacc791905d72/lib-scoped_threadpool
usr/doc/vtracer-0.6.4/target/release/.fingerprint/scoped_threadpool-90ccacc791905d72/lib-scoped_threadpool.json
usr/doc/vtracer-0.6.4/target/release/.fingerprint/serde-14be14670d6e4e3e/
usr/doc/vtracer-0.6.4/target/release/.fingerprint/serde-14be14670d6e4e3e/dep-lib-serde
usr/doc/vtracer-0.6.4/target/release/.fingerprint/serde-14be14670d6e4e3e/invoked.timestamp
usr/doc/vtracer-0.6.4/target/release/.fingerprint/serde-14be14670d6e4e3e/lib-serde
usr/doc/vtracer-0.6.4/target/release/.fingerprint/serde-14be14670d6e4e3e/lib-serde.json
usr/doc/vtracer-0.6.4/target/release/.fingerprint/serde-8be4eed2b698a7e3/
usr/doc/vtracer-0.6.4/target/release/.fingerprint/serde-8be4eed2b698a7e3/run-build-script-build-script-build
usr/doc/vtracer-0.6.4/target/release/.fingerprint/serde-8be4eed2b698a7e3/run-build-script-build-script-build.json
usr/doc/vtracer-0.6.4/target/release/.fingerprint/serde_derive-60c1b25769dc5aa2/
usr/doc/vtracer-0.6.4/target/release/.fingerprint/serde_derive-60c1b25769dc5aa2/dep-lib-serde_derive
usr/doc/vtracer-0.6.4/target/release/.fingerprint/serde_derive-60c1b25769dc5aa2/invoked.timestamp
usr/doc/vtracer-0.6.4/target/release/.fingerprint/serde_derive-60c1b25769dc5aa2/lib-serde_derive
usr/doc/vtracer-0.6.4/target/release/.fingerprint/serde_derive-60c1b25769dc5aa2/lib-serde_derive.json
usr/doc/vtracer-0.6.4/target/release/.fingerprint/serde-f108dafd470371af/
usr/doc/vtracer-0.6.4/target/release/.fingerprint/serde-f108dafd470371af/build-script-build-script-build
usr/doc/vtracer-0.6.4/target/release/.fingerprint/serde-f108dafd470371af/build-script-build-script-build.json
usr/doc/vtracer-0.6.4/target/release/.fingerprint/serde-f108dafd470371af/dep-build-script-build-script-build
usr/doc/vtracer-0.6.4/target/release/.fingerprint/serde-f108dafd470371af/invoked.timestamp
usr/doc/vtracer-0.6.4/target/release/.fingerprint/serde_json-42eece16221f0eea/
usr/doc/vtracer-0.6.4/target/release/.fingerprint/serde_json-42eece16221f0eea/run-build-script-build-script-build
usr/doc/vtracer-0.6.4/target/release/.fingerprint/serde_json-42eece16221f0eea/run-build-script-build-script-build.json
usr/doc/vtracer-0.6.4/target/release/.fingerprint/serde_json-95126e0ecaabe6b2/
usr/doc/vtracer-0.6.4/target/release/.fingerprint/serde_json-95126e0ecaabe6b2/dep-lib-serde_json
usr/doc/vtracer-0.6.4/target/release/.fingerprint/serde_json-95126e0ecaabe6b2/invoked.timestamp
usr/doc/vtracer-0.6.4/target/release/.fingerprint/serde_json-95126e0ecaabe6b2/lib-serde_json
usr/doc/vtracer-0.6.4/target/release/.fingerprint/serde_json-95126e0ecaabe6b2/lib-serde_json.json
usr/doc/vtracer-0.6.4/target/release/.fingerprint/serde_json-b2ca28c05bd1e48b/
usr/doc/vtracer-0.6.4/target/release/.fingerprint/serde_json-b2ca28c05bd1e48b/build-script-build-script-build
usr/doc/vtracer-0.6.4/target/release/.fingerprint/serde_json-b2ca28c05bd1e48b/build-script-build-script-build.json
usr/doc/vtracer-0.6.4/target/release/.fingerprint/serde_json-b2ca28c05bd1e48b/dep-build-script-build-script-build
usr/doc/vtracer-0.6.4/target/release/.fingerprint/serde_json-b2ca28c05bd1e48b/invoked.timestamp
usr/doc/vtracer-0.6.4/target/release/.fingerprint/smallvec-90b8698310cfd074/
usr/doc/vtracer-0.6.4/target/release/.fingerprint/smallvec-90b8698310cfd074/dep-lib-smallvec
usr/doc/vtracer-0.6.4/target/release/.fingerprint/smallvec-90b8698310cfd074/invoked.timestamp
usr/doc/vtracer-0.6.4/target/release/.fingerprint/smallvec-90b8698310cfd074/lib-smallvec
usr/doc/vtracer-0.6.4/target/release/.fingerprint/smallvec-90b8698310cfd074/lib-smallvec.json
usr/doc/vtracer-0.6.4/target/release/.fingerprint/strsim-a99b9f4d2bd9f670/
usr/doc/vtracer-0.6.4/target/release/.fingerprint/strsim-a99b9f4d2bd9f670/dep-lib-strsim
usr/doc/vtracer-0.6.4/target/release/.fingerprint/strsim-a99b9f4d2bd9f670/invoked.timestamp
usr/doc/vtracer-0.6.4/target/release/.fingerprint/strsim-a99b9f4d2bd9f670/lib-strsim
usr/doc/vtracer-0.6.4/target/release/.fingerprint/strsim-a99b9f4d2bd9f670/lib-strsim.json
usr/doc/vtracer-0.6.4/target/release/.fingerprint/syn-31782efc809bc870/
usr/doc/vtracer-0.6.4/target/release/.fingerprint/syn-31782efc809bc870/dep-lib-syn
usr/doc/vtracer-0.6.4/target/release/.fingerprint/syn-31782efc809bc870/invoked.timestamp
usr/doc/vtracer-0.6.4/target/release/.fingerprint/syn-31782efc809bc870/lib-syn
usr/doc/vtracer-0.6.4/target/release/.fingerprint/syn-31782efc809bc870/lib-syn.json
usr/doc/vtracer-0.6.4/target/release/.fingerprint/textwrap-696d71ed0c6d4b1c/
usr/doc/vtracer-0.6.4/target/release/.fingerprint/textwrap-696d71ed0c6d4b1c/dep-lib-textwrap
usr/doc/vtracer-0.6.4/target/release/.fingerprint/textwrap-696d71ed0c6d4b1c/invoked.timestamp
usr/doc/vtracer-0.6.4/target/release/.fingerprint/textwrap-696d71ed0c6d4b1c/lib-textwrap
usr/doc/vtracer-0.6.4/target/release/.fingerprint/textwrap-696d71ed0c6d4b1c/lib-textwrap.json
usr/doc/vtracer-0.6.4/target/release/.fingerprint/tiff-fbafd2f4a1e832ab/
usr/doc/vtracer-0.6.4/target/release/.fingerprint/tiff-fbafd2f4a1e832ab/dep-lib-tiff
usr/doc/vtracer-0.6.4/target/release/.fingerprint/tiff-fbafd2f4a1e832ab/invoked.timestamp
usr/doc/vtracer-0.6.4/target/release/.fingerprint/tiff-fbafd2f4a1e832ab/lib-tiff
usr/doc/vtracer-0.6.4/target/release/.fingerprint/tiff-fbafd2f4a1e832ab/lib-tiff.json
usr/doc/vtracer-0.6.4/target/release/.fingerprint/unicode-ident-a4c42d0bd7b8baea/
usr/doc/vtracer-0.6.4/target/release/.fingerprint/unicode-ident-a4c42d0bd7b8baea/dep-lib-unicode_ident
usr/doc/vtracer-0.6.4/target/release/.fingerprint/unicode-ident-a4c42d0bd7b8baea/invoked.timestamp
usr/doc/vtracer-0.6.4/target/release/.fingerprint/unicode-ident-a4c42d0bd7b8baea/lib-unicode_ident
usr/doc/vtracer-0.6.4/target/release/.fingerprint/unicode-ident-a4c42d0bd7b8baea/lib-unicode_ident.json
usr/doc/vtracer-0.6.4/target/release/.fingerprint/unicode-width-6ad5a74c93ab05ab/
usr/doc/vtracer-0.6.4/target/release/.fingerprint/unicode-width-6ad5a74c93ab05ab/dep-lib-unicode_width
usr/doc/vtracer-0.6.4/target/release/.fingerprint/unicode-width-6ad5a74c93ab05ab/invoked.timestamp
usr/doc/vtracer-0.6.4/target/release/.fingerprint/unicode-width-6ad5a74c93ab05ab/lib-unicode_width
usr/doc/vtracer-0.6.4/target/release/.fingerprint/unicode-width-6ad5a74c93ab05ab/lib-unicode_width.json
usr/doc/vtracer-0.6.4/target/release/.fingerprint/vec_map-05229468a7eac020/
usr/doc/vtracer-0.6.4/target/release/.fingerprint/vec_map-05229468a7eac020/dep-lib-vec_map
usr/doc/vtracer-0.6.4/target/release/.fingerprint/vec_map-05229468a7eac020/invoked.timestamp
usr/doc/vtracer-0.6.4/target/release/.fingerprint/vec_map-05229468a7eac020/lib-vec_map
usr/doc/vtracer-0.6.4/target/release/.fingerprint/vec_map-05229468a7eac020/lib-vec_map.json
usr/doc/vtracer-0.6.4/target/release/.fingerprint/visioncortex-c7ec2a163da27e1c/
usr/doc/vtracer-0.6.4/target/release/.fingerprint/visioncortex-c7ec2a163da27e1c/dep-lib-visioncortex
usr/doc/vtracer-0.6.4/target/release/.fingerprint/visioncortex-c7ec2a163da27e1c/invoked.timestamp
usr/doc/vtracer-0.6.4/target/release/.fingerprint/visioncortex-c7ec2a163da27e1c/lib-visioncortex
usr/doc/vtracer-0.6.4/target/release/.fingerprint/visioncortex-c7ec2a163da27e1c/lib-visioncortex.json
usr/doc/vtracer-0.6.4/target/release/.fingerprint/visioncortex-e6e3bf81ae4da0e6/
usr/doc/vtracer-0.6.4/target/release/.fingerprint/visioncortex-e6e3bf81ae4da0e6/dep-lib-visioncortex
usr/doc/vtracer-0.6.4/target/release/.fingerprint/visioncortex-e6e3bf81ae4da0e6/invoked.timestamp
usr/doc/vtracer-0.6.4/target/release/.fingerprint/visioncortex-e6e3bf81ae4da0e6/lib-visioncortex
usr/doc/vtracer-0.6.4/target/release/.fingerprint/visioncortex-e6e3bf81ae4da0e6/lib-visioncortex.json
usr/doc/vtracer-0.6.4/target/release/.fingerprint/vtracer-904f433cf9c288f7/
usr/doc/vtracer-0.6.4/target/release/.fingerprint/vtracer-904f433cf9c288f7/dep-lib-vtracer
usr/doc/vtracer-0.6.4/target/release/.fingerprint/vtracer-904f433cf9c288f7/invoked.timestamp
usr/doc/vtracer-0.6.4/target/release/.fingerprint/vtracer-904f433cf9c288f7/lib-vtracer
usr/doc/vtracer-0.6.4/target/release/.fingerprint/vtracer-904f433cf9c288f7/lib-vtracer.json
usr/doc/vtracer-0.6.4/target/release/.fingerprint/vtracer-9691a212f599ec06/
usr/doc/vtracer-0.6.4/target/release/.fingerprint/vtracer-9691a212f599ec06/bin-vtracer
usr/doc/vtracer-0.6.4/target/release/.fingerprint/vtracer-9691a212f599ec06/bin-vtracer.json
usr/doc/vtracer-0.6.4/target/release/.fingerprint/vtracer-9691a212f599ec06/dep-bin-vtracer
usr/doc/vtracer-0.6.4/target/release/.fingerprint/vtracer-9691a212f599ec06/invoked.timestamp
usr/doc/vtracer-0.6.4/target/release/.fingerprint/vtracer-webapp-0af4f854fc23167d/
usr/doc/vtracer-0.6.4/target/release/.fingerprint/vtracer-webapp-0af4f854fc23167d/dep-lib-vtracer_webapp
usr/doc/vtracer-0.6.4/target/release/.fingerprint/vtracer-webapp-0af4f854fc23167d/invoked.timestamp
usr/doc/vtracer-0.6.4/target/release/.fingerprint/vtracer-webapp-0af4f854fc23167d/lib-vtracer_webapp
usr/doc/vtracer-0.6.4/target/release/.fingerprint/vtracer-webapp-0af4f854fc23167d/lib-vtracer_webapp.json
usr/doc/vtracer-0.6.4/target/release/.fingerprint/vtracer-webapp-0af4f854fc23167d/output-lib-vtracer_webapp
usr/doc/vtracer-0.6.4/target/release/.fingerprint/wasm-bindgen-20851e4041550a87/
usr/doc/vtracer-0.6.4/target/release/.fingerprint/wasm-bindgen-20851e4041550a87/build-script-build-script-build
usr/doc/vtracer-0.6.4/target/release/.fingerprint/wasm-bindgen-20851e4041550a87/build-script-build-script-build.json
usr/doc/vtracer-0.6.4/target/release/.fingerprint/wasm-bindgen-20851e4041550a87/dep-build-script-build-script-build
usr/doc/vtracer-0.6.4/target/release/.fingerprint/wasm-bindgen-20851e4041550a87/invoked.timestamp
usr/doc/vtracer-0.6.4/target/release/.fingerprint/wasm-bindgen-293b475676443b5d/
usr/doc/vtracer-0.6.4/target/release/.fingerprint/wasm-bindgen-293b475676443b5d/dep-lib-wasm_bindgen
usr/doc/vtracer-0.6.4/target/release/.fingerprint/wasm-bindgen-293b475676443b5d/invoked.timestamp
usr/doc/vtracer-0.6.4/target/release/.fingerprint/wasm-bindgen-293b475676443b5d/lib-wasm_bindgen
usr/doc/vtracer-0.6.4/target/release/.fingerprint/wasm-bindgen-293b475676443b5d/lib-wasm_bindgen.json
usr/doc/vtracer-0.6.4/target/release/.fingerprint/wasm-bindgen-588bae3ecb67163d/
usr/doc/vtracer-0.6.4/target/release/.fingerprint/wasm-bindgen-588bae3ecb67163d/run-build-script-build-script-build
usr/doc/vtracer-0.6.4/target/release/.fingerprint/wasm-bindgen-588bae3ecb67163d/run-build-script-build-script-build.json
usr/doc/vtracer-0.6.4/target/release/.fingerprint/wasm-bindgen-backend-5cdd46f2d1ad8102/
usr/doc/vtracer-0.6.4/target/release/.fingerprint/wasm-bindgen-backend-5cdd46f2d1ad8102/dep-lib-wasm_bindgen_backend
usr/doc/vtracer-0.6.4/target/release/.fingerprint/wasm-bindgen-backend-5cdd46f2d1ad8102/invoked.timestamp
usr/doc/vtracer-0.6.4/target/release/.fingerprint/wasm-bindgen-backend-5cdd46f2d1ad8102/lib-wasm_bindgen_backend
usr/doc/vtracer-0.6.4/target/release/.fingerprint/wasm-bindgen-backend-5cdd46f2d1ad8102/lib-wasm_bindgen_backend.json
usr/doc/vtracer-0.6.4/target/release/.fingerprint/wasm-bindgen-macro-f7a9ac1edb25e771/
usr/doc/vtracer-0.6.4/target/release/.fingerprint/wasm-bindgen-macro-f7a9ac1edb25e771/dep-lib-wasm_bindgen_macro
usr/doc/vtracer-0.6.4/target/release/.fingerprint/wasm-bindgen-macro-f7a9ac1edb25e771/invoked.timestamp
usr/doc/vtracer-0.6.4/target/release/.fingerprint/wasm-bindgen-macro-f7a9ac1edb25e771/lib-wasm_bindgen_macro
usr/doc/vtracer-0.6.4/target/release/.fingerprint/wasm-bindgen-macro-f7a9ac1edb25e771/lib-wasm_bindgen_macro.json
usr/doc/vtracer-0.6.4/target/release/.fingerprint/wasm-bindgen-macro-support-6d6e30ae12f66787/
usr/doc/vtracer-0.6.4/target/release/.fingerprint/wasm-bindgen-macro-support-6d6e30ae12f66787/dep-lib-wasm_bindgen_macro_support
usr/doc/vtracer-0.6.4/target/release/.fingerprint/wasm-bindgen-macro-support-6d6e30ae12f66787/invoked.timestamp
usr/doc/vtracer-0.6.4/target/release/.fingerprint/wasm-bindgen-macro-support-6d6e30ae12f66787/lib-wasm_bindgen_macro_support
usr/doc/vtracer-0.6.4/target/release/.fingerprint/wasm-bindgen-macro-support-6d6e30ae12f66787/lib-wasm_bindgen_macro_support.json
usr/doc/vtracer-0.6.4/target/release/.fingerprint/wasm-bindgen-shared-41ae2501d33ee14f/
usr/doc/vtracer-0.6.4/target/release/.fingerprint/wasm-bindgen-shared-41ae2501d33ee14f/dep-lib-wasm_bindgen_shared
usr/doc/vtracer-0.6.4/target/release/.fingerprint/wasm-bindgen-shared-41ae2501d33ee14f/invoked.timestamp
usr/doc/vtracer-0.6.4/target/release/.fingerprint/wasm-bindgen-shared-41ae2501d33ee14f/lib-wasm_bindgen_shared
usr/doc/vtracer-0.6.4/target/release/.fingerprint/wasm-bindgen-shared-41ae2501d33ee14f/lib-wasm_bindgen_shared.json
usr/doc/vtracer-0.6.4/target/release/.fingerprint/wasm-bindgen-shared-be5f1defb2874edb/
usr/doc/vtracer-0.6.4/target/release/.fingerprint/wasm-bindgen-shared-be5f1defb2874edb/build-script-build-script-build
usr/doc/vtracer-0.6.4/target/release/.fingerprint/wasm-bindgen-shared-be5f1defb2874edb/build-script-build-script-build.json
usr/doc/vtracer-0.6.4/target/release/.fingerprint/wasm-bindgen-shared-be5f1defb2874edb/dep-build-script-build-script-build
usr/doc/vtracer-0.6.4/target/release/.fingerprint/wasm-bindgen-shared-be5f1defb2874edb/invoked.timestamp
usr/doc/vtracer-0.6.4/target/release/.fingerprint/wasm-bindgen-shared-f6e9ee7bd2c92f03/
usr/doc/vtracer-0.6.4/target/release/.fingerprint/wasm-bindgen-shared-f6e9ee7bd2c92f03/run-build-script-build-script-build
usr/doc/vtracer-0.6.4/target/release/.fingerprint/wasm-bindgen-shared-f6e9ee7bd2c92f03/run-build-script-build-script-build.json
usr/doc/vtracer-0.6.4/target/release/.fingerprint/web-sys-31def6c544406f32/
usr/doc/vtracer-0.6.4/target/release/.fingerprint/web-sys-31def6c544406f32/dep-lib-web_sys
usr/doc/vtracer-0.6.4/target/release/.fingerprint/web-sys-31def6c544406f32/invoked.timestamp
usr/doc/vtracer-0.6.4/target/release/.fingerprint/web-sys-31def6c544406f32/lib-web_sys
usr/doc/vtracer-0.6.4/target/release/.fingerprint/web-sys-31def6c544406f32/lib-web_sys.json
usr/doc/vtracer-0.6.4/target/release/.fingerprint/weezl-8f135bb786474563/
usr/doc/vtracer-0.6.4/target/release/.fingerprint/weezl-8f135bb786474563/dep-lib-weezl
usr/doc/vtracer-0.6.4/target/release/.fingerprint/weezl-8f135bb786474563/invoked.timestamp
usr/doc/vtracer-0.6.4/target/release/.fingerprint/weezl-8f135bb786474563/lib-weezl
usr/doc/vtracer-0.6.4/target/release/.fingerprint/weezl-8f135bb786474563/lib-weezl.json
usr/doc/vtracer-0.6.4/target/release/incremental/
usr/doc/vtracer-0.6.4/target/release/libvtracer.d
usr/doc/vtracer-0.6.4/target/release/libvtracer.rlib
usr/doc/vtracer-0.6.4/target/release/libvtracer.so
usr/doc/vtracer-0.6.4/target/release/libvtracer_webapp.d
usr/doc/vtracer-0.6.4/target/release/libvtracer_webapp.so
usr/doc/vtracer-0.6.4/target/release/vtracer
usr/doc/vtracer-0.6.4/target/release/vtracer.d
usr/doc/vtracer-0.6.4/target/.rustc_info.json
usr/doc/vtracer-0.6.4/vtracer.SlackBuild
usr/doc/vtracer-0.6.4/webapp/
usr/doc/vtracer-0.6.4/webapp/app/
usr/doc/vtracer-0.6.4/webapp/app/bootstrap.js
usr/doc/vtracer-0.6.4/webapp/app/.gitignore
usr/doc/vtracer-0.6.4/webapp/app/index.html
usr/doc/vtracer-0.6.4/webapp/app/index.js
usr/doc/vtracer-0.6.4/webapp/app/package.json
usr/doc/vtracer-0.6.4/webapp/app/package-lock.json
usr/doc/vtracer-0.6.4/webapp/app/webpack.config.js
usr/doc/vtracer-0.6.4/webapp/Cargo.toml
usr/doc/vtracer-0.6.4/webapp/.gitignore
usr/doc/vtracer-0.6.4/webapp/LICENSE-APACHE
usr/doc/vtracer-0.6.4/webapp/LICENSE-MIT
usr/doc/vtracer-0.6.4/webapp/Readme.md
usr/doc/vtracer-0.6.4/webapp/src/
usr/doc/vtracer-0.6.4/webapp/src/canvas.rs
usr/doc/vtracer-0.6.4/webapp/src/common.rs
usr/doc/vtracer-0.6.4/webapp/src/conversion/
usr/doc/vtracer-0.6.4/webapp/src/conversion/binary_image.rs
usr/doc/vtracer-0.6.4/webapp/src/conversion/color_image.rs
usr/doc/vtracer-0.6.4/webapp/src/conversion/mod.rs
usr/doc/vtracer-0.6.4/webapp/src/conversion/util.rs
usr/doc/vtracer-0.6.4/webapp/src/lib.rs
usr/doc/vtracer-0.6.4/webapp/src/svg.rs
usr/doc/vtracer-0.6.4/webapp/src/utils.rs
usr/local/
usr/local/bin/
usr/local/bin/vtracer
WARNING:  zero length file usr/doc/vtracer-0.6.4/target/release/build/num-rational-70a10f0f0a0a6dd8/stderr
WARNING:  zero length file usr/doc/vtracer-0.6.4/target/release/build/wasm-bindgen-588bae3ecb67163d/stderr
WARNING:  zero length file usr/doc/vtracer-0.6.4/target/release/build/proc-macro2-4394215b4464338c/stderr
WARNING:  zero length file usr/doc/vtracer-0.6.4/target/release/build/serde_json-42eece16221f0eea/stderr
WARNING:  zero length file usr/doc/vtracer-0.6.4/target/release/build/num-traits-de4dfc56dd158ed6/stderr
WARNING:  zero length file usr/doc/vtracer-0.6.4/target/release/build/serde-8be4eed2b698a7e3/stderr
WARNING:  zero length file usr/doc/vtracer-0.6.4/target/release/build/wasm-bindgen-shared-f6e9ee7bd2c92f03/stderr
WARNING:  zero length file usr/doc/vtracer-0.6.4/target/release/build/crossbeam-utils-eb70dd6fb5970ede/stderr
WARNING:  zero length file usr/doc/vtracer-0.6.4/target/release/build/rayon-core-53a5a94623f2e6f5/stderr
WARNING:  zero length file usr/doc/vtracer-0.6.4/target/release/build/libc-f1535aa5ef55b4cf/stderr
WARNING:  zero length file usr/doc/vtracer-0.6.4/target/release/build/miniz_oxide-aa1873d315cf73c1/stderr
WARNING:  zero length file usr/doc/vtracer-0.6.4/target/release/.cargo-lock

Slackware package /home/omen/GITHUB/AUTO_SLACKBUILD/hacks/vtracer/binary-vtracer-0.6.4/vtracer-0.6.4-x86_64-1_rtz.tlz created.

