Starting build process...
Detected architecture: x86_64
--2024-11-05 12:30:23--  https://dec05eba.com/snapshot/gpu-screen-recorder-gtk.git.r402.ee137ee.tar.gz
Resolving dec05eba.com (dec05eba.com)... 77.53.97.52
Connecting to dec05eba.com (dec05eba.com)|77.53.97.52|:443... connected.
HTTP request sent, awaiting response... 200 OK
Length: 76605 (75K) [application/gzip]
Saving to: ‘gpu-screen-recorder-gtk-r402.ee137ee.tar.gz’

     0K .......... .......... .......... .......... .......... 66%  569K 0s
    50K .......... .......... ....                            100% 10.2M=0.09s

2024-11-05 12:30:24 (829 KB/s) - ‘gpu-screen-recorder-gtk-r402.ee137ee.tar.gz’ saved [76605/76605]

.gitignore
LICENSE
README.md
TODO
com.dec05eba.gpu_screen_recorder.appdata.xml
com.dec05eba.gpu_screen_recorder.desktop
icons/
icons/hicolor/
icons/hicolor/128x128/
icons/hicolor/128x128/apps/
icons/hicolor/128x128/apps/com.dec05eba.gpu_screen_recorder.png
icons/hicolor/128x128/status/
icons/hicolor/128x128/status/com.dec05eba.gpu_screen_recorder.tray-idle.png
icons/hicolor/128x128/status/com.dec05eba.gpu_screen_recorder.tray-paused.png
icons/hicolor/128x128/status/com.dec05eba.gpu_screen_recorder.tray-recording.png
icons/hicolor/32x32/
icons/hicolor/32x32/apps/
icons/hicolor/32x32/apps/com.dec05eba.gpu_screen_recorder.png
icons/hicolor/32x32/status/
icons/hicolor/32x32/status/com.dec05eba.gpu_screen_recorder.tray-idle.png
icons/hicolor/32x32/status/com.dec05eba.gpu_screen_recorder.tray-paused.png
icons/hicolor/32x32/status/com.dec05eba.gpu_screen_recorder.tray-recording.png
icons/hicolor/64x64/
icons/hicolor/64x64/apps/
icons/hicolor/64x64/apps/com.dec05eba.gpu_screen_recorder.png
icons/hicolor/64x64/status/
icons/hicolor/64x64/status/com.dec05eba.gpu_screen_recorder.tray-idle.png
icons/hicolor/64x64/status/com.dec05eba.gpu_screen_recorder.tray-paused.png
icons/hicolor/64x64/status/com.dec05eba.gpu_screen_recorder.tray-recording.png
install.sh
meson.build
project.conf
src/
src/config.hpp
src/global_shortcuts.c
src/global_shortcuts.h
src/main.cpp
uninstall.sh
/home/omen/GITHUB/One4All_SlackBuild/gpu-screen-GTK/work
README or README.md already exists, skipping creation.
BIN_PKG = YES
hm...lets continue and see what happens
The Meson build system
Version: 1.6.0
Source dir: /home/omen/GITHUB/One4All_SlackBuild/gpu-screen-GTK/work
Build dir: /home/omen/GITHUB/One4All_SlackBuild/gpu-screen-GTK/work/build
Build type: native build
Project name: gpu-screen-recorder-gtk
Project version: 4.2.6
C compiler for the host machine: ccache cc (gcc 14.2.0 "cc (GCC) 14.2.0")
C linker for the host machine: cc ld.bfd 2.43.1-slack151
C++ compiler for the host machine: ccache c++ (gcc 14.2.0 "c++ (GCC) 14.2.0")
C++ linker for the host machine: c++ ld.bfd 2.43.1-slack151
Host machine cpu family: x86_64
Host machine cpu: x86_64
Found pkg-config: YES (/usr/bin/pkg-config) 0.29.2
Run-time dependency gtk+-3.0 found: YES 3.24.43
Run-time dependency x11 found: YES 1.8.10
Run-time dependency ayatana-appindicator3-0.1 found: YES 0.5.93
Program gtk4-update-icon-cache found: YES (/usr/bin/gtk4-update-icon-cache)
Program update-desktop-database found: YES (/usr/bin/update-desktop-database)
Build targets in project: 1

gpu-screen-recorder-gtk 4.2.6

  User defined options
    buildtype    : release
    infodir      : /usr/info
    libdir       : /usr/lib64
    localstatedir: /var
    mandir       : /usr/man
    prefix       : /usr
    strip        : true
    sysconfdir   : /etc

Found ninja-1.12.1 at /usr/bin/ninja
WARNING: Running the setup command as `meson [options]` instead of `meson setup [options]` is ambiguous and deprecated.
[1/3] Compiling C object gpu-screen-recorder-gtk.p/src_global_shortcuts.c.o
[2/3] Compiling C++ object gpu-screen-recorder-gtk.p/src_main.cpp.o
[3/3] Linking target gpu-screen-recorder-gtk
[0/1] Installing files.
Installing subdir /home/omen/GITHUB/One4All_SlackBuild/gpu-screen-GTK/work/icons/hicolor to /home/omen/GITHUB/One4All_SlackBuild/gpu-screen-GTK/package-gpu-recorder-gtk/usr/share/icons/hicolor
Installing /home/omen/GITHUB/One4All_SlackBuild/gpu-screen-GTK/work/icons/hicolor/128x128/status/com.dec05eba.gpu_screen_recorder.tray-paused.png to /home/omen/GITHUB/One4All_SlackBuild/gpu-screen-GTK/package-gpu-recorder-gtk/usr/share/icons/hicolor/128x128/status
Installing /home/omen/GITHUB/One4All_SlackBuild/gpu-screen-GTK/work/icons/hicolor/128x128/status/com.dec05eba.gpu_screen_recorder.tray-idle.png to /home/omen/GITHUB/One4All_SlackBuild/gpu-screen-GTK/package-gpu-recorder-gtk/usr/share/icons/hicolor/128x128/status
Installing /home/omen/GITHUB/One4All_SlackBuild/gpu-screen-GTK/work/icons/hicolor/128x128/status/com.dec05eba.gpu_screen_recorder.tray-recording.png to /home/omen/GITHUB/One4All_SlackBuild/gpu-screen-GTK/package-gpu-recorder-gtk/usr/share/icons/hicolor/128x128/status
Installing /home/omen/GITHUB/One4All_SlackBuild/gpu-screen-GTK/work/icons/hicolor/128x128/apps/com.dec05eba.gpu_screen_recorder.png to /home/omen/GITHUB/One4All_SlackBuild/gpu-screen-GTK/package-gpu-recorder-gtk/usr/share/icons/hicolor/128x128/apps
Installing /home/omen/GITHUB/One4All_SlackBuild/gpu-screen-GTK/work/icons/hicolor/64x64/status/com.dec05eba.gpu_screen_recorder.tray-paused.png to /home/omen/GITHUB/One4All_SlackBuild/gpu-screen-GTK/package-gpu-recorder-gtk/usr/share/icons/hicolor/64x64/status
Installing /home/omen/GITHUB/One4All_SlackBuild/gpu-screen-GTK/work/icons/hicolor/64x64/status/com.dec05eba.gpu_screen_recorder.tray-idle.png to /home/omen/GITHUB/One4All_SlackBuild/gpu-screen-GTK/package-gpu-recorder-gtk/usr/share/icons/hicolor/64x64/status
Installing /home/omen/GITHUB/One4All_SlackBuild/gpu-screen-GTK/work/icons/hicolor/64x64/status/com.dec05eba.gpu_screen_recorder.tray-recording.png to /home/omen/GITHUB/One4All_SlackBuild/gpu-screen-GTK/package-gpu-recorder-gtk/usr/share/icons/hicolor/64x64/status
Installing /home/omen/GITHUB/One4All_SlackBuild/gpu-screen-GTK/work/icons/hicolor/64x64/apps/com.dec05eba.gpu_screen_recorder.png to /home/omen/GITHUB/One4All_SlackBuild/gpu-screen-GTK/package-gpu-recorder-gtk/usr/share/icons/hicolor/64x64/apps
Installing /home/omen/GITHUB/One4All_SlackBuild/gpu-screen-GTK/work/icons/hicolor/32x32/status/com.dec05eba.gpu_screen_recorder.tray-paused.png to /home/omen/GITHUB/One4All_SlackBuild/gpu-screen-GTK/package-gpu-recorder-gtk/usr/share/icons/hicolor/32x32/status
Installing /home/omen/GITHUB/One4All_SlackBuild/gpu-screen-GTK/work/icons/hicolor/32x32/status/com.dec05eba.gpu_screen_recorder.tray-idle.png to /home/omen/GITHUB/One4All_SlackBuild/gpu-screen-GTK/package-gpu-recorder-gtk/usr/share/icons/hicolor/32x32/status
Installing /home/omen/GITHUB/One4All_SlackBuild/gpu-screen-GTK/work/icons/hicolor/32x32/status/com.dec05eba.gpu_screen_recorder.tray-recording.png to /home/omen/GITHUB/One4All_SlackBuild/gpu-screen-GTK/package-gpu-recorder-gtk/usr/share/icons/hicolor/32x32/status
Installing /home/omen/GITHUB/One4All_SlackBuild/gpu-screen-GTK/work/icons/hicolor/32x32/apps/com.dec05eba.gpu_screen_recorder.png to /home/omen/GITHUB/One4All_SlackBuild/gpu-screen-GTK/package-gpu-recorder-gtk/usr/share/icons/hicolor/32x32/apps
Installing gpu-screen-recorder-gtk to /home/omen/GITHUB/One4All_SlackBuild/gpu-screen-GTK/package-gpu-recorder-gtk/usr/bin
Stripping target 'gpu-screen-recorder-gtk'.
Installing /home/omen/GITHUB/One4All_SlackBuild/gpu-screen-GTK/work/com.dec05eba.gpu_screen_recorder.desktop to /home/omen/GITHUB/One4All_SlackBuild/gpu-screen-GTK/package-gpu-recorder-gtk/usr/share/applications
Installing /home/omen/GITHUB/One4All_SlackBuild/gpu-screen-GTK/work/com.dec05eba.gpu_screen_recorder.appdata.xml to /home/omen/GITHUB/One4All_SlackBuild/gpu-screen-GTK/package-gpu-recorder-gtk/usr/share/metainfo
Skipping custom install script because DESTDIR is set '/usr/bin/gtk4-update-icon-cache -q -t -f /usr/share/icons/hicolor'
Skipping custom install script because DESTDIR is set '/usr/bin/update-desktop-database -q /usr/share/applications'
./gpu-recorder-gtk.SlackBuild: line 273: `$DOCS': not a valid identifier

Slackware package maker, version 3.14159265.

Searching for symbolic links:

No symbolic links were found, so we won't make an installation script.
You can make your own later in ./install/doinst.sh and rebuild the
package if you like.

This next step is optional - you can set the directories in your package
to some sane permissions. If any of the directories in your package have
special permissions, then DO NOT reset them here!

Would you like to reset all directory permissions to 755 (drwxr-xr-x) and
directory ownerships to root.root ([y]es, [n]o)? n


Creating Slackware package:  /home/omen/GITHUB/One4All_SlackBuild/gpu-screen-GTK/binary-gpu-recorder-gtk-r402.ee137ee/gpu-recorder-gtk-r402.ee137ee-x86_64-1_rtz.tlz

./
install/
install/doinst.sh
install/slack-desc
install/slack-required
usr/
usr/bin/
usr/bin/gpu-screen-recorder-gtk
usr/doc/
usr/doc/gpu-recorder-gtk-r402.ee137ee/
usr/doc/gpu-recorder-gtk-r402.ee137ee/gpu-recorder-gtk.SlackBuild
usr/share/
usr/share/applications/
usr/share/applications/com.dec05eba.gpu_screen_recorder.desktop
usr/share/icons/
usr/share/icons/hicolor/
usr/share/icons/hicolor/128x128/
usr/share/icons/hicolor/128x128/apps/
usr/share/icons/hicolor/128x128/apps/com.dec05eba.gpu_screen_recorder.png
usr/share/icons/hicolor/128x128/status/
usr/share/icons/hicolor/128x128/status/com.dec05eba.gpu_screen_recorder.tray-idle.png
usr/share/icons/hicolor/128x128/status/com.dec05eba.gpu_screen_recorder.tray-paused.png
usr/share/icons/hicolor/128x128/status/com.dec05eba.gpu_screen_recorder.tray-recording.png
usr/share/icons/hicolor/32x32/
usr/share/icons/hicolor/32x32/apps/
usr/share/icons/hicolor/32x32/apps/com.dec05eba.gpu_screen_recorder.png
usr/share/icons/hicolor/32x32/status/
usr/share/icons/hicolor/32x32/status/com.dec05eba.gpu_screen_recorder.tray-idle.png
usr/share/icons/hicolor/32x32/status/com.dec05eba.gpu_screen_recorder.tray-paused.png
usr/share/icons/hicolor/32x32/status/com.dec05eba.gpu_screen_recorder.tray-recording.png
usr/share/icons/hicolor/64x64/
usr/share/icons/hicolor/64x64/apps/
usr/share/icons/hicolor/64x64/apps/com.dec05eba.gpu_screen_recorder.png
usr/share/icons/hicolor/64x64/status/
usr/share/icons/hicolor/64x64/status/com.dec05eba.gpu_screen_recorder.tray-idle.png
usr/share/icons/hicolor/64x64/status/com.dec05eba.gpu_screen_recorder.tray-paused.png
usr/share/icons/hicolor/64x64/status/com.dec05eba.gpu_screen_recorder.tray-recording.png
usr/share/metainfo/
usr/share/metainfo/com.dec05eba.gpu_screen_recorder.appdata.xml

Slackware package /home/omen/GITHUB/One4All_SlackBuild/gpu-screen-GTK/binary-gpu-recorder-gtk-r402.ee137ee/gpu-recorder-gtk-r402.ee137ee-x86_64-1_rtz.tlz created.


+==============================================================================
| Upgrading gpu-recorder-gtk-r388.48d34f5-x86_64-1_rtz package using /home/omen/GITHUB/One4All_SlackBuild/gpu-screen-GTK/binary-gpu-recorder-gtk-r402.ee137ee/gpu-recorder-gtk-r402.ee137ee-x86_64-1_rtz.tlz
+==============================================================================
Pre-installing package gpu-recorder-gtk-r402.ee137ee-x86_64-1_rtz...
Removing package: gpu-recorder-gtk-r388.48d34f5-x86_64-1_rtz-upgraded-2024-11-05,12:30:28
  --> Deleting /usr/doc/gpu-recorder-gtk-r388.48d34f5/gpu-recorder-gtk.SlackBuild
  --> Deleting empty directory /usr/doc/gpu-recorder-gtk-r388.48d34f5/
Verifying package gpu-recorder-gtk-r402.ee137ee-x86_64-1_rtz.tlz.
Installing package gpu-recorder-gtk-r402.ee137ee-x86_64-1_rtz.tlz:
PACKAGE DESCRIPTION:
# gpu-recorder-gtk (Gtk frontend to gpu-screen-recorder)
#
# Gtk frontend to gpu-screen-recorder, a shadowplay-like screen
# recorder for Linux. The fastest screen recorder for Linux
#
# git.dec05eba.com/gpu-screen-recorder-gtk
Executing install script for gpu-recorder-gtk-r402.ee137ee-x86_64-1_rtz.tlz.
Font directories:
	/usr/share/fonts
/usr/share/fonts: caching, new cache contents: 0 fonts, 11 dirs
/usr/share/fonts/100dpi: caching, new cache contents: 398 fonts, 0 dirs
/usr/share/fonts/75dpi: caching, new cache contents: 398 fonts, 0 dirs
/usr/share/fonts/OTF: caching, new cache contents: 72 fonts, 0 dirs
/usr/share/fonts/Speedo: caching, new cache contents: 0 fonts, 0 dirs
/usr/share/fonts/TTF: caching, new cache contents: 473 fonts, 3 dirs
/usr/share/fonts/TTF/cantarell: caching, new cache contents: 6 fonts, 0 dirs
/usr/share/fonts/TTF/oxygen: caching, new cache contents: 3 fonts, 0 dirs
/usr/share/fonts/TTF/static: caching, new cache contents: 36 fonts, 0 dirs
/usr/share/fonts/Type1: caching, new cache contents: 64 fonts, 0 dirs
/usr/share/fonts/cyrillic: caching, new cache contents: 0 fonts, 0 dirs
/usr/share/fonts/encodings: caching, new cache contents: 0 fonts, 1 dirs
/usr/share/fonts/encodings/large: caching, new cache contents: 0 fonts, 0 dirs
/usr/share/fonts/kanjistrokeorders: caching, new cache contents: 1 fonts, 0 dirs
/usr/share/fonts/misc: caching, new cache contents: 144 fonts, 0 dirs
/usr/share/fonts/util: caching, new cache contents: 0 fonts, 0 dirs
/var/cache/fontconfig: cleaning cache directory
/root/.cache/fontconfig: not cleaning non-existent cache directory
/root/.fontconfig: not cleaning non-existent cache directory
/usr/bin/fc-cache: succeeded
Package gpu-recorder-gtk-r402.ee137ee-x86_64-1_rtz.tlz installed.
Package gpu-recorder-gtk-r388.48d34f5-x86_64-1_rtz upgraded with new package /home/omen/GITHUB/One4All_SlackBuild/gpu-screen-GTK/binary-gpu-recorder-gtk-r402.ee137ee/gpu-recorder-gtk-r402.ee137ee-x86_64-1_rtz.tlz.
Build process completed in 0 minutes and 10 seconds.
