Starting build process...
Latest release version: 5.0.0
--2024-09-21 15:01:52--  https://github.com/rizitis/Slackware-Commander/releases/download/5.0.0/Slackware-Commander-5.0.0.tar.gz
Resolving github.com (github.com)... 140.82.121.3
Connecting to github.com (github.com)|140.82.121.3|:443... connected.
HTTP request sent, awaiting response... 404 Not Found
2024-09-21 15:01:53 ERROR 404: Not Found.

--2024-09-21 15:01:53--  https://github.com/rizitis/Slackware-Commander/archive/refs/tags/5.0.0.tar.gz
Resolving github.com (github.com)... 140.82.121.3
Connecting to github.com (github.com)|140.82.121.3|:443... connected.
HTTP request sent, awaiting response... 302 Found
Location: https://codeload.github.com/rizitis/Slackware-Commander/tar.gz/refs/tags/5.0.0 [following]
--2024-09-21 15:01:53--  https://codeload.github.com/rizitis/Slackware-Commander/tar.gz/refs/tags/5.0.0
Resolving codeload.github.com (codeload.github.com)... 140.82.121.9
Connecting to codeload.github.com (codeload.github.com)|140.82.121.9|:443... connected.
HTTP request sent, awaiting response... 200 OK
Length: unspecified [application/x-gzip]
Saving to: ‘Slackware-Commander-5.0.0.tar.gz’

     0K .......... .......... .......... .......... ..........  433K
    50K .......... .......... .......... .......... ..........  859K
   100K .......... .......... .......... .......... .......... 5.43M
   150K .......... .......... .......... .......... .......... 6.68M
   200K .......... .......... .......... .......... .......... 1.01M
   250K .......... .......... .......... .......... .......... 5.10M
   300K .......... .......... .......... .......... .......... 5.37M
   350K .......... .......... .......... .......... ..........  655K
   400K .......... .......... .......... .......... .......... 3.56M
   450K .......... .......... .......... .......... ..........  110M
   500K .......... .......... .......... .......... ..........  103M
   550K .......... .......... .......... .......... .......... 1.60M
   600K .......... .......... .......... .......... .......... 17.1M
   650K .......... .......... .......... .......... .......... 8.47M
   700K .......... .......... .......... .......... .......... 10.7M
   750K .......... .......... .......... .......... ..........  102M
   800K .......... .......... .......... .......... ..........  161M
   850K .......... .......... .......... .......... .......... 5.74M
   900K .......... .......... .......... .......... .......... 5.27M
   950K .......... .......... .......... .......... .......... 3.41M
  1000K .......... .......... .......... .......... .......... 3.71M
  1050K .......... .......... .......... .......... .......... 5.23M
  1100K .......... .......... .......... .......... .......... 4.91M
  1150K .......... .......... .                                8.96M=0.5s

2024-09-21 15:01:54 (2.49 MB/s) - ‘Slackware-Commander-5.0.0.tar.gz’ saved [1199197]

Slackware-Commander-5.0.0/
Slackware-Commander-5.0.0/1scl1.png
Slackware-Commander-5.0.0/2scl1.png
Slackware-Commander-5.0.0/GNUSteps.png
Slackware-Commander-5.0.0/LICENSE
Slackware-Commander-5.0.0/README.md
Slackware-Commander-5.0.0/SBKS
Slackware-Commander-5.0.0/SLCMD2.sh
Slackware-Commander-5.0.0/SLCMD3.sh
Slackware-Commander-5.0.0/Slackware-Commander-3.0.3.png
Slackware-Commander-5.0.0/Slackware-Commander-dark3.0.3.png
Slackware-Commander-5.0.0/Slackware-Commander-uninstall.sh
Slackware-Commander-5.0.0/Slackware-Commander.1
Slackware-Commander-5.0.0/Slackware-Commander.desktop
Slackware-Commander-5.0.0/Slackware-Commander.info
Slackware-Commander-5.0.0/Slackware-Commander.sh
Slackware-Commander-5.0.0/Slackware-Commander/
Slackware-Commander-5.0.0/Slackware-Commander/Slackware-Commander2.png
Slackware-Commander-5.0.0/Slackware-Commander/alert-icon.png
Slackware-Commander-5.0.0/Slackware-Commander/alert-icon.webp
Slackware-Commander-5.0.0/Slackware-Commander/bolt-icon.png
Slackware-Commander-5.0.0/Slackware-Commander/bolt-icon.webp
Slackware-Commander-5.0.0/Slackware-Commander/branding-logo-design-icon.png
Slackware-Commander-5.0.0/Slackware-Commander/branding-logo-design-icon.webp
Slackware-Commander-5.0.0/Slackware-Commander/business-management-icon.png
Slackware-Commander-5.0.0/Slackware-Commander/business-management-icon.webp
Slackware-Commander-5.0.0/Slackware-Commander/carpenter-tools-icon-1.png
Slackware-Commander-5.0.0/Slackware-Commander/carpenter-tools-icon-1.webp
Slackware-Commander-5.0.0/Slackware-Commander/carpenter-tools-icon.png
Slackware-Commander-5.0.0/Slackware-Commander/carpenter-tools-icon.webp
Slackware-Commander-5.0.0/Slackware-Commander/clip-line-icon.png
Slackware-Commander-5.0.0/Slackware-Commander/clip-line-icon.webp
Slackware-Commander-5.0.0/Slackware-Commander/configuration-icon.png
Slackware-Commander-5.0.0/Slackware-Commander/configuration-icon.webp
Slackware-Commander-5.0.0/Slackware-Commander/construction-hinge-icon.png
Slackware-Commander-5.0.0/Slackware-Commander/construction-hinges-icon.png
Slackware-Commander-5.0.0/Slackware-Commander/creative-commons-by-attribution-icon.png
Slackware-Commander-5.0.0/Slackware-Commander/cruelty-free-sign-icon.png
Slackware-Commander-5.0.0/Slackware-Commander/dashboard-line-icon.png
Slackware-Commander-5.0.0/Slackware-Commander/dashboard-line-icon.webp
Slackware-Commander-5.0.0/Slackware-Commander/deep-water-icon.png
Slackware-Commander-5.0.0/Slackware-Commander/deep-water-icon.webp
Slackware-Commander-5.0.0/Slackware-Commander/designer-artist-icon.png
Slackware-Commander-5.0.0/Slackware-Commander/designer-artist-icon.webp
Slackware-Commander-5.0.0/Slackware-Commander/dimension-3d-icon.png
Slackware-Commander-5.0.0/Slackware-Commander/diy-do-it-yourself-icon.png
Slackware-Commander-5.0.0/Slackware-Commander/diy-do-it-yourself-icon.webp
Slackware-Commander-5.0.0/Slackware-Commander/downtime-arrow-icon.png
Slackware-Commander-5.0.0/Slackware-Commander/drill-icon.png
Slackware-Commander-5.0.0/Slackware-Commander/flexible-customizable-icon.png
Slackware-Commander-5.0.0/Slackware-Commander/flexible-customizable-icon.webp
Slackware-Commander-5.0.0/Slackware-Commander/green-circle-icon.png
Slackware-Commander-5.0.0/Slackware-Commander/green-circle-icon.webp
Slackware-Commander-5.0.0/Slackware-Commander/hammer-icon.png
Slackware-Commander-5.0.0/Slackware-Commander/hammer-icon.webp
Slackware-Commander-5.0.0/Slackware-Commander/hammer-line-icon.png
Slackware-Commander-5.0.0/Slackware-Commander/hashtag-icon.png
Slackware-Commander-5.0.0/Slackware-Commander/hashtag-icon.webp
Slackware-Commander-5.0.0/Slackware-Commander/home-improvement-icon.png
Slackware-Commander-5.0.0/Slackware-Commander/it-icon-1.png
Slackware-Commander-5.0.0/Slackware-Commander/it-icon-1.webp
Slackware-Commander-5.0.0/Slackware-Commander/it-icon.png
Slackware-Commander-5.0.0/Slackware-Commander/it-icon.webp
Slackware-Commander-5.0.0/Slackware-Commander/maintenance-icon.png
Slackware-Commander-5.0.0/Slackware-Commander/maintenance-icon.webp
Slackware-Commander-5.0.0/Slackware-Commander/manager-icon.png
Slackware-Commander-5.0.0/Slackware-Commander/manager-icon.webp
Slackware-Commander-5.0.0/Slackware-Commander/myspace-icon.png
Slackware-Commander-5.0.0/Slackware-Commander/online-community-icon.png
Slackware-Commander-5.0.0/Slackware-Commander/online-community-icon.webp
Slackware-Commander-5.0.0/Slackware-Commander/paint-roller-bucket-icon.png
Slackware-Commander-5.0.0/Slackware-Commander/paint-roller-bucket-icon.webp
Slackware-Commander-5.0.0/Slackware-Commander/pin-line-icon.png
Slackware-Commander-5.0.0/Slackware-Commander/pin-line-icon.webp
Slackware-Commander-5.0.0/Slackware-Commander/plier-icon.png
Slackware-Commander-5.0.0/Slackware-Commander/plier-icon.webp
Slackware-Commander-5.0.0/Slackware-Commander/process-icon.png
Slackware-Commander-5.0.0/Slackware-Commander/process-icon.webp
Slackware-Commander-5.0.0/Slackware-Commander/project-work-icon.png
Slackware-Commander-5.0.0/Slackware-Commander/project-work-icon.webp
Slackware-Commander-5.0.0/Slackware-Commander/push-pin-blue-icon.png
Slackware-Commander-5.0.0/Slackware-Commander/push-pin-green-icon.png
Slackware-Commander-5.0.0/Slackware-Commander/push-pin-green-icon.webp
Slackware-Commander-5.0.0/Slackware-Commander/pushpin-icon.png
Slackware-Commander-5.0.0/Slackware-Commander/pushpin-icon.webp
Slackware-Commander-5.0.0/Slackware-Commander/red-circle-icon.png
Slackware-Commander-5.0.0/Slackware-Commander/red-circle-icon.webp
Slackware-Commander-5.0.0/Slackware-Commander/repairing-icon.png
Slackware-Commander-5.0.0/Slackware-Commander/repairing-icon.webp
Slackware-Commander-5.0.0/Slackware-Commander/scissor-icon.png
Slackware-Commander-5.0.0/Slackware-Commander/select-area-icon.png
Slackware-Commander-5.0.0/Slackware-Commander/select-area-icon.webp
Slackware-Commander-5.0.0/Slackware-Commander/service-provider-icon.png
Slackware-Commander-5.0.0/Slackware-Commander/service-provider-icon.webp
Slackware-Commander-5.0.0/Slackware-Commander/service-tools-icon.png
Slackware-Commander-5.0.0/Slackware-Commander/service-tools-icon.webp
Slackware-Commander-5.0.0/Slackware-Commander/setting-icon-1.png
Slackware-Commander-5.0.0/Slackware-Commander/setting-icon-1.webp
Slackware-Commander-5.0.0/Slackware-Commander/setting-icon.png
Slackware-Commander-5.0.0/Slackware-Commander/setting-icon.webp
Slackware-Commander-5.0.0/Slackware-Commander/setting-line-icon.png
Slackware-Commander-5.0.0/Slackware-Commander/setting-line-icon.webp
Slackware-Commander-5.0.0/Slackware-Commander/settings-icon-1.png
Slackware-Commander-5.0.0/Slackware-Commander/settings-icon-1.webp
Slackware-Commander-5.0.0/Slackware-Commander/settings-icon.png
Slackware-Commander-5.0.0/Slackware-Commander/settings-icon.webp
Slackware-Commander-5.0.0/Slackware-Commander/settings-line-icon-1.png
Slackware-Commander-5.0.0/Slackware-Commander/settings-line-icon-1.webp
Slackware-Commander-5.0.0/Slackware-Commander/settings-line-icon.png
Slackware-Commander-5.0.0/Slackware-Commander/settings-line-icon.webp
Slackware-Commander-5.0.0/Slackware-Commander/share-group-icon.png
Slackware-Commander-5.0.0/Slackware-Commander/share-group-member-icon.png
Slackware-Commander-5.0.0/Slackware-Commander/share-group-member-icon.webp
Slackware-Commander-5.0.0/Slackware-Commander/silence-icon.png
Slackware-Commander-5.0.0/Slackware-Commander/silence-icon.webp
Slackware-Commander-5.0.0/Slackware-Commander/sl_logo.png
Slackware-Commander-5.0.0/Slackware-Commander/sl_logo1.png
Slackware-Commander-5.0.0/Slackware-Commander/slackware_logo_med.png
Slackware-Commander-5.0.0/Slackware-Commander/slackware_whitelogo_med.png
Slackware-Commander-5.0.0/Slackware-Commander/solution-strategy-icon.png
Slackware-Commander-5.0.0/Slackware-Commander/solution-strategy-icon.webp
Slackware-Commander-5.0.0/Slackware-Commander/solution-thinking-icon.png
Slackware-Commander-5.0.0/Slackware-Commander/solution-thinking-icon.webp
Slackware-Commander-5.0.0/Slackware-Commander/speed-test-icon.png
Slackware-Commander-5.0.0/Slackware-Commander/speed-test-icon.webp
Slackware-Commander-5.0.0/Slackware-Commander/team-collaboration-icon.png
Slackware-Commander-5.0.0/Slackware-Commander/this-way-up-symbol-icon.png
Slackware-Commander-5.0.0/Slackware-Commander/this-way-up-symbol-icon.webp
Slackware-Commander-5.0.0/Slackware-Commander/thumbtack-icon.png
Slackware-Commander-5.0.0/Slackware-Commander/thumbtack-icon.webp
Slackware-Commander-5.0.0/Slackware-Commander/toolbox-icon.png
Slackware-Commander-5.0.0/Slackware-Commander/toolbox-icon.webp
Slackware-Commander-5.0.0/Slackware-Commander/tools-icon.png
Slackware-Commander-5.0.0/Slackware-Commander/tools-icon.webp
Slackware-Commander-5.0.0/Slackware-Commander/uptime-arrow-icon.png
Slackware-Commander-5.0.0/Slackware-Commander/workshop-icon.png
Slackware-Commander-5.0.0/Slackware-Commander/workshop-icon.webp
Slackware-Commander-5.0.0/Slackware-Commander/wow-icon.png
Slackware-Commander-5.0.0/Slackware-Commander/wrench-icon.png
Slackware-Commander-5.0.0/Slackware-Commander/wrench-icon.webp
Slackware-Commander-5.0.0/Slackware-Commander/wrench-tool-icon.png
Slackware-Commander-5.0.0/Slackware-Commander/youtube-subscribe-bell-icon.png
Slackware-Commander-5.0.0/Slackware-Commander/youtube-subscribe-bell-icon.webp
Slackware-Commander-5.0.0/Sway.png
Slackware-Commander-5.0.0/TODO
Slackware-Commander-5.0.0/inxifetch
Slackware-Commander-5.0.0/inxifetch.conf
Slackware-Commander-5.0.0/isnum
Slackware-Commander-5.0.0/ldtree
Slackware-Commander-5.0.0/panic/
Slackware-Commander-5.0.0/panic/30years_SLACKWARE-2.sh
Slackware-Commander-5.0.0/panic/30years_SLACKWARE.sh
Slackware-Commander-5.0.0/panic/BSOD-2.sh
Slackware-Commander-5.0.0/panic/BSOD.sh
Slackware-Commander-5.0.0/panic/bash-songs.sh
Slackware-Commander-5.0.0/panic/christmas.sh
Slackware-Commander-5.0.0/panic/fun-21.sh
Slackware-Commander-5.0.0/panic/fun1.sh
Slackware-Commander-5.0.0/panic/fun10.sh
Slackware-Commander-5.0.0/panic/fun11.sh
Slackware-Commander-5.0.0/panic/fun12.sh
Slackware-Commander-5.0.0/panic/fun13.sh
Slackware-Commander-5.0.0/panic/fun14.sh
Slackware-Commander-5.0.0/panic/fun15.sh
Slackware-Commander-5.0.0/panic/fun16.sh
Slackware-Commander-5.0.0/panic/fun17.sh
Slackware-Commander-5.0.0/panic/fun18.sh
Slackware-Commander-5.0.0/panic/fun19.sh
Slackware-Commander-5.0.0/panic/fun2.sh
Slackware-Commander-5.0.0/panic/fun20.sh
Slackware-Commander-5.0.0/panic/fun3.sh
Slackware-Commander-5.0.0/panic/fun4.sh
Slackware-Commander-5.0.0/panic/fun5.sh
Slackware-Commander-5.0.0/panic/fun6.sh
Slackware-Commander-5.0.0/panic/fun7.sh
Slackware-Commander-5.0.0/panic/fun8.sh
Slackware-Commander-5.0.0/panic/fun9.sh
Slackware-Commander-5.0.0/panic/hacking-sounds
Slackware-Commander-5.0.0/panic/init-bong.sh
Slackware-Commander-5.0.0/panic/parania.sh
Slackware-Commander-5.0.0/print_version
Slackware-Commander-5.0.0/rcstatus
Slackware-Commander-5.0.0/restart-services
Slackware-Commander-5.0.0/sl_logo.png
Slackware-Commander-5.0.0/sl_logo1.png
Slackware-Commander-5.0.0/slack-required
Slackware-Commander-5.0.0/slack-revert
Slackware-Commander-5.0.0/slack-revert-revert.sh
Slackware-Commander-5.0.0/slackpkg_build
Slackware-Commander-5.0.0/slackware_logo_med.png
Slackware-Commander-5.0.0/slackware_whitelogo_med.png
Slackware-Commander-5.0.0/weather_forcast
Slackware-Commander-5.0.0/whoRyou
hm...lets continiue and see what happens
cp: cannot stat 'AUTHORS ChangeLog Changelog CHANGELOG COPYING COPYRIGHT CONFIGURATION* CONTRIBUTING* *FAQ* GPL* HACKING index.ht* *INDEX* INSTALL* License* LICENSE* *README* *Readme* *RELEASE* TODO VERSION': No such file or directory

Slackware package maker, version 3.14159265.

Searching for symbolic links:

No symbolic links were found, so we won't make an installation script.
You can make your own later in ./install/doinst.sh and rebuild the
package if you like.

This next step is optional - you can set the directories in your package
to some sane permissions. If any of the directories in your package have
special permissions, then DO NOT reset them here!

Would you like to reset all directory permissions to 755 (drwxr-xr-x) and
directory ownerships to root.root ([y]es, [n]o)? n

Creating Slackware package:  /home/omen/GITHUB/AUTO_SLACKBUILD/binary-Slackware-Commander-5.0.0/Slackware-Commander-5.0.0-x86_64-1_rtz.tlz

./
etc/
etc/inxifetch/
etc/inxifetch/inxifetch.conf.new
install/
install/doinst.sh
install/slack-desc
usr/
usr/doc/
usr/doc/Slackware-Commander-5.0.0/
usr/doc/Slackware-Commander-5.0.0/Slackware-Commander.SlackBuild
usr/info/
usr/info/Slackware-Commander.info.gz
usr/local/
usr/local/bin/
usr/local/bin/inxifetch
usr/local/bin/isnum
usr/local/bin/ldtree
usr/local/bin/panic/
usr/local/bin/panic/30years_SLACKWARE-2.sh
usr/local/bin/panic/30years_SLACKWARE.sh
usr/local/bin/panic/bash-songs.sh
usr/local/bin/panic/BSOD-2.sh
usr/local/bin/panic/BSOD.sh
usr/local/bin/panic/christmas.sh
usr/local/bin/panic/fun10.sh
usr/local/bin/panic/fun11.sh
usr/local/bin/panic/fun12.sh
usr/local/bin/panic/fun13.sh
usr/local/bin/panic/fun14.sh
usr/local/bin/panic/fun15.sh
usr/local/bin/panic/fun16.sh
usr/local/bin/panic/fun17.sh
usr/local/bin/panic/fun18.sh
usr/local/bin/panic/fun19.sh
usr/local/bin/panic/fun1.sh
usr/local/bin/panic/fun20.sh
usr/local/bin/panic/fun-21.sh
usr/local/bin/panic/fun2.sh
usr/local/bin/panic/fun3.sh
usr/local/bin/panic/fun4.sh
usr/local/bin/panic/fun5.sh
usr/local/bin/panic/fun6.sh
usr/local/bin/panic/fun7.sh
usr/local/bin/panic/fun8.sh
usr/local/bin/panic/fun9.sh
usr/local/bin/panic/hacking-sounds
usr/local/bin/panic/init-bong.sh
usr/local/bin/panic/parania.sh
usr/local/bin/print_version
usr/local/bin/rcstatus
usr/local/bin/restart-services
usr/local/bin/SBKS
usr/local/bin/slackpkg_build
usr/local/bin/slack-revert
usr/local/bin/slack-revert-revert.sh
usr/local/bin/Slackware-Commander.sh
usr/local/bin/Slackware-Commander-uninstall.sh
usr/local/bin/SLCMD2.sh
usr/local/bin/SLCMD3.sh
usr/local/bin/weather_forcast
usr/local/bin/whoRyou
usr/man/
usr/man/man1/
usr/man/man1/Slackware-Commander.1.gz
usr/share/
usr/share/applications/
usr/share/applications/Slackware-Commander.desktop
usr/share/icons/
usr/share/icons/Slackware-Commander/
usr/share/icons/Slackware-Commander/alert-icon.png
usr/share/icons/Slackware-Commander/alert-icon.webp
usr/share/icons/Slackware-Commander/bolt-icon.png
usr/share/icons/Slackware-Commander/bolt-icon.webp
usr/share/icons/Slackware-Commander/branding-logo-design-icon.png
usr/share/icons/Slackware-Commander/branding-logo-design-icon.webp
usr/share/icons/Slackware-Commander/business-management-icon.png
usr/share/icons/Slackware-Commander/business-management-icon.webp
usr/share/icons/Slackware-Commander/carpenter-tools-icon-1.png
usr/share/icons/Slackware-Commander/carpenter-tools-icon-1.webp
usr/share/icons/Slackware-Commander/carpenter-tools-icon.png
usr/share/icons/Slackware-Commander/carpenter-tools-icon.webp
usr/share/icons/Slackware-Commander/clip-line-icon.png
usr/share/icons/Slackware-Commander/clip-line-icon.webp
usr/share/icons/Slackware-Commander/configuration-icon.png
usr/share/icons/Slackware-Commander/configuration-icon.webp
usr/share/icons/Slackware-Commander/construction-hinge-icon.png
usr/share/icons/Slackware-Commander/construction-hinges-icon.png
usr/share/icons/Slackware-Commander/creative-commons-by-attribution-icon.png
usr/share/icons/Slackware-Commander/cruelty-free-sign-icon.png
usr/share/icons/Slackware-Commander/dashboard-line-icon.png
usr/share/icons/Slackware-Commander/dashboard-line-icon.webp
usr/share/icons/Slackware-Commander/deep-water-icon.png
usr/share/icons/Slackware-Commander/deep-water-icon.webp
usr/share/icons/Slackware-Commander/designer-artist-icon.png
usr/share/icons/Slackware-Commander/designer-artist-icon.webp
usr/share/icons/Slackware-Commander/dimension-3d-icon.png
usr/share/icons/Slackware-Commander/diy-do-it-yourself-icon.png
usr/share/icons/Slackware-Commander/diy-do-it-yourself-icon.webp
usr/share/icons/Slackware-Commander/downtime-arrow-icon.png
usr/share/icons/Slackware-Commander/drill-icon.png
usr/share/icons/Slackware-Commander/flexible-customizable-icon.png
usr/share/icons/Slackware-Commander/flexible-customizable-icon.webp
usr/share/icons/Slackware-Commander/green-circle-icon.png
usr/share/icons/Slackware-Commander/green-circle-icon.webp
usr/share/icons/Slackware-Commander/hammer-icon.png
usr/share/icons/Slackware-Commander/hammer-icon.webp
usr/share/icons/Slackware-Commander/hammer-line-icon.png
usr/share/icons/Slackware-Commander/hashtag-icon.png
usr/share/icons/Slackware-Commander/hashtag-icon.webp
usr/share/icons/Slackware-Commander/home-improvement-icon.png
usr/share/icons/Slackware-Commander/it-icon-1.png
usr/share/icons/Slackware-Commander/it-icon-1.webp
usr/share/icons/Slackware-Commander/it-icon.png
usr/share/icons/Slackware-Commander/it-icon.webp
usr/share/icons/Slackware-Commander/maintenance-icon.png
usr/share/icons/Slackware-Commander/maintenance-icon.webp
usr/share/icons/Slackware-Commander/manager-icon.png
usr/share/icons/Slackware-Commander/manager-icon.webp
usr/share/icons/Slackware-Commander/myspace-icon.png
usr/share/icons/Slackware-Commander/online-community-icon.png
usr/share/icons/Slackware-Commander/online-community-icon.webp
usr/share/icons/Slackware-Commander/paint-roller-bucket-icon.png
usr/share/icons/Slackware-Commander/paint-roller-bucket-icon.webp
usr/share/icons/Slackware-Commander/pin-line-icon.png
usr/share/icons/Slackware-Commander/pin-line-icon.webp
usr/share/icons/Slackware-Commander/plier-icon.png
usr/share/icons/Slackware-Commander/plier-icon.webp
usr/share/icons/Slackware-Commander/process-icon.png
usr/share/icons/Slackware-Commander/process-icon.webp
usr/share/icons/Slackware-Commander/project-work-icon.png
usr/share/icons/Slackware-Commander/project-work-icon.webp
usr/share/icons/Slackware-Commander/push-pin-blue-icon.png
usr/share/icons/Slackware-Commander/push-pin-green-icon.png
usr/share/icons/Slackware-Commander/push-pin-green-icon.webp
usr/share/icons/Slackware-Commander/pushpin-icon.png
usr/share/icons/Slackware-Commander/pushpin-icon.webp
usr/share/icons/Slackware-Commander/red-circle-icon.png
usr/share/icons/Slackware-Commander/red-circle-icon.webp
usr/share/icons/Slackware-Commander/repairing-icon.png
usr/share/icons/Slackware-Commander/repairing-icon.webp
usr/share/icons/Slackware-Commander/scissor-icon.png
usr/share/icons/Slackware-Commander/select-area-icon.png
usr/share/icons/Slackware-Commander/select-area-icon.webp
usr/share/icons/Slackware-Commander/service-provider-icon.png
usr/share/icons/Slackware-Commander/service-provider-icon.webp
usr/share/icons/Slackware-Commander/service-tools-icon.png
usr/share/icons/Slackware-Commander/service-tools-icon.webp
usr/share/icons/Slackware-Commander/setting-icon-1.png
usr/share/icons/Slackware-Commander/setting-icon-1.webp
usr/share/icons/Slackware-Commander/setting-icon.png
usr/share/icons/Slackware-Commander/setting-icon.webp
usr/share/icons/Slackware-Commander/setting-line-icon.png
usr/share/icons/Slackware-Commander/setting-line-icon.webp
usr/share/icons/Slackware-Commander/settings-icon-1.png
usr/share/icons/Slackware-Commander/settings-icon-1.webp
usr/share/icons/Slackware-Commander/settings-icon.png
usr/share/icons/Slackware-Commander/settings-icon.webp
usr/share/icons/Slackware-Commander/settings-line-icon-1.png
usr/share/icons/Slackware-Commander/settings-line-icon-1.webp
usr/share/icons/Slackware-Commander/settings-line-icon.png
usr/share/icons/Slackware-Commander/settings-line-icon.webp
usr/share/icons/Slackware-Commander/share-group-icon.png
usr/share/icons/Slackware-Commander/share-group-member-icon.png
usr/share/icons/Slackware-Commander/share-group-member-icon.webp
usr/share/icons/Slackware-Commander/silence-icon.png
usr/share/icons/Slackware-Commander/silence-icon.webp
usr/share/icons/Slackware-Commander/Slackware-Commander2.png
usr/share/icons/Slackware-Commander/slackware_logo_med.png
usr/share/icons/Slackware-Commander/slackware_whitelogo_med.png
usr/share/icons/Slackware-Commander/sl_logo1.png
usr/share/icons/Slackware-Commander/sl_logo.png
usr/share/icons/Slackware-Commander/solution-strategy-icon.png
usr/share/icons/Slackware-Commander/solution-strategy-icon.webp
usr/share/icons/Slackware-Commander/solution-thinking-icon.png
usr/share/icons/Slackware-Commander/solution-thinking-icon.webp
usr/share/icons/Slackware-Commander/speed-test-icon.png
usr/share/icons/Slackware-Commander/speed-test-icon.webp
usr/share/icons/Slackware-Commander/team-collaboration-icon.png
usr/share/icons/Slackware-Commander/this-way-up-symbol-icon.png
usr/share/icons/Slackware-Commander/this-way-up-symbol-icon.webp
usr/share/icons/Slackware-Commander/thumbtack-icon.png
usr/share/icons/Slackware-Commander/thumbtack-icon.webp
usr/share/icons/Slackware-Commander/toolbox-icon.png
usr/share/icons/Slackware-Commander/toolbox-icon.webp
usr/share/icons/Slackware-Commander/tools-icon.png
usr/share/icons/Slackware-Commander/tools-icon.webp
usr/share/icons/Slackware-Commander/uptime-arrow-icon.png
usr/share/icons/Slackware-Commander/workshop-icon.png
usr/share/icons/Slackware-Commander/workshop-icon.webp
usr/share/icons/Slackware-Commander/wow-icon.png
usr/share/icons/Slackware-Commander/wrench-icon.png
usr/share/icons/Slackware-Commander/wrench-icon.webp
usr/share/icons/Slackware-Commander/wrench-tool-icon.png
usr/share/icons/Slackware-Commander/youtube-subscribe-bell-icon.png
usr/share/icons/Slackware-Commander/youtube-subscribe-bell-icon.webp

Slackware package /home/omen/GITHUB/AUTO_SLACKBUILD/binary-Slackware-Commander-5.0.0/Slackware-Commander-5.0.0-x86_64-1_rtz.tlz created.

Build process completed in 0 minutes and 3 seconds.
