Starting build process...
--2024-09-21 18:19:35--  https://gitlab.com/adhami3310/Impression/-/archive/v3.2.0/Impression-v3.2.0.tar.gz
Resolving gitlab.com (gitlab.com)... 2606:4700:90:0:f22e:fbec:5bed:a9b9, 172.65.251.78
Connecting to gitlab.com (gitlab.com)|2606:4700:90:0:f22e:fbec:5bed:a9b9|:443... connected.
HTTP request sent, awaiting response... 200 OK
Length: unspecified [application/octet-stream]
Saving to: ‘Impression-v3.2.0.tar.gz’

     0K .......... .......... .......... .......... .......... 1.70M
    50K .......... .......... .......... .......... .......... 1.87M
   100K .......... .......... .......... .......... .......... 4.68M
   150K .......... .......... .......... .........             5.25M=0.07s

2024-09-21 18:19:36 (2.55 MB/s) - ‘Impression-v3.2.0.tar.gz’ saved [193717]

Impression-v3.2.0/
Impression-v3.2.0/.gitignore
Impression-v3.2.0/CODE_OF_CONDUCT.md
Impression-v3.2.0/COPYING
Impression-v3.2.0/Cargo.lock
Impression-v3.2.0/Cargo.toml
Impression-v3.2.0/Impression.doap
Impression-v3.2.0/PRESS.md
Impression-v3.2.0/README.md
Impression-v3.2.0/build-aux/
Impression-v3.2.0/build-aux/dist-vendor.sh
Impression-v3.2.0/data/
Impression-v3.2.0/data/io.gitlab.adhami3310.Impression.desktop.in.in
Impression-v3.2.0/data/io.gitlab.adhami3310.Impression.gschema.xml.in
Impression-v3.2.0/data/io.gitlab.adhami3310.Impression.metainfo.xml.in.in
Impression-v3.2.0/data/meson.build
Impression-v3.2.0/data/resources/
Impression-v3.2.0/data/resources/blueprints/
Impression-v3.2.0/data/resources/blueprints/help-overlay.blp
Impression-v3.2.0/data/resources/blueprints/window.blp
Impression-v3.2.0/data/resources/icons/
Impression-v3.2.0/data/resources/icons/hicolor/
Impression-v3.2.0/data/resources/icons/hicolor/scalable/
Impression-v3.2.0/data/resources/icons/hicolor/scalable/actions/
Impression-v3.2.0/data/resources/icons/hicolor/scalable/actions/check-round-outline-symbolic.svg
Impression-v3.2.0/data/resources/icons/hicolor/scalable/actions/error-symbolic.svg
Impression-v3.2.0/data/resources/icons/hicolor/scalable/actions/flash-symbolic.svg
Impression-v3.2.0/data/resources/icons/hicolor/scalable/actions/image-missing-symbolic.svg
Impression-v3.2.0/data/resources/icons/hicolor/scalable/actions/paper-symbolic.svg
Impression-v3.2.0/data/resources/icons/hicolor/scalable/actions/usb-stick-symbolic.svg
Impression-v3.2.0/data/resources/icons/hicolor/scalable/actions/view-refresh-symbolic.svg
Impression-v3.2.0/data/resources/icons/hicolor/scalable/apps/
Impression-v3.2.0/data/resources/icons/hicolor/scalable/apps/io.gitlab.adhami3310.Impression.Devel.svg
Impression-v3.2.0/data/resources/icons/hicolor/scalable/apps/io.gitlab.adhami3310.Impression.svg
Impression-v3.2.0/data/resources/icons/hicolor/symbolic/
Impression-v3.2.0/data/resources/icons/hicolor/symbolic/apps/
Impression-v3.2.0/data/resources/icons/hicolor/symbolic/apps/io.gitlab.adhami3310.Impression-symbolic.svg
Impression-v3.2.0/data/resources/icons/io.gitlab.adhami3310.Impression.Source.svg
Impression-v3.2.0/data/resources/meson.build
Impression-v3.2.0/data/resources/resources.gresource.xml
Impression-v3.2.0/data/resources/screenshots/
Impression-v3.2.0/data/resources/screenshots/0.png
Impression-v3.2.0/data/resources/screenshots/1.png
Impression-v3.2.0/data/resources/screenshots/2.png
Impression-v3.2.0/data/resources/screenshots/3.png
Impression-v3.2.0/data/resources/style-hc.css
Impression-v3.2.0/data/resources/style.css
Impression-v3.2.0/io.gitlab.adhami3310.Impression.json
Impression-v3.2.0/logo.png
Impression-v3.2.0/meson.build
Impression-v3.2.0/meson_options.txt
Impression-v3.2.0/po/
Impression-v3.2.0/po/LINGUAS
Impression-v3.2.0/po/POTFILES.in
Impression-v3.2.0/po/cs.po
Impression-v3.2.0/po/de.po
Impression-v3.2.0/po/es.po
Impression-v3.2.0/po/fr.po
Impression-v3.2.0/po/impression.pot
Impression-v3.2.0/po/it.po
Impression-v3.2.0/po/meson.build
Impression-v3.2.0/po/oc.po
Impression-v3.2.0/po/pt_BR.po
Impression-v3.2.0/po/ru.po
Impression-v3.2.0/po/tr.po
Impression-v3.2.0/src/
Impression-v3.2.0/src/application.rs
Impression-v3.2.0/src/config.rs.in
Impression-v3.2.0/src/drag_overlay.rs
Impression-v3.2.0/src/flash.rs
Impression-v3.2.0/src/main.rs
Impression-v3.2.0/src/meson.build
Impression-v3.2.0/src/online.rs
Impression-v3.2.0/src/widgets/
Impression-v3.2.0/src/widgets/device_list.rs
Impression-v3.2.0/src/widgets/mod.rs
Impression-v3.2.0/src/window.rs
Impression-v3.2.0/update_translation.sh
Creating README in: /home/omen/GITHUB/One4All_SlackBuild/Impression
hm...lets continue and see what happens
The Meson build system
Version: 1.5.1
Source dir: /home/omen/GITHUB/One4All_SlackBuild/Impression/work/Impression-v3.2.0
Build dir: /home/omen/GITHUB/One4All_SlackBuild/Impression/work/Impression-v3.2.0/build
Build type: native build
Project name: impression
Project version: 3.2.0
Rust compiler for the host machine: rustc -C linker=cc (rustc 1.81.0)
Rust linker for the host machine: rustc -C linker=cc ld.bfd 2.43.1-slack151
Host machine cpu family: x86_64
Host machine cpu: x86_64
Found pkg-config: YES (/usr/bin/pkg-config) 0.29.2
Run-time dependency gtk4 found: YES 4.16.1
Run-time dependency libadwaita-1 found: YES 1.5.3
Program glib-compile-resources found: YES (/usr/bin/glib-compile-resources)
Program glib-compile-schemas found: YES (/usr/bin/glib-compile-schemas)
Program desktop-file-validate found: YES (/usr/bin/desktop-file-validate)
Program appstreamcli found: YES (/usr/bin/appstreamcli)
Program cargo found: YES (/usr/bin/cargo)
Program blueprint-compiler found: YES (/usr/bin/blueprint-compiler)
Build-time dependency gio-2.0 found: YES 2.82.1
Program /usr/bin/glib-compile-resources found: YES (/usr/bin/glib-compile-resources)
Configuring io.gitlab.adhami3310.Impression.desktop.in using configuration
Program msgfmt found: YES (/usr/bin/msgfmt)
Configuring io.gitlab.adhami3310.Impression.metainfo.xml.in using configuration
Configuring io.gitlab.adhami3310.Impression.gschema.xml using configuration
Program msginit found: YES (/usr/bin/msginit)
Program msgmerge found: YES (/usr/bin/msgmerge)
Program xgettext found: YES (/usr/bin/xgettext)
Configuring config.rs using configuration
Message: Building in release mode
Dependency gio-2.0 found: YES 2.82.1 (cached)
Program /usr/bin/glib-compile-schemas found: YES (/usr/bin/glib-compile-schemas)
Program gtk4-update-icon-cache found: YES (/usr/bin/gtk4-update-icon-cache)
Program update-desktop-database found: YES (/usr/bin/update-desktop-database)
Build targets in project: 17

impression 3.2.0

  User defined options
    buildtype    : release
    infodir      : /usr/info
    libdir       : /usr/lib64
    localstatedir: /var
    mandir       : /usr/man
    prefix       : /usr
    strip        : true
    sysconfdir   : /etc

Found ninja-1.12.1 at /usr/bin/ninja
WARNING: Running the setup command as `meson [options]` instead of `meson setup [options]` is ambiguous and deprecated.
[1/14] Building translation po/de/LC_MESSAGES/impression-de.mo
[2/14] Building translation po/es/LC_MESSAGES/impression-es.mo
[3/14] Building translation po/fr/LC_MESSAGES/impression-fr.mo
[4/14] Building translation po/oc/LC_MESSAGES/impression-oc.mo
[5/14] Building translation po/it/LC_MESSAGES/impression-it.mo
[6/14] Building translation po/pt_BR/LC_MESSAGES/impression-pt_BR.mo
[7/14] Building translation po/cs/LC_MESSAGES/impression-cs.mo
[8/14] Building translation po/ru/LC_MESSAGES/impression-ru.mo
[9/14] Building translation po/tr/LC_MESSAGES/impression-tr.mo
[10/14] Merging translations for data/io.gitlab.adhami3310.Impression.metainfo.xml
[11/14] Merging translations for data/io.gitlab.adhami3310.Impression.desktop
[12/14] Generating data/resources/blueprints with a custom command
[13/14] Generating data/resources/resources_gresource with a custom command
[13/14] Generating src/cargo-build with a custom command
    Updating crates.io index
 Downloading crates ...
  Downloaded cfg_aliases v0.1.1
  Downloaded is-terminal v0.4.12
  Downloaded want v0.3.1
  Downloaded xdg-home v1.1.0
  Downloaded enumflags2_derive v0.7.9
  Downloaded equivalent v1.0.1
  Downloaded endi v1.1.0
  Downloaded foreign-types-shared v0.1.1
  Downloaded openssl-probe v0.1.5
  Downloaded foreign-types v0.3.2
  Downloaded dbus-udisks2 v0.3.0
  Downloaded cpufeatures v0.2.12
  Downloaded concurrent-queue v2.4.0
  Downloaded crypto-common v0.1.6
  Downloaded cfg-if v1.0.0
  Downloaded blocking v1.5.1
  Downloaded block-buffer v0.10.4
  Downloaded autocfg v1.1.0
  Downloaded atomic-waker v1.1.2
  Downloaded async-trait v0.1.78
  Downloaded either v1.10.0
  Downloaded async-fs v2.1.1
  Downloaded async-channel v2.2.0
  Downloaded digest v0.10.7
  Downloaded crossbeam-deque v0.8.5
  Downloaded fastrand v2.0.1
  Downloaded futures-core v0.3.30
  Downloaded futures-macro v0.3.30
  Downloaded futures-executor v0.3.30
  Downloaded event-listener-strategy v0.4.0
  Downloaded zvariant_utils v1.1.0
  Downloaded heck v0.5.0
  Downloaded generic-array v0.14.7
  Downloaded futures-task v0.3.30
  Downloaded graphene-rs v0.19.2
  Downloaded humantime v2.1.0
  Downloaded httpdate v1.0.3
  Downloaded http-body v0.4.6
  Downloaded gettext-rs v0.7.0
  Downloaded field-offset v0.3.6
  Downloaded form_urlencoded v1.2.1
  Downloaded event-listener-strategy v0.5.0
  Downloaded errno v0.3.8
  Downloaded enumflags2 v0.7.9
  Downloaded futures-sink v0.3.30
  Downloaded futures-io v0.3.30
  Downloaded gtk4-macros v0.8.1
  Downloaded graphene-sys v0.19.0
  Downloaded async-broadcast v0.7.0
  Downloaded hex v0.4.3
  Downloaded gsk4-sys v0.8.1
  Downloaded hyper-tls v0.5.0
  Downloaded cairo-sys-rs v0.19.2
  Downloaded async-task v4.7.0
  Downloaded async-lock v3.3.0
  Downloaded async-executor v1.8.0
  Downloaded gdk-pixbuf-sys v0.19.0
  Downloaded async-net v2.0.0
  Downloaded fnv v1.0.7
  Downloaded gdk-pixbuf v0.19.2
  Downloaded iana-time-zone v0.1.60
  Downloaded openssl-macros v0.1.1
  Downloaded gobject-sys v0.19.0
  Downloaded gsk4 v0.8.1
  Downloaded env_logger v0.10.2
  Downloaded futures-channel v0.3.30
  Downloaded futures-lite v2.3.0
  Downloaded tinyvec_macros v0.1.1
  Downloaded getrandom v0.2.12
  Downloaded ipnet v2.9.0
  Downloaded httparse v1.8.0
  Downloaded bitflags v2.5.0
  Downloaded cfg-expr v0.15.7
  Downloaded async-io v2.3.2
  Downloaded crossbeam-utils v0.8.19
  Downloaded derivative v2.2.0
  Downloaded event-listener v4.0.3
  Downloaded crossbeam-epoch v0.9.18
  Downloaded futures v0.3.30
  Downloaded ashpd v0.8.1
  Downloaded event-listener v5.2.0
  Downloaded tower-service v0.3.2
  Downloaded cairo-rs v0.19.2
  Downloaded anyhow v1.0.81
  Downloaded bytes v1.5.0
  Downloaded try-lock v0.2.5
  Downloaded tracing-attributes v0.1.27
  Downloaded glib-sys v0.19.0
  Downloaded pretty_env_logger v0.5.0
  Downloaded gdk4-sys v0.8.1
  Downloaded proc-macro-crate v1.3.1
  Downloaded glib-macros v0.19.3
  Downloaded version_check v0.9.4
  Downloaded memoffset v0.9.0
  Downloaded cc v1.0.90
  Downloaded base64 v0.21.7
  Downloaded pin-utils v0.1.0
  Downloaded proc-macro-error-attr v1.0.4
  Downloaded gdk4 v0.8.1
  Downloaded indexmap v2.2.5
  Downloaded parking v2.2.0
  Downloaded unicode-bidi v0.3.15
  Downloaded dbus v0.9.7
  Downloaded serde_repr v0.1.18
  Downloaded url v2.5.0
  Downloaded temp-dir v0.1.12
  Downloaded typenum v1.17.0
  Downloaded http v0.2.12
  Downloaded zbus_names v3.0.0
  Downloaded lazy_static v1.4.0
  Downloaded toml_edit v0.22.9
  Downloaded gtk4-sys v0.8.1
  Downloaded gio-sys v0.19.0
  Downloaded itoa v1.0.10
  Downloaded hashbrown v0.14.3
  Downloaded proc-macro-crate v3.1.0
  Downloaded percent-encoding v2.3.1
  Downloaded aho-corasick v1.1.3
  Downloaded serde_urlencoded v0.7.1
  Downloaded unicode-normalization v0.1.23
  Downloaded sync_wrapper v0.1.2
  Downloaded rustc_version v0.4.0
  Downloaded futures-util v0.3.30
  Downloaded gio v0.19.3
  Downloaded h2 v0.3.25
  Downloaded hyper v0.14.28
  Downloaded mime v0.3.17
  Downloaded chrono v0.4.35
  Downloaded num_enum v0.5.11
  Downloaded glib v0.19.3
  Downloaded vcpkg v0.2.15
  Downloaded signal-hook-registry v1.4.1
  Downloaded rustls-pemfile v1.0.4
  Downloaded idna v0.5.0
  Downloaded termcolor v1.4.1
  Downloaded target-lexicon v0.12.14
  Downloaded thiserror-impl v1.0.58
  Downloaded gtk4 v0.8.1
  Downloaded thiserror v1.0.58
  Downloaded sha1 v0.10.6
  Downloaded zvariant_derive v4.0.2
  Downloaded zbus_macros v4.1.2
  Downloaded num_enum_derive v0.5.11
  Downloaded xmlparser v0.13.6
  Downloaded num_cpus v1.16.0
  Downloaded ordered-stream v0.2.0
  Downloaded proc-macro-error v1.0.4
  Downloaded libadwaita-sys v0.6.0
  Downloaded piper v0.2.1
  Downloaded encoding_rs v0.8.33
  Downloaded pin-project-lite v0.2.13
  Downloaded rand_core v0.6.4
  Downloaded pkg-config v0.3.30
  Downloaded quote v1.0.35
  Downloaded ppv-lite86 v0.2.17
  Downloaded native-tls v0.2.11
  Downloaded rand_chacha v0.3.1
  Downloaded locale_config v0.3.0
  Downloaded system-deps v6.2.2
  Downloaded serde_spanned v0.6.5
  Downloaded static_assertions v1.1.0
  Downloaded semver v1.0.22
  Downloaded smallvec v1.13.2
  Downloaded toml_datetime v0.6.5
  Downloaded slab v0.4.9
  Downloaded version-compare v0.2.0
  Downloaded tokio-native-tls v0.3.1
  Downloaded proc-macro2 v1.0.79
  Downloaded pango-sys v0.19.0
  Downloaded log v0.4.21
  Downloaded pango v0.19.3
  Downloaded once_cell v1.19.0
  Downloaded toml v0.8.12
  Downloaded socket2 v0.5.6
  Downloaded tinyvec v1.6.0
  Downloaded gettext-sys v0.21.3
  Downloaded polling v3.5.0
  Downloaded roxmltree v0.18.1
  Downloaded num-traits v0.2.18
  Downloaded serde_derive v1.0.197
  Downloaded tracing-core v0.1.32
  Downloaded ryu v1.0.17
  Downloaded unicode-ident v1.0.12
  Downloaded rayon-core v1.12.1
  Downloaded openssl-sys v0.9.101
  Downloaded rand v0.8.5
  Downloaded tracing v0.1.40
  Downloaded memchr v2.7.1
  Downloaded toml_edit v0.21.1
  Downloaded serde v1.0.197
  Downloaded zvariant v4.0.2
  Downloaded toml_edit v0.19.15
  Downloaded mio v0.8.11
  Downloaded libadwaita v0.6.0
  Downloaded tokio-util v0.7.10
  Downloaded itertools v0.12.1
  Downloaded winnow v0.5.40
  Downloaded winnow v0.6.5
  Downloaded reqwest v0.11.27
  Downloaded zbus v4.1.2
  Downloaded serde_json v1.0.114
  Downloaded rayon v1.9.0
  Downloaded syn v1.0.109
  Downloaded regex v1.10.3
  Downloaded syn v2.0.53
  Downloaded openssl v0.10.64
  Downloaded nix v0.28.0
  Downloaded regex-syntax v0.8.2
  Downloaded rustix v0.38.32
  Downloaded regex-automata v0.4.6
  Downloaded libc v0.2.153
  Downloaded tokio v1.36.0
  Downloaded linux-raw-sys v0.4.13
  Downloaded libdbus-sys v0.2.5
   Compiling serde v1.0.197
   Compiling hashbrown v0.14.3
   Compiling equivalent v1.0.1
   Compiling proc-macro2 v1.0.79
   Compiling unicode-ident v1.0.12
   Compiling pkg-config v0.3.30
   Compiling libc v0.2.153
   Compiling target-lexicon v0.12.14
   Compiling winnow v0.6.5
   Compiling smallvec v1.13.2
   Compiling heck v0.5.0
   Compiling version-compare v0.2.0
   Compiling pin-project-lite v0.2.13
   Compiling autocfg v1.1.0
   Compiling futures-core v0.3.30
   Compiling futures-io v0.3.30
   Compiling memchr v2.7.1
   Compiling winnow v0.5.40
   Compiling bitflags v2.5.0
   Compiling crossbeam-utils v0.8.19
   Compiling futures-sink v0.3.30
   Compiling futures-task v0.3.30
   Compiling pin-utils v0.1.0
   Compiling futures-channel v0.3.30
   Compiling version_check v0.9.4
   Compiling syn v1.0.109
   Compiling once_cell v1.19.0
   Compiling cfg-if v1.0.0
   Compiling parking v2.2.0
   Compiling cc v1.0.90
   Compiling thiserror v1.0.58
   Compiling vcpkg v0.2.15
   Compiling tinyvec_macros v0.1.1
   Compiling fastrand v2.0.1
   Compiling slab v0.4.9
   Compiling tracing-core v0.1.32
   Compiling bytes v1.5.0
   Compiling typenum v1.17.0
   Compiling generic-array v0.14.7
   Compiling tinyvec v1.6.0
   Compiling memoffset v0.9.0
   Compiling itoa v1.0.10
   Compiling indexmap v2.2.5
   Compiling percent-encoding v2.3.1
   Compiling quote v1.0.35
   Compiling semver v1.0.22
   Compiling gio v0.19.3
   Compiling cfg-expr v0.15.7
   Compiling concurrent-queue v2.4.0
   Compiling form_urlencoded v1.2.1
   Compiling syn v2.0.53
   Compiling event-listener v4.0.3
   Compiling event-listener v5.2.0
   Compiling futures-lite v2.3.0
   Compiling rustix v0.38.32
   Compiling event-listener-strategy v0.4.0
   Compiling event-listener-strategy v0.5.0
   Compiling async-lock v3.3.0
   Compiling unicode-bidi v0.3.15
   Compiling anyhow v1.0.81
   Compiling aho-corasick v1.1.3
   Compiling proc-macro-error-attr v1.0.4
   Compiling regex-syntax v0.8.2
   Compiling atomic-waker v1.1.2
   Compiling async-task v4.7.0
   Compiling openssl v0.10.64
   Compiling unicode-normalization v0.1.23
   Compiling log v0.4.21
   Compiling mio v0.8.11
   Compiling num_cpus v1.16.0
   Compiling signal-hook-registry v1.4.1
   Compiling socket2 v0.5.6
   Compiling foreign-types-shared v0.1.1
   Compiling openssl-sys v0.9.101
   Compiling linux-raw-sys v0.4.13
   Compiling fnv v1.0.7
   Compiling http v0.2.12
   Compiling tokio v1.36.0
   Compiling idna v0.5.0
   Compiling foreign-types v0.3.2
   Compiling getrandom v0.2.12
   Compiling rustc_version v0.4.0
   Compiling piper v0.2.1
   Compiling async-channel v2.2.0
   Compiling proc-macro-error v1.0.4
   Compiling cfg_aliases v0.1.1
   Compiling native-tls v0.2.11
   Compiling httparse v1.8.0
   Compiling nix v0.28.0
   Compiling field-offset v0.3.6
   Compiling rand_core v0.6.4
   Compiling crypto-common v0.1.6
   Compiling block-buffer v0.10.4
   Compiling libdbus-sys v0.2.5
   Compiling try-lock v0.2.5
   Compiling static_assertions v1.1.0
   Compiling openssl-probe v0.1.5
   Compiling ppv-lite86 v0.2.17
   Compiling async-trait v0.1.78
   Compiling endi v1.1.0
   Compiling temp-dir v0.1.12
   Compiling want v0.3.1
   Compiling digest v0.10.7
   Compiling gettext-sys v0.21.3
   Compiling http-body v0.4.6
   Compiling crossbeam-epoch v0.9.18
   Compiling num-traits v0.2.18
   Compiling toml_datetime v0.6.5
   Compiling serde_spanned v0.6.5
   Compiling rand_chacha v0.3.1
   Compiling httpdate v1.0.3
   Compiling toml_edit v0.22.9
   Compiling toml_edit v0.21.1
   Compiling toml_edit v0.19.15
   Compiling serde_json v1.0.114
   Compiling rayon-core v1.12.1
   Compiling tower-service v0.3.2
   Compiling cpufeatures v0.2.12
   Compiling ryu v1.0.17
   Compiling regex-automata v0.4.6
   Compiling sha1 v0.10.6
   Compiling crossbeam-deque v0.8.5
   Compiling rand v0.8.5
   Compiling async-executor v1.8.0
   Compiling xdg-home v1.1.0
   Compiling is-terminal v0.4.12
   Compiling async-broadcast v0.7.0
   Compiling ordered-stream v0.2.0
   Compiling humantime v2.1.0
   Compiling termcolor v1.4.1
   Compiling base64 v0.21.7
   Compiling lazy_static v1.4.0
   Compiling either v1.10.0
   Compiling hex v0.4.3
   Compiling proc-macro-crate v3.1.0
   Compiling rustls-pemfile v1.0.4
   Compiling proc-macro-crate v1.3.1
   Compiling dbus v0.9.7
   Compiling zvariant_utils v1.1.0
   Compiling toml v0.8.12
   Compiling encoding_rs v0.8.33
   Compiling xmlparser v0.13.6
   Compiling iana-time-zone v0.1.60
   Compiling mime v0.3.17
   Compiling system-deps v6.2.2
   Compiling ipnet v2.9.0
   Compiling sync_wrapper v0.1.2
   Compiling chrono v0.4.35
   Compiling roxmltree v0.18.1
   Compiling rayon v1.9.0
   Compiling regex v1.10.3
   Compiling itertools v0.12.1
   Compiling futures-macro v0.3.30
   Compiling tracing-attributes v0.1.27
   Compiling thiserror-impl v1.0.58
   Compiling glib-sys v0.19.0
   Compiling gobject-sys v0.19.0
   Compiling gio-sys v0.19.0
   Compiling pango-sys v0.19.0
   Compiling gdk-pixbuf-sys v0.19.0
   Compiling cairo-sys-rs v0.19.2
   Compiling glib-macros v0.19.3
   Compiling futures-util v0.3.30
   Compiling serde_derive v1.0.197
   Compiling graphene-sys v0.19.0
   Compiling gdk4-sys v0.8.1
   Compiling gsk4-sys v0.8.1
   Compiling gtk4-sys v0.8.1
   Compiling enumflags2_derive v0.7.9
   Compiling openssl-macros v0.1.1
   Compiling zvariant_derive v4.0.2
   Compiling tracing v0.1.40
   Compiling libadwaita-sys v0.6.0
   Compiling blocking v1.5.1
   Compiling polling v3.5.0
   Compiling tokio-util v0.7.10
   Compiling async-io v2.3.2
   Compiling async-fs v2.1.1
   Compiling zbus_macros v4.1.2
   Compiling num_enum_derive v0.5.11
   Compiling gtk4-macros v0.8.1
   Compiling derivative v2.2.0
   Compiling serde_repr v0.1.18
   Compiling num_enum v0.5.11
   Compiling async-net v2.0.0
   Compiling env_logger v0.10.2
   Compiling locale_config v0.3.0
   Compiling gettext-rs v0.7.0
   Compiling pretty_env_logger v0.5.0
   Compiling dbus-udisks2 v0.3.0
   Compiling futures-executor v0.3.30
   Compiling h2 v0.3.25
   Compiling futures v0.3.30
   Compiling tokio-native-tls v0.3.1
   Compiling glib v0.19.3
   Compiling url v2.5.0
   Compiling enumflags2 v0.7.9
   Compiling serde_urlencoded v0.7.1
   Compiling hyper v0.14.28
   Compiling zvariant v4.0.2
   Compiling hyper-tls v0.5.0
   Compiling reqwest v0.11.27
   Compiling zbus_names v3.0.0
   Compiling zbus v4.1.2
   Compiling cairo-rs v0.19.2
   Compiling graphene-rs v0.19.2
   Compiling ashpd v0.8.1
   Compiling pango v0.19.3
   Compiling gdk-pixbuf v0.19.2
   Compiling gdk4 v0.8.1
   Compiling gsk4 v0.8.1
   Compiling gtk4 v0.8.1
   Compiling libadwaita v0.6.0
   Compiling impression v3.2.0 (/home/omen/GITHUB/One4All_SlackBuild/Impression/work/Impression-v3.2.0)
warning: trait `RemoveAll` is never used
  --> src/main.rs:26:7
   |
26 | trait RemoveAll {
   |       ^^^^^^^^^
   |
   = note: `#[warn(dead_code)]` on by default

warning: struct `TarError` is never constructed
 --> src/online.rs:7:8
  |
7 | struct TarError {}
  |        ^^^^^^^^

warning: `impression` (bin "impression") generated 2 warnings
    Finished `release` profile [optimized] target(s) in 1m 21s
[1/3] Generating data/resources/resources_gresource with a custom command
[1/3] Generating src/cargo-build with a custom command
warning: trait `RemoveAll` is never used
  --> src/main.rs:26:7
   |
26 | trait RemoveAll {
   |       ^^^^^^^^^
   |
   = note: `#[warn(dead_code)]` on by default

warning: struct `TarError` is never constructed
 --> src/online.rs:7:8
  |
7 | struct TarError {}
  |        ^^^^^^^^

warning: `impression` (bin "impression") generated 2 warnings
    Finished `release` profile [optimized] target(s) in 0.08s
[2/3] Installing files.
Installing data/resources/resources.gresource to /home/omen/GITHUB/One4All_SlackBuild/Impression/package-Impression/usr/share/impression
Installing data/io.gitlab.adhami3310.Impression.desktop to /home/omen/GITHUB/One4All_SlackBuild/Impression/package-Impression/usr/share/applications
Installing data/io.gitlab.adhami3310.Impression.metainfo.xml to /home/omen/GITHUB/One4All_SlackBuild/Impression/package-Impression/usr/share/metainfo
Installing po/cs/LC_MESSAGES/impression.mo to /home/omen/GITHUB/One4All_SlackBuild/Impression/package-Impression/usr/share/locale/cs/LC_MESSAGES
Installing po/de/LC_MESSAGES/impression.mo to /home/omen/GITHUB/One4All_SlackBuild/Impression/package-Impression/usr/share/locale/de/LC_MESSAGES
Installing po/es/LC_MESSAGES/impression.mo to /home/omen/GITHUB/One4All_SlackBuild/Impression/package-Impression/usr/share/locale/es/LC_MESSAGES
Installing po/fr/LC_MESSAGES/impression.mo to /home/omen/GITHUB/One4All_SlackBuild/Impression/package-Impression/usr/share/locale/fr/LC_MESSAGES
Installing po/it/LC_MESSAGES/impression.mo to /home/omen/GITHUB/One4All_SlackBuild/Impression/package-Impression/usr/share/locale/it/LC_MESSAGES
Installing po/oc/LC_MESSAGES/impression.mo to /home/omen/GITHUB/One4All_SlackBuild/Impression/package-Impression/usr/share/locale/oc/LC_MESSAGES
Installing po/pt_BR/LC_MESSAGES/impression.mo to /home/omen/GITHUB/One4All_SlackBuild/Impression/package-Impression/usr/share/locale/pt_BR/LC_MESSAGES
Installing po/ru/LC_MESSAGES/impression.mo to /home/omen/GITHUB/One4All_SlackBuild/Impression/package-Impression/usr/share/locale/ru/LC_MESSAGES
Installing po/tr/LC_MESSAGES/impression.mo to /home/omen/GITHUB/One4All_SlackBuild/Impression/package-Impression/usr/share/locale/tr/LC_MESSAGES
Installing src/impression to /home/omen/GITHUB/One4All_SlackBuild/Impression/package-Impression/usr/bin
Installing /home/omen/GITHUB/One4All_SlackBuild/Impression/work/Impression-v3.2.0/data/resources/icons/hicolor/scalable/apps/io.gitlab.adhami3310.Impression.svg to /home/omen/GITHUB/One4All_SlackBuild/Impression/package-Impression/usr/share/icons/hicolor/scalable/apps
Installing /home/omen/GITHUB/One4All_SlackBuild/Impression/work/Impression-v3.2.0/data/resources/icons/hicolor/scalable/apps/io.gitlab.adhami3310.Impression.svg to /home/omen/GITHUB/One4All_SlackBuild/Impression/package-Impression/usr/share/icons/hicolor/scalable/apps
Installing /home/omen/GITHUB/One4All_SlackBuild/Impression/work/Impression-v3.2.0/data/resources/icons/hicolor/symbolic/apps/io.gitlab.adhami3310.Impression-symbolic.svg to /home/omen/GITHUB/One4All_SlackBuild/Impression/package-Impression/usr/share/icons/hicolor/symbolic/apps
Installing /home/omen/GITHUB/One4All_SlackBuild/Impression/work/Impression-v3.2.0/data/resources/icons/hicolor/scalable/actions/image-missing-symbolic.svg to /home/omen/GITHUB/One4All_SlackBuild/Impression/package-Impression/usr/share/impression/icons/hicolor/scalable/actions
Installing /home/omen/GITHUB/One4All_SlackBuild/Impression/work/Impression-v3.2.0/data/resources/icons/hicolor/scalable/actions/paper-symbolic.svg to /home/omen/GITHUB/One4All_SlackBuild/Impression/package-Impression/usr/share/impression/icons/hicolor/scalable/actions
Installing /home/omen/GITHUB/One4All_SlackBuild/Impression/work/Impression-v3.2.0/data/resources/icons/hicolor/scalable/actions/usb-stick-symbolic.svg to /home/omen/GITHUB/One4All_SlackBuild/Impression/package-Impression/usr/share/impression/icons/hicolor/scalable/actions
Installing /home/omen/GITHUB/One4All_SlackBuild/Impression/work/Impression-v3.2.0/data/resources/icons/hicolor/scalable/actions/check-round-outline-symbolic.svg to /home/omen/GITHUB/One4All_SlackBuild/Impression/package-Impression/usr/share/impression/icons/hicolor/scalable/actions
Installing /home/omen/GITHUB/One4All_SlackBuild/Impression/work/Impression-v3.2.0/data/resources/icons/hicolor/scalable/actions/view-refresh-symbolic.svg to /home/omen/GITHUB/One4All_SlackBuild/Impression/package-Impression/usr/share/impression/icons/hicolor/scalable/actions
Installing /home/omen/GITHUB/One4All_SlackBuild/Impression/work/Impression-v3.2.0/data/resources/icons/hicolor/scalable/actions/error-symbolic.svg to /home/omen/GITHUB/One4All_SlackBuild/Impression/package-Impression/usr/share/impression/icons/hicolor/scalable/actions
Installing /home/omen/GITHUB/One4All_SlackBuild/Impression/work/Impression-v3.2.0/data/resources/icons/hicolor/scalable/actions/flash-symbolic.svg to /home/omen/GITHUB/One4All_SlackBuild/Impression/package-Impression/usr/share/impression/icons/hicolor/scalable/actions
Installing /home/omen/GITHUB/One4All_SlackBuild/Impression/work/Impression-v3.2.0/build/data/io.gitlab.adhami3310.Impression.gschema.xml to /home/omen/GITHUB/One4All_SlackBuild/Impression/package-Impression/usr/share/glib-2.0/schemas
Skipping custom install script because DESTDIR is set '/usr/bin/glib-compile-schemas /usr/share/glib-2.0/schemas'
Skipping custom install script because DESTDIR is set '/usr/bin/gtk4-update-icon-cache -q -t -f /usr/share/icons/hicolor'
Skipping custom install script because DESTDIR is set '/usr/bin/update-desktop-database -q /usr/share/applications'
cp: cannot stat 'AUTHORS ChangeLog Changelog CHANGELOG COPYING COPYRIGHT CONFIGURATION* CONTRIBUTING* *FAQ* GPL* HACKING index.ht* *INDEX* INSTALL* License* LICENSE* *README* *Readme* *RELEASE* TODO VERSION': No such file or directory

Slackware package maker, version 3.14159265.

Searching for symbolic links:

No symbolic links were found, so we won't make an installation script.
You can make your own later in ./install/doinst.sh and rebuild the
package if you like.

This next step is optional - you can set the directories in your package
to some sane permissions. If any of the directories in your package have
special permissions, then DO NOT reset them here!

Would you like to reset all directory permissions to 755 (drwxr-xr-x) and
directory ownerships to root.root ([y]es, [n]o)? n

Creating Slackware package:  /home/omen/GITHUB/One4All_SlackBuild/Impression/binary-Impression-v3.2.0/Impression-v3.2.0-x86_64-1_rtz.tlz

./
install/
install/doinst.sh
install/slack-desc
usr/
usr/bin/
usr/bin/impression
usr/doc/
usr/doc/Impression-v3.2.0/
usr/doc/Impression-v3.2.0/Impression.SlackBuild
usr/share/
usr/share/applications/
usr/share/applications/io.gitlab.adhami3310.Impression.desktop
usr/share/glib-2.0/
usr/share/glib-2.0/schemas/
usr/share/glib-2.0/schemas/io.gitlab.adhami3310.Impression.gschema.xml
usr/share/icons/
usr/share/icons/hicolor/
usr/share/icons/hicolor/scalable/
usr/share/icons/hicolor/scalable/apps/
usr/share/icons/hicolor/scalable/apps/io.gitlab.adhami3310.Impression.svg
usr/share/icons/hicolor/symbolic/
usr/share/icons/hicolor/symbolic/apps/
usr/share/icons/hicolor/symbolic/apps/io.gitlab.adhami3310.Impression-symbolic.svg
usr/share/impression/
usr/share/impression/icons/
usr/share/impression/icons/hicolor/
usr/share/impression/icons/hicolor/scalable/
usr/share/impression/icons/hicolor/scalable/actions/
usr/share/impression/icons/hicolor/scalable/actions/check-round-outline-symbolic.svg
usr/share/impression/icons/hicolor/scalable/actions/error-symbolic.svg
usr/share/impression/icons/hicolor/scalable/actions/flash-symbolic.svg
usr/share/impression/icons/hicolor/scalable/actions/image-missing-symbolic.svg
usr/share/impression/icons/hicolor/scalable/actions/paper-symbolic.svg
usr/share/impression/icons/hicolor/scalable/actions/usb-stick-symbolic.svg
usr/share/impression/icons/hicolor/scalable/actions/view-refresh-symbolic.svg
usr/share/impression/resources.gresource
usr/share/locale/
usr/share/locale/cs/
usr/share/locale/cs/LC_MESSAGES/
usr/share/locale/cs/LC_MESSAGES/impression.mo
usr/share/locale/de/
usr/share/locale/de/LC_MESSAGES/
usr/share/locale/de/LC_MESSAGES/impression.mo
usr/share/locale/es/
usr/share/locale/es/LC_MESSAGES/
usr/share/locale/es/LC_MESSAGES/impression.mo
usr/share/locale/fr/
usr/share/locale/fr/LC_MESSAGES/
usr/share/locale/fr/LC_MESSAGES/impression.mo
usr/share/locale/it/
usr/share/locale/it/LC_MESSAGES/
usr/share/locale/it/LC_MESSAGES/impression.mo
usr/share/locale/oc/
usr/share/locale/oc/LC_MESSAGES/
usr/share/locale/oc/LC_MESSAGES/impression.mo
usr/share/locale/pt_BR/
usr/share/locale/pt_BR/LC_MESSAGES/
usr/share/locale/pt_BR/LC_MESSAGES/impression.mo
usr/share/locale/ru/
usr/share/locale/ru/LC_MESSAGES/
usr/share/locale/ru/LC_MESSAGES/impression.mo
usr/share/locale/tr/
usr/share/locale/tr/LC_MESSAGES/
usr/share/locale/tr/LC_MESSAGES/impression.mo
usr/share/metainfo/
usr/share/metainfo/io.gitlab.adhami3310.Impression.metainfo.xml

Slackware package /home/omen/GITHUB/One4All_SlackBuild/Impression/binary-Impression-v3.2.0/Impression-v3.2.0-x86_64-1_rtz.tlz created.


+==============================================================================
| Upgrading Impression-v3.2.0-x86_64-1_rtz package using /home/omen/GITHUB/One4All_SlackBuild/Impression/binary-Impression-v3.2.0/Impression-v3.2.0-x86_64-1_rtz.tlz
+==============================================================================
Pre-installing package Impression-v3.2.0-x86_64-1_rtz...
Removing package: Impression-v3.2.0-x86_64-1_rtz-upgraded-2024-09-21,18:21:04
Verifying package Impression-v3.2.0-x86_64-1_rtz.tlz.
Installing package Impression-v3.2.0-x86_64-1_rtz.tlz:
PACKAGE DESCRIPTION:
# Impression (Create bootable drives)
#
# Write disk images to your drives with ease. Select an image, insert
# your drive, and you're good to go! Impression is a useful tool for
# both avid distro-hoppers and casual computer users.
#
# https://apps.gnome.org/Impression/
Executing install script for Impression-v3.2.0-x86_64-1_rtz.tlz.
Font directories:
	/usr/share/fonts
/usr/share/fonts: caching, new cache contents: 0 fonts, 13 dirs
/usr/share/fonts/100dpi: caching, new cache contents: 398 fonts, 0 dirs
/usr/share/fonts/75dpi: caching, new cache contents: 398 fonts, 0 dirs
/usr/share/fonts/OTF: caching, new cache contents: 167 fonts, 0 dirs
/usr/share/fonts/Speedo: caching, new cache contents: 0 fonts, 0 dirs
/usr/share/fonts/TTF: caching, new cache contents: 473 fonts, 3 dirs
/usr/share/fonts/TTF/cantarell: caching, new cache contents: 6 fonts, 0 dirs
/usr/share/fonts/TTF/oxygen: caching, new cache contents: 3 fonts, 0 dirs
/usr/share/fonts/TTF/static: caching, new cache contents: 36 fonts, 0 dirs
/usr/share/fonts/Type1: caching, new cache contents: 64 fonts, 0 dirs
/usr/share/fonts/cyrillic: caching, new cache contents: 0 fonts, 0 dirs
/usr/share/fonts/encodings: caching, new cache contents: 0 fonts, 1 dirs
/usr/share/fonts/encodings/large: caching, new cache contents: 0 fonts, 0 dirs
/usr/share/fonts/kanjistrokeorders: caching, new cache contents: 1 fonts, 0 dirs
/usr/share/fonts/misc: caching, new cache contents: 144 fonts, 0 dirs
/usr/share/fonts/opentype: caching, new cache contents: 0 fonts, 1 dirs
/usr/share/fonts/opentype/fira: caching, new cache contents: 97 fonts, 0 dirs
/usr/share/fonts/truetype: caching, new cache contents: 0 fonts, 1 dirs
/usr/share/fonts/truetype/roboto-slab: caching, new cache contents: 4 fonts, 0 dirs
/usr/share/fonts/util: caching, new cache contents: 0 fonts, 0 dirs
/var/cache/fontconfig: cleaning cache directory
/root/.cache/fontconfig: not cleaning non-existent cache directory
/root/.fontconfig: not cleaning non-existent cache directory
/usr/bin/fc-cache: succeeded
Package Impression-v3.2.0-x86_64-1_rtz.tlz installed.
Package Impression-v3.2.0-x86_64-1_rtz upgraded with new package /home/omen/GITHUB/One4All_SlackBuild/Impression/binary-Impression-v3.2.0/Impression-v3.2.0-x86_64-1_rtz.tlz.
Build process completed in 1 minutes and 34 seconds.
