Starting build process...
Detected architecture: x86_64
--2024-09-29 21:39:05--  https://github.com/davmac314/dinit/releases/download/v0.19.0/dinit-0.19.0.tar.xz
Resolving github.com (github.com)... 140.82.121.3
Connecting to github.com (github.com)|140.82.121.3|:443... connected.
HTTP request sent, awaiting response... 302 Found
Location: https://objects.githubusercontent.com/github-production-release-asset-2e65be/46341079/ee062d72-2133-443c-ae2c-d1ac70f7f8dc?X-Amz-Algorithm=AWS4-HMAC-SHA256&X-Amz-Credential=releaseassetproduction%2F20240929%2Fus-east-1%2Fs3%2Faws4_request&X-Amz-Date=20240929T183810Z&X-Amz-Expires=300&X-Amz-Signature=e3c2159fae28af5a2778021b3c58c62aaa2be5fb32501a1ae1f6337772c67d71&X-Amz-SignedHeaders=host&response-content-disposition=attachment%3B%20filename%3Ddinit-0.19.0.tar.xz&response-content-type=application%2Foctet-stream [following]
--2024-09-29 21:39:05--  https://objects.githubusercontent.com/github-production-release-asset-2e65be/46341079/ee062d72-2133-443c-ae2c-d1ac70f7f8dc?X-Amz-Algorithm=AWS4-HMAC-SHA256&X-Amz-Credential=releaseassetproduction%2F20240929%2Fus-east-1%2Fs3%2Faws4_request&X-Amz-Date=20240929T183810Z&X-Amz-Expires=300&X-Amz-Signature=e3c2159fae28af5a2778021b3c58c62aaa2be5fb32501a1ae1f6337772c67d71&X-Amz-SignedHeaders=host&response-content-disposition=attachment%3B%20filename%3Ddinit-0.19.0.tar.xz&response-content-type=application%2Foctet-stream
Resolving objects.githubusercontent.com (objects.githubusercontent.com)... 185.199.111.133, 185.199.110.133, 185.199.109.133, ...
Connecting to objects.githubusercontent.com (objects.githubusercontent.com)|185.199.111.133|:443... connected.
HTTP request sent, awaiting response... 200 OK
Length: 280408 (274K) [application/octet-stream]
Saving to: ‘dinit-0.19.0.tar.xz’

     0K .......... .......... .......... .......... .......... 18%  717K 0s
    50K .......... .......... .......... .......... .......... 36% 2.82M 0s
   100K .......... .......... .......... .......... .......... 54% 1.15M 0s
   150K .......... .......... .......... .......... .......... 73% 4.54M 0s
   200K .......... .......... .......... .......... .......... 91% 5.75M 0s
   250K .......... .......... ...                             100%  961K=0.2s

2024-09-29 21:39:06 (1.54 MB/s) - ‘dinit-0.19.0.tar.xz’ saved [280408/280408]

dinit-0.19.0/
dinit-0.19.0/.cirrus.yml
dinit-0.19.0/.github/
dinit-0.19.0/.github/FUNDING.yml
dinit-0.19.0/.github/ISSUE_TEMPLATE/
dinit-0.19.0/.github/ISSUE_TEMPLATE/bug_report.md
dinit-0.19.0/.github/ISSUE_TEMPLATE/feature_request.md
dinit-0.19.0/.github/dependabot.yml
dinit-0.19.0/.github/workflows/
dinit-0.19.0/.github/workflows/meson_ci.yml
dinit-0.19.0/.github/workflows/regular_ci.yml
dinit-0.19.0/.github/workflows/ubuntu-latest-amd64-fuzzer.yml
dinit-0.19.0/.gitignore
dinit-0.19.0/.mailmap
dinit-0.19.0/BUILD
dinit-0.19.0/BUILD_MESON
dinit-0.19.0/CONTRIBUTORS
dinit-0.19.0/LICENSE
dinit-0.19.0/Makefile
dinit-0.19.0/NEWS
dinit-0.19.0/README.md
dinit-0.19.0/TODO
dinit-0.19.0/build/
dinit-0.19.0/build/Makefile
dinit-0.19.0/build/includes/
dinit-0.19.0/build/includes/README
dinit-0.19.0/build/mconfig.mesontemplate
dinit-0.19.0/build/tools/
dinit-0.19.0/build/tools/Makefile
dinit-0.19.0/build/tools/mconfig-gen.cc
dinit-0.19.0/build/version.conf
dinit-0.19.0/configs/
dinit-0.19.0/configs/mconfig.Darwin
dinit-0.19.0/configs/mconfig.FreeBSD
dinit-0.19.0/configs/mconfig.Linux
dinit-0.19.0/configs/mconfig.Linux.sh
dinit-0.19.0/configs/mconfig.OpenBSD
dinit-0.19.0/configure
dinit-0.19.0/contrib/
dinit-0.19.0/contrib/README
dinit-0.19.0/contrib/freebsd-rc/
dinit-0.19.0/contrib/freebsd-rc/README
dinit-0.19.0/contrib/freebsd-rc/tree/
dinit-0.19.0/contrib/freebsd-rc/tree/etc/
dinit-0.19.0/contrib/freebsd-rc/tree/etc/dinit.d/
dinit-0.19.0/contrib/freebsd-rc/tree/etc/dinit.d/boot
dinit-0.19.0/contrib/freebsd-rc/tree/etc/rc.d/
dinit-0.19.0/contrib/freebsd-rc/tree/etc/rc.d/dinit
dinit-0.19.0/contrib/freebsd-rc/tree/usr/
dinit-0.19.0/contrib/freebsd-rc/tree/usr/sbin/
dinit-0.19.0/contrib/freebsd-rc/tree/usr/sbin/dinitd
dinit-0.19.0/contrib/shell-completion/
dinit-0.19.0/contrib/shell-completion/bash/
dinit-0.19.0/contrib/shell-completion/bash/README
dinit-0.19.0/contrib/shell-completion/bash/dinitctl
dinit-0.19.0/contrib/shell-completion/fish/
dinit-0.19.0/contrib/shell-completion/fish/README
dinit-0.19.0/contrib/shell-completion/fish/dinitctl.fish
dinit-0.19.0/contrib/shell-completion/zsh/
dinit-0.19.0/contrib/shell-completion/zsh/README
dinit-0.19.0/contrib/shell-completion/zsh/_dinit
dinit-0.19.0/contrib/sysv-compat/
dinit-0.19.0/contrib/sysv-compat/40-dinit
dinit-0.19.0/contrib/sysv-compat/README
dinit-0.19.0/dasynq/
dinit-0.19.0/dasynq/include/
dinit-0.19.0/dasynq/include/dasynq.h
dinit-0.19.0/dasynq/include/dasynq/
dinit-0.19.0/dasynq/include/dasynq/basewatchers.h
dinit-0.19.0/dasynq/include/dasynq/btree_set.h
dinit-0.19.0/dasynq/include/dasynq/childproc.h
dinit-0.19.0/dasynq/include/dasynq/config.h
dinit-0.19.0/dasynq/include/dasynq/daryheap.h
dinit-0.19.0/dasynq/include/dasynq/epoll.h
dinit-0.19.0/dasynq/include/dasynq/flags.h
dinit-0.19.0/dasynq/include/dasynq/interrupt.h
dinit-0.19.0/dasynq/include/dasynq/itimer.h
dinit-0.19.0/dasynq/include/dasynq/kqueue-macos.h
dinit-0.19.0/dasynq/include/dasynq/kqueue.h
dinit-0.19.0/dasynq/include/dasynq/mutex.h
dinit-0.19.0/dasynq/include/dasynq/posixtimer.h
dinit-0.19.0/dasynq/include/dasynq/pselect.h
dinit-0.19.0/dasynq/include/dasynq/select.h
dinit-0.19.0/dasynq/include/dasynq/signal.h
dinit-0.19.0/dasynq/include/dasynq/stableheap.h
dinit-0.19.0/dasynq/include/dasynq/svec.h
dinit-0.19.0/dasynq/include/dasynq/timerbase.h
dinit-0.19.0/dasynq/include/dasynq/timerfd.h
dinit-0.19.0/dasynq/include/dasynq/util.h
dinit-0.19.0/doc/
dinit-0.19.0/doc/CODE-STYLE
dinit-0.19.0/doc/COMPARISON
dinit-0.19.0/doc/CONTRIBUTING
dinit-0.19.0/doc/DESIGN
dinit-0.19.0/doc/SECURITY
dinit-0.19.0/doc/dinit-logo.png
dinit-0.19.0/doc/getting_started.md
dinit-0.19.0/doc/linux/
dinit-0.19.0/doc/linux/DINIT-AS-INIT.md
dinit-0.19.0/doc/linux/services/
dinit-0.19.0/doc/linux/services/auxfscheck
dinit-0.19.0/doc/linux/services/boot
dinit-0.19.0/doc/linux/services/boot.d/
dinit-0.19.0/doc/linux/services/boot.d/dhcpcd
dinit-0.19.0/doc/linux/services/boot.d/late-filesystems
dinit-0.19.0/doc/linux/services/boot.d/modules
dinit-0.19.0/doc/linux/services/boot.d/sshd
dinit-0.19.0/doc/linux/services/dbusd
dinit-0.19.0/doc/linux/services/dhcpcd
dinit-0.19.0/doc/linux/services/early-filesystems
dinit-0.19.0/doc/linux/services/early-filesystems.sh
dinit-0.19.0/doc/linux/services/filesystems
dinit-0.19.0/doc/linux/services/filesystems.sh
dinit-0.19.0/doc/linux/services/hwclock
dinit-0.19.0/doc/linux/services/late-filesystems
dinit-0.19.0/doc/linux/services/late-filesystems.sh
dinit-0.19.0/doc/linux/services/loginready
dinit-0.19.0/doc/linux/services/modules
dinit-0.19.0/doc/linux/services/modules.sh
dinit-0.19.0/doc/linux/services/netdev-enp3s0
dinit-0.19.0/doc/linux/services/rcboot
dinit-0.19.0/doc/linux/services/rcboot.sh
dinit-0.19.0/doc/linux/services/recovery
dinit-0.19.0/doc/linux/services/rootfscheck
dinit-0.19.0/doc/linux/services/rootfscheck.sh
dinit-0.19.0/doc/linux/services/rootrw
dinit-0.19.0/doc/linux/services/single
dinit-0.19.0/doc/linux/services/sshd
dinit-0.19.0/doc/linux/services/syslogd
dinit-0.19.0/doc/linux/services/tty1
dinit-0.19.0/doc/linux/services/tty2
dinit-0.19.0/doc/linux/services/tty3
dinit-0.19.0/doc/linux/services/tty4
dinit-0.19.0/doc/linux/services/tty5
dinit-0.19.0/doc/linux/services/tty6
dinit-0.19.0/doc/linux/services/udev-settle
dinit-0.19.0/doc/linux/services/udev-trigger
dinit-0.19.0/doc/linux/services/udevd
dinit-0.19.0/doc/manpages/
dinit-0.19.0/doc/manpages/Makefile
dinit-0.19.0/doc/manpages/README
dinit-0.19.0/doc/manpages/dinit-monitor.8.m4
dinit-0.19.0/doc/manpages/dinit-service.5.m4
dinit-0.19.0/doc/manpages/dinit.8.m4
dinit-0.19.0/doc/manpages/dinitcheck.8.m4
dinit-0.19.0/doc/manpages/dinitctl.8.m4
dinit-0.19.0/doc/manpages/generate-html.sh
dinit-0.19.0/doc/manpages/meson.build
dinit-0.19.0/doc/manpages/shutdown.8.m4
dinit-0.19.0/meson.build
dinit-0.19.0/meson_options.txt
dinit-0.19.0/src/
dinit-0.19.0/src/Makefile
dinit-0.19.0/src/baseproc-service.cc
dinit-0.19.0/src/control.cc
dinit-0.19.0/src/dinit-env.cc
dinit-0.19.0/src/dinit-log.cc
dinit-0.19.0/src/dinit-main.cc
dinit-0.19.0/src/dinit-monitor.cc
dinit-0.19.0/src/dinit.cc
dinit-0.19.0/src/dinitcheck.cc
dinit-0.19.0/src/dinitctl.cc
dinit-0.19.0/src/igr-tests/
dinit-0.19.0/src/igr-tests/Makefile
dinit-0.19.0/src/igr-tests/add-rm-dep/
dinit-0.19.0/src/igr-tests/add-rm-dep/expected1
dinit-0.19.0/src/igr-tests/add-rm-dep/expected2
dinit-0.19.0/src/igr-tests/add-rm-dep/expected3
dinit-0.19.0/src/igr-tests/add-rm-dep/expected4
dinit-0.19.0/src/igr-tests/add-rm-dep/expected5
dinit-0.19.0/src/igr-tests/add-rm-dep/sd/
dinit-0.19.0/src/igr-tests/add-rm-dep/sd/main
dinit-0.19.0/src/igr-tests/add-rm-dep/sd/secondary
dinit-0.19.0/src/igr-tests/basic/
dinit-0.19.0/src/igr-tests/basic/basic.sh
dinit-0.19.0/src/igr-tests/basic/sd/
dinit-0.19.0/src/igr-tests/basic/sd/basic
dinit-0.19.0/src/igr-tests/before-after/
dinit-0.19.0/src/igr-tests/before-after/scripts/
dinit-0.19.0/src/igr-tests/before-after/scripts/service.sh
dinit-0.19.0/src/igr-tests/before-after/sd/
dinit-0.19.0/src/igr-tests/before-after/sd/boot
dinit-0.19.0/src/igr-tests/before-after/sd/parent
dinit-0.19.0/src/igr-tests/before-after/sd/service1
dinit-0.19.0/src/igr-tests/before-after/sd/service2
dinit-0.19.0/src/igr-tests/before-after/sd/service3
dinit-0.19.0/src/igr-tests/before-after2/
dinit-0.19.0/src/igr-tests/before-after2/scripts/
dinit-0.19.0/src/igr-tests/before-after2/scripts/service.sh
dinit-0.19.0/src/igr-tests/before-after2/sd/
dinit-0.19.0/src/igr-tests/before-after2/sd/boot
dinit-0.19.0/src/igr-tests/before-after2/sd/service1
dinit-0.19.0/src/igr-tests/before-after2/sd/service2
dinit-0.19.0/src/igr-tests/catlog/
dinit-0.19.0/src/igr-tests/catlog/output.sh
dinit-0.19.0/src/igr-tests/catlog/sd/
dinit-0.19.0/src/igr-tests/catlog/sd/boot
dinit-0.19.0/src/igr-tests/catlog/sd/output
dinit-0.19.0/src/igr-tests/chain-to/
dinit-0.19.0/src/igr-tests/chain-to/expected-output
dinit-0.19.0/src/igr-tests/chain-to/record-param.sh
dinit-0.19.0/src/igr-tests/chain-to/sd/
dinit-0.19.0/src/igr-tests/chain-to/sd/part1
dinit-0.19.0/src/igr-tests/chain-to/sd/part2
dinit-0.19.0/src/igr-tests/chain-to/sd/part3
dinit-0.19.0/src/igr-tests/chain-to/sd/part4
dinit-0.19.0/src/igr-tests/chain-to/sd/part5
dinit-0.19.0/src/igr-tests/check-basic/
dinit-0.19.0/src/igr-tests/check-basic/expected.txt
dinit-0.19.0/src/igr-tests/check-basic/sd/
dinit-0.19.0/src/igr-tests/check-basic/sd/boot
dinit-0.19.0/src/igr-tests/check-cycle/
dinit-0.19.0/src/igr-tests/check-cycle/expected.txt
dinit-0.19.0/src/igr-tests/check-cycle/sd/
dinit-0.19.0/src/igr-tests/check-cycle/sd/a
dinit-0.19.0/src/igr-tests/check-cycle/sd/b
dinit-0.19.0/src/igr-tests/check-cycle/sd/boot
dinit-0.19.0/src/igr-tests/check-cycle/sd/c
dinit-0.19.0/src/igr-tests/check-cycle/sd/d
dinit-0.19.0/src/igr-tests/check-cycle/sd/e
dinit-0.19.0/src/igr-tests/check-cycle2/
dinit-0.19.0/src/igr-tests/check-cycle2/expected.txt
dinit-0.19.0/src/igr-tests/check-cycle2/sd/
dinit-0.19.0/src/igr-tests/check-cycle2/sd/a
dinit-0.19.0/src/igr-tests/check-cycle2/sd/b
dinit-0.19.0/src/igr-tests/check-cycle2/sd/boot
dinit-0.19.0/src/igr-tests/check-cycle2/sd/c
dinit-0.19.0/src/igr-tests/check-lint/
dinit-0.19.0/src/igr-tests/check-lint/expected.txt
dinit-0.19.0/src/igr-tests/check-lint/sd/
dinit-0.19.0/src/igr-tests/check-lint/sd/boot
dinit-0.19.0/src/igr-tests/cycles/
dinit-0.19.0/src/igr-tests/cycles/expected-ac
dinit-0.19.0/src/igr-tests/cycles/expected-after_self
dinit-0.19.0/src/igr-tests/cycles/expected-ba
dinit-0.19.0/src/igr-tests/cycles/expected-before_self
dinit-0.19.0/src/igr-tests/cycles/sd/
dinit-0.19.0/src/igr-tests/cycles/sd/ac
dinit-0.19.0/src/igr-tests/cycles/sd/ac1
dinit-0.19.0/src/igr-tests/cycles/sd/ac2
dinit-0.19.0/src/igr-tests/cycles/sd/after_self
dinit-0.19.0/src/igr-tests/cycles/sd/ba
dinit-0.19.0/src/igr-tests/cycles/sd/ba1
dinit-0.19.0/src/igr-tests/cycles/sd/ba2
dinit-0.19.0/src/igr-tests/cycles/sd/before_self
dinit-0.19.0/src/igr-tests/cycles/sd/boot
dinit-0.19.0/src/igr-tests/dep-not-found/
dinit-0.19.0/src/igr-tests/dep-not-found/output.expected
dinit-0.19.0/src/igr-tests/dep-not-found/sd/
dinit-0.19.0/src/igr-tests/dep-not-found/sd/boot
dinit-0.19.0/src/igr-tests/dep-not-found/sd/missing-dep-svc
dinit-0.19.0/src/igr-tests/environ/
dinit-0.19.0/src/igr-tests/environ/checkenv.sh
dinit-0.19.0/src/igr-tests/environ/environment1
dinit-0.19.0/src/igr-tests/environ/environment2
dinit-0.19.0/src/igr-tests/environ/sd/
dinit-0.19.0/src/igr-tests/environ/sd/checkenv
dinit-0.19.0/src/igr-tests/environ/sd/setenv1
dinit-0.19.0/src/igr-tests/environ/sd/setenv2
dinit-0.19.0/src/igr-tests/environ/sd/setenv3
dinit-0.19.0/src/igr-tests/environ/setenv.sh
dinit-0.19.0/src/igr-tests/environ2/
dinit-0.19.0/src/igr-tests/environ2/checkenv.sh
dinit-0.19.0/src/igr-tests/environ2/env-dinit
dinit-0.19.0/src/igr-tests/environ2/sd/
dinit-0.19.0/src/igr-tests/environ2/sd/checkenv
dinit-0.19.0/src/igr-tests/environ2/sd/env-service
dinit-0.19.0/src/igr-tests/force-stop/
dinit-0.19.0/src/igr-tests/force-stop/expected-1
dinit-0.19.0/src/igr-tests/force-stop/expected-2.err
dinit-0.19.0/src/igr-tests/force-stop/expected-3
dinit-0.19.0/src/igr-tests/force-stop/sd/
dinit-0.19.0/src/igr-tests/force-stop/sd/boot
dinit-0.19.0/src/igr-tests/force-stop/sd/critical
dinit-0.19.0/src/igr-tests/force-stop/sd/intermediary
dinit-0.19.0/src/igr-tests/igr-runner.cc
dinit-0.19.0/src/igr-tests/igr.h
dinit-0.19.0/src/igr-tests/log-via-pipe/
dinit-0.19.0/src/igr-tests/log-via-pipe/scripts/
dinit-0.19.0/src/igr-tests/log-via-pipe/scripts/consumer.sh
dinit-0.19.0/src/igr-tests/log-via-pipe/scripts/producer.sh
dinit-0.19.0/src/igr-tests/log-via-pipe/sd/
dinit-0.19.0/src/igr-tests/log-via-pipe/sd/boot
dinit-0.19.0/src/igr-tests/log-via-pipe/sd/consumer
dinit-0.19.0/src/igr-tests/log-via-pipe/sd/producer
dinit-0.19.0/src/igr-tests/meson.build
dinit-0.19.0/src/igr-tests/no-command-error/
dinit-0.19.0/src/igr-tests/no-command-error/dinit-run.expected
dinit-0.19.0/src/igr-tests/no-command-error/sd/
dinit-0.19.0/src/igr-tests/no-command-error/sd/no-command
dinit-0.19.0/src/igr-tests/offline-enable/
dinit-0.19.0/src/igr-tests/offline-enable/sd/
dinit-0.19.0/src/igr-tests/offline-enable/sd/A
dinit-0.19.0/src/igr-tests/offline-enable/sd/boot
dinit-0.19.0/src/igr-tests/ps-environ/
dinit-0.19.0/src/igr-tests/ps-environ/checkenv.sh
dinit-0.19.0/src/igr-tests/ps-environ/checkenv2.sh
dinit-0.19.0/src/igr-tests/ps-environ/dinit-environment
dinit-0.19.0/src/igr-tests/ps-environ/env-expected
dinit-0.19.0/src/igr-tests/ps-environ/sd/
dinit-0.19.0/src/igr-tests/ps-environ/sd/checkenv1
dinit-0.19.0/src/igr-tests/ps-environ/sd/checkenv2
dinit-0.19.0/src/igr-tests/ps-environ/sd/checkenv3
dinit-0.19.0/src/igr-tests/ps-environ/sd/checkenv4
dinit-0.19.0/src/igr-tests/ps-environ/sd/environment1
dinit-0.19.0/src/igr-tests/ps-environ/sd/environment2
dinit-0.19.0/src/igr-tests/ps-environ/sd/environment3
dinit-0.19.0/src/igr-tests/ps-environ/sd/environment4
dinit-0.19.0/src/igr-tests/pseudo-cycle/
dinit-0.19.0/src/igr-tests/pseudo-cycle/README
dinit-0.19.0/src/igr-tests/pseudo-cycle/sd/
dinit-0.19.0/src/igr-tests/pseudo-cycle/sd/boot
dinit-0.19.0/src/igr-tests/pseudo-cycle/sd/middle
dinit-0.19.0/src/igr-tests/pseudo-cycle/sd/service
dinit-0.19.0/src/igr-tests/pseudo-cycle/svc-script.sh
dinit-0.19.0/src/igr-tests/reload1/
dinit-0.19.0/src/igr-tests/reload1/initial.expected
dinit-0.19.0/src/igr-tests/reload1/output2.expected
dinit-0.19.0/src/igr-tests/reload1/output3.expected
dinit-0.19.0/src/igr-tests/reload1/sd1/
dinit-0.19.0/src/igr-tests/reload1/sd1/a
dinit-0.19.0/src/igr-tests/reload1/sd1/b
dinit-0.19.0/src/igr-tests/reload1/sd1/boot
dinit-0.19.0/src/igr-tests/reload1/sd1/c
dinit-0.19.0/src/igr-tests/reload1/sd2/
dinit-0.19.0/src/igr-tests/reload1/sd2/a
dinit-0.19.0/src/igr-tests/reload1/sd2/b
dinit-0.19.0/src/igr-tests/reload1/sd2/boot
dinit-0.19.0/src/igr-tests/reload1/sd2/c
dinit-0.19.0/src/igr-tests/reload2/
dinit-0.19.0/src/igr-tests/reload2/initial.expected
dinit-0.19.0/src/igr-tests/reload2/output2.expected
dinit-0.19.0/src/igr-tests/reload2/output3.expected
dinit-0.19.0/src/igr-tests/reload2/sd1/
dinit-0.19.0/src/igr-tests/reload2/sd1/a
dinit-0.19.0/src/igr-tests/reload2/sd1/b
dinit-0.19.0/src/igr-tests/reload2/sd1/boot
dinit-0.19.0/src/igr-tests/reload2/sd1/c
dinit-0.19.0/src/igr-tests/reload2/sd1/hold
dinit-0.19.0/src/igr-tests/reload2/sd2/
dinit-0.19.0/src/igr-tests/reload2/sd2/a
dinit-0.19.0/src/igr-tests/reload2/sd2/b
dinit-0.19.0/src/igr-tests/reload2/sd2/boot
dinit-0.19.0/src/igr-tests/reload2/sd2/c
dinit-0.19.0/src/igr-tests/restart/
dinit-0.19.0/src/igr-tests/restart/basic.sh
dinit-0.19.0/src/igr-tests/restart/sd/
dinit-0.19.0/src/igr-tests/restart/sd/basic
dinit-0.19.0/src/igr-tests/restart/sd/boot
dinit-0.19.0/src/igr-tests/svc-start-fail/
dinit-0.19.0/src/igr-tests/svc-start-fail/expected-1
dinit-0.19.0/src/igr-tests/svc-start-fail/expected-2
dinit-0.19.0/src/igr-tests/svc-start-fail/sd/
dinit-0.19.0/src/igr-tests/svc-start-fail/sd/bad-command
dinit-0.19.0/src/igr-tests/svc-start-fail/sd/boot
dinit-0.19.0/src/igr-tests/svc-start-fail/sd/timeout-command
dinit-0.19.0/src/igr-tests/svc-start-fail/timeout.sh
dinit-0.19.0/src/igr-tests/var-subst/
dinit-0.19.0/src/igr-tests/var-subst/checkargs.sh
dinit-0.19.0/src/igr-tests/var-subst/sd/
dinit-0.19.0/src/igr-tests/var-subst/sd/checkargs
dinit-0.19.0/src/igr-tests/xdg-config/
dinit-0.19.0/src/igr-tests/xdg-config/basic.sh
dinit-0.19.0/src/igr-tests/xdg-config/config/
dinit-0.19.0/src/igr-tests/xdg-config/config/dinit.d/
dinit-0.19.0/src/igr-tests/xdg-config/config/dinit.d/basic
dinit-0.19.0/src/includes/
dinit-0.19.0/src/includes/baseproc-sys.h
dinit-0.19.0/src/includes/control-cmds.h
dinit-0.19.0/src/includes/control-datatypes.h
dinit-0.19.0/src/includes/control.h
dinit-0.19.0/src/includes/cpbuffer.h
dinit-0.19.0/src/includes/dinit-client.h
dinit-0.19.0/src/includes/dinit-env.h
dinit-0.19.0/src/includes/dinit-ll.h
dinit-0.19.0/src/includes/dinit-log.h
dinit-0.19.0/src/includes/dinit-socket.h
dinit-0.19.0/src/includes/dinit-util.h
dinit-0.19.0/src/includes/dinit-utmp.h
dinit-0.19.0/src/includes/dinit.h
dinit-0.19.0/src/includes/file-input-stack.h
dinit-0.19.0/src/includes/load-service.h
dinit-0.19.0/src/includes/options-processing.h
dinit-0.19.0/src/includes/proc-service.h
dinit-0.19.0/src/includes/service-constants.h
dinit-0.19.0/src/includes/service-dir.h
dinit-0.19.0/src/includes/service-listener.h
dinit-0.19.0/src/includes/service.h
dinit-0.19.0/src/includes/static-string.h
dinit-0.19.0/src/load-service.cc
dinit-0.19.0/src/meson.build
dinit-0.19.0/src/options-processing.cc
dinit-0.19.0/src/proc-service.cc
dinit-0.19.0/src/run-child-proc.cc
dinit-0.19.0/src/service.cc
dinit-0.19.0/src/settings.cc
dinit-0.19.0/src/shutdown.cc
dinit-0.19.0/src/tests/
dinit-0.19.0/src/tests/Makefile
dinit-0.19.0/src/tests/cptests/
dinit-0.19.0/src/tests/cptests/Makefile
dinit-0.19.0/src/tests/cptests/cptests.cc
dinit-0.19.0/src/tests/cptests/fuzz.cc
dinit-0.19.0/src/tests/cptests/meson.build
dinit-0.19.0/src/tests/envtests.cc
dinit-0.19.0/src/tests/loadtests.cc
dinit-0.19.0/src/tests/meson.build
dinit-0.19.0/src/tests/proctests.cc
dinit-0.19.0/src/tests/test-bpsys.cc
dinit-0.19.0/src/tests/test-dinit.cc
dinit-0.19.0/src/tests/test-includes/
dinit-0.19.0/src/tests/test-includes/baseproc-sys.h
dinit-0.19.0/src/tests/test-includes/dinit.h
dinit-0.19.0/src/tests/test-includes/file-input-stack.h
dinit-0.19.0/src/tests/test-run-child-proc.cc
dinit-0.19.0/src/tests/test-services/
dinit-0.19.0/src/tests/test-services/t1
dinit-0.19.0/src/tests/test-services/t2
dinit-0.19.0/src/tests/test-services/t3
dinit-0.19.0/src/tests/test_procservice.h
dinit-0.19.0/src/tests/test_service.h
dinit-0.19.0/src/tests/tests.cc
/home/omen/GITHUB/AUTO_SLACKBUILD/hacks/dinit/work
README or README.md already exists, skipping creation.
hm...lets continue and see what happens
Checking C++ compiler...
  ... g++
Checking whether "g++" is a working C++ compiler...
  ... Yes.
Checking whether the compiler/linker accepts -fsanitize=address,undefined...
  ... Yes.
Creating mconfig...
  ... done.
Done!
make -C build all
make[1]: Entering directory '/home/omen/GITHUB/AUTO_SLACKBUILD/hacks/dinit/work/dinit-0.19.0/build'
make -C tools mconfig-gen
make[2]: Entering directory '/home/omen/GITHUB/AUTO_SLACKBUILD/hacks/dinit/work/dinit-0.19.0/build/tools'
g++  -O2 -march=x86-64 -mtune=generic -fPIC  -o mconfig-gen mconfig-gen.cc  
make[2]: Leaving directory '/home/omen/GITHUB/AUTO_SLACKBUILD/hacks/dinit/work/dinit-0.19.0/build/tools'
./tools/mconfig-gen SBINDIR=/sbin SYSCONTROLSOCKET=/run/dinitctl \
	SHUTDOWN_PREFIX= VERSION=0.19.0 \
	DEFAULT_AUTO_RESTART=ALWAYS \
	DEFAULT_START_TIMEOUT=60 \
	DEFAULT_STOP_TIMEOUT=10 \
	SUPPORT_CGROUPS=1 \
	 \
	USE_INITGROUPS=1 > includes/mconfig.h
make[1]: Leaving directory '/home/omen/GITHUB/AUTO_SLACKBUILD/hacks/dinit/work/dinit-0.19.0/build'
make -C src all
make[1]: Entering directory '/home/omen/GITHUB/AUTO_SLACKBUILD/hacks/dinit/work/dinit-0.19.0/src'
g++  -O2 -march=x86-64 -mtune=generic -fPIC  -MMD -MP -Iincludes -I../dasynq/include -I../build/includes -c dinit.cc -o dinit.o
g++  -O2 -march=x86-64 -mtune=generic -fPIC  -MMD -MP -Iincludes -I../dasynq/include -I../build/includes -c load-service.cc -o load-service.o
g++  -O2 -march=x86-64 -mtune=generic -fPIC  -MMD -MP -Iincludes -I../dasynq/include -I../build/includes -c service.cc -o service.o
g++  -O2 -march=x86-64 -mtune=generic -fPIC  -MMD -MP -Iincludes -I../dasynq/include -I../build/includes -c proc-service.cc -o proc-service.o
g++  -O2 -march=x86-64 -mtune=generic -fPIC  -MMD -MP -Iincludes -I../dasynq/include -I../build/includes -c baseproc-service.cc -o baseproc-service.o
g++  -O2 -march=x86-64 -mtune=generic -fPIC  -MMD -MP -Iincludes -I../dasynq/include -I../build/includes -c control.cc -o control.o
g++  -O2 -march=x86-64 -mtune=generic -fPIC  -MMD -MP -Iincludes -I../dasynq/include -I../build/includes -c dinit-log.cc -o dinit-log.o
g++  -O2 -march=x86-64 -mtune=generic -fPIC  -MMD -MP -Iincludes -I../dasynq/include -I../build/includes -c dinit-main.cc -o dinit-main.o
g++  -O2 -march=x86-64 -mtune=generic -fPIC  -MMD -MP -Iincludes -I../dasynq/include -I../build/includes -c run-child-proc.cc -o run-child-proc.o
g++  -O2 -march=x86-64 -mtune=generic -fPIC  -MMD -MP -Iincludes -I../dasynq/include -I../build/includes -c options-processing.cc -o options-processing.o
g++  -O2 -march=x86-64 -mtune=generic -fPIC  -MMD -MP -Iincludes -I../dasynq/include -I../build/includes -c dinit-env.cc -o dinit-env.o
g++  -O2 -march=x86-64 -mtune=generic -fPIC  -MMD -MP -Iincludes -I../dasynq/include -I../build/includes -c settings.cc -o settings.o
g++  -O2 -march=x86-64 -mtune=generic -fPIC  -MMD -MP -Iincludes -I../dasynq/include -I../build/includes -c dinitctl.cc -o dinitctl.o
g++  -O2 -march=x86-64 -mtune=generic -fPIC  -MMD -MP -Iincludes -I../dasynq/include -I../build/includes -c dinitcheck.cc -o dinitcheck.o
g++  -O2 -march=x86-64 -mtune=generic -fPIC  -MMD -MP -Iincludes -I../dasynq/include -I../build/includes -c dinit-monitor.cc -o dinit-monitor.o
g++ -o dinit-monitor dinit-monitor.o  
In file included from ../dasynq/include/dasynq/daryheap.h:11,
                 from ../dasynq/include/dasynq/timerbase.h:10,
                 from ../dasynq/include/dasynq/timerfd.h:10,
                 from ../dasynq/include/dasynq.h:123,
                 from dinit-log.cc:8:
In member function ‘bool dasynq::svector<T>::change_capacity(size_type) [with T = dasynq::dary_heap<dasynq::v2::dprivate::empty_node, dasynq::stable_prio<int>, dasynq::compare_stable_prio<int, std::less<int> >, 4>::heap_node]’,
    inlined from ‘bool dasynq::svector<T>::ensure_capacity(size_type, bool) [with T = dasynq::dary_heap<dasynq::v2::dprivate::empty_node, dasynq::stable_prio<int>, dasynq::compare_stable_prio<int, std::less<int> >, 4>::heap_node]’ at ../dasynq/include/dasynq/svec.h:132:31,
    inlined from ‘void dasynq::svector<T>::reserve(size_t) [with T = dasynq::dary_heap<dasynq::v2::dprivate::empty_node, dasynq::stable_prio<int>, dasynq::compare_stable_prio<int, std::less<int> >, 4>::heap_node]’ at ../dasynq/include/dasynq/svec.h:235:29,
    inlined from ‘void dasynq::dary_heap<T, P, Compare, N>::allocate(handle_t&, U&& ...) [with U = {}; T = dasynq::v2::dprivate::empty_node; P = dasynq::stable_prio<int>; Compare = dasynq::compare_stable_prio<int, std::less<int> >; int N = 4]’ at ../dasynq/include/dasynq/daryheap.h:222:33,
    inlined from ‘void dasynq::stable_heap<H, T, P, C>::allocate(handle_t&, U&& ...) [with U = {}; H = dasynq::v2::dprivate::dary_heap_def; T = dasynq::v2::dprivate::empty_node; P = int; C = std::less<int>]’ at ../dasynq/include/dasynq/stableheap.h:80:23,
    inlined from ‘void dasynq::v2::dprivate::allocate_handle(prio_queue_emptynode&, dasynq::stable_heap<dary_heap_def, empty_node, int, std::less<int> >::handle_t&, base_watcher*)’ at ../dasynq/include/dasynq/basewatchers.h:190:19,
    inlined from ‘void dasynq::v2::dprivate::event_dispatch<Traits, LoopTraits>::prepare_watcher(dasynq::v2::dprivate::base_watcher*) [with Traits = dasynq::v2::epoll_traits; LoopTraits = dasynq::v2::default_traits<dasynq::null_mutex>]’ at ../dasynq/include/dasynq.h:463:28,
    inlined from ‘void dasynq::v2::event_loop<T_Mutex, Traits>::register_fd(base_fd_watcher*, int, int, bool, bool) [with T_Mutex = dasynq::null_mutex; Traits = dasynq::v2::default_traits<dasynq::null_mutex>]’ at ../dasynq/include/dasynq.h:810:34,
    inlined from ‘void dasynq::v2::dprivate::fd_watcher<T_Loop>::add_watch(event_loop_t&, int, int, bool, int) [with EventLoop = dasynq::v2::event_loop<dasynq::null_mutex>]’ at ../dasynq/include/dasynq.h:1704:26,
    inlined from ‘void init_log(bool)’ at dinit-log.cc:289:36:
../dasynq/include/dasynq/svec.h:96:32: warning: argument 1 value ‘18446744073709551600’ exceeds maximum object size 9223372036854775807 [-Walloc-size-larger-than=]
   96 |         T *new_storage = (T *)(new (std::nothrow) char[c * sizeof(T)]);
      |                               ~^~~~~~~~~~~~~~~~~~~~~~~~~~~~~~~~~~~~~~~
In file included from /usr/include/c++/14.2.0/bits/stl_tempbuf.h:59,
                 from /usr/include/c++/14.2.0/bits/stl_algo.h:69,
                 from /usr/include/c++/14.2.0/algorithm:61,
                 from dinit-log.cc:1:
/usr/include/c++/14.2.0/new: In function ‘void init_log(bool)’:
/usr/include/c++/14.2.0/new:147:26: note: in a call to allocation function ‘void* operator new [](std::size_t, const std::nothrow_t&)’ declared here
  147 | _GLIBCXX_NODISCARD void* operator new[](std::size_t, const std::nothrow_t&) _GLIBCXX_USE_NOEXCEPT
      |                          ^~~~~~~~
In member function ‘bool dasynq::svector<T>::change_capacity(size_type) [with T = dasynq::dary_heap<dasynq::v2::dprivate::empty_node, dasynq::stable_prio<int>, dasynq::compare_stable_prio<int, std::less<int> >, 4>::heap_node]’,
    inlined from ‘bool dasynq::svector<T>::ensure_capacity(size_type, bool) [with T = dasynq::dary_heap<dasynq::v2::dprivate::empty_node, dasynq::stable_prio<int>, dasynq::compare_stable_prio<int, std::less<int> >, 4>::heap_node]’ at ../dasynq/include/dasynq/svec.h:132:31,
    inlined from ‘void dasynq::svector<T>::reserve(size_t) [with T = dasynq::dary_heap<dasynq::v2::dprivate::empty_node, dasynq::stable_prio<int>, dasynq::compare_stable_prio<int, std::less<int> >, 4>::heap_node]’ at ../dasynq/include/dasynq/svec.h:235:29,
    inlined from ‘void dasynq::dary_heap<T, P, Compare, N>::allocate(handle_t&, U&& ...) [with U = {}; T = dasynq::v2::dprivate::empty_node; P = dasynq::stable_prio<int>; Compare = dasynq::compare_stable_prio<int, std::less<int> >; int N = 4]’ at ../dasynq/include/dasynq/daryheap.h:222:33,
    inlined from ‘void dasynq::stable_heap<H, T, P, C>::allocate(handle_t&, U&& ...) [with U = {}; H = dasynq::v2::dprivate::dary_heap_def; T = dasynq::v2::dprivate::empty_node; P = int; C = std::less<int>]’ at ../dasynq/include/dasynq/stableheap.h:80:23,
    inlined from ‘void dasynq::v2::dprivate::allocate_handle(prio_queue_emptynode&, dasynq::stable_heap<dary_heap_def, empty_node, int, std::less<int> >::handle_t&, base_watcher*)’ at ../dasynq/include/dasynq/basewatchers.h:190:19,
    inlined from ‘void dasynq::v2::dprivate::event_dispatch<Traits, LoopTraits>::prepare_watcher(dasynq::v2::dprivate::base_watcher*) [with Traits = dasynq::v2::epoll_traits; LoopTraits = dasynq::v2::default_traits<dasynq::null_mutex>]’ at ../dasynq/include/dasynq.h:463:28,
    inlined from ‘void dasynq::v2::event_loop<T_Mutex, Traits>::register_fd(base_fd_watcher*, int, int, bool, bool) [with T_Mutex = dasynq::null_mutex; Traits = dasynq::v2::default_traits<dasynq::null_mutex>]’ at ../dasynq/include/dasynq.h:810:34,
    inlined from ‘void dasynq::v2::dprivate::fd_watcher<T_Loop>::add_watch(event_loop_t&, int, int, bool, int) [with EventLoop = dasynq::v2::event_loop<dasynq::null_mutex>]’ at ../dasynq/include/dasynq.h:1704:26,
    inlined from ‘void setup_main_log(int)’ at dinit-log.cc:314:36:
../dasynq/include/dasynq/svec.h:96:32: warning: argument 1 value ‘18446744073709551600’ exceeds maximum object size 9223372036854775807 [-Walloc-size-larger-than=]
   96 |         T *new_storage = (T *)(new (std::nothrow) char[c * sizeof(T)]);
      |                               ~^~~~~~~~~~~~~~~~~~~~~~~~~~~~~~~~~~~~~~~
/usr/include/c++/14.2.0/new: In function ‘void setup_main_log(int)’:
/usr/include/c++/14.2.0/new:147:26: note: in a call to allocation function ‘void* operator new [](std::size_t, const std::nothrow_t&)’ declared here
  147 | _GLIBCXX_NODISCARD void* operator new[](std::size_t, const std::nothrow_t&) _GLIBCXX_USE_NOEXCEPT
      |                          ^~~~~~~~
In file included from ../dasynq/include/dasynq/daryheap.h:11,
                 from ../dasynq/include/dasynq/timerbase.h:10,
                 from ../dasynq/include/dasynq/timerfd.h:10,
                 from ../dasynq/include/dasynq.h:123,
                 from dinit.cc:26:
In member function ‘bool dasynq::svector<T>::change_capacity(size_type) [with T = dasynq::dary_heap<dasynq::v2::dprivate::empty_node, dasynq::stable_prio<int>, dasynq::compare_stable_prio<int, std::less<int> >, 4>::heap_node]’,
    inlined from ‘bool dasynq::svector<T>::ensure_capacity(size_type, bool) [with T = dasynq::dary_heap<dasynq::v2::dprivate::empty_node, dasynq::stable_prio<int>, dasynq::compare_stable_prio<int, std::less<int> >, 4>::heap_node]’ at ../dasynq/include/dasynq/svec.h:132:31,
    inlined from ‘void dasynq::svector<T>::reserve(size_t) [with T = dasynq::dary_heap<dasynq::v2::dprivate::empty_node, dasynq::stable_prio<int>, dasynq::compare_stable_prio<int, std::less<int> >, 4>::heap_node]’ at ../dasynq/include/dasynq/svec.h:235:29,
    inlined from ‘void dasynq::dary_heap<T, P, Compare, N>::allocate(handle_t&, U&& ...) [with U = {}; T = dasynq::v2::dprivate::empty_node; P = dasynq::stable_prio<int>; Compare = dasynq::compare_stable_prio<int, std::less<int> >; int N = 4]’ at ../dasynq/include/dasynq/daryheap.h:222:33:
../dasynq/include/dasynq/svec.h:96:32: warning: argument 1 value ‘18446744073709551600’ exceeds maximum object size 9223372036854775807 [-Walloc-size-larger-than=]
   96 |         T *new_storage = (T *)(new (std::nothrow) char[c * sizeof(T)]);
      |                               ~^~~~~~~~~~~~~~~~~~~~~~~~~~~~~~~~~~~~~~~
In file included from /usr/include/c++/14.2.0/bits/exception_ptr.h:38,
                 from /usr/include/c++/14.2.0/exception:166,
                 from /usr/include/c++/14.2.0/ios:41,
                 from /usr/include/c++/14.2.0/ostream:40,
                 from /usr/include/c++/14.2.0/iostream:41,
                 from dinit.cc:1:
/usr/include/c++/14.2.0/new: In member function ‘void dasynq::dary_heap<T, P, Compare, N>::allocate(handle_t&, U&& ...) [with U = {}; T = dasynq::v2::dprivate::empty_node; P = dasynq::stable_prio<int>; Compare = dasynq::compare_stable_prio<int, std::less<int> >; int N = 4]’:
/usr/include/c++/14.2.0/new:147:26: note: in a call to allocation function ‘void* operator new [](std::size_t, const std::nothrow_t&)’ declared here
  147 | _GLIBCXX_NODISCARD void* operator new[](std::size_t, const std::nothrow_t&) _GLIBCXX_USE_NOEXCEPT
      |                          ^~~~~~~~
In member function ‘bool dasynq::svector<T>::change_capacity(size_type) [with T = dasynq::dary_heap<dasynq::v2::dprivate::empty_node, dasynq::stable_prio<int>, dasynq::compare_stable_prio<int, std::less<int> >, 4>::heap_node]’,
    inlined from ‘bool dasynq::svector<T>::ensure_capacity(size_type, bool) [with T = dasynq::dary_heap<dasynq::v2::dprivate::empty_node, dasynq::stable_prio<int>, dasynq::compare_stable_prio<int, std::less<int> >, 4>::heap_node]’ at ../dasynq/include/dasynq/svec.h:132:31,
    inlined from ‘void dasynq::svector<T>::reserve(size_t) [with T = dasynq::dary_heap<dasynq::v2::dprivate::empty_node, dasynq::stable_prio<int>, dasynq::compare_stable_prio<int, std::less<int> >, 4>::heap_node]’ at ../dasynq/include/dasynq/svec.h:235:29,
    inlined from ‘void dasynq::dary_heap<T, P, Compare, N>::allocate(handle_t&, U&& ...) [with U = {}; T = dasynq::v2::dprivate::empty_node; P = dasynq::stable_prio<int>; Compare = dasynq::compare_stable_prio<int, std::less<int> >; int N = 4]’ at ../dasynq/include/dasynq/daryheap.h:222:33,
    inlined from ‘void dasynq::stable_heap<H, T, P, C>::allocate(handle_t&, U&& ...) [with U = {}; H = dasynq::v2::dprivate::dary_heap_def; T = dasynq::v2::dprivate::empty_node; P = int; C = std::less<int>]’ at ../dasynq/include/dasynq/stableheap.h:80:23,
    inlined from ‘void dasynq::v2::dprivate::allocate_handle(prio_queue_emptynode&, dasynq::stable_heap<dary_heap_def, empty_node, int, std::less<int> >::handle_t&, base_watcher*)’ at ../dasynq/include/dasynq/basewatchers.h:190:19,
    inlined from ‘void dasynq::v2::dprivate::event_dispatch<Traits, LoopTraits>::prepare_watcher(dasynq::v2::dprivate::base_watcher*) [with Traits = dasynq::v2::epoll_traits; LoopTraits = dasynq::v2::default_traits<dasynq::null_mutex>]’ at ../dasynq/include/dasynq.h:463:28,
    inlined from ‘void dasynq::v2::event_loop<T_Mutex, Traits>::register_timer(base_timer_watcher*, dasynq::clock_type) [with T_Mutex = dasynq::null_mutex; Traits = dasynq::v2::default_traits<dasynq::null_mutex>]’ at ../dasynq/include/dasynq.h:1033:34:
../dasynq/include/dasynq/svec.h:96:32: warning: argument 1 value ‘18446744073709551600’ exceeds maximum object size 9223372036854775807 [-Walloc-size-larger-than=]
   96 |         T *new_storage = (T *)(new (std::nothrow) char[c * sizeof(T)]);
      |                               ~^~~~~~~~~~~~~~~~~~~~~~~~~~~~~~~~~~~~~~~
/usr/include/c++/14.2.0/new: In member function ‘void dasynq::v2::event_loop<T_Mutex, Traits>::register_timer(base_timer_watcher*, dasynq::clock_type) [with T_Mutex = dasynq::null_mutex; Traits = dasynq::v2::default_traits<dasynq::null_mutex>]’:
/usr/include/c++/14.2.0/new:147:26: note: in a call to allocation function ‘void* operator new [](std::size_t, const std::nothrow_t&)’ declared here
  147 | _GLIBCXX_NODISCARD void* operator new[](std::size_t, const std::nothrow_t&) _GLIBCXX_USE_NOEXCEPT
      |                          ^~~~~~~~
In member function ‘bool dasynq::svector<T>::change_capacity(size_type) [with T = dasynq::dary_heap<dasynq::timer_data, dasynq::time_val, dasynq::compare_timespec>::heap_node]’,
    inlined from ‘bool dasynq::svector<T>::ensure_capacity(size_type, bool) [with T = dasynq::dary_heap<dasynq::timer_data, dasynq::time_val, dasynq::compare_timespec>::heap_node]’ at ../dasynq/include/dasynq/svec.h:132:31,
    inlined from ‘void dasynq::svector<T>::reserve(size_t) [with T = dasynq::dary_heap<dasynq::timer_data, dasynq::time_val, dasynq::compare_timespec>::heap_node]’ at ../dasynq/include/dasynq/svec.h:235:29,
    inlined from ‘void dasynq::dary_heap<T, P, Compare, N>::allocate(handle_t&, U&& ...) [with U = {void*&}; T = dasynq::timer_data; P = dasynq::time_val; Compare = dasynq::compare_timespec; int N = 4]’ at ../dasynq/include/dasynq/daryheap.h:222:33,
    inlined from ‘void dasynq::timer_base<Base>::add_timer_nolock(dasynq::timer_handle_t&, void*, dasynq::clock_type) [with Base = dasynq::v2::child_proc_events<dasynq::v2::dprivate::event_dispatch<dasynq::v2::epoll_traits, dasynq::v2::default_traits<dasynq::null_mutex> > >]’ at ../dasynq/include/dasynq/timerbase.h:475:46,
    inlined from ‘void dasynq::v2::event_loop<T_Mutex, Traits>::register_timer(base_timer_watcher*, dasynq::clock_type) [with T_Mutex = dasynq::null_mutex; Traits = dasynq::v2::default_traits<dasynq::null_mutex>]’ at ../dasynq/include/dasynq.h:1035:39:
../dasynq/include/dasynq/svec.h:96:32: warning: argument 1 value ‘18446744073709551600’ exceeds maximum object size 9223372036854775807 [-Walloc-size-larger-than=]
   96 |         T *new_storage = (T *)(new (std::nothrow) char[c * sizeof(T)]);
      |                               ~^~~~~~~~~~~~~~~~~~~~~~~~~~~~~~~~~~~~~~~
/usr/include/c++/14.2.0/new: In member function ‘void dasynq::v2::event_loop<T_Mutex, Traits>::register_timer(base_timer_watcher*, dasynq::clock_type) [with T_Mutex = dasynq::null_mutex; Traits = dasynq::v2::default_traits<dasynq::null_mutex>]’:
/usr/include/c++/14.2.0/new:147:26: note: in a call to allocation function ‘void* operator new [](std::size_t, const std::nothrow_t&)’ declared here
  147 | _GLIBCXX_NODISCARD void* operator new[](std::size_t, const std::nothrow_t&) _GLIBCXX_USE_NOEXCEPT
      |                          ^~~~~~~~
In file included from ../dasynq/include/dasynq/daryheap.h:11,
                 from ../dasynq/include/dasynq/timerbase.h:10,
                 from ../dasynq/include/dasynq/timerfd.h:10,
                 from ../dasynq/include/dasynq.h:123,
                 from includes/dinit.h:4,
                 from proc-service.cc:7:
In member function ‘bool dasynq::svector<T>::change_capacity(size_type) [with T = dasynq::dary_heap<dasynq::v2::dprivate::empty_node, dasynq::stable_prio<int>, dasynq::compare_stable_prio<int, std::less<int> >, 4>::heap_node]’,
    inlined from ‘bool dasynq::svector<T>::ensure_capacity(size_type, bool) [with T = dasynq::dary_heap<dasynq::v2::dprivate::empty_node, dasynq::stable_prio<int>, dasynq::compare_stable_prio<int, std::less<int> >, 4>::heap_node]’ at ../dasynq/include/dasynq/svec.h:132:31,
    inlined from ‘void dasynq::svector<T>::reserve(size_t) [with T = dasynq::dary_heap<dasynq::v2::dprivate::empty_node, dasynq::stable_prio<int>, dasynq::compare_stable_prio<int, std::less<int> >, 4>::heap_node]’ at ../dasynq/include/dasynq/svec.h:235:29,
    inlined from ‘void dasynq::dary_heap<T, P, Compare, N>::allocate(handle_t&, U&& ...) [with U = {}; T = dasynq::v2::dprivate::empty_node; P = dasynq::stable_prio<int>; Compare = dasynq::compare_stable_prio<int, std::less<int> >; int N = 4]’ at ../dasynq/include/dasynq/daryheap.h:222:33:
../dasynq/include/dasynq/svec.h:96:32: warning: argument 1 value ‘18446744073709551600’ exceeds maximum object size 9223372036854775807 [-Walloc-size-larger-than=]
   96 |         T *new_storage = (T *)(new (std::nothrow) char[c * sizeof(T)]);
      |                               ~^~~~~~~~~~~~~~~~~~~~~~~~~~~~~~~~~~~~~~~
In file included from /usr/include/c++/14.2.0/bits/std_function.h:39,
                 from /usr/include/c++/14.2.0/functional:59,
                 from ../dasynq/include/dasynq/stableheap.h:11,
                 from ../dasynq/include/dasynq.h:7:
/usr/include/c++/14.2.0/new: In member function ‘void dasynq::dary_heap<T, P, Compare, N>::allocate(handle_t&, U&& ...) [with U = {}; T = dasynq::v2::dprivate::empty_node; P = dasynq::stable_prio<int>; Compare = dasynq::compare_stable_prio<int, std::less<int> >; int N = 4]’:
/usr/include/c++/14.2.0/new:147:26: note: in a call to allocation function ‘void* operator new [](std::size_t, const std::nothrow_t&)’ declared here
  147 | _GLIBCXX_NODISCARD void* operator new[](std::size_t, const std::nothrow_t&) _GLIBCXX_USE_NOEXCEPT
      |                          ^~~~~~~~
In file included from ../dasynq/include/dasynq/daryheap.h:11,
                 from ../dasynq/include/dasynq/timerbase.h:10,
                 from ../dasynq/include/dasynq/timerfd.h:10,
                 from ../dasynq/include/dasynq.h:123,
                 from includes/dinit.h:4,
                 from baseproc-service.cc:10:
In member function ‘bool dasynq::svector<T>::change_capacity(size_type) [with T = dasynq::dary_heap<dasynq::v2::dprivate::empty_node, dasynq::stable_prio<int>, dasynq::compare_stable_prio<int, std::less<int> >, 4>::heap_node]’,
    inlined from ‘bool dasynq::svector<T>::ensure_capacity(size_type, bool) [with T = dasynq::dary_heap<dasynq::v2::dprivate::empty_node, dasynq::stable_prio<int>, dasynq::compare_stable_prio<int, std::less<int> >, 4>::heap_node]’ at ../dasynq/include/dasynq/svec.h:132:31,
    inlined from ‘void dasynq::svector<T>::reserve(size_t) [with T = dasynq::dary_heap<dasynq::v2::dprivate::empty_node, dasynq::stable_prio<int>, dasynq::compare_stable_prio<int, std::less<int> >, 4>::heap_node]’ at ../dasynq/include/dasynq/svec.h:235:29,
    inlined from ‘void dasynq::dary_heap<T, P, Compare, N>::allocate(handle_t&, U&& ...) [with U = {}; T = dasynq::v2::dprivate::empty_node; P = dasynq::stable_prio<int>; Compare = dasynq::compare_stable_prio<int, std::less<int> >; int N = 4]’ at ../dasynq/include/dasynq/daryheap.h:222:33:
../dasynq/include/dasynq/svec.h:96:32: warning: argument 1 value ‘18446744073709551600’ exceeds maximum object size 9223372036854775807 [-Walloc-size-larger-than=]
   96 |         T *new_storage = (T *)(new (std::nothrow) char[c * sizeof(T)]);
      |                               ~^~~~~~~~~~~~~~~~~~~~~~~~~~~~~~~~~~~~~~~
In file included from /usr/include/c++/14.2.0/bits/std_function.h:39,
                 from /usr/include/c++/14.2.0/functional:59,
                 from ../dasynq/include/dasynq/stableheap.h:11,
                 from ../dasynq/include/dasynq.h:7:
/usr/include/c++/14.2.0/new: In member function ‘void dasynq::dary_heap<T, P, Compare, N>::allocate(handle_t&, U&& ...) [with U = {}; T = dasynq::v2::dprivate::empty_node; P = dasynq::stable_prio<int>; Compare = dasynq::compare_stable_prio<int, std::less<int> >; int N = 4]’:
/usr/include/c++/14.2.0/new:147:26: note: in a call to allocation function ‘void* operator new [](std::size_t, const std::nothrow_t&)’ declared here
  147 | _GLIBCXX_NODISCARD void* operator new[](std::size_t, const std::nothrow_t&) _GLIBCXX_USE_NOEXCEPT
      |                          ^~~~~~~~
In member function ‘bool dasynq::svector<T>::change_capacity(size_type) [with T = dasynq::dary_heap<dasynq::v2::dprivate::empty_node, dasynq::stable_prio<int>, dasynq::compare_stable_prio<int, std::less<int> >, 4>::heap_node]’,
    inlined from ‘bool dasynq::svector<T>::ensure_capacity(size_type, bool) [with T = dasynq::dary_heap<dasynq::v2::dprivate::empty_node, dasynq::stable_prio<int>, dasynq::compare_stable_prio<int, std::less<int> >, 4>::heap_node]’ at ../dasynq/include/dasynq/svec.h:132:31,
    inlined from ‘void dasynq::svector<T>::reserve(size_t) [with T = dasynq::dary_heap<dasynq::v2::dprivate::empty_node, dasynq::stable_prio<int>, dasynq::compare_stable_prio<int, std::less<int> >, 4>::heap_node]’ at ../dasynq/include/dasynq/svec.h:235:29,
    inlined from ‘void dasynq::dary_heap<T, P, Compare, N>::allocate(handle_t&, U&& ...) [with U = {}; T = dasynq::v2::dprivate::empty_node; P = dasynq::stable_prio<int>; Compare = dasynq::compare_stable_prio<int, std::less<int> >; int N = 4]’ at ../dasynq/include/dasynq/daryheap.h:222:33,
    inlined from ‘void dasynq::stable_heap<H, T, P, C>::allocate(handle_t&, U&& ...) [with U = {}; H = dasynq::v2::dprivate::dary_heap_def; T = dasynq::v2::dprivate::empty_node; P = int; C = std::less<int>]’ at ../dasynq/include/dasynq/stableheap.h:80:23,
    inlined from ‘void dasynq::v2::dprivate::allocate_handle(prio_queue_emptynode&, dasynq::stable_heap<dary_heap_def, empty_node, int, std::less<int> >::handle_t&, base_watcher*)’ at ../dasynq/include/dasynq/basewatchers.h:190:19,
    inlined from ‘void dasynq::v2::dprivate::event_dispatch<Traits, LoopTraits>::prepare_watcher(dasynq::v2::dprivate::base_watcher*) [with Traits = dasynq::v2::epoll_traits; LoopTraits = dasynq::v2::default_traits<dasynq::null_mutex>]’ at ../dasynq/include/dasynq.h:463:28,
    inlined from ‘void dasynq::v2::event_loop<T_Mutex, Traits>::register_timer(base_timer_watcher*, dasynq::clock_type) [with T_Mutex = dasynq::null_mutex; Traits = dasynq::v2::default_traits<dasynq::null_mutex>]’ at ../dasynq/include/dasynq.h:1033:34:
../dasynq/include/dasynq/svec.h:96:32: warning: argument 1 value ‘18446744073709551600’ exceeds maximum object size 9223372036854775807 [-Walloc-size-larger-than=]
   96 |         T *new_storage = (T *)(new (std::nothrow) char[c * sizeof(T)]);
      |                               ~^~~~~~~~~~~~~~~~~~~~~~~~~~~~~~~~~~~~~~~
/usr/include/c++/14.2.0/new: In member function ‘void dasynq::v2::event_loop<T_Mutex, Traits>::register_timer(base_timer_watcher*, dasynq::clock_type) [with T_Mutex = dasynq::null_mutex; Traits = dasynq::v2::default_traits<dasynq::null_mutex>]’:
/usr/include/c++/14.2.0/new:147:26: note: in a call to allocation function ‘void* operator new [](std::size_t, const std::nothrow_t&)’ declared here
  147 | _GLIBCXX_NODISCARD void* operator new[](std::size_t, const std::nothrow_t&) _GLIBCXX_USE_NOEXCEPT
      |                          ^~~~~~~~
In member function ‘bool dasynq::svector<T>::change_capacity(size_type) [with T = dasynq::dary_heap<dasynq::timer_data, dasynq::time_val, dasynq::compare_timespec>::heap_node]’,
    inlined from ‘bool dasynq::svector<T>::ensure_capacity(size_type, bool) [with T = dasynq::dary_heap<dasynq::timer_data, dasynq::time_val, dasynq::compare_timespec>::heap_node]’ at ../dasynq/include/dasynq/svec.h:132:31,
    inlined from ‘void dasynq::svector<T>::reserve(size_t) [with T = dasynq::dary_heap<dasynq::timer_data, dasynq::time_val, dasynq::compare_timespec>::heap_node]’ at ../dasynq/include/dasynq/svec.h:235:29,
    inlined from ‘void dasynq::dary_heap<T, P, Compare, N>::allocate(handle_t&, U&& ...) [with U = {void*&}; T = dasynq::timer_data; P = dasynq::time_val; Compare = dasynq::compare_timespec; int N = 4]’ at ../dasynq/include/dasynq/daryheap.h:222:33,
    inlined from ‘void dasynq::timer_base<Base>::add_timer_nolock(dasynq::timer_handle_t&, void*, dasynq::clock_type) [with Base = dasynq::v2::child_proc_events<dasynq::v2::dprivate::event_dispatch<dasynq::v2::epoll_traits, dasynq::v2::default_traits<dasynq::null_mutex> > >]’ at ../dasynq/include/dasynq/timerbase.h:475:46,
    inlined from ‘void dasynq::v2::event_loop<T_Mutex, Traits>::register_timer(base_timer_watcher*, dasynq::clock_type) [with T_Mutex = dasynq::null_mutex; Traits = dasynq::v2::default_traits<dasynq::null_mutex>]’ at ../dasynq/include/dasynq.h:1035:39:
../dasynq/include/dasynq/svec.h:96:32: warning: argument 1 value ‘18446744073709551600’ exceeds maximum object size 9223372036854775807 [-Walloc-size-larger-than=]
   96 |         T *new_storage = (T *)(new (std::nothrow) char[c * sizeof(T)]);
      |                               ~^~~~~~~~~~~~~~~~~~~~~~~~~~~~~~~~~~~~~~~
/usr/include/c++/14.2.0/new: In member function ‘void dasynq::v2::event_loop<T_Mutex, Traits>::register_timer(base_timer_watcher*, dasynq::clock_type) [with T_Mutex = dasynq::null_mutex; Traits = dasynq::v2::default_traits<dasynq::null_mutex>]’:
/usr/include/c++/14.2.0/new:147:26: note: in a call to allocation function ‘void* operator new [](std::size_t, const std::nothrow_t&)’ declared here
  147 | _GLIBCXX_NODISCARD void* operator new[](std::size_t, const std::nothrow_t&) _GLIBCXX_USE_NOEXCEPT
      |                          ^~~~~~~~
g++ -o dinitctl dinitctl.o options-processing.o settings.o  
g++ -o dinit dinit.o load-service.o service.o proc-service.o baseproc-service.o control.o dinit-log.o dinit-main.o run-child-proc.o options-processing.o dinit-env.o settings.o  
g++ -o dinitcheck dinitcheck.o options-processing.o settings.o  
make[1]: Leaving directory '/home/omen/GITHUB/AUTO_SLACKBUILD/hacks/dinit/work/dinit-0.19.0/src'
make -C doc/manpages all
make[1]: Entering directory '/home/omen/GITHUB/AUTO_SLACKBUILD/hacks/dinit/work/dinit-0.19.0/doc/manpages'
m4 -DVERSION=0.19.0 -DMONTH=September -DYEAR=2024 -DSHUTDOWN_PREFIX= dinit.8.m4 > dinit.8
m4 -DVERSION=0.19.0 -DMONTH=September -DYEAR=2024 -DSHUTDOWN_PREFIX= dinitctl.8.m4 > dinitctl.8
m4 -DVERSION=0.19.0 -DMONTH=September -DYEAR=2024 dinitcheck.8.m4 > dinitcheck.8
m4 -DVERSION=0.19.0 -DMONTH=September -DYEAR=2024 dinit-monitor.8.m4 > dinit-monitor.8
m4 -DVERSION=0.19.0 -DMONTH=September -DYEAR=2024 -DDEFAULT_AUTO_RESTART=ALWAYS\
   -DDEFAULT_START_TIMEOUT=60\
   -DDEFAULT_STOP_TIMEOUT=10 dinit-service.5.m4 > dinit-service.5
m4 -DVERSION=0.19.0 -DMONTH=September -DYEAR=2024 -DSHUTDOWN_PREFIX= shutdown.8.m4 > shutdown.8
make[1]: Leaving directory '/home/omen/GITHUB/AUTO_SLACKBUILD/hacks/dinit/work/dinit-0.19.0/doc/manpages'
***
*** Build complete; use "make check" to run unit tests, "make check-igr" for
*** integration tests, or "make install" to install.
***
make -C src check
make[1]: Entering directory '/home/omen/GITHUB/AUTO_SLACKBUILD/hacks/dinit/work/dinit-0.19.0/src'
make -C tests check
make[2]: Entering directory '/home/omen/GITHUB/AUTO_SLACKBUILD/hacks/dinit/work/dinit-0.19.0/src/tests'
g++  -O2 -march=x86-64 -mtune=generic -fPIC -fsanitize=address,undefined  -MMD -MP -Itest-includes -I../../dasynq/include -I../../build/includes -I../includes -c ../service.cc -o service.o
g++  -O2 -march=x86-64 -mtune=generic -fPIC -fsanitize=address,undefined  -MMD -MP -Itest-includes -I../../dasynq/include -I../../build/includes -I../includes -c ../proc-service.cc -o proc-service.o
g++  -O2 -march=x86-64 -mtune=generic -fPIC -fsanitize=address,undefined  -MMD -MP -Itest-includes -I../../dasynq/include -I../../build/includes -I../includes -c ../dinit-log.cc -o dinit-log.o
g++  -O2 -march=x86-64 -mtune=generic -fPIC -fsanitize=address,undefined  -MMD -MP -Itest-includes -I../../dasynq/include -I../../build/includes -I../includes -c ../load-service.cc -o load-service.o
g++  -O2 -march=x86-64 -mtune=generic -fPIC -fsanitize=address,undefined  -MMD -MP -Itest-includes -I../../dasynq/include -I../../build/includes -I../includes -c ../baseproc-service.cc -o baseproc-service.o
g++  -O2 -march=x86-64 -mtune=generic -fPIC -fsanitize=address,undefined  -MMD -MP -Itest-includes -I../../dasynq/include -I../../build/includes -I../includes -c ../dinit-env.cc -o dinit-env.o
g++  -O2 -march=x86-64 -mtune=generic -fPIC -fsanitize=address,undefined  -MMD -MP -Itest-includes -I../../dasynq/include -I../../build/includes -I../includes -c ../control.cc -o control.o
g++  -O2 -march=x86-64 -mtune=generic -fPIC -fsanitize=address,undefined  -MMD -MP -Itest-includes -I../../dasynq/include -I../../build/includes -I../includes -c ../settings.cc -o settings.o
g++  -O2 -march=x86-64 -mtune=generic -fPIC -fsanitize=address,undefined  -MMD -MP -Itest-includes -I../../dasynq/include -I../../build/includes -I../includes -c tests.cc -o tests.o
g++  -O2 -march=x86-64 -mtune=generic -fPIC -fsanitize=address,undefined  -MMD -MP -Itest-includes -I../../dasynq/include -I../../build/includes -I../includes -c test-dinit.cc -o test-dinit.o
g++  -O2 -march=x86-64 -mtune=generic -fPIC -fsanitize=address,undefined  -MMD -MP -Itest-includes -I../../dasynq/include -I../../build/includes -I../includes -c test-bpsys.cc -o test-bpsys.o
g++  -O2 -march=x86-64 -mtune=generic -fPIC -fsanitize=address,undefined  -MMD -MP -Itest-includes -I../../dasynq/include -I../../build/includes -I../includes -c test-run-child-proc.cc -o test-run-child-proc.o
g++  -O2 -march=x86-64 -mtune=generic -fPIC -fsanitize=address,undefined  -MMD -MP -Itest-includes -I../../dasynq/include -I../../build/includes -I../includes -c proctests.cc -o proctests.o
g++  -O2 -march=x86-64 -mtune=generic -fPIC -fsanitize=address,undefined  -MMD -MP -Itest-includes -I../../dasynq/include -I../../build/includes -I../includes -c loadtests.cc -o loadtests.o
g++  -O2 -march=x86-64 -mtune=generic -fPIC -fsanitize=address,undefined  -MMD -MP -Itest-includes -I../../dasynq/include -I../../build/includes -I../includes -c envtests.cc -o envtests.o
g++ -o tests service.o proc-service.o dinit-log.o load-service.o baseproc-service.o dinit-env.o control.o settings.o tests.o test-dinit.o test-bpsys.o test-run-child-proc.o  -fsanitize=address,undefined 
g++ -o proctests service.o proc-service.o dinit-log.o load-service.o baseproc-service.o dinit-env.o control.o settings.o proctests.o test-dinit.o test-bpsys.o test-run-child-proc.o  -fsanitize=address,undefined 
g++ -o envtests service.o proc-service.o dinit-log.o load-service.o baseproc-service.o dinit-env.o control.o settings.o envtests.o test-dinit.o test-bpsys.o test-run-child-proc.o  -fsanitize=address,undefined 
g++ -o loadtests service.o proc-service.o dinit-log.o load-service.o baseproc-service.o dinit-env.o control.o settings.o loadtests.o test-dinit.o test-bpsys.o test-run-child-proc.o  -fsanitize=address,undefined 
make -C cptests build-tests
make[3]: Entering directory '/home/omen/GITHUB/AUTO_SLACKBUILD/hacks/dinit/work/dinit-0.19.0/src/tests/cptests'
g++  -O2 -march=x86-64 -mtune=generic -fPIC -fsanitize=address,undefined  -MMD -MP -I../test-includes -I../../../dasynq/include -I../../../build/includes -I../../includes -c cptests.cc -o cptests.o
g++ -o cptests cptests.o ../test-bpsys.o ../test-dinit.o ../test-run-child-proc.o ../control.o ../dinit-log.o ../service.o ../load-service.o ../proc-service.o ../baseproc-service.o ../dinit-env.o ../settings.o  -fsanitize=address,undefined 
make[3]: Leaving directory '/home/omen/GITHUB/AUTO_SLACKBUILD/hacks/dinit/work/dinit-0.19.0/src/tests/cptests'
./tests
basic_test1...               PASSED
basic_test2...               PASSED
basic_test3...               PASSED
basic_test4...               PASSED
basic_test5...               PASSED
basic_test6...               PASSED
basic_test7...               PASSED
basic_test8...               PASSED
basic_test9...               PASSED
basic_test10...              PASSED
test_pin1...                 PASSED
test_pin2...                 PASSED
test_pin3...                 PASSED
test_pin4...                 PASSED
test_pin5...                 PASSED
test_pin6...                 PASSED
test_pin7...                 PASSED
test_pin8...                 PASSED
test_pin9...                 PASSED
test_pin10...                PASSED
test_softdep1...             PASSED
test_softdep2...             PASSED
test_softdep3...             PASSED
test_softdep4...             PASSED
test_softdep5...             PASSED
test_softdep6...             PASSED
test_softdep7...             PASSED
test_softdep8...             PASSED
test_other1...               PASSED
test_other2...               PASSED
test_other3...               PASSED
test_other4...               PASSED
test_other5...               PASSED
test_other6...               PASSED
test_log1...                 PASSED
test_log2...                 PASSED
test_order1...               PASSED
test_order2...               PASSED
test_order3...               PASSED
test_restart_stop1...        PASSED
test_restart_stop2...        PASSED
test_restart_stop3...        PASSED
test_restart_stop4...        PASSED
test_release_from_failed...  PASSED
./proctests
test_proc_service_start...    PASSED
test_proc_notify_start...     PASSED
test_proc_unexpected_term...  PASSED
test_proc_term_start...       PASSED
test_proc_term_restart...     PASSED
test_proc_term_restart2...    PASSED
test_proc_term_restart3...    PASSED
test_proc_term_restart4...    PASSED
test_proc_term_restart5...    PASSED
test_proc_term_restart6...    PASSED
test_proc_term_restart_fail...PASSED
test_term_via_stop...         PASSED
test_term_via_stop2...        PASSED
test_term_via_stop3...        PASSED
test_proc_start_timeout...    PASSED
test_proc_start_timeout2...   PASSED
test_proc_start_execfail...   PASSED
test_proc_notify_fail...      PASSED
test_proc_stop_timeout...     PASSED
test_proc_smooth_recovery1... PASSED
test_proc_smooth_recovery2... PASSED
test_proc_smooth_recovery3... PASSED
test_proc_smooth_recovery4... PASSED
test_proc_smooth_recovery5... PASSED
test_proc_smooth_recovery6... PASSED
test_proc_smooth_recovery6a...PASSED
test_bgproc_start...          PASSED
test_bgproc_start_fail...     PASSED
test_bgproc_start_fail_pid... PASSED
test_bgproc_unexpected_term...PASSED
test_bgproc_smooth_recover... PASSED
test_bgproc_smooth_recove2... PASSED
test_bgproc_smooth_recove3... PASSED
test_bgproc_smooth_recove4... PASSED
test_bgproc_term_restart...   PASSED
test_bgproc_stop...           PASSED
test_bgproc_stop2...          PASSED
test_bgproc_stop3...          PASSED
test_bgproc_stop4...          PASSED
test_bgproc_stop5...          PASSED
test_scripted_stop_timeout... PASSED
test_scripted_start_fail...   PASSED
test_scripted_stop_fail...    PASSED
test_scripted_start_skip...   PASSED
test_scripted_start_skip2...  PASSED
test_waitsfor_restart...      PASSED
./loadtests
test_basic...                PASSED
test_env_subst...            PASSED
test_env_subst2...           PASSED
test_env_subst3...           PASSED
test_nonexistent...          PASSED
test_settings...             PASSED
test_path_env_subst...       PASSED
test_newline...              PASSED
test_newline_err...          PASSED
test_newline2...             PASSED
test_comments...             PASSED
test_plusassign...           PASSED
./envtests
test_env_1...                PASSED
test_env_2...                PASSED
make -C cptests run-tests
make[3]: Entering directory '/home/omen/GITHUB/AUTO_SLACKBUILD/hacks/dinit/work/dinit-0.19.0/src/tests/cptests'
./cptests
cptest_queryver...           PASSED
cptest_listservices...       PASSED
cptest_findservice1...       PASSED
cptest_findservice2...       PASSED
cptest_findservice3...       PASSED
cptest_loadservice...        PASSED
cptest_startstop...          PASSED
cptest_start_pinned...       PASSED
cptest_gentlestop...         PASSED
cptest_queryname...          PASSED
cptest_unload...             PASSED
cptest_addrmdeps...          PASSED
cptest_enableservice...      PASSED
cptest_restart...            PASSED
cptest_wake...               PASSED
cptest_servicestatus...      PASSED
cptest_sendsignal...         PASSED
cptest_two_commands...       PASSED
cptest_closehandle...        PASSED
cptest_invalid...            PASSED
make[3]: Leaving directory '/home/omen/GITHUB/AUTO_SLACKBUILD/hacks/dinit/work/dinit-0.19.0/src/tests/cptests'
make[2]: Leaving directory '/home/omen/GITHUB/AUTO_SLACKBUILD/hacks/dinit/work/dinit-0.19.0/src/tests'
make[1]: Leaving directory '/home/omen/GITHUB/AUTO_SLACKBUILD/hacks/dinit/work/dinit-0.19.0/src'
make -C src install
make[1]: Entering directory '/home/omen/GITHUB/AUTO_SLACKBUILD/hacks/dinit/work/dinit-0.19.0/src'
install -d /home/omen/GITHUB/AUTO_SLACKBUILD/hacks/dinit/package-dinit/sbin
install -s dinit dinitctl dinitcheck dinit-monitor  /home/omen/GITHUB/AUTO_SLACKBUILD/hacks/dinit/package-dinit/sbin
make[1]: Leaving directory '/home/omen/GITHUB/AUTO_SLACKBUILD/hacks/dinit/work/dinit-0.19.0/src'
make -C doc/manpages install
make[1]: Entering directory '/home/omen/GITHUB/AUTO_SLACKBUILD/hacks/dinit/work/dinit-0.19.0/doc/manpages'
mkdir -p "/home/omen/GITHUB/AUTO_SLACKBUILD/hacks/dinit/package-dinit/usr/man/man8"
install -m644 dinit.8 dinitctl.8 dinitcheck.8 dinit-monitor.8 "/home/omen/GITHUB/AUTO_SLACKBUILD/hacks/dinit/package-dinit/usr/man/man8"
mkdir -p "/home/omen/GITHUB/AUTO_SLACKBUILD/hacks/dinit/package-dinit/usr/man/man5"
install -m644 dinit-service.5 "/home/omen/GITHUB/AUTO_SLACKBUILD/hacks/dinit/package-dinit/usr/man/man5"
make[1]: Leaving directory '/home/omen/GITHUB/AUTO_SLACKBUILD/hacks/dinit/work/dinit-0.19.0/doc/manpages'

Slackware package maker, version 3.14159265.

Searching for symbolic links:
usr/doc/dinit-0.19.0/doc/linux/services/boot.d/dhcpcd	../dhcpcd
usr/doc/dinit-0.19.0/doc/linux/services/boot.d/late-filesystems	../late-filesystems
usr/doc/dinit-0.19.0/doc/linux/services/boot.d/modules	../modules
usr/doc/dinit-0.19.0/doc/linux/services/boot.d/sshd	../sshd

Making symbolic link creation script:
( cd usr/doc/dinit-0.19.0/doc/linux/services/boot.d ; rm -rf dhcpcd )
( cd usr/doc/dinit-0.19.0/doc/linux/services/boot.d ; ln -sf ../dhcpcd dhcpcd )
( cd usr/doc/dinit-0.19.0/doc/linux/services/boot.d ; rm -rf late-filesystems )
( cd usr/doc/dinit-0.19.0/doc/linux/services/boot.d ; ln -sf ../late-filesystems late-filesystems )
( cd usr/doc/dinit-0.19.0/doc/linux/services/boot.d ; rm -rf modules )
( cd usr/doc/dinit-0.19.0/doc/linux/services/boot.d ; ln -sf ../modules modules )
( cd usr/doc/dinit-0.19.0/doc/linux/services/boot.d ; rm -rf sshd )
( cd usr/doc/dinit-0.19.0/doc/linux/services/boot.d ; ln -sf ../sshd sshd )

Unless your existing installation script already contains the code
to create these links, you should append these lines to your existing
install script. Now's your chance. :^)

Would you like to add this stuff to the existing install script and
remove the symbolic links ([y]es, [n]o)? y


Removing symbolic links:
removed './usr/doc/dinit-0.19.0/doc/linux/services/boot.d/dhcpcd'
removed './usr/doc/dinit-0.19.0/doc/linux/services/boot.d/modules'
removed './usr/doc/dinit-0.19.0/doc/linux/services/boot.d/sshd'
removed './usr/doc/dinit-0.19.0/doc/linux/services/boot.d/late-filesystems'

Updating your ./install/doinst.sh...

This next step is optional - you can set the directories in your package
to some sane permissions. If any of the directories in your package have
special permissions, then DO NOT reset them here!

Would you like to reset all directory permissions to 755 (drwxr-xr-x) and
directory ownerships to root.root ([y]es, [n]o)? n


Creating Slackware package:  /home/omen/GITHUB/AUTO_SLACKBUILD/hacks/dinit/binary-dinit-0.19.0/dinit-0.19.0-x86_64-1_rtz.tlz

./
etc/
etc/40-dinit
etc/rc.d/
etc/rc.d/40-dinit
etc/rc.d/init.d/
etc/rc.d/init.d/40-dinit
install/
install/doinst.sh
install/slack-desc
run/
run/dinitctl/
sbin/
sbin/dinit
sbin/dinitcheck
sbin/dinitctl
sbin/dinit-monitor
usr/
usr/doc/
usr/doc/dinit-0.19.0/
usr/doc/dinit-0.19.0/build/
usr/doc/dinit-0.19.0/BUILD
usr/doc/dinit-0.19.0/build/includes/
usr/doc/dinit-0.19.0/build/includes/mconfig.h
usr/doc/dinit-0.19.0/build/includes/README
usr/doc/dinit-0.19.0/build/Makefile
usr/doc/dinit-0.19.0/build/mconfig.mesontemplate
usr/doc/dinit-0.19.0/BUILD_MESON
usr/doc/dinit-0.19.0/build/tools/
usr/doc/dinit-0.19.0/build/tools/Makefile
usr/doc/dinit-0.19.0/build/tools/mconfig-gen
usr/doc/dinit-0.19.0/build/tools/mconfig-gen.cc
usr/doc/dinit-0.19.0/build/version.conf
usr/doc/dinit-0.19.0/configs/
usr/doc/dinit-0.19.0/configs/mconfig.Darwin
usr/doc/dinit-0.19.0/configs/mconfig.FreeBSD
usr/doc/dinit-0.19.0/configs/mconfig.Linux
usr/doc/dinit-0.19.0/configs/mconfig.Linux.sh
usr/doc/dinit-0.19.0/configs/mconfig.OpenBSD
usr/doc/dinit-0.19.0/configure
usr/doc/dinit-0.19.0/contrib/
usr/doc/dinit-0.19.0/contrib/freebsd-rc/
usr/doc/dinit-0.19.0/contrib/freebsd-rc/README
usr/doc/dinit-0.19.0/contrib/freebsd-rc/tree/
usr/doc/dinit-0.19.0/contrib/freebsd-rc/tree/etc/
usr/doc/dinit-0.19.0/contrib/freebsd-rc/tree/etc/dinit.d/
usr/doc/dinit-0.19.0/contrib/freebsd-rc/tree/etc/dinit.d/boot
usr/doc/dinit-0.19.0/contrib/freebsd-rc/tree/etc/rc.d/
usr/doc/dinit-0.19.0/contrib/freebsd-rc/tree/etc/rc.d/dinit
usr/doc/dinit-0.19.0/contrib/freebsd-rc/tree/usr/
usr/doc/dinit-0.19.0/contrib/freebsd-rc/tree/usr/sbin/
usr/doc/dinit-0.19.0/contrib/freebsd-rc/tree/usr/sbin/dinitd
usr/doc/dinit-0.19.0/contrib/README
usr/doc/dinit-0.19.0/contrib/shell-completion/
usr/doc/dinit-0.19.0/contrib/shell-completion/bash/
usr/doc/dinit-0.19.0/contrib/shell-completion/bash/dinitctl
usr/doc/dinit-0.19.0/contrib/shell-completion/bash/README
usr/doc/dinit-0.19.0/contrib/shell-completion/fish/
usr/doc/dinit-0.19.0/contrib/shell-completion/fish/dinitctl.fish
usr/doc/dinit-0.19.0/contrib/shell-completion/fish/README
usr/doc/dinit-0.19.0/contrib/shell-completion/zsh/
usr/doc/dinit-0.19.0/contrib/shell-completion/zsh/_dinit
usr/doc/dinit-0.19.0/contrib/shell-completion/zsh/README
usr/doc/dinit-0.19.0/contrib/sysv-compat/
usr/doc/dinit-0.19.0/contrib/sysv-compat/40-dinit
usr/doc/dinit-0.19.0/contrib/sysv-compat/README
usr/doc/dinit-0.19.0/CONTRIBUTORS
usr/doc/dinit-0.19.0/dasynq/
usr/doc/dinit-0.19.0/dasynq/include/
usr/doc/dinit-0.19.0/dasynq/include/dasynq/
usr/doc/dinit-0.19.0/dasynq/include/dasynq/basewatchers.h
usr/doc/dinit-0.19.0/dasynq/include/dasynq/btree_set.h
usr/doc/dinit-0.19.0/dasynq/include/dasynq/childproc.h
usr/doc/dinit-0.19.0/dasynq/include/dasynq/config.h
usr/doc/dinit-0.19.0/dasynq/include/dasynq/daryheap.h
usr/doc/dinit-0.19.0/dasynq/include/dasynq/epoll.h
usr/doc/dinit-0.19.0/dasynq/include/dasynq/flags.h
usr/doc/dinit-0.19.0/dasynq/include/dasynq.h
usr/doc/dinit-0.19.0/dasynq/include/dasynq/interrupt.h
usr/doc/dinit-0.19.0/dasynq/include/dasynq/itimer.h
usr/doc/dinit-0.19.0/dasynq/include/dasynq/kqueue.h
usr/doc/dinit-0.19.0/dasynq/include/dasynq/kqueue-macos.h
usr/doc/dinit-0.19.0/dasynq/include/dasynq/mutex.h
usr/doc/dinit-0.19.0/dasynq/include/dasynq/posixtimer.h
usr/doc/dinit-0.19.0/dasynq/include/dasynq/pselect.h
usr/doc/dinit-0.19.0/dasynq/include/dasynq/select.h
usr/doc/dinit-0.19.0/dasynq/include/dasynq/signal.h
usr/doc/dinit-0.19.0/dasynq/include/dasynq/stableheap.h
usr/doc/dinit-0.19.0/dasynq/include/dasynq/svec.h
usr/doc/dinit-0.19.0/dasynq/include/dasynq/timerbase.h
usr/doc/dinit-0.19.0/dasynq/include/dasynq/timerfd.h
usr/doc/dinit-0.19.0/dasynq/include/dasynq/util.h
usr/doc/dinit-0.19.0/dinit.SlackBuild
usr/doc/dinit-0.19.0/doc/
usr/doc/dinit-0.19.0/doc/CODE-STYLE
usr/doc/dinit-0.19.0/doc/COMPARISON
usr/doc/dinit-0.19.0/doc/CONTRIBUTING
usr/doc/dinit-0.19.0/doc/DESIGN
usr/doc/dinit-0.19.0/doc/dinit-logo.png
usr/doc/dinit-0.19.0/doc/getting_started.md
usr/doc/dinit-0.19.0/doc/linux/
usr/doc/dinit-0.19.0/doc/linux/DINIT-AS-INIT.md
usr/doc/dinit-0.19.0/doc/linux/services/
usr/doc/dinit-0.19.0/doc/linux/services/auxfscheck
usr/doc/dinit-0.19.0/doc/linux/services/boot
usr/doc/dinit-0.19.0/doc/linux/services/boot.d/
usr/doc/dinit-0.19.0/doc/linux/services/dbusd
usr/doc/dinit-0.19.0/doc/linux/services/dhcpcd
usr/doc/dinit-0.19.0/doc/linux/services/early-filesystems
usr/doc/dinit-0.19.0/doc/linux/services/early-filesystems.sh
usr/doc/dinit-0.19.0/doc/linux/services/filesystems
usr/doc/dinit-0.19.0/doc/linux/services/filesystems.sh
usr/doc/dinit-0.19.0/doc/linux/services/hwclock
usr/doc/dinit-0.19.0/doc/linux/services/late-filesystems
usr/doc/dinit-0.19.0/doc/linux/services/late-filesystems.sh
usr/doc/dinit-0.19.0/doc/linux/services/loginready
usr/doc/dinit-0.19.0/doc/linux/services/modules
usr/doc/dinit-0.19.0/doc/linux/services/modules.sh
usr/doc/dinit-0.19.0/doc/linux/services/netdev-enp3s0
usr/doc/dinit-0.19.0/doc/linux/services/rcboot
usr/doc/dinit-0.19.0/doc/linux/services/rcboot.sh
usr/doc/dinit-0.19.0/doc/linux/services/recovery
usr/doc/dinit-0.19.0/doc/linux/services/rootfscheck
usr/doc/dinit-0.19.0/doc/linux/services/rootfscheck.sh
usr/doc/dinit-0.19.0/doc/linux/services/rootrw
usr/doc/dinit-0.19.0/doc/linux/services/single
usr/doc/dinit-0.19.0/doc/linux/services/sshd
usr/doc/dinit-0.19.0/doc/linux/services/syslogd
usr/doc/dinit-0.19.0/doc/linux/services/tty1
usr/doc/dinit-0.19.0/doc/linux/services/tty2
usr/doc/dinit-0.19.0/doc/linux/services/tty3
usr/doc/dinit-0.19.0/doc/linux/services/tty4
usr/doc/dinit-0.19.0/doc/linux/services/tty5
usr/doc/dinit-0.19.0/doc/linux/services/tty6
usr/doc/dinit-0.19.0/doc/linux/services/udevd
usr/doc/dinit-0.19.0/doc/linux/services/udev-settle
usr/doc/dinit-0.19.0/doc/linux/services/udev-trigger
usr/doc/dinit-0.19.0/doc/manpages/
usr/doc/dinit-0.19.0/doc/manpages/dinit.8
usr/doc/dinit-0.19.0/doc/manpages/dinit.8.m4
usr/doc/dinit-0.19.0/doc/manpages/dinitcheck.8
usr/doc/dinit-0.19.0/doc/manpages/dinitcheck.8.m4
usr/doc/dinit-0.19.0/doc/manpages/dinitctl.8
usr/doc/dinit-0.19.0/doc/manpages/dinitctl.8.m4
usr/doc/dinit-0.19.0/doc/manpages/dinit-monitor.8
usr/doc/dinit-0.19.0/doc/manpages/dinit-monitor.8.m4
usr/doc/dinit-0.19.0/doc/manpages/dinit-service.5
usr/doc/dinit-0.19.0/doc/manpages/dinit-service.5.m4
usr/doc/dinit-0.19.0/doc/manpages/generate-html.sh
usr/doc/dinit-0.19.0/doc/manpages/Makefile
usr/doc/dinit-0.19.0/doc/manpages/meson.build
usr/doc/dinit-0.19.0/doc/manpages/README
usr/doc/dinit-0.19.0/doc/manpages/shutdown.8
usr/doc/dinit-0.19.0/doc/manpages/shutdown.8.m4
usr/doc/dinit-0.19.0/doc/SECURITY
usr/doc/dinit-0.19.0/LICENSE
usr/doc/dinit-0.19.0/Makefile
usr/doc/dinit-0.19.0/mconfig
usr/doc/dinit-0.19.0/meson.build
usr/doc/dinit-0.19.0/meson_options.txt
usr/doc/dinit-0.19.0/NEWS
usr/doc/dinit-0.19.0/README.md
usr/doc/dinit-0.19.0/src/
usr/doc/dinit-0.19.0/src/baseproc-service.cc
usr/doc/dinit-0.19.0/src/baseproc-service.d
usr/doc/dinit-0.19.0/src/baseproc-service.o
usr/doc/dinit-0.19.0/src/control.cc
usr/doc/dinit-0.19.0/src/control.d
usr/doc/dinit-0.19.0/src/control.o
usr/doc/dinit-0.19.0/src/dinit
usr/doc/dinit-0.19.0/src/dinit.cc
usr/doc/dinit-0.19.0/src/dinitcheck
usr/doc/dinit-0.19.0/src/dinitcheck.cc
usr/doc/dinit-0.19.0/src/dinitcheck.d
usr/doc/dinit-0.19.0/src/dinitcheck.o
usr/doc/dinit-0.19.0/src/dinitctl
usr/doc/dinit-0.19.0/src/dinitctl.cc
usr/doc/dinit-0.19.0/src/dinitctl.d
usr/doc/dinit-0.19.0/src/dinitctl.o
usr/doc/dinit-0.19.0/src/dinit.d
usr/doc/dinit-0.19.0/src/dinit-env.cc
usr/doc/dinit-0.19.0/src/dinit-env.d
usr/doc/dinit-0.19.0/src/dinit-env.o
usr/doc/dinit-0.19.0/src/dinit-log.cc
usr/doc/dinit-0.19.0/src/dinit-log.d
usr/doc/dinit-0.19.0/src/dinit-log.o
usr/doc/dinit-0.19.0/src/dinit-main.cc
usr/doc/dinit-0.19.0/src/dinit-main.d
usr/doc/dinit-0.19.0/src/dinit-main.o
usr/doc/dinit-0.19.0/src/dinit-monitor
usr/doc/dinit-0.19.0/src/dinit-monitor.cc
usr/doc/dinit-0.19.0/src/dinit-monitor.d
usr/doc/dinit-0.19.0/src/dinit-monitor.o
usr/doc/dinit-0.19.0/src/dinit.o
usr/doc/dinit-0.19.0/src/igr-tests/
usr/doc/dinit-0.19.0/src/igr-tests/add-rm-dep/
usr/doc/dinit-0.19.0/src/igr-tests/add-rm-dep/expected1
usr/doc/dinit-0.19.0/src/igr-tests/add-rm-dep/expected2
usr/doc/dinit-0.19.0/src/igr-tests/add-rm-dep/expected3
usr/doc/dinit-0.19.0/src/igr-tests/add-rm-dep/expected4
usr/doc/dinit-0.19.0/src/igr-tests/add-rm-dep/expected5
usr/doc/dinit-0.19.0/src/igr-tests/add-rm-dep/sd/
usr/doc/dinit-0.19.0/src/igr-tests/add-rm-dep/sd/main
usr/doc/dinit-0.19.0/src/igr-tests/add-rm-dep/sd/secondary
usr/doc/dinit-0.19.0/src/igr-tests/basic/
usr/doc/dinit-0.19.0/src/igr-tests/basic/basic.sh
usr/doc/dinit-0.19.0/src/igr-tests/basic/sd/
usr/doc/dinit-0.19.0/src/igr-tests/basic/sd/basic
usr/doc/dinit-0.19.0/src/igr-tests/before-after/
usr/doc/dinit-0.19.0/src/igr-tests/before-after2/
usr/doc/dinit-0.19.0/src/igr-tests/before-after2/scripts/
usr/doc/dinit-0.19.0/src/igr-tests/before-after2/scripts/service.sh
usr/doc/dinit-0.19.0/src/igr-tests/before-after2/sd/
usr/doc/dinit-0.19.0/src/igr-tests/before-after2/sd/boot
usr/doc/dinit-0.19.0/src/igr-tests/before-after2/sd/service1
usr/doc/dinit-0.19.0/src/igr-tests/before-after2/sd/service2
usr/doc/dinit-0.19.0/src/igr-tests/before-after/scripts/
usr/doc/dinit-0.19.0/src/igr-tests/before-after/scripts/service.sh
usr/doc/dinit-0.19.0/src/igr-tests/before-after/sd/
usr/doc/dinit-0.19.0/src/igr-tests/before-after/sd/boot
usr/doc/dinit-0.19.0/src/igr-tests/before-after/sd/parent
usr/doc/dinit-0.19.0/src/igr-tests/before-after/sd/service1
usr/doc/dinit-0.19.0/src/igr-tests/before-after/sd/service2
usr/doc/dinit-0.19.0/src/igr-tests/before-after/sd/service3
usr/doc/dinit-0.19.0/src/igr-tests/catlog/
usr/doc/dinit-0.19.0/src/igr-tests/catlog/output.sh
usr/doc/dinit-0.19.0/src/igr-tests/catlog/sd/
usr/doc/dinit-0.19.0/src/igr-tests/catlog/sd/boot
usr/doc/dinit-0.19.0/src/igr-tests/catlog/sd/output
usr/doc/dinit-0.19.0/src/igr-tests/chain-to/
usr/doc/dinit-0.19.0/src/igr-tests/chain-to/expected-output
usr/doc/dinit-0.19.0/src/igr-tests/chain-to/record-param.sh
usr/doc/dinit-0.19.0/src/igr-tests/chain-to/sd/
usr/doc/dinit-0.19.0/src/igr-tests/chain-to/sd/part1
usr/doc/dinit-0.19.0/src/igr-tests/chain-to/sd/part2
usr/doc/dinit-0.19.0/src/igr-tests/chain-to/sd/part3
usr/doc/dinit-0.19.0/src/igr-tests/chain-to/sd/part4
usr/doc/dinit-0.19.0/src/igr-tests/chain-to/sd/part5
usr/doc/dinit-0.19.0/src/igr-tests/check-basic/
usr/doc/dinit-0.19.0/src/igr-tests/check-basic/expected.txt
usr/doc/dinit-0.19.0/src/igr-tests/check-basic/sd/
usr/doc/dinit-0.19.0/src/igr-tests/check-basic/sd/boot
usr/doc/dinit-0.19.0/src/igr-tests/check-cycle/
usr/doc/dinit-0.19.0/src/igr-tests/check-cycle2/
usr/doc/dinit-0.19.0/src/igr-tests/check-cycle2/expected.txt
usr/doc/dinit-0.19.0/src/igr-tests/check-cycle2/sd/
usr/doc/dinit-0.19.0/src/igr-tests/check-cycle2/sd/a
usr/doc/dinit-0.19.0/src/igr-tests/check-cycle2/sd/b
usr/doc/dinit-0.19.0/src/igr-tests/check-cycle2/sd/boot
usr/doc/dinit-0.19.0/src/igr-tests/check-cycle2/sd/c
usr/doc/dinit-0.19.0/src/igr-tests/check-cycle/expected.txt
usr/doc/dinit-0.19.0/src/igr-tests/check-cycle/sd/
usr/doc/dinit-0.19.0/src/igr-tests/check-cycle/sd/a
usr/doc/dinit-0.19.0/src/igr-tests/check-cycle/sd/b
usr/doc/dinit-0.19.0/src/igr-tests/check-cycle/sd/boot
usr/doc/dinit-0.19.0/src/igr-tests/check-cycle/sd/c
usr/doc/dinit-0.19.0/src/igr-tests/check-cycle/sd/d
usr/doc/dinit-0.19.0/src/igr-tests/check-cycle/sd/e
usr/doc/dinit-0.19.0/src/igr-tests/check-lint/
usr/doc/dinit-0.19.0/src/igr-tests/check-lint/expected.txt
usr/doc/dinit-0.19.0/src/igr-tests/check-lint/sd/
usr/doc/dinit-0.19.0/src/igr-tests/check-lint/sd/boot
usr/doc/dinit-0.19.0/src/igr-tests/cycles/
usr/doc/dinit-0.19.0/src/igr-tests/cycles/expected-ac
usr/doc/dinit-0.19.0/src/igr-tests/cycles/expected-after_self
usr/doc/dinit-0.19.0/src/igr-tests/cycles/expected-ba
usr/doc/dinit-0.19.0/src/igr-tests/cycles/expected-before_self
usr/doc/dinit-0.19.0/src/igr-tests/cycles/sd/
usr/doc/dinit-0.19.0/src/igr-tests/cycles/sd/ac
usr/doc/dinit-0.19.0/src/igr-tests/cycles/sd/ac1
usr/doc/dinit-0.19.0/src/igr-tests/cycles/sd/ac2
usr/doc/dinit-0.19.0/src/igr-tests/cycles/sd/after_self
usr/doc/dinit-0.19.0/src/igr-tests/cycles/sd/ba
usr/doc/dinit-0.19.0/src/igr-tests/cycles/sd/ba1
usr/doc/dinit-0.19.0/src/igr-tests/cycles/sd/ba2
usr/doc/dinit-0.19.0/src/igr-tests/cycles/sd/before_self
usr/doc/dinit-0.19.0/src/igr-tests/cycles/sd/boot
usr/doc/dinit-0.19.0/src/igr-tests/dep-not-found/
usr/doc/dinit-0.19.0/src/igr-tests/dep-not-found/output.expected
usr/doc/dinit-0.19.0/src/igr-tests/dep-not-found/sd/
usr/doc/dinit-0.19.0/src/igr-tests/dep-not-found/sd/boot
usr/doc/dinit-0.19.0/src/igr-tests/dep-not-found/sd/missing-dep-svc
usr/doc/dinit-0.19.0/src/igr-tests/environ/
usr/doc/dinit-0.19.0/src/igr-tests/environ2/
usr/doc/dinit-0.19.0/src/igr-tests/environ2/checkenv.sh
usr/doc/dinit-0.19.0/src/igr-tests/environ2/env-dinit
usr/doc/dinit-0.19.0/src/igr-tests/environ2/sd/
usr/doc/dinit-0.19.0/src/igr-tests/environ2/sd/checkenv
usr/doc/dinit-0.19.0/src/igr-tests/environ2/sd/env-service
usr/doc/dinit-0.19.0/src/igr-tests/environ/checkenv.sh
usr/doc/dinit-0.19.0/src/igr-tests/environ/environment1
usr/doc/dinit-0.19.0/src/igr-tests/environ/environment2
usr/doc/dinit-0.19.0/src/igr-tests/environ/sd/
usr/doc/dinit-0.19.0/src/igr-tests/environ/sd/checkenv
usr/doc/dinit-0.19.0/src/igr-tests/environ/sd/setenv1
usr/doc/dinit-0.19.0/src/igr-tests/environ/sd/setenv2
usr/doc/dinit-0.19.0/src/igr-tests/environ/sd/setenv3
usr/doc/dinit-0.19.0/src/igr-tests/environ/setenv.sh
usr/doc/dinit-0.19.0/src/igr-tests/force-stop/
usr/doc/dinit-0.19.0/src/igr-tests/force-stop/expected-1
usr/doc/dinit-0.19.0/src/igr-tests/force-stop/expected-2.err
usr/doc/dinit-0.19.0/src/igr-tests/force-stop/expected-3
usr/doc/dinit-0.19.0/src/igr-tests/force-stop/sd/
usr/doc/dinit-0.19.0/src/igr-tests/force-stop/sd/boot
usr/doc/dinit-0.19.0/src/igr-tests/force-stop/sd/critical
usr/doc/dinit-0.19.0/src/igr-tests/force-stop/sd/intermediary
usr/doc/dinit-0.19.0/src/igr-tests/igr.h
usr/doc/dinit-0.19.0/src/igr-tests/igr-runner.cc
usr/doc/dinit-0.19.0/src/igr-tests/log-via-pipe/
usr/doc/dinit-0.19.0/src/igr-tests/log-via-pipe/scripts/
usr/doc/dinit-0.19.0/src/igr-tests/log-via-pipe/scripts/consumer.sh
usr/doc/dinit-0.19.0/src/igr-tests/log-via-pipe/scripts/producer.sh
usr/doc/dinit-0.19.0/src/igr-tests/log-via-pipe/sd/
usr/doc/dinit-0.19.0/src/igr-tests/log-via-pipe/sd/boot
usr/doc/dinit-0.19.0/src/igr-tests/log-via-pipe/sd/consumer
usr/doc/dinit-0.19.0/src/igr-tests/log-via-pipe/sd/producer
usr/doc/dinit-0.19.0/src/igr-tests/Makefile
usr/doc/dinit-0.19.0/src/igr-tests/meson.build
usr/doc/dinit-0.19.0/src/igr-tests/no-command-error/
usr/doc/dinit-0.19.0/src/igr-tests/no-command-error/dinit-run.expected
usr/doc/dinit-0.19.0/src/igr-tests/no-command-error/sd/
usr/doc/dinit-0.19.0/src/igr-tests/no-command-error/sd/no-command
usr/doc/dinit-0.19.0/src/igr-tests/offline-enable/
usr/doc/dinit-0.19.0/src/igr-tests/offline-enable/sd/
usr/doc/dinit-0.19.0/src/igr-tests/offline-enable/sd/A
usr/doc/dinit-0.19.0/src/igr-tests/offline-enable/sd/boot
usr/doc/dinit-0.19.0/src/igr-tests/ps-environ/
usr/doc/dinit-0.19.0/src/igr-tests/ps-environ/checkenv2.sh
usr/doc/dinit-0.19.0/src/igr-tests/ps-environ/checkenv.sh
usr/doc/dinit-0.19.0/src/igr-tests/ps-environ/dinit-environment
usr/doc/dinit-0.19.0/src/igr-tests/ps-environ/env-expected
usr/doc/dinit-0.19.0/src/igr-tests/ps-environ/sd/
usr/doc/dinit-0.19.0/src/igr-tests/ps-environ/sd/checkenv1
usr/doc/dinit-0.19.0/src/igr-tests/ps-environ/sd/checkenv2
usr/doc/dinit-0.19.0/src/igr-tests/ps-environ/sd/checkenv3
usr/doc/dinit-0.19.0/src/igr-tests/ps-environ/sd/checkenv4
usr/doc/dinit-0.19.0/src/igr-tests/ps-environ/sd/environment1
usr/doc/dinit-0.19.0/src/igr-tests/ps-environ/sd/environment2
usr/doc/dinit-0.19.0/src/igr-tests/ps-environ/sd/environment3
usr/doc/dinit-0.19.0/src/igr-tests/ps-environ/sd/environment4
usr/doc/dinit-0.19.0/src/igr-tests/pseudo-cycle/
usr/doc/dinit-0.19.0/src/igr-tests/pseudo-cycle/README
usr/doc/dinit-0.19.0/src/igr-tests/pseudo-cycle/sd/
usr/doc/dinit-0.19.0/src/igr-tests/pseudo-cycle/sd/boot
usr/doc/dinit-0.19.0/src/igr-tests/pseudo-cycle/sd/middle
usr/doc/dinit-0.19.0/src/igr-tests/pseudo-cycle/sd/service
usr/doc/dinit-0.19.0/src/igr-tests/pseudo-cycle/svc-script.sh
usr/doc/dinit-0.19.0/src/igr-tests/reload1/
usr/doc/dinit-0.19.0/src/igr-tests/reload1/initial.expected
usr/doc/dinit-0.19.0/src/igr-tests/reload1/output2.expected
usr/doc/dinit-0.19.0/src/igr-tests/reload1/output3.expected
usr/doc/dinit-0.19.0/src/igr-tests/reload1/sd1/
usr/doc/dinit-0.19.0/src/igr-tests/reload1/sd1/a
usr/doc/dinit-0.19.0/src/igr-tests/reload1/sd1/b
usr/doc/dinit-0.19.0/src/igr-tests/reload1/sd1/boot
usr/doc/dinit-0.19.0/src/igr-tests/reload1/sd1/c
usr/doc/dinit-0.19.0/src/igr-tests/reload1/sd2/
usr/doc/dinit-0.19.0/src/igr-tests/reload1/sd2/a
usr/doc/dinit-0.19.0/src/igr-tests/reload1/sd2/b
usr/doc/dinit-0.19.0/src/igr-tests/reload1/sd2/boot
usr/doc/dinit-0.19.0/src/igr-tests/reload1/sd2/c
usr/doc/dinit-0.19.0/src/igr-tests/reload2/
usr/doc/dinit-0.19.0/src/igr-tests/reload2/initial.expected
usr/doc/dinit-0.19.0/src/igr-tests/reload2/output2.expected
usr/doc/dinit-0.19.0/src/igr-tests/reload2/output3.expected
usr/doc/dinit-0.19.0/src/igr-tests/reload2/sd1/
usr/doc/dinit-0.19.0/src/igr-tests/reload2/sd1/a
usr/doc/dinit-0.19.0/src/igr-tests/reload2/sd1/b
usr/doc/dinit-0.19.0/src/igr-tests/reload2/sd1/boot
usr/doc/dinit-0.19.0/src/igr-tests/reload2/sd1/c
usr/doc/dinit-0.19.0/src/igr-tests/reload2/sd1/hold
usr/doc/dinit-0.19.0/src/igr-tests/reload2/sd2/
usr/doc/dinit-0.19.0/src/igr-tests/reload2/sd2/a
usr/doc/dinit-0.19.0/src/igr-tests/reload2/sd2/b
usr/doc/dinit-0.19.0/src/igr-tests/reload2/sd2/boot
usr/doc/dinit-0.19.0/src/igr-tests/reload2/sd2/c
usr/doc/dinit-0.19.0/src/igr-tests/restart/
usr/doc/dinit-0.19.0/src/igr-tests/restart/basic.sh
usr/doc/dinit-0.19.0/src/igr-tests/restart/sd/
usr/doc/dinit-0.19.0/src/igr-tests/restart/sd/basic
usr/doc/dinit-0.19.0/src/igr-tests/restart/sd/boot
usr/doc/dinit-0.19.0/src/igr-tests/svc-start-fail/
usr/doc/dinit-0.19.0/src/igr-tests/svc-start-fail/expected-1
usr/doc/dinit-0.19.0/src/igr-tests/svc-start-fail/expected-2
usr/doc/dinit-0.19.0/src/igr-tests/svc-start-fail/sd/
usr/doc/dinit-0.19.0/src/igr-tests/svc-start-fail/sd/bad-command
usr/doc/dinit-0.19.0/src/igr-tests/svc-start-fail/sd/boot
usr/doc/dinit-0.19.0/src/igr-tests/svc-start-fail/sd/timeout-command
usr/doc/dinit-0.19.0/src/igr-tests/svc-start-fail/timeout.sh
usr/doc/dinit-0.19.0/src/igr-tests/var-subst/
usr/doc/dinit-0.19.0/src/igr-tests/var-subst/checkargs.sh
usr/doc/dinit-0.19.0/src/igr-tests/var-subst/sd/
usr/doc/dinit-0.19.0/src/igr-tests/var-subst/sd/checkargs
usr/doc/dinit-0.19.0/src/igr-tests/xdg-config/
usr/doc/dinit-0.19.0/src/igr-tests/xdg-config/basic.sh
usr/doc/dinit-0.19.0/src/igr-tests/xdg-config/config/
usr/doc/dinit-0.19.0/src/igr-tests/xdg-config/config/dinit.d/
usr/doc/dinit-0.19.0/src/igr-tests/xdg-config/config/dinit.d/basic
usr/doc/dinit-0.19.0/src/includes/
usr/doc/dinit-0.19.0/src/includes/baseproc-sys.h
usr/doc/dinit-0.19.0/src/includes/control-cmds.h
usr/doc/dinit-0.19.0/src/includes/control-datatypes.h
usr/doc/dinit-0.19.0/src/includes/control.h
usr/doc/dinit-0.19.0/src/includes/cpbuffer.h
usr/doc/dinit-0.19.0/src/includes/dinit-client.h
usr/doc/dinit-0.19.0/src/includes/dinit-env.h
usr/doc/dinit-0.19.0/src/includes/dinit.h
usr/doc/dinit-0.19.0/src/includes/dinit-ll.h
usr/doc/dinit-0.19.0/src/includes/dinit-log.h
usr/doc/dinit-0.19.0/src/includes/dinit-socket.h
usr/doc/dinit-0.19.0/src/includes/dinit-util.h
usr/doc/dinit-0.19.0/src/includes/dinit-utmp.h
usr/doc/dinit-0.19.0/src/includes/file-input-stack.h
usr/doc/dinit-0.19.0/src/includes/load-service.h
usr/doc/dinit-0.19.0/src/includes/options-processing.h
usr/doc/dinit-0.19.0/src/includes/proc-service.h
usr/doc/dinit-0.19.0/src/includes/service-constants.h
usr/doc/dinit-0.19.0/src/includes/service-dir.h
usr/doc/dinit-0.19.0/src/includes/service.h
usr/doc/dinit-0.19.0/src/includes/service-listener.h
usr/doc/dinit-0.19.0/src/includes/static-string.h
usr/doc/dinit-0.19.0/src/load-service.cc
usr/doc/dinit-0.19.0/src/load-service.d
usr/doc/dinit-0.19.0/src/load-service.o
usr/doc/dinit-0.19.0/src/Makefile
usr/doc/dinit-0.19.0/src/meson.build
usr/doc/dinit-0.19.0/src/options-processing.cc
usr/doc/dinit-0.19.0/src/options-processing.d
usr/doc/dinit-0.19.0/src/options-processing.o
usr/doc/dinit-0.19.0/src/proc-service.cc
usr/doc/dinit-0.19.0/src/proc-service.d
usr/doc/dinit-0.19.0/src/proc-service.o
usr/doc/dinit-0.19.0/src/run-child-proc.cc
usr/doc/dinit-0.19.0/src/run-child-proc.d
usr/doc/dinit-0.19.0/src/run-child-proc.o
usr/doc/dinit-0.19.0/src/service.cc
usr/doc/dinit-0.19.0/src/service.d
usr/doc/dinit-0.19.0/src/service.o
usr/doc/dinit-0.19.0/src/settings.cc
usr/doc/dinit-0.19.0/src/settings.d
usr/doc/dinit-0.19.0/src/settings.o
usr/doc/dinit-0.19.0/src/shutdown.cc
usr/doc/dinit-0.19.0/src/tests/
usr/doc/dinit-0.19.0/src/tests/baseproc-service.d
usr/doc/dinit-0.19.0/src/tests/baseproc-service.o
usr/doc/dinit-0.19.0/src/tests/control.d
usr/doc/dinit-0.19.0/src/tests/control.o
usr/doc/dinit-0.19.0/src/tests/cptests/
usr/doc/dinit-0.19.0/src/tests/cptests/cptests
usr/doc/dinit-0.19.0/src/tests/cptests/cptests.cc
usr/doc/dinit-0.19.0/src/tests/cptests/cptests.d
usr/doc/dinit-0.19.0/src/tests/cptests/cptests.o
usr/doc/dinit-0.19.0/src/tests/cptests/fuzz.cc
usr/doc/dinit-0.19.0/src/tests/cptests/Makefile
usr/doc/dinit-0.19.0/src/tests/cptests/meson.build
usr/doc/dinit-0.19.0/src/tests/dinit-env.d
usr/doc/dinit-0.19.0/src/tests/dinit-env.o
usr/doc/dinit-0.19.0/src/tests/dinit-log.d
usr/doc/dinit-0.19.0/src/tests/dinit-log.o
usr/doc/dinit-0.19.0/src/tests/envtests
usr/doc/dinit-0.19.0/src/tests/envtests.cc
usr/doc/dinit-0.19.0/src/tests/envtests.d
usr/doc/dinit-0.19.0/src/tests/envtests.o
usr/doc/dinit-0.19.0/src/tests/load-service.d
usr/doc/dinit-0.19.0/src/tests/load-service.o
usr/doc/dinit-0.19.0/src/tests/loadtests
usr/doc/dinit-0.19.0/src/tests/loadtests.cc
usr/doc/dinit-0.19.0/src/tests/loadtests.d
usr/doc/dinit-0.19.0/src/tests/loadtests.o
usr/doc/dinit-0.19.0/src/tests/Makefile
usr/doc/dinit-0.19.0/src/tests/meson.build
usr/doc/dinit-0.19.0/src/tests/proc-service.d
usr/doc/dinit-0.19.0/src/tests/proc-service.o
usr/doc/dinit-0.19.0/src/tests/proctests
usr/doc/dinit-0.19.0/src/tests/proctests.cc
usr/doc/dinit-0.19.0/src/tests/proctests.d
usr/doc/dinit-0.19.0/src/tests/proctests.o
usr/doc/dinit-0.19.0/src/tests/service.d
usr/doc/dinit-0.19.0/src/tests/service.o
usr/doc/dinit-0.19.0/src/tests/settings.d
usr/doc/dinit-0.19.0/src/tests/settings.o
usr/doc/dinit-0.19.0/src/tests/test-bpsys.cc
usr/doc/dinit-0.19.0/src/tests/test-bpsys.d
usr/doc/dinit-0.19.0/src/tests/test-bpsys.o
usr/doc/dinit-0.19.0/src/tests/test-dinit.cc
usr/doc/dinit-0.19.0/src/tests/test-dinit.d
usr/doc/dinit-0.19.0/src/tests/test-dinit.o
usr/doc/dinit-0.19.0/src/tests/test-includes/
usr/doc/dinit-0.19.0/src/tests/test-includes/baseproc-sys.h
usr/doc/dinit-0.19.0/src/tests/test-includes/dinit.h
usr/doc/dinit-0.19.0/src/tests/test-includes/file-input-stack.h
usr/doc/dinit-0.19.0/src/tests/test_procservice.h
usr/doc/dinit-0.19.0/src/tests/test-run-child-proc.cc
usr/doc/dinit-0.19.0/src/tests/test-run-child-proc.d
usr/doc/dinit-0.19.0/src/tests/test-run-child-proc.o
usr/doc/dinit-0.19.0/src/tests/tests
usr/doc/dinit-0.19.0/src/tests/tests.cc
usr/doc/dinit-0.19.0/src/tests/tests.d
usr/doc/dinit-0.19.0/src/tests/test_service.h
usr/doc/dinit-0.19.0/src/tests/test-services/
usr/doc/dinit-0.19.0/src/tests/test-services/t1
usr/doc/dinit-0.19.0/src/tests/test-services/t2
usr/doc/dinit-0.19.0/src/tests/test-services/t3
usr/doc/dinit-0.19.0/src/tests/tests.o
usr/doc/dinit-0.19.0/TODO
usr/man/
usr/man/man5/
usr/man/man5/dinit-service.5.gz
usr/man/man8/
usr/man/man8/dinit.8.gz
usr/man/man8/dinitcheck.8.gz
usr/man/man8/dinitctl.8.gz
usr/man/man8/dinit-monitor.8.gz
usr/share/
usr/share/bash-completion/
usr/share/bash-completion/completions/
usr/share/bash-completion/completions/dinitctl

Slackware package /home/omen/GITHUB/AUTO_SLACKBUILD/hacks/dinit/binary-dinit-0.19.0/dinit-0.19.0-x86_64-1_rtz.tlz created.

Build process completed in 0 minutes and 57 seconds.
