
Thu Aug  8 20:27:18 EEST 2024 Anagnostakis Ioannis (rizitis@gmail.com) GR
Slackware package maker, version 3.14159265.

Searching for symbolic links:

No symbolic links were found, so we won't make an installation script.
You can make your own later in ./install/doinst.sh and rebuild the
package if you like.

This next step is optional - you can set the directories in your package
to some sane permissions. If any of the directories in your package have
special permissions, then DO NOT reset them here!

Would you like to reset all directory permissions to 755 (drwxr-xr-x) and
directory ownerships to root.root ([y]es, [n]o)? n

Creating Slackware package:  /home/omen/BUILDS/TEMPLATE.SLACKBUILDS/my_builds/Markdown/binary-Markdown-3.6/Markdown-3.6-x86_64-1_rtz.tlz

./
install/
install/doinst.sh
install/slack-desc
usr/
usr/bin/
usr/bin/markdown_py
usr/doc/
usr/doc/Markdown-3.6/
usr/doc/Markdown-3.6/Markdown.SlackBuild
usr/lib/
usr/lib/python3.11/
usr/lib/python3.11/site-packages/
usr/lib/python3.11/site-packages/Markdown-3.6.dist-info/
usr/lib/python3.11/site-packages/Markdown-3.6.dist-info/LICENSE.md
usr/lib/python3.11/site-packages/Markdown-3.6.dist-info/METADATA
usr/lib/python3.11/site-packages/Markdown-3.6.dist-info/RECORD
usr/lib/python3.11/site-packages/Markdown-3.6.dist-info/WHEEL
usr/lib/python3.11/site-packages/Markdown-3.6.dist-info/entry_points.txt
usr/lib/python3.11/site-packages/Markdown-3.6.dist-info/top_level.txt
usr/lib/python3.11/site-packages/markdown/
usr/lib/python3.11/site-packages/markdown/__init__.py
usr/lib/python3.11/site-packages/markdown/__main__.py
usr/lib/python3.11/site-packages/markdown/__meta__.py
usr/lib/python3.11/site-packages/markdown/__pycache__/
usr/lib/python3.11/site-packages/markdown/__pycache__/__init__.cpython-311.opt-1.pyc
usr/lib/python3.11/site-packages/markdown/__pycache__/__init__.cpython-311.pyc
usr/lib/python3.11/site-packages/markdown/__pycache__/__main__.cpython-311.opt-1.pyc
usr/lib/python3.11/site-packages/markdown/__pycache__/__main__.cpython-311.pyc
usr/lib/python3.11/site-packages/markdown/__pycache__/__meta__.cpython-311.opt-1.pyc
usr/lib/python3.11/site-packages/markdown/__pycache__/__meta__.cpython-311.pyc
usr/lib/python3.11/site-packages/markdown/__pycache__/blockparser.cpython-311.opt-1.pyc
usr/lib/python3.11/site-packages/markdown/__pycache__/blockparser.cpython-311.pyc
usr/lib/python3.11/site-packages/markdown/__pycache__/blockprocessors.cpython-311.opt-1.pyc
usr/lib/python3.11/site-packages/markdown/__pycache__/blockprocessors.cpython-311.pyc
usr/lib/python3.11/site-packages/markdown/__pycache__/core.cpython-311.opt-1.pyc
usr/lib/python3.11/site-packages/markdown/__pycache__/core.cpython-311.pyc
usr/lib/python3.11/site-packages/markdown/__pycache__/htmlparser.cpython-311.opt-1.pyc
usr/lib/python3.11/site-packages/markdown/__pycache__/htmlparser.cpython-311.pyc
usr/lib/python3.11/site-packages/markdown/__pycache__/inlinepatterns.cpython-311.opt-1.pyc
usr/lib/python3.11/site-packages/markdown/__pycache__/inlinepatterns.cpython-311.pyc
usr/lib/python3.11/site-packages/markdown/__pycache__/postprocessors.cpython-311.opt-1.pyc
usr/lib/python3.11/site-packages/markdown/__pycache__/postprocessors.cpython-311.pyc
usr/lib/python3.11/site-packages/markdown/__pycache__/preprocessors.cpython-311.opt-1.pyc
usr/lib/python3.11/site-packages/markdown/__pycache__/preprocessors.cpython-311.pyc
usr/lib/python3.11/site-packages/markdown/__pycache__/serializers.cpython-311.opt-1.pyc
usr/lib/python3.11/site-packages/markdown/__pycache__/serializers.cpython-311.pyc
usr/lib/python3.11/site-packages/markdown/__pycache__/test_tools.cpython-311.opt-1.pyc
usr/lib/python3.11/site-packages/markdown/__pycache__/test_tools.cpython-311.pyc
usr/lib/python3.11/site-packages/markdown/__pycache__/treeprocessors.cpython-311.opt-1.pyc
usr/lib/python3.11/site-packages/markdown/__pycache__/treeprocessors.cpython-311.pyc
usr/lib/python3.11/site-packages/markdown/__pycache__/util.cpython-311.opt-1.pyc
usr/lib/python3.11/site-packages/markdown/__pycache__/util.cpython-311.pyc
usr/lib/python3.11/site-packages/markdown/blockparser.py
usr/lib/python3.11/site-packages/markdown/blockprocessors.py
usr/lib/python3.11/site-packages/markdown/core.py
usr/lib/python3.11/site-packages/markdown/extensions/
usr/lib/python3.11/site-packages/markdown/extensions/__init__.py
usr/lib/python3.11/site-packages/markdown/extensions/__pycache__/
usr/lib/python3.11/site-packages/markdown/extensions/__pycache__/__init__.cpython-311.opt-1.pyc
usr/lib/python3.11/site-packages/markdown/extensions/__pycache__/__init__.cpython-311.pyc
usr/lib/python3.11/site-packages/markdown/extensions/__pycache__/abbr.cpython-311.opt-1.pyc
usr/lib/python3.11/site-packages/markdown/extensions/__pycache__/abbr.cpython-311.pyc
usr/lib/python3.11/site-packages/markdown/extensions/__pycache__/admonition.cpython-311.opt-1.pyc
usr/lib/python3.11/site-packages/markdown/extensions/__pycache__/admonition.cpython-311.pyc
usr/lib/python3.11/site-packages/markdown/extensions/__pycache__/attr_list.cpython-311.opt-1.pyc
usr/lib/python3.11/site-packages/markdown/extensions/__pycache__/attr_list.cpython-311.pyc
usr/lib/python3.11/site-packages/markdown/extensions/__pycache__/codehilite.cpython-311.opt-1.pyc
usr/lib/python3.11/site-packages/markdown/extensions/__pycache__/codehilite.cpython-311.pyc
usr/lib/python3.11/site-packages/markdown/extensions/__pycache__/def_list.cpython-311.opt-1.pyc
usr/lib/python3.11/site-packages/markdown/extensions/__pycache__/def_list.cpython-311.pyc
usr/lib/python3.11/site-packages/markdown/extensions/__pycache__/extra.cpython-311.opt-1.pyc
usr/lib/python3.11/site-packages/markdown/extensions/__pycache__/extra.cpython-311.pyc
usr/lib/python3.11/site-packages/markdown/extensions/__pycache__/fenced_code.cpython-311.opt-1.pyc
usr/lib/python3.11/site-packages/markdown/extensions/__pycache__/fenced_code.cpython-311.pyc
usr/lib/python3.11/site-packages/markdown/extensions/__pycache__/footnotes.cpython-311.opt-1.pyc
usr/lib/python3.11/site-packages/markdown/extensions/__pycache__/footnotes.cpython-311.pyc
usr/lib/python3.11/site-packages/markdown/extensions/__pycache__/legacy_attrs.cpython-311.opt-1.pyc
usr/lib/python3.11/site-packages/markdown/extensions/__pycache__/legacy_attrs.cpython-311.pyc
usr/lib/python3.11/site-packages/markdown/extensions/__pycache__/legacy_em.cpython-311.opt-1.pyc
usr/lib/python3.11/site-packages/markdown/extensions/__pycache__/legacy_em.cpython-311.pyc
usr/lib/python3.11/site-packages/markdown/extensions/__pycache__/md_in_html.cpython-311.opt-1.pyc
usr/lib/python3.11/site-packages/markdown/extensions/__pycache__/md_in_html.cpython-311.pyc
usr/lib/python3.11/site-packages/markdown/extensions/__pycache__/meta.cpython-311.opt-1.pyc
usr/lib/python3.11/site-packages/markdown/extensions/__pycache__/meta.cpython-311.pyc
usr/lib/python3.11/site-packages/markdown/extensions/__pycache__/nl2br.cpython-311.opt-1.pyc
usr/lib/python3.11/site-packages/markdown/extensions/__pycache__/nl2br.cpython-311.pyc
usr/lib/python3.11/site-packages/markdown/extensions/__pycache__/sane_lists.cpython-311.opt-1.pyc
usr/lib/python3.11/site-packages/markdown/extensions/__pycache__/sane_lists.cpython-311.pyc
usr/lib/python3.11/site-packages/markdown/extensions/__pycache__/smarty.cpython-311.opt-1.pyc
usr/lib/python3.11/site-packages/markdown/extensions/__pycache__/smarty.cpython-311.pyc
usr/lib/python3.11/site-packages/markdown/extensions/__pycache__/tables.cpython-311.opt-1.pyc
usr/lib/python3.11/site-packages/markdown/extensions/__pycache__/tables.cpython-311.pyc
usr/lib/python3.11/site-packages/markdown/extensions/__pycache__/toc.cpython-311.opt-1.pyc
usr/lib/python3.11/site-packages/markdown/extensions/__pycache__/toc.cpython-311.pyc
usr/lib/python3.11/site-packages/markdown/extensions/__pycache__/wikilinks.cpython-311.opt-1.pyc
usr/lib/python3.11/site-packages/markdown/extensions/__pycache__/wikilinks.cpython-311.pyc
usr/lib/python3.11/site-packages/markdown/extensions/abbr.py
usr/lib/python3.11/site-packages/markdown/extensions/admonition.py
usr/lib/python3.11/site-packages/markdown/extensions/attr_list.py
usr/lib/python3.11/site-packages/markdown/extensions/codehilite.py
usr/lib/python3.11/site-packages/markdown/extensions/def_list.py
usr/lib/python3.11/site-packages/markdown/extensions/extra.py
usr/lib/python3.11/site-packages/markdown/extensions/fenced_code.py
usr/lib/python3.11/site-packages/markdown/extensions/footnotes.py
usr/lib/python3.11/site-packages/markdown/extensions/legacy_attrs.py
usr/lib/python3.11/site-packages/markdown/extensions/legacy_em.py
usr/lib/python3.11/site-packages/markdown/extensions/md_in_html.py
usr/lib/python3.11/site-packages/markdown/extensions/meta.py
usr/lib/python3.11/site-packages/markdown/extensions/nl2br.py
usr/lib/python3.11/site-packages/markdown/extensions/sane_lists.py
usr/lib/python3.11/site-packages/markdown/extensions/smarty.py
usr/lib/python3.11/site-packages/markdown/extensions/tables.py
usr/lib/python3.11/site-packages/markdown/extensions/toc.py
usr/lib/python3.11/site-packages/markdown/extensions/wikilinks.py
usr/lib/python3.11/site-packages/markdown/htmlparser.py
usr/lib/python3.11/site-packages/markdown/inlinepatterns.py
usr/lib/python3.11/site-packages/markdown/postprocessors.py
usr/lib/python3.11/site-packages/markdown/preprocessors.py
usr/lib/python3.11/site-packages/markdown/serializers.py
usr/lib/python3.11/site-packages/markdown/test_tools.py
usr/lib/python3.11/site-packages/markdown/treeprocessors.py
usr/lib/python3.11/site-packages/markdown/util.py

Slackware package /home/omen/BUILDS/TEMPLATE.SLACKBUILDS/my_builds/Markdown/binary-Markdown-3.6/Markdown-3.6-x86_64-1_rtz.tlz created.

