
Sat Aug 17 00:36:20 EEST 2024 Anagnostakis Ioannis (rizitis@gmail.com) GR
Slackware package maker, version 3.14159265.

Searching for symbolic links:
usr/include/mozjs-129/ProfilingCategoryList.h	../../mozglue/baseprofiler/public/ProfilingCategoryList.h
usr/include/mozjs-129/js-config.h	../../js/src/js-config.h
usr/include/mozjs-129/js/PrefsGenerated.h	../../../js/src/../../js/public/PrefsGenerated.h
usr/include/mozjs-129/js/ProfilingCategoryList.h	../../../js/src/../../mozglue/baseprofiler/public/ProfilingCategoryList.h
usr/include/mozjs-129/mozilla/intl/unicode_bidi_ffi_generated.h	../../../../intl/bidi/unicode_bidi_ffi_generated.h
usr/lib64/libmozjs-129.so	libmozjs-129.so.0
usr/lib64/libmozjs-129.so.0	libmozjs-129.so.0.0.0

Making symbolic link creation script:
( cd usr/include/mozjs-129 ; rm -rf ProfilingCategoryList.h )
( cd usr/include/mozjs-129 ; ln -sf ../../mozglue/baseprofiler/public/ProfilingCategoryList.h ProfilingCategoryList.h )
( cd usr/include/mozjs-129 ; rm -rf js-config.h )
( cd usr/include/mozjs-129 ; ln -sf ../../js/src/js-config.h js-config.h )
( cd usr/include/mozjs-129/js ; rm -rf PrefsGenerated.h )
( cd usr/include/mozjs-129/js ; ln -sf ../../../js/src/../../js/public/PrefsGenerated.h PrefsGenerated.h )
( cd usr/include/mozjs-129/js ; rm -rf ProfilingCategoryList.h )
( cd usr/include/mozjs-129/js ; ln -sf ../../../js/src/../../mozglue/baseprofiler/public/ProfilingCategoryList.h ProfilingCategoryList.h )
( cd usr/include/mozjs-129/mozilla/intl ; rm -rf unicode_bidi_ffi_generated.h )
( cd usr/include/mozjs-129/mozilla/intl ; ln -sf ../../../../intl/bidi/unicode_bidi_ffi_generated.h unicode_bidi_ffi_generated.h )
( cd usr/lib64 ; rm -rf libmozjs-129.so )
( cd usr/lib64 ; ln -sf libmozjs-129.so.0 libmozjs-129.so )
( cd usr/lib64 ; rm -rf libmozjs-129.so.0 )
( cd usr/lib64 ; ln -sf libmozjs-129.so.0.0.0 libmozjs-129.so.0 )

Unless your existing installation script already contains the code
to create these links, you should append these lines to your existing
install script. Now's your chance. :^)

Would you like to add this stuff to the existing install script and
remove the symbolic links ([y]es, [n]o)? y


Removing symbolic links:
removed './usr/lib64/libmozjs-129.so.0'
removed './usr/lib64/libmozjs-129.so'
removed './usr/include/mozjs-129/mozilla/intl/unicode_bidi_ffi_generated.h'
removed './usr/include/mozjs-129/js/PrefsGenerated.h'
removed './usr/include/mozjs-129/js/ProfilingCategoryList.h'
removed './usr/include/mozjs-129/js-config.h'
removed './usr/include/mozjs-129/ProfilingCategoryList.h'

Updating your ./install/doinst.sh...

This next step is optional - you can set the directories in your package
to some sane permissions. If any of the directories in your package have
special permissions, then DO NOT reset them here!

Would you like to reset all directory permissions to 755 (drwxr-xr-x) and
directory ownerships to root.root ([y]es, [n]o)? n

Creating Slackware package:  /home/omen/GITHUB/One4All_SlackBuild/mozjs129/binary-mozjs129-129.0/mozjs129-129.0-x86_64-1_rtz.tlz

./
install/
install/doinst.sh
install/slack-desc
usr/
usr/bin/
usr/bin/js129
usr/doc/
usr/doc/mozjs129-129.0/
usr/doc/mozjs129-129.0/mozjs129.SlackBuild
usr/include/
usr/include/mozjs-129/
usr/include/mozjs-129/BaseProfiler.h
usr/include/mozjs-129/BaseProfilerSharedLibraries.h
usr/include/mozjs-129/BaseProfilingCategory.h
usr/include/mozjs-129/PHC.h
usr/include/mozjs-129/double-conversion/
usr/include/mozjs-129/double-conversion/double-conversion.h
usr/include/mozjs-129/double-conversion/double-to-string.h
usr/include/mozjs-129/double-conversion/string-to-double.h
usr/include/mozjs-129/double-conversion/utils.h
usr/include/mozjs-129/encoding_rs_mem.h
usr/include/mozjs-129/fdlibm.h
usr/include/mozjs-129/function2/
usr/include/mozjs-129/function2/function2.hpp
usr/include/mozjs-129/js/
usr/include/mozjs-129/js/AllocPolicy.h
usr/include/mozjs-129/js/AllocationLogging.h
usr/include/mozjs-129/js/AllocationRecording.h
usr/include/mozjs-129/js/Array.h
usr/include/mozjs-129/js/ArrayBuffer.h
usr/include/mozjs-129/js/ArrayBufferMaybeShared.h
usr/include/mozjs-129/js/BigInt.h
usr/include/mozjs-129/js/BuildId.h
usr/include/mozjs-129/js/CallAndConstruct.h
usr/include/mozjs-129/js/CallArgs.h
usr/include/mozjs-129/js/CallNonGenericMethod.h
usr/include/mozjs-129/js/CharacterEncoding.h
usr/include/mozjs-129/js/Class.h
usr/include/mozjs-129/js/ColumnNumber.h
usr/include/mozjs-129/js/ComparisonOperators.h
usr/include/mozjs-129/js/CompilationAndEvaluation.h
usr/include/mozjs-129/js/CompileOptions.h
usr/include/mozjs-129/js/Context.h
usr/include/mozjs-129/js/ContextOptions.h
usr/include/mozjs-129/js/Conversions.h
usr/include/mozjs-129/js/Date.h
usr/include/mozjs-129/js/Debug.h
usr/include/mozjs-129/js/Equality.h
usr/include/mozjs-129/js/ErrorInterceptor.h
usr/include/mozjs-129/js/ErrorReport.h
usr/include/mozjs-129/js/Exception.h
usr/include/mozjs-129/js/ForOfIterator.h
usr/include/mozjs-129/js/GCAPI.h
usr/include/mozjs-129/js/GCAnnotations.h
usr/include/mozjs-129/js/GCHashTable.h
usr/include/mozjs-129/js/GCPolicyAPI.h
usr/include/mozjs-129/js/GCTypeMacros.h
usr/include/mozjs-129/js/GCVariant.h
usr/include/mozjs-129/js/GCVector.h
usr/include/mozjs-129/js/GlobalObject.h
usr/include/mozjs-129/js/HashTable.h
usr/include/mozjs-129/js/HeapAPI.h
usr/include/mozjs-129/js/HelperThreadAPI.h
usr/include/mozjs-129/js/Id.h
usr/include/mozjs-129/js/Initialization.h
usr/include/mozjs-129/js/Interrupt.h
usr/include/mozjs-129/js/Iterator.h
usr/include/mozjs-129/js/JSON.h
usr/include/mozjs-129/js/JitCodeAPI.h
usr/include/mozjs-129/js/LocaleSensitive.h
usr/include/mozjs-129/js/MapAndSet.h
usr/include/mozjs-129/js/MemoryCallbacks.h
usr/include/mozjs-129/js/MemoryFunctions.h
usr/include/mozjs-129/js/MemoryMetrics.h
usr/include/mozjs-129/js/Modules.h
usr/include/mozjs-129/js/Object.h
usr/include/mozjs-129/js/Prefs.h
usr/include/mozjs-129/js/Principals.h
usr/include/mozjs-129/js/Printer.h
usr/include/mozjs-129/js/Printf.h
usr/include/mozjs-129/js/ProfilingCategory.h
usr/include/mozjs-129/js/ProfilingFrameIterator.h
usr/include/mozjs-129/js/ProfilingStack.h
usr/include/mozjs-129/js/Promise.h
usr/include/mozjs-129/js/PropertyAndElement.h
usr/include/mozjs-129/js/PropertyDescriptor.h
usr/include/mozjs-129/js/PropertySpec.h
usr/include/mozjs-129/js/ProtoKey.h
usr/include/mozjs-129/js/Proxy.h
usr/include/mozjs-129/js/Realm.h
usr/include/mozjs-129/js/RealmIterators.h
usr/include/mozjs-129/js/RealmOptions.h
usr/include/mozjs-129/js/RefCounted.h
usr/include/mozjs-129/js/RegExp.h
usr/include/mozjs-129/js/RegExpFlags.h
usr/include/mozjs-129/js/Result.h
usr/include/mozjs-129/js/RootingAPI.h
usr/include/mozjs-129/js/SavedFrameAPI.h
usr/include/mozjs-129/js/ScalarType.h
usr/include/mozjs-129/js/ScriptPrivate.h
usr/include/mozjs-129/js/ShadowRealmCallbacks.h
usr/include/mozjs-129/js/SharedArrayBuffer.h
usr/include/mozjs-129/js/SliceBudget.h
usr/include/mozjs-129/js/SourceText.h
usr/include/mozjs-129/js/StableStringChars.h
usr/include/mozjs-129/js/Stack.h
usr/include/mozjs-129/js/StreamConsumer.h
usr/include/mozjs-129/js/String.h
usr/include/mozjs-129/js/StructuredClone.h
usr/include/mozjs-129/js/Symbol.h
usr/include/mozjs-129/js/TelemetryTimers.h
usr/include/mozjs-129/js/TraceKind.h
usr/include/mozjs-129/js/TracingAPI.h
usr/include/mozjs-129/js/Transcoding.h
usr/include/mozjs-129/js/TypeDecls.h
usr/include/mozjs-129/js/UbiNode.h
usr/include/mozjs-129/js/UbiNodeBreadthFirst.h
usr/include/mozjs-129/js/UbiNodeCensus.h
usr/include/mozjs-129/js/UbiNodeDominatorTree.h
usr/include/mozjs-129/js/UbiNodePostOrder.h
usr/include/mozjs-129/js/UbiNodeShortestPaths.h
usr/include/mozjs-129/js/UbiNodeUtils.h
usr/include/mozjs-129/js/UniquePtr.h
usr/include/mozjs-129/js/Utility.h
usr/include/mozjs-129/js/Value.h
usr/include/mozjs-129/js/ValueArray.h
usr/include/mozjs-129/js/Vector.h
usr/include/mozjs-129/js/WaitCallbacks.h
usr/include/mozjs-129/js/Warnings.h
usr/include/mozjs-129/js/WasmFeatures.h
usr/include/mozjs-129/js/WasmModule.h
usr/include/mozjs-129/js/WeakMap.h
usr/include/mozjs-129/js/WeakMapPtr.h
usr/include/mozjs-129/js/Wrapper.h
usr/include/mozjs-129/js/WrapperCallbacks.h
usr/include/mozjs-129/js/Zone.h
usr/include/mozjs-129/js/experimental/
usr/include/mozjs-129/js/experimental/CTypes.h
usr/include/mozjs-129/js/experimental/CodeCoverage.h
usr/include/mozjs-129/js/experimental/CompileScript.h
usr/include/mozjs-129/js/experimental/Intl.h
usr/include/mozjs-129/js/experimental/JSStencil.h
usr/include/mozjs-129/js/experimental/JitInfo.h
usr/include/mozjs-129/js/experimental/PCCountProfiling.h
usr/include/mozjs-129/js/experimental/SourceHook.h
usr/include/mozjs-129/js/experimental/TypedData.h
usr/include/mozjs-129/js/friend/
usr/include/mozjs-129/js/friend/DOMProxy.h
usr/include/mozjs-129/js/friend/DumpFunctions.h
usr/include/mozjs-129/js/friend/ErrorMessages.h
usr/include/mozjs-129/js/friend/ErrorNumbers.msg
usr/include/mozjs-129/js/friend/JSMEnvironment.h
usr/include/mozjs-129/js/friend/PerformanceHint.h
usr/include/mozjs-129/js/friend/StackLimits.h
usr/include/mozjs-129/js/friend/UsageStatistics.h
usr/include/mozjs-129/js/friend/WindowProxy.h
usr/include/mozjs-129/js/friend/XrayJitInfo.h
usr/include/mozjs-129/js/shadow/
usr/include/mozjs-129/js/shadow/Function.h
usr/include/mozjs-129/js/shadow/Object.h
usr/include/mozjs-129/js/shadow/Realm.h
usr/include/mozjs-129/js/shadow/Shape.h
usr/include/mozjs-129/js/shadow/String.h
usr/include/mozjs-129/js/shadow/Symbol.h
usr/include/mozjs-129/js/shadow/Zone.h
usr/include/mozjs-129/jsapi.h
usr/include/mozjs-129/jsfriendapi.h
usr/include/mozjs-129/jspubtd.h
usr/include/mozjs-129/jstypes.h
usr/include/mozjs-129/malloc_decls.h
usr/include/mozjs-129/mozilla/
usr/include/mozjs-129/mozilla/Algorithm.h
usr/include/mozjs-129/mozilla/Alignment.h
usr/include/mozjs-129/mozilla/AllocPolicy.h
usr/include/mozjs-129/mozilla/AlreadyAddRefed.h
usr/include/mozjs-129/mozilla/Array.h
usr/include/mozjs-129/mozilla/ArrayUtils.h
usr/include/mozjs-129/mozilla/Assertions.h
usr/include/mozjs-129/mozilla/AtomicBitfields.h
usr/include/mozjs-129/mozilla/Atomics.h
usr/include/mozjs-129/mozilla/Attributes.h
usr/include/mozjs-129/mozilla/AutoProfilerLabel.h
usr/include/mozjs-129/mozilla/AwakeTimeStamp.h
usr/include/mozjs-129/mozilla/BaseAndGeckoProfilerDetail.h
usr/include/mozjs-129/mozilla/BaseProfileJSONWriter.h
usr/include/mozjs-129/mozilla/BaseProfilerCounts.h
usr/include/mozjs-129/mozilla/BaseProfilerDetail.h
usr/include/mozjs-129/mozilla/BaseProfilerLabels.h
usr/include/mozjs-129/mozilla/BaseProfilerMarkerTypes.h
usr/include/mozjs-129/mozilla/BaseProfilerMarkers.h
usr/include/mozjs-129/mozilla/BaseProfilerMarkersDetail.h
usr/include/mozjs-129/mozilla/BaseProfilerMarkersPrerequisites.h
usr/include/mozjs-129/mozilla/BaseProfilerRAIIMacro.h
usr/include/mozjs-129/mozilla/BaseProfilerState.h
usr/include/mozjs-129/mozilla/BaseProfilerUtils.h
usr/include/mozjs-129/mozilla/BinarySearch.h
usr/include/mozjs-129/mozilla/BitSet.h
usr/include/mozjs-129/mozilla/BloomFilter.h
usr/include/mozjs-129/mozilla/Buffer.h
usr/include/mozjs-129/mozilla/BufferList.h
usr/include/mozjs-129/mozilla/Casting.h
usr/include/mozjs-129/mozilla/ChaosMode.h
usr/include/mozjs-129/mozilla/Char16.h
usr/include/mozjs-129/mozilla/CheckedInt.h
usr/include/mozjs-129/mozilla/CompactPair.h
usr/include/mozjs-129/mozilla/Compiler.h
usr/include/mozjs-129/mozilla/Compression.h
usr/include/mozjs-129/mozilla/DbgMacro.h
usr/include/mozjs-129/mozilla/DebugOnly.h
usr/include/mozjs-129/mozilla/Decimal.h
usr/include/mozjs-129/mozilla/DefineEnum.h
usr/include/mozjs-129/mozilla/DoubleConversion.h
usr/include/mozjs-129/mozilla/DoublyLinkedList.h
usr/include/mozjs-129/mozilla/EndianUtils.h
usr/include/mozjs-129/mozilla/EnumSet.h
usr/include/mozjs-129/mozilla/EnumTypeTraits.h
usr/include/mozjs-129/mozilla/EnumeratedArray.h
usr/include/mozjs-129/mozilla/EnumeratedRange.h
usr/include/mozjs-129/mozilla/FStream.h
usr/include/mozjs-129/mozilla/FailureLatch.h
usr/include/mozjs-129/mozilla/FastBernoulliTrial.h
usr/include/mozjs-129/mozilla/FloatingPoint.h
usr/include/mozjs-129/mozilla/FunctionRef.h
usr/include/mozjs-129/mozilla/FunctionTypeTraits.h
usr/include/mozjs-129/mozilla/Fuzzing.h
usr/include/mozjs-129/mozilla/HashFunctions.h
usr/include/mozjs-129/mozilla/HashTable.h
usr/include/mozjs-129/mozilla/HelperMacros.h
usr/include/mozjs-129/mozilla/InitializedOnce.h
usr/include/mozjs-129/mozilla/IntegerPrintfMacros.h
usr/include/mozjs-129/mozilla/IntegerRange.h
usr/include/mozjs-129/mozilla/IntegerTypeTraits.h
usr/include/mozjs-129/mozilla/JSONWriter.h
usr/include/mozjs-129/mozilla/JsRust.h
usr/include/mozjs-129/mozilla/Latin1.h
usr/include/mozjs-129/mozilla/Likely.h
usr/include/mozjs-129/mozilla/LinkedList.h
usr/include/mozjs-129/mozilla/Literals.h
usr/include/mozjs-129/mozilla/MPSCQueue.h
usr/include/mozjs-129/mozilla/MacroArgs.h
usr/include/mozjs-129/mozilla/MacroForEach.h
usr/include/mozjs-129/mozilla/MathAlgorithms.h
usr/include/mozjs-129/mozilla/Maybe.h
usr/include/mozjs-129/mozilla/MaybeOneOf.h
usr/include/mozjs-129/mozilla/MaybeStorageBase.h
usr/include/mozjs-129/mozilla/MemoryChecking.h
usr/include/mozjs-129/mozilla/MemoryReporting.h
usr/include/mozjs-129/mozilla/MmapFaultHandler.h
usr/include/mozjs-129/mozilla/ModuloBuffer.h
usr/include/mozjs-129/mozilla/MoveOnlyFunction.h
usr/include/mozjs-129/mozilla/MruCache.h
usr/include/mozjs-129/mozilla/NeverDestroyed.h
usr/include/mozjs-129/mozilla/NonDereferenceable.h
usr/include/mozjs-129/mozilla/NotNull.h
usr/include/mozjs-129/mozilla/Opaque.h
usr/include/mozjs-129/mozilla/OperatorNewExtensions.h
usr/include/mozjs-129/mozilla/PairHash.h
usr/include/mozjs-129/mozilla/Path.h
usr/include/mozjs-129/mozilla/PlatformConditionVariable.h
usr/include/mozjs-129/mozilla/PlatformMutex.h
usr/include/mozjs-129/mozilla/PlatformRWLock.h
usr/include/mozjs-129/mozilla/PodOperations.h
usr/include/mozjs-129/mozilla/Poison.h
usr/include/mozjs-129/mozilla/PowerOfTwo.h
usr/include/mozjs-129/mozilla/Printf.h
usr/include/mozjs-129/mozilla/ProfileBufferChunk.h
usr/include/mozjs-129/mozilla/ProfileBufferChunkManager.h
usr/include/mozjs-129/mozilla/ProfileBufferChunkManagerSingle.h
usr/include/mozjs-129/mozilla/ProfileBufferChunkManagerWithLocalLimit.h
usr/include/mozjs-129/mozilla/ProfileBufferControlledChunkManager.h
usr/include/mozjs-129/mozilla/ProfileBufferEntryKinds.h
usr/include/mozjs-129/mozilla/ProfileBufferEntrySerialization.h
usr/include/mozjs-129/mozilla/ProfileBufferIndex.h
usr/include/mozjs-129/mozilla/ProfileChunkedBuffer.h
usr/include/mozjs-129/mozilla/ProfileChunkedBufferDetail.h
usr/include/mozjs-129/mozilla/ProfilerBufferSize.h
usr/include/mozjs-129/mozilla/ProgressLogger.h
usr/include/mozjs-129/mozilla/ProportionValue.h
usr/include/mozjs-129/mozilla/RandomNum.h
usr/include/mozjs-129/mozilla/Range.h
usr/include/mozjs-129/mozilla/RangedArray.h
usr/include/mozjs-129/mozilla/RangedPtr.h
usr/include/mozjs-129/mozilla/ReentrancyGuard.h
usr/include/mozjs-129/mozilla/RefCountType.h
usr/include/mozjs-129/mozilla/RefCounted.h
usr/include/mozjs-129/mozilla/RefPtr.h
usr/include/mozjs-129/mozilla/Result.h
usr/include/mozjs-129/mozilla/ResultExtensions.h
usr/include/mozjs-129/mozilla/ResultVariant.h
usr/include/mozjs-129/mozilla/ReverseIterator.h
usr/include/mozjs-129/mozilla/RollingMean.h
usr/include/mozjs-129/mozilla/SHA1.h
usr/include/mozjs-129/mozilla/SIMD.h
usr/include/mozjs-129/mozilla/SPSCQueue.h
usr/include/mozjs-129/mozilla/SSE.h
usr/include/mozjs-129/mozilla/Saturate.h
usr/include/mozjs-129/mozilla/ScopeExit.h
usr/include/mozjs-129/mozilla/SegmentedVector.h
usr/include/mozjs-129/mozilla/SharedLibrary.h
usr/include/mozjs-129/mozilla/SmallPointerArray.h
usr/include/mozjs-129/mozilla/Span.h
usr/include/mozjs-129/mozilla/SplayTree.h
usr/include/mozjs-129/mozilla/Sprintf.h
usr/include/mozjs-129/mozilla/StackWalk.h
usr/include/mozjs-129/mozilla/StaticAnalysisFunctions.h
usr/include/mozjs-129/mozilla/StringBuffer.h
usr/include/mozjs-129/mozilla/TaggedAnonymousMemory.h
usr/include/mozjs-129/mozilla/Tainting.h
usr/include/mozjs-129/mozilla/TemplateLib.h
usr/include/mozjs-129/mozilla/TextUtils.h
usr/include/mozjs-129/mozilla/ThreadLocal.h
usr/include/mozjs-129/mozilla/ThreadSafeWeakPtr.h
usr/include/mozjs-129/mozilla/ThreadSafety.h
usr/include/mozjs-129/mozilla/TimeStamp.h
usr/include/mozjs-129/mozilla/ToString.h
usr/include/mozjs-129/mozilla/Try.h
usr/include/mozjs-129/mozilla/TypedEnumBits.h
usr/include/mozjs-129/mozilla/Types.h
usr/include/mozjs-129/mozilla/UniquePtr.h
usr/include/mozjs-129/mozilla/UniquePtrExtensions.h
usr/include/mozjs-129/mozilla/Unused.h
usr/include/mozjs-129/mozilla/Uptime.h
usr/include/mozjs-129/mozilla/Utf8.h
usr/include/mozjs-129/mozilla/Variant.h
usr/include/mozjs-129/mozilla/Vector.h
usr/include/mozjs-129/mozilla/WeakPtr.h
usr/include/mozjs-129/mozilla/WrappingOperations.h
usr/include/mozjs-129/mozilla/XorShift128PlusRNG.h
usr/include/mozjs-129/mozilla/cxxalloc.h
usr/include/mozjs-129/mozilla/fallible.h
usr/include/mozjs-129/mozilla/glue/
usr/include/mozjs-129/mozilla/glue/Debug.h
usr/include/mozjs-129/mozilla/glue/WinUtils.h
usr/include/mozjs-129/mozilla/intl/
usr/include/mozjs-129/mozilla/intl/Bidi.h
usr/include/mozjs-129/mozilla/intl/BidiClass.h
usr/include/mozjs-129/mozilla/intl/BidiEmbeddingLevel.h
usr/include/mozjs-129/mozilla/intl/Calendar.h
usr/include/mozjs-129/mozilla/intl/Collator.h
usr/include/mozjs-129/mozilla/intl/Currency.h
usr/include/mozjs-129/mozilla/intl/DateIntervalFormat.h
usr/include/mozjs-129/mozilla/intl/DateTimeFormat.h
usr/include/mozjs-129/mozilla/intl/DateTimePart.h
usr/include/mozjs-129/mozilla/intl/DateTimePatternGenerator.h
usr/include/mozjs-129/mozilla/intl/DisplayNames.h
usr/include/mozjs-129/mozilla/intl/FormatBuffer.h
usr/include/mozjs-129/mozilla/intl/GeneralCategory.h
usr/include/mozjs-129/mozilla/intl/ICU4CGlue.h
usr/include/mozjs-129/mozilla/intl/ICU4CLibrary.h
usr/include/mozjs-129/mozilla/intl/ICU4XGeckoDataProvider.h
usr/include/mozjs-129/mozilla/intl/ICUError.h
usr/include/mozjs-129/mozilla/intl/IDNA.h
usr/include/mozjs-129/mozilla/intl/ListFormat.h
usr/include/mozjs-129/mozilla/intl/Locale.h
usr/include/mozjs-129/mozilla/intl/LocaleCanonicalizer.h
usr/include/mozjs-129/mozilla/intl/MeasureUnit.h
usr/include/mozjs-129/mozilla/intl/MeasureUnitGenerated.h
usr/include/mozjs-129/mozilla/intl/NumberFormat.h
usr/include/mozjs-129/mozilla/intl/NumberParser.h
usr/include/mozjs-129/mozilla/intl/NumberPart.h
usr/include/mozjs-129/mozilla/intl/NumberRangeFormat.h
usr/include/mozjs-129/mozilla/intl/NumberingSystem.h
usr/include/mozjs-129/mozilla/intl/PluralRules.h
usr/include/mozjs-129/mozilla/intl/RelativeTimeFormat.h
usr/include/mozjs-129/mozilla/intl/String.h
usr/include/mozjs-129/mozilla/intl/TimeZone.h
usr/include/mozjs-129/mozilla/intl/UnicodeProperties.h
usr/include/mozjs-129/mozilla/intl/UnicodeScriptCodes.h
usr/include/mozjs-129/mozilla/leb128iterator.h
usr/include/mozjs-129/mozilla/mozalloc.h
usr/include/mozjs-129/mozilla/mozalloc_abort.h
usr/include/mozjs-129/mozilla/mozalloc_oom.h
usr/include/mozjs-129/mozjemalloc_types.h
usr/include/mozjs-129/mozmemory.h
usr/include/mozjs-129/mozmemory_utils.h
usr/include/mozjs-129/mozmemory_wrap.h
usr/include/mozjs-129/unicode/
usr/include/mozjs-129/unicode/alphaindex.h
usr/include/mozjs-129/unicode/appendable.h
usr/include/mozjs-129/unicode/basictz.h
usr/include/mozjs-129/unicode/brkiter.h
usr/include/mozjs-129/unicode/bytestream.h
usr/include/mozjs-129/unicode/bytestrie.h
usr/include/mozjs-129/unicode/bytestriebuilder.h
usr/include/mozjs-129/unicode/calendar.h
usr/include/mozjs-129/unicode/caniter.h
usr/include/mozjs-129/unicode/casemap.h
usr/include/mozjs-129/unicode/char16ptr.h
usr/include/mozjs-129/unicode/chariter.h
usr/include/mozjs-129/unicode/choicfmt.h
usr/include/mozjs-129/unicode/coleitr.h
usr/include/mozjs-129/unicode/coll.h
usr/include/mozjs-129/unicode/compactdecimalformat.h
usr/include/mozjs-129/unicode/curramt.h
usr/include/mozjs-129/unicode/currpinf.h
usr/include/mozjs-129/unicode/currunit.h
usr/include/mozjs-129/unicode/datefmt.h
usr/include/mozjs-129/unicode/dbbi.h
usr/include/mozjs-129/unicode/dcfmtsym.h
usr/include/mozjs-129/unicode/decimfmt.h
usr/include/mozjs-129/unicode/displayoptions.h
usr/include/mozjs-129/unicode/docmain.h
usr/include/mozjs-129/unicode/dtfmtsym.h
usr/include/mozjs-129/unicode/dtintrv.h
usr/include/mozjs-129/unicode/dtitvfmt.h
usr/include/mozjs-129/unicode/dtitvinf.h
usr/include/mozjs-129/unicode/dtptngen.h
usr/include/mozjs-129/unicode/dtrule.h
usr/include/mozjs-129/unicode/edits.h
usr/include/mozjs-129/unicode/enumset.h
usr/include/mozjs-129/unicode/errorcode.h
usr/include/mozjs-129/unicode/fieldpos.h
usr/include/mozjs-129/unicode/filteredbrk.h
usr/include/mozjs-129/unicode/fmtable.h
usr/include/mozjs-129/unicode/format.h
usr/include/mozjs-129/unicode/formattednumber.h
usr/include/mozjs-129/unicode/formattedvalue.h
usr/include/mozjs-129/unicode/fpositer.h
usr/include/mozjs-129/unicode/gender.h
usr/include/mozjs-129/unicode/gregocal.h
usr/include/mozjs-129/unicode/icudataver.h
usr/include/mozjs-129/unicode/icuplug.h
usr/include/mozjs-129/unicode/idna.h
usr/include/mozjs-129/unicode/listformatter.h
usr/include/mozjs-129/unicode/localebuilder.h
usr/include/mozjs-129/unicode/localematcher.h
usr/include/mozjs-129/unicode/localpointer.h
usr/include/mozjs-129/unicode/locdspnm.h
usr/include/mozjs-129/unicode/locid.h
usr/include/mozjs-129/unicode/measfmt.h
usr/include/mozjs-129/unicode/measunit.h
usr/include/mozjs-129/unicode/measure.h
usr/include/mozjs-129/unicode/messagepattern.h
usr/include/mozjs-129/unicode/msgfmt.h
usr/include/mozjs-129/unicode/normalizer2.h
usr/include/mozjs-129/unicode/normlzr.h
usr/include/mozjs-129/unicode/nounit.h
usr/include/mozjs-129/unicode/numberformatter.h
usr/include/mozjs-129/unicode/numberrangeformatter.h
usr/include/mozjs-129/unicode/numfmt.h
usr/include/mozjs-129/unicode/numsys.h
usr/include/mozjs-129/unicode/parseerr.h
usr/include/mozjs-129/unicode/parsepos.h
usr/include/mozjs-129/unicode/platform.h
usr/include/mozjs-129/unicode/plurfmt.h
usr/include/mozjs-129/unicode/plurrule.h
usr/include/mozjs-129/unicode/ptypes.h
usr/include/mozjs-129/unicode/putil.h
usr/include/mozjs-129/unicode/rbbi.h
usr/include/mozjs-129/unicode/rbnf.h
usr/include/mozjs-129/unicode/rbtz.h
usr/include/mozjs-129/unicode/regex.h
usr/include/mozjs-129/unicode/region.h
usr/include/mozjs-129/unicode/reldatefmt.h
usr/include/mozjs-129/unicode/rep.h
usr/include/mozjs-129/unicode/resbund.h
usr/include/mozjs-129/unicode/schriter.h
usr/include/mozjs-129/unicode/scientificnumberformatter.h
usr/include/mozjs-129/unicode/search.h
usr/include/mozjs-129/unicode/selfmt.h
usr/include/mozjs-129/unicode/simpleformatter.h
usr/include/mozjs-129/unicode/simplenumberformatter.h
usr/include/mozjs-129/unicode/simpletz.h
usr/include/mozjs-129/unicode/smpdtfmt.h
usr/include/mozjs-129/unicode/sortkey.h
usr/include/mozjs-129/unicode/std_string.h
usr/include/mozjs-129/unicode/strenum.h
usr/include/mozjs-129/unicode/stringoptions.h
usr/include/mozjs-129/unicode/stringpiece.h
usr/include/mozjs-129/unicode/stringtriebuilder.h
usr/include/mozjs-129/unicode/stsearch.h
usr/include/mozjs-129/unicode/symtable.h
usr/include/mozjs-129/unicode/tblcoll.h
usr/include/mozjs-129/unicode/timezone.h
usr/include/mozjs-129/unicode/tmunit.h
usr/include/mozjs-129/unicode/tmutamt.h
usr/include/mozjs-129/unicode/tmutfmt.h
usr/include/mozjs-129/unicode/translit.h
usr/include/mozjs-129/unicode/tzfmt.h
usr/include/mozjs-129/unicode/tznames.h
usr/include/mozjs-129/unicode/tzrule.h
usr/include/mozjs-129/unicode/tztrans.h
usr/include/mozjs-129/unicode/ubidi.h
usr/include/mozjs-129/unicode/ubiditransform.h
usr/include/mozjs-129/unicode/ubrk.h
usr/include/mozjs-129/unicode/ucal.h
usr/include/mozjs-129/unicode/ucasemap.h
usr/include/mozjs-129/unicode/ucat.h
usr/include/mozjs-129/unicode/uchar.h
usr/include/mozjs-129/unicode/ucharstrie.h
usr/include/mozjs-129/unicode/ucharstriebuilder.h
usr/include/mozjs-129/unicode/uchriter.h
usr/include/mozjs-129/unicode/uclean.h
usr/include/mozjs-129/unicode/ucnv.h
usr/include/mozjs-129/unicode/ucnv_cb.h
usr/include/mozjs-129/unicode/ucnv_err.h
usr/include/mozjs-129/unicode/ucnvsel.h
usr/include/mozjs-129/unicode/ucol.h
usr/include/mozjs-129/unicode/ucoleitr.h
usr/include/mozjs-129/unicode/uconfig.h
usr/include/mozjs-129/unicode/ucpmap.h
usr/include/mozjs-129/unicode/ucptrie.h
usr/include/mozjs-129/unicode/ucsdet.h
usr/include/mozjs-129/unicode/ucurr.h
usr/include/mozjs-129/unicode/udat.h
usr/include/mozjs-129/unicode/udata.h
usr/include/mozjs-129/unicode/udateintervalformat.h
usr/include/mozjs-129/unicode/udatpg.h
usr/include/mozjs-129/unicode/udisplaycontext.h
usr/include/mozjs-129/unicode/udisplayoptions.h
usr/include/mozjs-129/unicode/uenum.h
usr/include/mozjs-129/unicode/ufieldpositer.h
usr/include/mozjs-129/unicode/uformattable.h
usr/include/mozjs-129/unicode/uformattednumber.h
usr/include/mozjs-129/unicode/uformattedvalue.h
usr/include/mozjs-129/unicode/ugender.h
usr/include/mozjs-129/unicode/uidna.h
usr/include/mozjs-129/unicode/uiter.h
usr/include/mozjs-129/unicode/uldnames.h
usr/include/mozjs-129/unicode/ulistformatter.h
usr/include/mozjs-129/unicode/uloc.h
usr/include/mozjs-129/unicode/ulocdata.h
usr/include/mozjs-129/unicode/umachine.h
usr/include/mozjs-129/unicode/umisc.h
usr/include/mozjs-129/unicode/umsg.h
usr/include/mozjs-129/unicode/umutablecptrie.h
usr/include/mozjs-129/unicode/unifilt.h
usr/include/mozjs-129/unicode/unifunct.h
usr/include/mozjs-129/unicode/unimatch.h
usr/include/mozjs-129/unicode/unirepl.h
usr/include/mozjs-129/unicode/uniset.h
usr/include/mozjs-129/unicode/unistr.h
usr/include/mozjs-129/unicode/unorm.h
usr/include/mozjs-129/unicode/unorm2.h
usr/include/mozjs-129/unicode/unum.h
usr/include/mozjs-129/unicode/unumberformatter.h
usr/include/mozjs-129/unicode/unumberoptions.h
usr/include/mozjs-129/unicode/unumberrangeformatter.h
usr/include/mozjs-129/unicode/unumsys.h
usr/include/mozjs-129/unicode/uobject.h
usr/include/mozjs-129/unicode/upluralrules.h
usr/include/mozjs-129/unicode/uregex.h
usr/include/mozjs-129/unicode/uregion.h
usr/include/mozjs-129/unicode/ureldatefmt.h
usr/include/mozjs-129/unicode/urename.h
usr/include/mozjs-129/unicode/urep.h
usr/include/mozjs-129/unicode/ures.h
usr/include/mozjs-129/unicode/uscript.h
usr/include/mozjs-129/unicode/usearch.h
usr/include/mozjs-129/unicode/uset.h
usr/include/mozjs-129/unicode/usetiter.h
usr/include/mozjs-129/unicode/ushape.h
usr/include/mozjs-129/unicode/usimplenumberformatter.h
usr/include/mozjs-129/unicode/uspoof.h
usr/include/mozjs-129/unicode/usprep.h
usr/include/mozjs-129/unicode/ustring.h
usr/include/mozjs-129/unicode/ustringtrie.h
usr/include/mozjs-129/unicode/utext.h
usr/include/mozjs-129/unicode/utf.h
usr/include/mozjs-129/unicode/utf16.h
usr/include/mozjs-129/unicode/utf32.h
usr/include/mozjs-129/unicode/utf8.h
usr/include/mozjs-129/unicode/utf_old.h
usr/include/mozjs-129/unicode/utmscale.h
usr/include/mozjs-129/unicode/utrace.h
usr/include/mozjs-129/unicode/utrans.h
usr/include/mozjs-129/unicode/utypes.h
usr/include/mozjs-129/unicode/uvernum.h
usr/include/mozjs-129/unicode/uversion.h
usr/include/mozjs-129/unicode/vtzone.h
usr/lib64/
usr/lib64/libmozjs-129.so.0.0.0
usr/lib64/pkgconfig/
usr/lib64/pkgconfig/mozjs-129.pc

Slackware package /home/omen/GITHUB/One4All_SlackBuild/mozjs129/binary-mozjs129-129.0/mozjs129-129.0-x86_64-1_rtz.tlz created.

