
Fri Aug 16 21:04:56 EEST 2024 Anagnostakis Ioannis (rizitis@gmail.com) GR
Slackware package maker, version 3.14159265.

Searching for symbolic links:

No symbolic links were found, so we won't make an installation script.
You can make your own later in ./install/doinst.sh and rebuild the
package if you like.

This next step is optional - you can set the directories in your package
to some sane permissions. If any of the directories in your package have
special permissions, then DO NOT reset them here!

Would you like to reset all directory permissions to 755 (drwxr-xr-x) and
directory ownerships to root.root ([y]es, [n]o)? n

Creating Slackware package:  /home/omen/GITHUB/One4All_SlackBuild/a68g/binary-a68g-3.5.4/a68g-3.5.4-x86_64-1_rtz.tlz

./
install/
install/doinst.sh
install/slack-desc
usr/
usr/bin/
usr/bin/a68g
usr/doc/
usr/doc/a68g-3.5.4/
usr/doc/a68g-3.5.4/AUTHORS
usr/doc/a68g-3.5.4/COPYING
usr/doc/a68g-3.5.4/ChangeLog
usr/doc/a68g-3.5.4/NEWS
usr/doc/a68g-3.5.4/README
usr/doc/a68g-3.5.4/a68g.SlackBuild
usr/include/
usr/include/algol68g/
usr/include/algol68g/a68g-common.h
usr/include/algol68g/a68g-config.h
usr/include/algol68g/a68g-config.win32.h
usr/include/algol68g/a68g-defines.h
usr/include/algol68g/a68g-diagnostics.h
usr/include/algol68g/a68g-double.h
usr/include/algol68g/a68g-enums.h
usr/include/algol68g/a68g-environ.h
usr/include/algol68g/a68g-frames.h
usr/include/algol68g/a68g-generic.h
usr/include/algol68g/a68g-genie.h
usr/include/algol68g/a68g-includes.h
usr/include/algol68g/a68g-level-3.h
usr/include/algol68g/a68g-lib.h
usr/include/algol68g/a68g-listing.h
usr/include/algol68g/a68g-mach.h
usr/include/algol68g/a68g-masks.h
usr/include/algol68g/a68g-math.h
usr/include/algol68g/a68g-moids.h
usr/include/algol68g/a68g-mp.h
usr/include/algol68g/a68g-nil.h
usr/include/algol68g/a68g-numbers.h
usr/include/algol68g/a68g-optimiser.h
usr/include/algol68g/a68g-options.h
usr/include/algol68g/a68g-parser.h
usr/include/algol68g/a68g-physics.h
usr/include/algol68g/a68g-platform.h
usr/include/algol68g/a68g-plugin.h
usr/include/algol68g/a68g-postulates.h
usr/include/algol68g/a68g-prelude-gsl.h
usr/include/algol68g/a68g-prelude-mathlib.h
usr/include/algol68g/a68g-prelude.h
usr/include/algol68g/a68g-stack.h
usr/include/algol68g/a68g-stddef.h
usr/include/algol68g/a68g-torrix.h
usr/include/algol68g/a68g-transput.h
usr/include/algol68g/a68g-types.h
usr/include/algol68g/a68g.h
usr/man/
usr/man/man1/
usr/man/man1/a68g.1.gz

Slackware package /home/omen/GITHUB/One4All_SlackBuild/a68g/binary-a68g-3.5.4/a68g-3.5.4-x86_64-1_rtz.tlz created.

