
Tue Nov  5 12:30:22 EET 2024 Anagnostakis Ioannis (rizitis@gmail.com) GR
Slackware package maker, version 3.14159265.

Searching for symbolic links:

No symbolic links were found, so we won't make an installation script.
You can make your own later in ./install/doinst.sh and rebuild the
package if you like.

This next step is optional - you can set the directories in your package
to some sane permissions. If any of the directories in your package have
special permissions, then DO NOT reset them here!

Would you like to reset all directory permissions to 755 (drwxr-xr-x) and
directory ownerships to root.root ([y]es, [n]o)? n


Creating Slackware package:  /home/omen/GITHUB/One4All_SlackBuild/gpu-screen-GTK/binary-gpu-recorder-gtk-r402.ee137ee/gpu-recorder-gtk-r402.ee137ee-x86_64-1_rtz.tlz

./
install/
install/doinst.sh
install/slack-desc
install/slack-required
usr/
usr/bin/
usr/bin/gpu-screen-recorder-gtk
usr/doc/
usr/doc/gpu-recorder-gtk-r402.ee137ee/
usr/doc/gpu-recorder-gtk-r402.ee137ee/gpu-recorder-gtk.SlackBuild
usr/share/
usr/share/applications/
usr/share/applications/com.dec05eba.gpu_screen_recorder.desktop
usr/share/icons/
usr/share/icons/hicolor/
usr/share/icons/hicolor/128x128/
usr/share/icons/hicolor/128x128/apps/
usr/share/icons/hicolor/128x128/apps/com.dec05eba.gpu_screen_recorder.png
usr/share/icons/hicolor/128x128/status/
usr/share/icons/hicolor/128x128/status/com.dec05eba.gpu_screen_recorder.tray-idle.png
usr/share/icons/hicolor/128x128/status/com.dec05eba.gpu_screen_recorder.tray-paused.png
usr/share/icons/hicolor/128x128/status/com.dec05eba.gpu_screen_recorder.tray-recording.png
usr/share/icons/hicolor/32x32/
usr/share/icons/hicolor/32x32/apps/
usr/share/icons/hicolor/32x32/apps/com.dec05eba.gpu_screen_recorder.png
usr/share/icons/hicolor/32x32/status/
usr/share/icons/hicolor/32x32/status/com.dec05eba.gpu_screen_recorder.tray-idle.png
usr/share/icons/hicolor/32x32/status/com.dec05eba.gpu_screen_recorder.tray-paused.png
usr/share/icons/hicolor/32x32/status/com.dec05eba.gpu_screen_recorder.tray-recording.png
usr/share/icons/hicolor/64x64/
usr/share/icons/hicolor/64x64/apps/
usr/share/icons/hicolor/64x64/apps/com.dec05eba.gpu_screen_recorder.png
usr/share/icons/hicolor/64x64/status/
usr/share/icons/hicolor/64x64/status/com.dec05eba.gpu_screen_recorder.tray-idle.png
usr/share/icons/hicolor/64x64/status/com.dec05eba.gpu_screen_recorder.tray-paused.png
usr/share/icons/hicolor/64x64/status/com.dec05eba.gpu_screen_recorder.tray-recording.png
usr/share/metainfo/
usr/share/metainfo/com.dec05eba.gpu_screen_recorder.appdata.xml

Slackware package /home/omen/GITHUB/One4All_SlackBuild/gpu-screen-GTK/binary-gpu-recorder-gtk-r402.ee137ee/gpu-recorder-gtk-r402.ee137ee-x86_64-1_rtz.tlz created.

