
Thu Sep 19 21:40:31 EEST 2024 Anagnostakis Ioannis (rizitis@gmail.com) GR
Slackware package maker, version 3.14159265.

Searching for symbolic links:

No symbolic links were found, so we won't make an installation script.
You can make your own later in ./install/doinst.sh and rebuild the
package if you like.

This next step is optional - you can set the directories in your package
to some sane permissions. If any of the directories in your package have
special permissions, then DO NOT reset them here!

Would you like to reset all directory permissions to 755 (drwxr-xr-x) and
directory ownerships to root.root ([y]es, [n]o)? n

Creating Slackware package:  /home/omen/GITHUB/One4All_SlackBuild/tags/binary-tags-1.2/tags-1.2-x86_64-1_rtz.tlz

./
install/
install/doinst.sh
install/slack-desc
usr/
usr/bin/
usr/bin/tags
usr/doc/
usr/doc/tags-1.2/
usr/doc/tags-1.2/tags.SlackBuild
usr/share/
usr/share/appdata/
usr/share/appdata/io.github.phastmike.tags.appdata.xml
usr/share/applications/
usr/share/applications/io.github.phastmike.tags.desktop
usr/share/glib-2.0/
usr/share/glib-2.0/schemas/
usr/share/glib-2.0/schemas/io.github.phastmike.tags.gschema.xml
usr/share/icons/
usr/share/icons/hicolor/
usr/share/icons/hicolor/scalable/
usr/share/icons/hicolor/scalable/apps/
usr/share/icons/hicolor/scalable/apps/io.github.phastmike.tags.svg
usr/share/icons/hicolor/symbolic/
usr/share/icons/hicolor/symbolic/apps/
usr/share/icons/hicolor/symbolic/apps/io.github.phastmike.tags-symbolic.svg

Slackware package /home/omen/GITHUB/One4All_SlackBuild/tags/binary-tags-1.2/tags-1.2-x86_64-1_rtz.tlz created.

