Starting build process...
Detected architecture: x86_64
--2024-10-30 20:28:18--  https://git.sr.ht/~emersion/pyonji/refs/download/v0.1.0/pyonji-0.1.0.tar.gz
Resolving git.sr.ht (git.sr.ht)... 2a03:6000:1813:1337::155, 46.23.81.155
Connecting to git.sr.ht (git.sr.ht)|2a03:6000:1813:1337::155|:443... connected.
HTTP request sent, awaiting response... 200 OK
Length: 29563 (29K) [application/x-tar]
Saving to: ‘pyonji-0.1.0.tar.gz’

     0K .......... .......... ........                        100% 17.6M=0.002s

2024-10-30 20:28:18 (17.6 MB/s) - ‘pyonji-0.1.0.tar.gz’ saved [29563/29563]

pyonji-0.1.0/
pyonji-0.1.0/.b4-config
pyonji-0.1.0/.build.yml
pyonji-0.1.0/LICENSE
pyonji-0.1.0/README.md
pyonji-0.1.0/git.go
pyonji-0.1.0/go.mod
pyonji-0.1.0/go.sum
pyonji-0.1.0/init.go
pyonji-0.1.0/mailconfig/
pyonji-0.1.0/mailconfig/dns_srv.go
pyonji-0.1.0/mailconfig/guess.go
pyonji-0.1.0/mailconfig/mailconfig.go
pyonji-0.1.0/mailconfig/mozilla.go
pyonji-0.1.0/mailconfig/vendor.go
pyonji-0.1.0/main.go
pyonji-0.1.0/sendmail_cmd.go
pyonji-0.1.0/smtp.go
pyonji-0.1.0/submit.go
/home/omen/GITHUB/AUTO_SLACKBUILD/pyonji/work
README or README.md already exists, skipping creation.
hm...lets continue and see what happens
cp: cannot stat 'AUTHORS': No such file or directory
cp: cannot stat 'ChangeLog*': No such file or directory
cp: cannot stat 'COPYING': No such file or directory
cp: cannot stat 'CREDITS': No such file or directory
cp: cannot stat 'MAINTAINERS': No such file or directory
cp: cannot stat 'NEWS': No such file or directory
cp: cannot stat 'doc': No such file or directory
cp: cannot stat 'DOCS': No such file or directory

Slackware package maker, version 3.14159265.

Searching for symbolic links:

No symbolic links were found, so we won't make an installation script.
You can make your own later in ./install/doinst.sh and rebuild the
package if you like.

This next step is optional - you can set the directories in your package
to some sane permissions. If any of the directories in your package have
special permissions, then DO NOT reset them here!

Would you like to reset all directory permissions to 755 (drwxr-xr-x) and
directory ownerships to root.root ([y]es, [n]o)? n


Creating Slackware package:  /home/omen/GITHUB/AUTO_SLACKBUILD/pyonji/binary-pyonji-0.1.0/pyonji-0.1.0-x86_64-1_rtz.tlz

./
install/
install/doinst.sh
install/slack-desc
usr/
usr/doc/
usr/doc/pyonji-0.1.0/
usr/doc/pyonji-0.1.0/LICENSE
usr/doc/pyonji-0.1.0/README.md
usr/doc/pyonji-0.1.0/pyonji.SlackBuild
usr/local/
usr/local/bin/
usr/local/bin/pyonji

Slackware package /home/omen/GITHUB/AUTO_SLACKBUILD/pyonji/binary-pyonji-0.1.0/pyonji-0.1.0-x86_64-1_rtz.tlz created.


+==============================================================================
| Upgrading pyonji-0.1.0-x86_64-1_rtz package using /home/omen/GITHUB/AUTO_SLACKBUILD/pyonji/binary-pyonji-0.1.0/pyonji-0.1.0-x86_64-1_rtz.tlz
+==============================================================================
Pre-installing package pyonji-0.1.0-x86_64-1_rtz...
Removing package: pyonji-0.1.0-x86_64-1_rtz-upgraded-2024-10-30,20:28:22
Verifying package pyonji-0.1.0-x86_64-1_rtz.tlz.
Installing package pyonji-0.1.0-x86_64-1_rtz.tlz:
PACKAGE DESCRIPTION:
# pyonji (tool to send e-mail patches)
#
# An easy-to-use tool to send e-mail patches.
#
# https://sr.ht/~emersion/pyonji
Executing install script for pyonji-0.1.0-x86_64-1_rtz.tlz.
Font directories:
	/usr/share/fonts
/usr/share/fonts: caching, new cache contents: 0 fonts, 13 dirs
/usr/share/fonts/100dpi: caching, new cache contents: 398 fonts, 0 dirs
/usr/share/fonts/75dpi: caching, new cache contents: 398 fonts, 0 dirs
/usr/share/fonts/OTF: caching, new cache contents: 167 fonts, 0 dirs
/usr/share/fonts/Speedo: caching, new cache contents: 0 fonts, 0 dirs
/usr/share/fonts/TTF: caching, new cache contents: 473 fonts, 3 dirs
/usr/share/fonts/TTF/cantarell: caching, new cache contents: 6 fonts, 0 dirs
/usr/share/fonts/TTF/oxygen: caching, new cache contents: 3 fonts, 0 dirs
/usr/share/fonts/TTF/static: caching, new cache contents: 36 fonts, 0 dirs
/usr/share/fonts/Type1: caching, new cache contents: 64 fonts, 0 dirs
/usr/share/fonts/cyrillic: caching, new cache contents: 0 fonts, 0 dirs
/usr/share/fonts/encodings: caching, new cache contents: 0 fonts, 1 dirs
/usr/share/fonts/encodings/large: caching, new cache contents: 0 fonts, 0 dirs
/usr/share/fonts/kanjistrokeorders: caching, new cache contents: 1 fonts, 0 dirs
/usr/share/fonts/misc: caching, new cache contents: 144 fonts, 0 dirs
/usr/share/fonts/opentype: caching, new cache contents: 0 fonts, 1 dirs
/usr/share/fonts/opentype/fira: caching, new cache contents: 97 fonts, 0 dirs
/usr/share/fonts/truetype: caching, new cache contents: 0 fonts, 1 dirs
/usr/share/fonts/truetype/roboto-slab: caching, new cache contents: 4 fonts, 0 dirs
/usr/share/fonts/util: caching, new cache contents: 0 fonts, 0 dirs
/var/cache/fontconfig: cleaning cache directory
/root/.cache/fontconfig: not cleaning non-existent cache directory
/root/.fontconfig: not cleaning non-existent cache directory
/usr/bin/fc-cache: succeeded
Package pyonji-0.1.0-x86_64-1_rtz.tlz installed.
Package pyonji-0.1.0-x86_64-1_rtz upgraded with new package /home/omen/GITHUB/AUTO_SLACKBUILD/pyonji/binary-pyonji-0.1.0/pyonji-0.1.0-x86_64-1_rtz.tlz.
Build process completed in 0 minutes and 9 seconds.
