
Sat Sep 21 15:01:52 EEST 2024 Anagnostakis Ioannis (rizitis@gmail.com) GR
Slackware package maker, version 3.14159265.

Searching for symbolic links:

No symbolic links were found, so we won't make an installation script.
You can make your own later in ./install/doinst.sh and rebuild the
package if you like.

This next step is optional - you can set the directories in your package
to some sane permissions. If any of the directories in your package have
special permissions, then DO NOT reset them here!

Would you like to reset all directory permissions to 755 (drwxr-xr-x) and
directory ownerships to root.root ([y]es, [n]o)? n

Creating Slackware package:  /home/omen/GITHUB/AUTO_SLACKBUILD/binary-Slackware-Commander-5.0.0/Slackware-Commander-5.0.0-x86_64-1_rtz.tlz

./
etc/
etc/inxifetch/
etc/inxifetch/inxifetch.conf.new
install/
install/doinst.sh
install/slack-desc
usr/
usr/doc/
usr/doc/Slackware-Commander-5.0.0/
usr/doc/Slackware-Commander-5.0.0/Slackware-Commander.SlackBuild
usr/info/
usr/info/Slackware-Commander.info.gz
usr/local/
usr/local/bin/
usr/local/bin/inxifetch
usr/local/bin/isnum
usr/local/bin/ldtree
usr/local/bin/panic/
usr/local/bin/panic/30years_SLACKWARE-2.sh
usr/local/bin/panic/30years_SLACKWARE.sh
usr/local/bin/panic/bash-songs.sh
usr/local/bin/panic/BSOD-2.sh
usr/local/bin/panic/BSOD.sh
usr/local/bin/panic/christmas.sh
usr/local/bin/panic/fun10.sh
usr/local/bin/panic/fun11.sh
usr/local/bin/panic/fun12.sh
usr/local/bin/panic/fun13.sh
usr/local/bin/panic/fun14.sh
usr/local/bin/panic/fun15.sh
usr/local/bin/panic/fun16.sh
usr/local/bin/panic/fun17.sh
usr/local/bin/panic/fun18.sh
usr/local/bin/panic/fun19.sh
usr/local/bin/panic/fun1.sh
usr/local/bin/panic/fun20.sh
usr/local/bin/panic/fun-21.sh
usr/local/bin/panic/fun2.sh
usr/local/bin/panic/fun3.sh
usr/local/bin/panic/fun4.sh
usr/local/bin/panic/fun5.sh
usr/local/bin/panic/fun6.sh
usr/local/bin/panic/fun7.sh
usr/local/bin/panic/fun8.sh
usr/local/bin/panic/fun9.sh
usr/local/bin/panic/hacking-sounds
usr/local/bin/panic/init-bong.sh
usr/local/bin/panic/parania.sh
usr/local/bin/print_version
usr/local/bin/rcstatus
usr/local/bin/restart-services
usr/local/bin/SBKS
usr/local/bin/slackpkg_build
usr/local/bin/slack-revert
usr/local/bin/slack-revert-revert.sh
usr/local/bin/Slackware-Commander.sh
usr/local/bin/Slackware-Commander-uninstall.sh
usr/local/bin/SLCMD2.sh
usr/local/bin/SLCMD3.sh
usr/local/bin/weather_forcast
usr/local/bin/whoRyou
usr/man/
usr/man/man1/
usr/man/man1/Slackware-Commander.1.gz
usr/share/
usr/share/applications/
usr/share/applications/Slackware-Commander.desktop
usr/share/icons/
usr/share/icons/Slackware-Commander/
usr/share/icons/Slackware-Commander/alert-icon.png
usr/share/icons/Slackware-Commander/alert-icon.webp
usr/share/icons/Slackware-Commander/bolt-icon.png
usr/share/icons/Slackware-Commander/bolt-icon.webp
usr/share/icons/Slackware-Commander/branding-logo-design-icon.png
usr/share/icons/Slackware-Commander/branding-logo-design-icon.webp
usr/share/icons/Slackware-Commander/business-management-icon.png
usr/share/icons/Slackware-Commander/business-management-icon.webp
usr/share/icons/Slackware-Commander/carpenter-tools-icon-1.png
usr/share/icons/Slackware-Commander/carpenter-tools-icon-1.webp
usr/share/icons/Slackware-Commander/carpenter-tools-icon.png
usr/share/icons/Slackware-Commander/carpenter-tools-icon.webp
usr/share/icons/Slackware-Commander/clip-line-icon.png
usr/share/icons/Slackware-Commander/clip-line-icon.webp
usr/share/icons/Slackware-Commander/configuration-icon.png
usr/share/icons/Slackware-Commander/configuration-icon.webp
usr/share/icons/Slackware-Commander/construction-hinge-icon.png
usr/share/icons/Slackware-Commander/construction-hinges-icon.png
usr/share/icons/Slackware-Commander/creative-commons-by-attribution-icon.png
usr/share/icons/Slackware-Commander/cruelty-free-sign-icon.png
usr/share/icons/Slackware-Commander/dashboard-line-icon.png
usr/share/icons/Slackware-Commander/dashboard-line-icon.webp
usr/share/icons/Slackware-Commander/deep-water-icon.png
usr/share/icons/Slackware-Commander/deep-water-icon.webp
usr/share/icons/Slackware-Commander/designer-artist-icon.png
usr/share/icons/Slackware-Commander/designer-artist-icon.webp
usr/share/icons/Slackware-Commander/dimension-3d-icon.png
usr/share/icons/Slackware-Commander/diy-do-it-yourself-icon.png
usr/share/icons/Slackware-Commander/diy-do-it-yourself-icon.webp
usr/share/icons/Slackware-Commander/downtime-arrow-icon.png
usr/share/icons/Slackware-Commander/drill-icon.png
usr/share/icons/Slackware-Commander/flexible-customizable-icon.png
usr/share/icons/Slackware-Commander/flexible-customizable-icon.webp
usr/share/icons/Slackware-Commander/green-circle-icon.png
usr/share/icons/Slackware-Commander/green-circle-icon.webp
usr/share/icons/Slackware-Commander/hammer-icon.png
usr/share/icons/Slackware-Commander/hammer-icon.webp
usr/share/icons/Slackware-Commander/hammer-line-icon.png
usr/share/icons/Slackware-Commander/hashtag-icon.png
usr/share/icons/Slackware-Commander/hashtag-icon.webp
usr/share/icons/Slackware-Commander/home-improvement-icon.png
usr/share/icons/Slackware-Commander/it-icon-1.png
usr/share/icons/Slackware-Commander/it-icon-1.webp
usr/share/icons/Slackware-Commander/it-icon.png
usr/share/icons/Slackware-Commander/it-icon.webp
usr/share/icons/Slackware-Commander/maintenance-icon.png
usr/share/icons/Slackware-Commander/maintenance-icon.webp
usr/share/icons/Slackware-Commander/manager-icon.png
usr/share/icons/Slackware-Commander/manager-icon.webp
usr/share/icons/Slackware-Commander/myspace-icon.png
usr/share/icons/Slackware-Commander/online-community-icon.png
usr/share/icons/Slackware-Commander/online-community-icon.webp
usr/share/icons/Slackware-Commander/paint-roller-bucket-icon.png
usr/share/icons/Slackware-Commander/paint-roller-bucket-icon.webp
usr/share/icons/Slackware-Commander/pin-line-icon.png
usr/share/icons/Slackware-Commander/pin-line-icon.webp
usr/share/icons/Slackware-Commander/plier-icon.png
usr/share/icons/Slackware-Commander/plier-icon.webp
usr/share/icons/Slackware-Commander/process-icon.png
usr/share/icons/Slackware-Commander/process-icon.webp
usr/share/icons/Slackware-Commander/project-work-icon.png
usr/share/icons/Slackware-Commander/project-work-icon.webp
usr/share/icons/Slackware-Commander/push-pin-blue-icon.png
usr/share/icons/Slackware-Commander/push-pin-green-icon.png
usr/share/icons/Slackware-Commander/push-pin-green-icon.webp
usr/share/icons/Slackware-Commander/pushpin-icon.png
usr/share/icons/Slackware-Commander/pushpin-icon.webp
usr/share/icons/Slackware-Commander/red-circle-icon.png
usr/share/icons/Slackware-Commander/red-circle-icon.webp
usr/share/icons/Slackware-Commander/repairing-icon.png
usr/share/icons/Slackware-Commander/repairing-icon.webp
usr/share/icons/Slackware-Commander/scissor-icon.png
usr/share/icons/Slackware-Commander/select-area-icon.png
usr/share/icons/Slackware-Commander/select-area-icon.webp
usr/share/icons/Slackware-Commander/service-provider-icon.png
usr/share/icons/Slackware-Commander/service-provider-icon.webp
usr/share/icons/Slackware-Commander/service-tools-icon.png
usr/share/icons/Slackware-Commander/service-tools-icon.webp
usr/share/icons/Slackware-Commander/setting-icon-1.png
usr/share/icons/Slackware-Commander/setting-icon-1.webp
usr/share/icons/Slackware-Commander/setting-icon.png
usr/share/icons/Slackware-Commander/setting-icon.webp
usr/share/icons/Slackware-Commander/setting-line-icon.png
usr/share/icons/Slackware-Commander/setting-line-icon.webp
usr/share/icons/Slackware-Commander/settings-icon-1.png
usr/share/icons/Slackware-Commander/settings-icon-1.webp
usr/share/icons/Slackware-Commander/settings-icon.png
usr/share/icons/Slackware-Commander/settings-icon.webp
usr/share/icons/Slackware-Commander/settings-line-icon-1.png
usr/share/icons/Slackware-Commander/settings-line-icon-1.webp
usr/share/icons/Slackware-Commander/settings-line-icon.png
usr/share/icons/Slackware-Commander/settings-line-icon.webp
usr/share/icons/Slackware-Commander/share-group-icon.png
usr/share/icons/Slackware-Commander/share-group-member-icon.png
usr/share/icons/Slackware-Commander/share-group-member-icon.webp
usr/share/icons/Slackware-Commander/silence-icon.png
usr/share/icons/Slackware-Commander/silence-icon.webp
usr/share/icons/Slackware-Commander/Slackware-Commander2.png
usr/share/icons/Slackware-Commander/slackware_logo_med.png
usr/share/icons/Slackware-Commander/slackware_whitelogo_med.png
usr/share/icons/Slackware-Commander/sl_logo1.png
usr/share/icons/Slackware-Commander/sl_logo.png
usr/share/icons/Slackware-Commander/solution-strategy-icon.png
usr/share/icons/Slackware-Commander/solution-strategy-icon.webp
usr/share/icons/Slackware-Commander/solution-thinking-icon.png
usr/share/icons/Slackware-Commander/solution-thinking-icon.webp
usr/share/icons/Slackware-Commander/speed-test-icon.png
usr/share/icons/Slackware-Commander/speed-test-icon.webp
usr/share/icons/Slackware-Commander/team-collaboration-icon.png
usr/share/icons/Slackware-Commander/this-way-up-symbol-icon.png
usr/share/icons/Slackware-Commander/this-way-up-symbol-icon.webp
usr/share/icons/Slackware-Commander/thumbtack-icon.png
usr/share/icons/Slackware-Commander/thumbtack-icon.webp
usr/share/icons/Slackware-Commander/toolbox-icon.png
usr/share/icons/Slackware-Commander/toolbox-icon.webp
usr/share/icons/Slackware-Commander/tools-icon.png
usr/share/icons/Slackware-Commander/tools-icon.webp
usr/share/icons/Slackware-Commander/uptime-arrow-icon.png
usr/share/icons/Slackware-Commander/workshop-icon.png
usr/share/icons/Slackware-Commander/workshop-icon.webp
usr/share/icons/Slackware-Commander/wow-icon.png
usr/share/icons/Slackware-Commander/wrench-icon.png
usr/share/icons/Slackware-Commander/wrench-icon.webp
usr/share/icons/Slackware-Commander/wrench-tool-icon.png
usr/share/icons/Slackware-Commander/youtube-subscribe-bell-icon.png
usr/share/icons/Slackware-Commander/youtube-subscribe-bell-icon.webp

Slackware package /home/omen/GITHUB/AUTO_SLACKBUILD/binary-Slackware-Commander-5.0.0/Slackware-Commander-5.0.0-x86_64-1_rtz.tlz created.

