
Mon Sep 30 09:07:10 EEST 2024 Anagnostakis Ioannis (rizitis@gmail.com) GR
Slackware package maker, version 3.14159265.

Searching for symbolic links:
usr/doc/dinit-0.19.0/doc/linux/services/boot.d/dhcpcd	../dhcpcd
usr/doc/dinit-0.19.0/doc/linux/services/boot.d/late-filesystems	../late-filesystems
usr/doc/dinit-0.19.0/doc/linux/services/boot.d/modules	../modules
usr/doc/dinit-0.19.0/doc/linux/services/boot.d/sshd	../sshd

Making symbolic link creation script:
( cd usr/doc/dinit-0.19.0/doc/linux/services/boot.d ; rm -rf dhcpcd )
( cd usr/doc/dinit-0.19.0/doc/linux/services/boot.d ; ln -sf ../dhcpcd dhcpcd )
( cd usr/doc/dinit-0.19.0/doc/linux/services/boot.d ; rm -rf late-filesystems )
( cd usr/doc/dinit-0.19.0/doc/linux/services/boot.d ; ln -sf ../late-filesystems late-filesystems )
( cd usr/doc/dinit-0.19.0/doc/linux/services/boot.d ; rm -rf modules )
( cd usr/doc/dinit-0.19.0/doc/linux/services/boot.d ; ln -sf ../modules modules )
( cd usr/doc/dinit-0.19.0/doc/linux/services/boot.d ; rm -rf sshd )
( cd usr/doc/dinit-0.19.0/doc/linux/services/boot.d ; ln -sf ../sshd sshd )

Unless your existing installation script already contains the code
to create these links, you should append these lines to your existing
install script. Now's your chance. :^)

Would you like to add this stuff to the existing install script and
remove the symbolic links ([y]es, [n]o)? y


Removing symbolic links:
removed './usr/doc/dinit-0.19.0/doc/linux/services/boot.d/dhcpcd'
removed './usr/doc/dinit-0.19.0/doc/linux/services/boot.d/modules'
removed './usr/doc/dinit-0.19.0/doc/linux/services/boot.d/sshd'
removed './usr/doc/dinit-0.19.0/doc/linux/services/boot.d/late-filesystems'

Updating your ./install/doinst.sh...

This next step is optional - you can set the directories in your package
to some sane permissions. If any of the directories in your package have
special permissions, then DO NOT reset them here!

Would you like to reset all directory permissions to 755 (drwxr-xr-x) and
directory ownerships to root.root ([y]es, [n]o)? n


Creating Slackware package:  /home/omen/BUILDS/gpacman/void/binary-dinit-0.19.0/dinit-0.19.0-x86_64-1_rtz.tlz

./
etc/
etc/40-dinit
etc/rc.d/
etc/rc.d/40-dinit
etc/rc.d/init.d/
etc/rc.d/init.d/40-dinit
install/
install/doinst.sh
install/slack-desc
usr/
usr/bin/
usr/bin/dinit
usr/bin/dinit-monitor
usr/bin/dinitcheck
usr/bin/dinitctl
usr/doc/
usr/doc/dinit-0.19.0/
usr/doc/dinit-0.19.0/BUILD
usr/doc/dinit-0.19.0/BUILD_MESON
usr/doc/dinit-0.19.0/CONTRIBUTORS
usr/doc/dinit-0.19.0/LICENSE
usr/doc/dinit-0.19.0/Makefile
usr/doc/dinit-0.19.0/NEWS
usr/doc/dinit-0.19.0/README.md
usr/doc/dinit-0.19.0/TODO
usr/doc/dinit-0.19.0/build/
usr/doc/dinit-0.19.0/build/Makefile
usr/doc/dinit-0.19.0/build/includes/
usr/doc/dinit-0.19.0/build/includes/README
usr/doc/dinit-0.19.0/build/includes/mconfig.h
usr/doc/dinit-0.19.0/build/mconfig.mesontemplate
usr/doc/dinit-0.19.0/build/tools/
usr/doc/dinit-0.19.0/build/tools/Makefile
usr/doc/dinit-0.19.0/build/tools/mconfig-gen
usr/doc/dinit-0.19.0/build/tools/mconfig-gen.cc
usr/doc/dinit-0.19.0/build/version.conf
usr/doc/dinit-0.19.0/configs/
usr/doc/dinit-0.19.0/configs/mconfig.Darwin
usr/doc/dinit-0.19.0/configs/mconfig.FreeBSD
usr/doc/dinit-0.19.0/configs/mconfig.Linux
usr/doc/dinit-0.19.0/configs/mconfig.Linux.sh
usr/doc/dinit-0.19.0/configs/mconfig.OpenBSD
usr/doc/dinit-0.19.0/configure
usr/doc/dinit-0.19.0/contrib/
usr/doc/dinit-0.19.0/contrib/README
usr/doc/dinit-0.19.0/contrib/freebsd-rc/
usr/doc/dinit-0.19.0/contrib/freebsd-rc/README
usr/doc/dinit-0.19.0/contrib/freebsd-rc/tree/
usr/doc/dinit-0.19.0/contrib/freebsd-rc/tree/etc/
usr/doc/dinit-0.19.0/contrib/freebsd-rc/tree/etc/dinit.d/
usr/doc/dinit-0.19.0/contrib/freebsd-rc/tree/etc/dinit.d/boot
usr/doc/dinit-0.19.0/contrib/freebsd-rc/tree/etc/rc.d/
usr/doc/dinit-0.19.0/contrib/freebsd-rc/tree/etc/rc.d/dinit
usr/doc/dinit-0.19.0/contrib/freebsd-rc/tree/usr/
usr/doc/dinit-0.19.0/contrib/freebsd-rc/tree/usr/sbin/
usr/doc/dinit-0.19.0/contrib/freebsd-rc/tree/usr/sbin/dinitd
usr/doc/dinit-0.19.0/contrib/shell-completion/
usr/doc/dinit-0.19.0/contrib/shell-completion/bash/
usr/doc/dinit-0.19.0/contrib/shell-completion/bash/README
usr/doc/dinit-0.19.0/contrib/shell-completion/bash/dinitctl
usr/doc/dinit-0.19.0/contrib/shell-completion/fish/
usr/doc/dinit-0.19.0/contrib/shell-completion/fish/README
usr/doc/dinit-0.19.0/contrib/shell-completion/fish/dinitctl.fish
usr/doc/dinit-0.19.0/contrib/shell-completion/zsh/
usr/doc/dinit-0.19.0/contrib/shell-completion/zsh/README
usr/doc/dinit-0.19.0/contrib/shell-completion/zsh/_dinit
usr/doc/dinit-0.19.0/contrib/sysv-compat/
usr/doc/dinit-0.19.0/contrib/sysv-compat/40-dinit
usr/doc/dinit-0.19.0/contrib/sysv-compat/README
usr/doc/dinit-0.19.0/dasynq/
usr/doc/dinit-0.19.0/dasynq/include/
usr/doc/dinit-0.19.0/dasynq/include/dasynq/
usr/doc/dinit-0.19.0/dasynq/include/dasynq.h
usr/doc/dinit-0.19.0/dasynq/include/dasynq/basewatchers.h
usr/doc/dinit-0.19.0/dasynq/include/dasynq/btree_set.h
usr/doc/dinit-0.19.0/dasynq/include/dasynq/childproc.h
usr/doc/dinit-0.19.0/dasynq/include/dasynq/config.h
usr/doc/dinit-0.19.0/dasynq/include/dasynq/daryheap.h
usr/doc/dinit-0.19.0/dasynq/include/dasynq/epoll.h
usr/doc/dinit-0.19.0/dasynq/include/dasynq/flags.h
usr/doc/dinit-0.19.0/dasynq/include/dasynq/interrupt.h
usr/doc/dinit-0.19.0/dasynq/include/dasynq/itimer.h
usr/doc/dinit-0.19.0/dasynq/include/dasynq/kqueue-macos.h
usr/doc/dinit-0.19.0/dasynq/include/dasynq/kqueue.h
usr/doc/dinit-0.19.0/dasynq/include/dasynq/mutex.h
usr/doc/dinit-0.19.0/dasynq/include/dasynq/posixtimer.h
usr/doc/dinit-0.19.0/dasynq/include/dasynq/pselect.h
usr/doc/dinit-0.19.0/dasynq/include/dasynq/select.h
usr/doc/dinit-0.19.0/dasynq/include/dasynq/signal.h
usr/doc/dinit-0.19.0/dasynq/include/dasynq/stableheap.h
usr/doc/dinit-0.19.0/dasynq/include/dasynq/svec.h
usr/doc/dinit-0.19.0/dasynq/include/dasynq/timerbase.h
usr/doc/dinit-0.19.0/dasynq/include/dasynq/timerfd.h
usr/doc/dinit-0.19.0/dasynq/include/dasynq/util.h
usr/doc/dinit-0.19.0/dinit.SlackBuild
usr/doc/dinit-0.19.0/doc/
usr/doc/dinit-0.19.0/doc/CODE-STYLE
usr/doc/dinit-0.19.0/doc/COMPARISON
usr/doc/dinit-0.19.0/doc/CONTRIBUTING
usr/doc/dinit-0.19.0/doc/DESIGN
usr/doc/dinit-0.19.0/doc/SECURITY
usr/doc/dinit-0.19.0/doc/dinit-logo.png
usr/doc/dinit-0.19.0/doc/getting_started.md
usr/doc/dinit-0.19.0/doc/linux/
usr/doc/dinit-0.19.0/doc/linux/DINIT-AS-INIT.md
usr/doc/dinit-0.19.0/doc/linux/services/
usr/doc/dinit-0.19.0/doc/linux/services/auxfscheck
usr/doc/dinit-0.19.0/doc/linux/services/boot
usr/doc/dinit-0.19.0/doc/linux/services/boot.d/
usr/doc/dinit-0.19.0/doc/linux/services/dbusd
usr/doc/dinit-0.19.0/doc/linux/services/dhcpcd
usr/doc/dinit-0.19.0/doc/linux/services/early-filesystems
usr/doc/dinit-0.19.0/doc/linux/services/early-filesystems.sh
usr/doc/dinit-0.19.0/doc/linux/services/filesystems
usr/doc/dinit-0.19.0/doc/linux/services/filesystems.sh
usr/doc/dinit-0.19.0/doc/linux/services/hwclock
usr/doc/dinit-0.19.0/doc/linux/services/late-filesystems
usr/doc/dinit-0.19.0/doc/linux/services/late-filesystems.sh
usr/doc/dinit-0.19.0/doc/linux/services/loginready
usr/doc/dinit-0.19.0/doc/linux/services/modules
usr/doc/dinit-0.19.0/doc/linux/services/modules.sh
usr/doc/dinit-0.19.0/doc/linux/services/netdev-enp3s0
usr/doc/dinit-0.19.0/doc/linux/services/rcboot
usr/doc/dinit-0.19.0/doc/linux/services/rcboot.sh
usr/doc/dinit-0.19.0/doc/linux/services/recovery
usr/doc/dinit-0.19.0/doc/linux/services/rootfscheck
usr/doc/dinit-0.19.0/doc/linux/services/rootfscheck.sh
usr/doc/dinit-0.19.0/doc/linux/services/rootrw
usr/doc/dinit-0.19.0/doc/linux/services/single
usr/doc/dinit-0.19.0/doc/linux/services/sshd
usr/doc/dinit-0.19.0/doc/linux/services/syslogd
usr/doc/dinit-0.19.0/doc/linux/services/tty1
usr/doc/dinit-0.19.0/doc/linux/services/tty2
usr/doc/dinit-0.19.0/doc/linux/services/tty3
usr/doc/dinit-0.19.0/doc/linux/services/tty4
usr/doc/dinit-0.19.0/doc/linux/services/tty5
usr/doc/dinit-0.19.0/doc/linux/services/tty6
usr/doc/dinit-0.19.0/doc/linux/services/udev-settle
usr/doc/dinit-0.19.0/doc/linux/services/udev-trigger
usr/doc/dinit-0.19.0/doc/linux/services/udevd
usr/doc/dinit-0.19.0/doc/manpages/
usr/doc/dinit-0.19.0/doc/manpages/Makefile
usr/doc/dinit-0.19.0/doc/manpages/README
usr/doc/dinit-0.19.0/doc/manpages/dinit-monitor.8
usr/doc/dinit-0.19.0/doc/manpages/dinit-monitor.8.m4
usr/doc/dinit-0.19.0/doc/manpages/dinit-service.5
usr/doc/dinit-0.19.0/doc/manpages/dinit-service.5.m4
usr/doc/dinit-0.19.0/doc/manpages/dinit.8
usr/doc/dinit-0.19.0/doc/manpages/dinit.8.m4
usr/doc/dinit-0.19.0/doc/manpages/dinitcheck.8
usr/doc/dinit-0.19.0/doc/manpages/dinitcheck.8.m4
usr/doc/dinit-0.19.0/doc/manpages/dinitctl.8
usr/doc/dinit-0.19.0/doc/manpages/dinitctl.8.m4
usr/doc/dinit-0.19.0/doc/manpages/generate-html.sh
usr/doc/dinit-0.19.0/doc/manpages/meson.build
usr/doc/dinit-0.19.0/doc/manpages/shutdown.8
usr/doc/dinit-0.19.0/doc/manpages/shutdown.8.m4
usr/doc/dinit-0.19.0/mconfig
usr/doc/dinit-0.19.0/meson.build
usr/doc/dinit-0.19.0/meson_options.txt
usr/doc/dinit-0.19.0/src/
usr/doc/dinit-0.19.0/src/Makefile
usr/doc/dinit-0.19.0/src/baseproc-service.cc
usr/doc/dinit-0.19.0/src/baseproc-service.d
usr/doc/dinit-0.19.0/src/baseproc-service.o
usr/doc/dinit-0.19.0/src/control.cc
usr/doc/dinit-0.19.0/src/control.d
usr/doc/dinit-0.19.0/src/control.o
usr/doc/dinit-0.19.0/src/dinit
usr/doc/dinit-0.19.0/src/dinit-env.cc
usr/doc/dinit-0.19.0/src/dinit-env.d
usr/doc/dinit-0.19.0/src/dinit-env.o
usr/doc/dinit-0.19.0/src/dinit-log.cc
usr/doc/dinit-0.19.0/src/dinit-log.d
usr/doc/dinit-0.19.0/src/dinit-log.o
usr/doc/dinit-0.19.0/src/dinit-main.cc
usr/doc/dinit-0.19.0/src/dinit-main.d
usr/doc/dinit-0.19.0/src/dinit-main.o
usr/doc/dinit-0.19.0/src/dinit-monitor
usr/doc/dinit-0.19.0/src/dinit-monitor.cc
usr/doc/dinit-0.19.0/src/dinit-monitor.d
usr/doc/dinit-0.19.0/src/dinit-monitor.o
usr/doc/dinit-0.19.0/src/dinit.cc
usr/doc/dinit-0.19.0/src/dinit.d
usr/doc/dinit-0.19.0/src/dinit.o
usr/doc/dinit-0.19.0/src/dinitcheck
usr/doc/dinit-0.19.0/src/dinitcheck.cc
usr/doc/dinit-0.19.0/src/dinitcheck.d
usr/doc/dinit-0.19.0/src/dinitcheck.o
usr/doc/dinit-0.19.0/src/dinitctl
usr/doc/dinit-0.19.0/src/dinitctl.cc
usr/doc/dinit-0.19.0/src/dinitctl.d
usr/doc/dinit-0.19.0/src/dinitctl.o
usr/doc/dinit-0.19.0/src/igr-tests/
usr/doc/dinit-0.19.0/src/igr-tests/Makefile
usr/doc/dinit-0.19.0/src/igr-tests/add-rm-dep/
usr/doc/dinit-0.19.0/src/igr-tests/add-rm-dep/expected1
usr/doc/dinit-0.19.0/src/igr-tests/add-rm-dep/expected2
usr/doc/dinit-0.19.0/src/igr-tests/add-rm-dep/expected3
usr/doc/dinit-0.19.0/src/igr-tests/add-rm-dep/expected4
usr/doc/dinit-0.19.0/src/igr-tests/add-rm-dep/expected5
usr/doc/dinit-0.19.0/src/igr-tests/add-rm-dep/sd/
usr/doc/dinit-0.19.0/src/igr-tests/add-rm-dep/sd/main
usr/doc/dinit-0.19.0/src/igr-tests/add-rm-dep/sd/secondary
usr/doc/dinit-0.19.0/src/igr-tests/basic/
usr/doc/dinit-0.19.0/src/igr-tests/basic/basic.sh
usr/doc/dinit-0.19.0/src/igr-tests/basic/sd/
usr/doc/dinit-0.19.0/src/igr-tests/basic/sd/basic
usr/doc/dinit-0.19.0/src/igr-tests/before-after/
usr/doc/dinit-0.19.0/src/igr-tests/before-after/scripts/
usr/doc/dinit-0.19.0/src/igr-tests/before-after/scripts/service.sh
usr/doc/dinit-0.19.0/src/igr-tests/before-after/sd/
usr/doc/dinit-0.19.0/src/igr-tests/before-after/sd/boot
usr/doc/dinit-0.19.0/src/igr-tests/before-after/sd/parent
usr/doc/dinit-0.19.0/src/igr-tests/before-after/sd/service1
usr/doc/dinit-0.19.0/src/igr-tests/before-after/sd/service2
usr/doc/dinit-0.19.0/src/igr-tests/before-after/sd/service3
usr/doc/dinit-0.19.0/src/igr-tests/before-after2/
usr/doc/dinit-0.19.0/src/igr-tests/before-after2/scripts/
usr/doc/dinit-0.19.0/src/igr-tests/before-after2/scripts/service.sh
usr/doc/dinit-0.19.0/src/igr-tests/before-after2/sd/
usr/doc/dinit-0.19.0/src/igr-tests/before-after2/sd/boot
usr/doc/dinit-0.19.0/src/igr-tests/before-after2/sd/service1
usr/doc/dinit-0.19.0/src/igr-tests/before-after2/sd/service2
usr/doc/dinit-0.19.0/src/igr-tests/catlog/
usr/doc/dinit-0.19.0/src/igr-tests/catlog/output.sh
usr/doc/dinit-0.19.0/src/igr-tests/catlog/sd/
usr/doc/dinit-0.19.0/src/igr-tests/catlog/sd/boot
usr/doc/dinit-0.19.0/src/igr-tests/catlog/sd/output
usr/doc/dinit-0.19.0/src/igr-tests/chain-to/
usr/doc/dinit-0.19.0/src/igr-tests/chain-to/expected-output
usr/doc/dinit-0.19.0/src/igr-tests/chain-to/record-param.sh
usr/doc/dinit-0.19.0/src/igr-tests/chain-to/sd/
usr/doc/dinit-0.19.0/src/igr-tests/chain-to/sd/part1
usr/doc/dinit-0.19.0/src/igr-tests/chain-to/sd/part2
usr/doc/dinit-0.19.0/src/igr-tests/chain-to/sd/part3
usr/doc/dinit-0.19.0/src/igr-tests/chain-to/sd/part4
usr/doc/dinit-0.19.0/src/igr-tests/chain-to/sd/part5
usr/doc/dinit-0.19.0/src/igr-tests/check-basic/
usr/doc/dinit-0.19.0/src/igr-tests/check-basic/expected.txt
usr/doc/dinit-0.19.0/src/igr-tests/check-basic/sd/
usr/doc/dinit-0.19.0/src/igr-tests/check-basic/sd/boot
usr/doc/dinit-0.19.0/src/igr-tests/check-cycle/
usr/doc/dinit-0.19.0/src/igr-tests/check-cycle/expected.txt
usr/doc/dinit-0.19.0/src/igr-tests/check-cycle/sd/
usr/doc/dinit-0.19.0/src/igr-tests/check-cycle/sd/a
usr/doc/dinit-0.19.0/src/igr-tests/check-cycle/sd/b
usr/doc/dinit-0.19.0/src/igr-tests/check-cycle/sd/boot
usr/doc/dinit-0.19.0/src/igr-tests/check-cycle/sd/c
usr/doc/dinit-0.19.0/src/igr-tests/check-cycle/sd/d
usr/doc/dinit-0.19.0/src/igr-tests/check-cycle/sd/e
usr/doc/dinit-0.19.0/src/igr-tests/check-cycle2/
usr/doc/dinit-0.19.0/src/igr-tests/check-cycle2/expected.txt
usr/doc/dinit-0.19.0/src/igr-tests/check-cycle2/sd/
usr/doc/dinit-0.19.0/src/igr-tests/check-cycle2/sd/a
usr/doc/dinit-0.19.0/src/igr-tests/check-cycle2/sd/b
usr/doc/dinit-0.19.0/src/igr-tests/check-cycle2/sd/boot
usr/doc/dinit-0.19.0/src/igr-tests/check-cycle2/sd/c
usr/doc/dinit-0.19.0/src/igr-tests/check-lint/
usr/doc/dinit-0.19.0/src/igr-tests/check-lint/expected.txt
usr/doc/dinit-0.19.0/src/igr-tests/check-lint/sd/
usr/doc/dinit-0.19.0/src/igr-tests/check-lint/sd/boot
usr/doc/dinit-0.19.0/src/igr-tests/cycles/
usr/doc/dinit-0.19.0/src/igr-tests/cycles/expected-ac
usr/doc/dinit-0.19.0/src/igr-tests/cycles/expected-after_self
usr/doc/dinit-0.19.0/src/igr-tests/cycles/expected-ba
usr/doc/dinit-0.19.0/src/igr-tests/cycles/expected-before_self
usr/doc/dinit-0.19.0/src/igr-tests/cycles/sd/
usr/doc/dinit-0.19.0/src/igr-tests/cycles/sd/ac
usr/doc/dinit-0.19.0/src/igr-tests/cycles/sd/ac1
usr/doc/dinit-0.19.0/src/igr-tests/cycles/sd/ac2
usr/doc/dinit-0.19.0/src/igr-tests/cycles/sd/after_self
usr/doc/dinit-0.19.0/src/igr-tests/cycles/sd/ba
usr/doc/dinit-0.19.0/src/igr-tests/cycles/sd/ba1
usr/doc/dinit-0.19.0/src/igr-tests/cycles/sd/ba2
usr/doc/dinit-0.19.0/src/igr-tests/cycles/sd/before_self
usr/doc/dinit-0.19.0/src/igr-tests/cycles/sd/boot
usr/doc/dinit-0.19.0/src/igr-tests/dep-not-found/
usr/doc/dinit-0.19.0/src/igr-tests/dep-not-found/output.expected
usr/doc/dinit-0.19.0/src/igr-tests/dep-not-found/sd/
usr/doc/dinit-0.19.0/src/igr-tests/dep-not-found/sd/boot
usr/doc/dinit-0.19.0/src/igr-tests/dep-not-found/sd/missing-dep-svc
usr/doc/dinit-0.19.0/src/igr-tests/environ/
usr/doc/dinit-0.19.0/src/igr-tests/environ/checkenv.sh
usr/doc/dinit-0.19.0/src/igr-tests/environ/environment1
usr/doc/dinit-0.19.0/src/igr-tests/environ/environment2
usr/doc/dinit-0.19.0/src/igr-tests/environ/sd/
usr/doc/dinit-0.19.0/src/igr-tests/environ/sd/checkenv
usr/doc/dinit-0.19.0/src/igr-tests/environ/sd/setenv1
usr/doc/dinit-0.19.0/src/igr-tests/environ/sd/setenv2
usr/doc/dinit-0.19.0/src/igr-tests/environ/sd/setenv3
usr/doc/dinit-0.19.0/src/igr-tests/environ/setenv.sh
usr/doc/dinit-0.19.0/src/igr-tests/environ2/
usr/doc/dinit-0.19.0/src/igr-tests/environ2/checkenv.sh
usr/doc/dinit-0.19.0/src/igr-tests/environ2/env-dinit
usr/doc/dinit-0.19.0/src/igr-tests/environ2/sd/
usr/doc/dinit-0.19.0/src/igr-tests/environ2/sd/checkenv
usr/doc/dinit-0.19.0/src/igr-tests/environ2/sd/env-service
usr/doc/dinit-0.19.0/src/igr-tests/force-stop/
usr/doc/dinit-0.19.0/src/igr-tests/force-stop/expected-1
usr/doc/dinit-0.19.0/src/igr-tests/force-stop/expected-2.err
usr/doc/dinit-0.19.0/src/igr-tests/force-stop/expected-3
usr/doc/dinit-0.19.0/src/igr-tests/force-stop/sd/
usr/doc/dinit-0.19.0/src/igr-tests/force-stop/sd/boot
usr/doc/dinit-0.19.0/src/igr-tests/force-stop/sd/critical
usr/doc/dinit-0.19.0/src/igr-tests/force-stop/sd/intermediary
usr/doc/dinit-0.19.0/src/igr-tests/igr-runner.cc
usr/doc/dinit-0.19.0/src/igr-tests/igr.h
usr/doc/dinit-0.19.0/src/igr-tests/log-via-pipe/
usr/doc/dinit-0.19.0/src/igr-tests/log-via-pipe/scripts/
usr/doc/dinit-0.19.0/src/igr-tests/log-via-pipe/scripts/consumer.sh
usr/doc/dinit-0.19.0/src/igr-tests/log-via-pipe/scripts/producer.sh
usr/doc/dinit-0.19.0/src/igr-tests/log-via-pipe/sd/
usr/doc/dinit-0.19.0/src/igr-tests/log-via-pipe/sd/boot
usr/doc/dinit-0.19.0/src/igr-tests/log-via-pipe/sd/consumer
usr/doc/dinit-0.19.0/src/igr-tests/log-via-pipe/sd/producer
usr/doc/dinit-0.19.0/src/igr-tests/meson.build
usr/doc/dinit-0.19.0/src/igr-tests/no-command-error/
usr/doc/dinit-0.19.0/src/igr-tests/no-command-error/dinit-run.expected
usr/doc/dinit-0.19.0/src/igr-tests/no-command-error/sd/
usr/doc/dinit-0.19.0/src/igr-tests/no-command-error/sd/no-command
usr/doc/dinit-0.19.0/src/igr-tests/offline-enable/
usr/doc/dinit-0.19.0/src/igr-tests/offline-enable/sd/
usr/doc/dinit-0.19.0/src/igr-tests/offline-enable/sd/A
usr/doc/dinit-0.19.0/src/igr-tests/offline-enable/sd/boot
usr/doc/dinit-0.19.0/src/igr-tests/ps-environ/
usr/doc/dinit-0.19.0/src/igr-tests/ps-environ/checkenv.sh
usr/doc/dinit-0.19.0/src/igr-tests/ps-environ/checkenv2.sh
usr/doc/dinit-0.19.0/src/igr-tests/ps-environ/dinit-environment
usr/doc/dinit-0.19.0/src/igr-tests/ps-environ/env-expected
usr/doc/dinit-0.19.0/src/igr-tests/ps-environ/sd/
usr/doc/dinit-0.19.0/src/igr-tests/ps-environ/sd/checkenv1
usr/doc/dinit-0.19.0/src/igr-tests/ps-environ/sd/checkenv2
usr/doc/dinit-0.19.0/src/igr-tests/ps-environ/sd/checkenv3
usr/doc/dinit-0.19.0/src/igr-tests/ps-environ/sd/checkenv4
usr/doc/dinit-0.19.0/src/igr-tests/ps-environ/sd/environment1
usr/doc/dinit-0.19.0/src/igr-tests/ps-environ/sd/environment2
usr/doc/dinit-0.19.0/src/igr-tests/ps-environ/sd/environment3
usr/doc/dinit-0.19.0/src/igr-tests/ps-environ/sd/environment4
usr/doc/dinit-0.19.0/src/igr-tests/pseudo-cycle/
usr/doc/dinit-0.19.0/src/igr-tests/pseudo-cycle/README
usr/doc/dinit-0.19.0/src/igr-tests/pseudo-cycle/sd/
usr/doc/dinit-0.19.0/src/igr-tests/pseudo-cycle/sd/boot
usr/doc/dinit-0.19.0/src/igr-tests/pseudo-cycle/sd/middle
usr/doc/dinit-0.19.0/src/igr-tests/pseudo-cycle/sd/service
usr/doc/dinit-0.19.0/src/igr-tests/pseudo-cycle/svc-script.sh
usr/doc/dinit-0.19.0/src/igr-tests/reload1/
usr/doc/dinit-0.19.0/src/igr-tests/reload1/initial.expected
usr/doc/dinit-0.19.0/src/igr-tests/reload1/output2.expected
usr/doc/dinit-0.19.0/src/igr-tests/reload1/output3.expected
usr/doc/dinit-0.19.0/src/igr-tests/reload1/sd1/
usr/doc/dinit-0.19.0/src/igr-tests/reload1/sd1/a
usr/doc/dinit-0.19.0/src/igr-tests/reload1/sd1/b
usr/doc/dinit-0.19.0/src/igr-tests/reload1/sd1/boot
usr/doc/dinit-0.19.0/src/igr-tests/reload1/sd1/c
usr/doc/dinit-0.19.0/src/igr-tests/reload1/sd2/
usr/doc/dinit-0.19.0/src/igr-tests/reload1/sd2/a
usr/doc/dinit-0.19.0/src/igr-tests/reload1/sd2/b
usr/doc/dinit-0.19.0/src/igr-tests/reload1/sd2/boot
usr/doc/dinit-0.19.0/src/igr-tests/reload1/sd2/c
usr/doc/dinit-0.19.0/src/igr-tests/reload2/
usr/doc/dinit-0.19.0/src/igr-tests/reload2/initial.expected
usr/doc/dinit-0.19.0/src/igr-tests/reload2/output2.expected
usr/doc/dinit-0.19.0/src/igr-tests/reload2/output3.expected
usr/doc/dinit-0.19.0/src/igr-tests/reload2/sd1/
usr/doc/dinit-0.19.0/src/igr-tests/reload2/sd1/a
usr/doc/dinit-0.19.0/src/igr-tests/reload2/sd1/b
usr/doc/dinit-0.19.0/src/igr-tests/reload2/sd1/boot
usr/doc/dinit-0.19.0/src/igr-tests/reload2/sd1/c
usr/doc/dinit-0.19.0/src/igr-tests/reload2/sd1/hold
usr/doc/dinit-0.19.0/src/igr-tests/reload2/sd2/
usr/doc/dinit-0.19.0/src/igr-tests/reload2/sd2/a
usr/doc/dinit-0.19.0/src/igr-tests/reload2/sd2/b
usr/doc/dinit-0.19.0/src/igr-tests/reload2/sd2/boot
usr/doc/dinit-0.19.0/src/igr-tests/reload2/sd2/c
usr/doc/dinit-0.19.0/src/igr-tests/restart/
usr/doc/dinit-0.19.0/src/igr-tests/restart/basic.sh
usr/doc/dinit-0.19.0/src/igr-tests/restart/sd/
usr/doc/dinit-0.19.0/src/igr-tests/restart/sd/basic
usr/doc/dinit-0.19.0/src/igr-tests/restart/sd/boot
usr/doc/dinit-0.19.0/src/igr-tests/svc-start-fail/
usr/doc/dinit-0.19.0/src/igr-tests/svc-start-fail/expected-1
usr/doc/dinit-0.19.0/src/igr-tests/svc-start-fail/expected-2
usr/doc/dinit-0.19.0/src/igr-tests/svc-start-fail/sd/
usr/doc/dinit-0.19.0/src/igr-tests/svc-start-fail/sd/bad-command
usr/doc/dinit-0.19.0/src/igr-tests/svc-start-fail/sd/boot
usr/doc/dinit-0.19.0/src/igr-tests/svc-start-fail/sd/timeout-command
usr/doc/dinit-0.19.0/src/igr-tests/svc-start-fail/timeout.sh
usr/doc/dinit-0.19.0/src/igr-tests/var-subst/
usr/doc/dinit-0.19.0/src/igr-tests/var-subst/checkargs.sh
usr/doc/dinit-0.19.0/src/igr-tests/var-subst/sd/
usr/doc/dinit-0.19.0/src/igr-tests/var-subst/sd/checkargs
usr/doc/dinit-0.19.0/src/igr-tests/xdg-config/
usr/doc/dinit-0.19.0/src/igr-tests/xdg-config/basic.sh
usr/doc/dinit-0.19.0/src/igr-tests/xdg-config/config/
usr/doc/dinit-0.19.0/src/igr-tests/xdg-config/config/dinit.d/
usr/doc/dinit-0.19.0/src/igr-tests/xdg-config/config/dinit.d/basic
usr/doc/dinit-0.19.0/src/includes/
usr/doc/dinit-0.19.0/src/includes/baseproc-sys.h
usr/doc/dinit-0.19.0/src/includes/control-cmds.h
usr/doc/dinit-0.19.0/src/includes/control-datatypes.h
usr/doc/dinit-0.19.0/src/includes/control.h
usr/doc/dinit-0.19.0/src/includes/cpbuffer.h
usr/doc/dinit-0.19.0/src/includes/dinit-client.h
usr/doc/dinit-0.19.0/src/includes/dinit-env.h
usr/doc/dinit-0.19.0/src/includes/dinit-ll.h
usr/doc/dinit-0.19.0/src/includes/dinit-log.h
usr/doc/dinit-0.19.0/src/includes/dinit-socket.h
usr/doc/dinit-0.19.0/src/includes/dinit-util.h
usr/doc/dinit-0.19.0/src/includes/dinit-utmp.h
usr/doc/dinit-0.19.0/src/includes/dinit.h
usr/doc/dinit-0.19.0/src/includes/file-input-stack.h
usr/doc/dinit-0.19.0/src/includes/load-service.h
usr/doc/dinit-0.19.0/src/includes/options-processing.h
usr/doc/dinit-0.19.0/src/includes/proc-service.h
usr/doc/dinit-0.19.0/src/includes/service-constants.h
usr/doc/dinit-0.19.0/src/includes/service-dir.h
usr/doc/dinit-0.19.0/src/includes/service-listener.h
usr/doc/dinit-0.19.0/src/includes/service.h
usr/doc/dinit-0.19.0/src/includes/static-string.h
usr/doc/dinit-0.19.0/src/load-service.cc
usr/doc/dinit-0.19.0/src/load-service.d
usr/doc/dinit-0.19.0/src/load-service.o
usr/doc/dinit-0.19.0/src/meson.build
usr/doc/dinit-0.19.0/src/options-processing.cc
usr/doc/dinit-0.19.0/src/options-processing.d
usr/doc/dinit-0.19.0/src/options-processing.o
usr/doc/dinit-0.19.0/src/proc-service.cc
usr/doc/dinit-0.19.0/src/proc-service.d
usr/doc/dinit-0.19.0/src/proc-service.o
usr/doc/dinit-0.19.0/src/run-child-proc.cc
usr/doc/dinit-0.19.0/src/run-child-proc.d
usr/doc/dinit-0.19.0/src/run-child-proc.o
usr/doc/dinit-0.19.0/src/service.cc
usr/doc/dinit-0.19.0/src/service.d
usr/doc/dinit-0.19.0/src/service.o
usr/doc/dinit-0.19.0/src/settings.cc
usr/doc/dinit-0.19.0/src/settings.d
usr/doc/dinit-0.19.0/src/settings.o
usr/doc/dinit-0.19.0/src/shutdown.cc
usr/doc/dinit-0.19.0/src/tests/
usr/doc/dinit-0.19.0/src/tests/Makefile
usr/doc/dinit-0.19.0/src/tests/baseproc-service.d
usr/doc/dinit-0.19.0/src/tests/baseproc-service.o
usr/doc/dinit-0.19.0/src/tests/control.d
usr/doc/dinit-0.19.0/src/tests/control.o
usr/doc/dinit-0.19.0/src/tests/cptests/
usr/doc/dinit-0.19.0/src/tests/cptests/Makefile
usr/doc/dinit-0.19.0/src/tests/cptests/cptests
usr/doc/dinit-0.19.0/src/tests/cptests/cptests.cc
usr/doc/dinit-0.19.0/src/tests/cptests/cptests.d
usr/doc/dinit-0.19.0/src/tests/cptests/cptests.o
usr/doc/dinit-0.19.0/src/tests/cptests/fuzz.cc
usr/doc/dinit-0.19.0/src/tests/cptests/meson.build
usr/doc/dinit-0.19.0/src/tests/dinit-env.d
usr/doc/dinit-0.19.0/src/tests/dinit-env.o
usr/doc/dinit-0.19.0/src/tests/dinit-log.d
usr/doc/dinit-0.19.0/src/tests/dinit-log.o
usr/doc/dinit-0.19.0/src/tests/envtests
usr/doc/dinit-0.19.0/src/tests/envtests.cc
usr/doc/dinit-0.19.0/src/tests/envtests.d
usr/doc/dinit-0.19.0/src/tests/envtests.o
usr/doc/dinit-0.19.0/src/tests/load-service.d
usr/doc/dinit-0.19.0/src/tests/load-service.o
usr/doc/dinit-0.19.0/src/tests/loadtests
usr/doc/dinit-0.19.0/src/tests/loadtests.cc
usr/doc/dinit-0.19.0/src/tests/loadtests.d
usr/doc/dinit-0.19.0/src/tests/loadtests.o
usr/doc/dinit-0.19.0/src/tests/meson.build
usr/doc/dinit-0.19.0/src/tests/proc-service.d
usr/doc/dinit-0.19.0/src/tests/proc-service.o
usr/doc/dinit-0.19.0/src/tests/proctests
usr/doc/dinit-0.19.0/src/tests/proctests.cc
usr/doc/dinit-0.19.0/src/tests/proctests.d
usr/doc/dinit-0.19.0/src/tests/proctests.o
usr/doc/dinit-0.19.0/src/tests/service.d
usr/doc/dinit-0.19.0/src/tests/service.o
usr/doc/dinit-0.19.0/src/tests/settings.d
usr/doc/dinit-0.19.0/src/tests/settings.o
usr/doc/dinit-0.19.0/src/tests/test-bpsys.cc
usr/doc/dinit-0.19.0/src/tests/test-bpsys.d
usr/doc/dinit-0.19.0/src/tests/test-bpsys.o
usr/doc/dinit-0.19.0/src/tests/test-dinit.cc
usr/doc/dinit-0.19.0/src/tests/test-dinit.d
usr/doc/dinit-0.19.0/src/tests/test-dinit.o
usr/doc/dinit-0.19.0/src/tests/test-includes/
usr/doc/dinit-0.19.0/src/tests/test-includes/baseproc-sys.h
usr/doc/dinit-0.19.0/src/tests/test-includes/dinit.h
usr/doc/dinit-0.19.0/src/tests/test-includes/file-input-stack.h
usr/doc/dinit-0.19.0/src/tests/test-run-child-proc.cc
usr/doc/dinit-0.19.0/src/tests/test-run-child-proc.d
usr/doc/dinit-0.19.0/src/tests/test-run-child-proc.o
usr/doc/dinit-0.19.0/src/tests/test-services/
usr/doc/dinit-0.19.0/src/tests/test-services/t1
usr/doc/dinit-0.19.0/src/tests/test-services/t2
usr/doc/dinit-0.19.0/src/tests/test-services/t3
usr/doc/dinit-0.19.0/src/tests/test_procservice.h
usr/doc/dinit-0.19.0/src/tests/test_service.h
usr/doc/dinit-0.19.0/src/tests/tests
usr/doc/dinit-0.19.0/src/tests/tests.cc
usr/doc/dinit-0.19.0/src/tests/tests.d
usr/doc/dinit-0.19.0/src/tests/tests.o
usr/man/
usr/man/man5/
usr/man/man5/dinit-service.5.gz
usr/man/man8/
usr/man/man8/dinit-monitor.8.gz
usr/man/man8/dinit.8.gz
usr/man/man8/dinitcheck.8.gz
usr/man/man8/dinitctl.8.gz
usr/share/
usr/share/bash-completion/
usr/share/bash-completion/completions/
usr/share/bash-completion/completions/dinitctl

Slackware package /home/omen/BUILDS/gpacman/void/binary-dinit-0.19.0/dinit-0.19.0-x86_64-1_rtz.tlz created.

