
Fri Oct 18 12:04:17 EEST 2024 Anagnostakis Ioannis (rizitis@gmail.com) GR
Slackware package maker, version 3.14159265.

Searching for symbolic links:
usr/lib/libgnunetgtk.so	libgnunetgtk.so.3.0.0
usr/lib/libgnunetgtk.so.3	libgnunetgtk.so.3.0.0

Making symbolic link creation script:
( cd usr/lib ; rm -rf libgnunetgtk.so )
( cd usr/lib ; ln -sf libgnunetgtk.so.3.0.0 libgnunetgtk.so )
( cd usr/lib ; rm -rf libgnunetgtk.so.3 )
( cd usr/lib ; ln -sf libgnunetgtk.so.3.0.0 libgnunetgtk.so.3 )

Unless your existing installation script already contains the code
to create these links, you should append these lines to your existing
install script. Now's your chance. :^)

Would you like to add this stuff to the existing install script and
remove the symbolic links ([y]es, [n]o)? y


Removing symbolic links:
removed './usr/lib/libgnunetgtk.so'
removed './usr/lib/libgnunetgtk.so.3'

Updating your ./install/doinst.sh...

This next step is optional - you can set the directories in your package
to some sane permissions. If any of the directories in your package have
special permissions, then DO NOT reset them here!

Would you like to reset all directory permissions to 755 (drwxr-xr-x) and
directory ownerships to root.root ([y]es, [n]o)? n


Creating Slackware package:  /home/omen/GITHUB/One4All_SlackBuild/gnunet-gtk/binary-gnunet-gtk-0.22.0.18102024/gnunet-gtk-0.22.0.18102024-x86_64-1_rtz.tlz

./
install/
install/doinst.sh
install/slack-desc
usr/
usr/bin/
usr/bin/gnunet-conversation-gtk
usr/bin/gnunet-fs-gtk
usr/bin/gnunet-namestore-gtk
usr/bin/gnunet-setup
usr/bin/gnunet-statistics-gtk
usr/doc/
usr/doc/gnunet-gtk-0.22.0.18102024/
usr/doc/gnunet-gtk-0.22.0.18102024/README
usr/doc/gnunet-gtk-0.22.0.18102024/gnunet-gtk.SlackBuild
usr/include/
usr/include/gnunet-gtk/
usr/include/gnunet-gtk/gnunet_gtk.h
usr/include/gnunet-gtk/gnunet_gtk_namestore_plugin.h
usr/lib/
usr/lib/gnunet/
usr/lib/gnunet/libgnunet_plugin_gtk_namestore_a.la
usr/lib/gnunet/libgnunet_plugin_gtk_namestore_a.so
usr/lib/gnunet/libgnunet_plugin_gtk_namestore_aaaa.la
usr/lib/gnunet/libgnunet_plugin_gtk_namestore_aaaa.so
usr/lib/gnunet/libgnunet_plugin_gtk_namestore_box.la
usr/lib/gnunet/libgnunet_plugin_gtk_namestore_box.so
usr/lib/gnunet/libgnunet_plugin_gtk_namestore_cname.la
usr/lib/gnunet/libgnunet_plugin_gtk_namestore_cname.so
usr/lib/gnunet/libgnunet_plugin_gtk_namestore_gns2dns.la
usr/lib/gnunet/libgnunet_plugin_gtk_namestore_gns2dns.so
usr/lib/gnunet/libgnunet_plugin_gtk_namestore_leho.la
usr/lib/gnunet/libgnunet_plugin_gtk_namestore_leho.so
usr/lib/gnunet/libgnunet_plugin_gtk_namestore_mx.la
usr/lib/gnunet/libgnunet_plugin_gtk_namestore_mx.so
usr/lib/gnunet/libgnunet_plugin_gtk_namestore_phone.la
usr/lib/gnunet/libgnunet_plugin_gtk_namestore_phone.so
usr/lib/gnunet/libgnunet_plugin_gtk_namestore_pkey.la
usr/lib/gnunet/libgnunet_plugin_gtk_namestore_pkey.so
usr/lib/gnunet/libgnunet_plugin_gtk_namestore_ptr.la
usr/lib/gnunet/libgnunet_plugin_gtk_namestore_ptr.so
usr/lib/gnunet/libgnunet_plugin_gtk_namestore_soa.la
usr/lib/gnunet/libgnunet_plugin_gtk_namestore_soa.so
usr/lib/gnunet/libgnunet_plugin_gtk_namestore_srv.la
usr/lib/gnunet/libgnunet_plugin_gtk_namestore_srv.so
usr/lib/gnunet/libgnunet_plugin_gtk_namestore_tlsa.la
usr/lib/gnunet/libgnunet_plugin_gtk_namestore_tlsa.so
usr/lib/gnunet/libgnunet_plugin_gtk_namestore_txt.la
usr/lib/gnunet/libgnunet_plugin_gtk_namestore_txt.so
usr/lib/gnunet/libgnunet_plugin_gtk_namestore_vpn.la
usr/lib/gnunet/libgnunet_plugin_gtk_namestore_vpn.so
usr/lib/libgnunetgtk.so.3.0.0
usr/man/
usr/man/man1/
usr/man/man1/gnunet-conversation-gtk.1.gz
usr/man/man1/gnunet-fs-gtk.1.gz
usr/man/man1/gnunet-gns-gtk.1.gz
usr/man/man1/gnunet-identity-gtk.1.gz
usr/man/man1/gnunet-namestore-gtk.1.gz
usr/man/man1/gnunet-setup.1.gz
usr/man/man1/gnunet-statistics-gtk.1.gz
usr/share/
usr/share/applications/
usr/share/applications/gnunet-fs-gtk.desktop
usr/share/applications/gnunet-gtk.desktop
usr/share/applications/gnunet-peerinfo-gtk.desktop
usr/share/applications/gnunet-setup.desktop
usr/share/applications/gnunet-statistics-gtk.desktop
usr/share/gnunet/
usr/share/gnunet-gtk/
usr/share/gnunet-gtk/gnunet_logo.png
usr/share/gnunet/black.png
usr/share/gnunet/blue.png
usr/share/gnunet/config.d/
usr/share/gnunet/config.d/gnunet-fs-gtk.conf
usr/share/gnunet/config.d/gnunet-namestore-gtk.conf
usr/share/gnunet/conversation.png
usr/share/gnunet/conversation.svg
usr/share/gnunet/conversation_small.png
usr/share/gnunet/downloaded.gif
usr/share/gnunet/downloading.gif
usr/share/gnunet/downloading_not_receiving.gif
usr/share/gnunet/error.gif
usr/share/gnunet/flags/
usr/share/gnunet/flags/ad.png
usr/share/gnunet/flags/ae.png
usr/share/gnunet/flags/af.png
usr/share/gnunet/flags/ag.png
usr/share/gnunet/flags/ai.png
usr/share/gnunet/flags/al.png
usr/share/gnunet/flags/am.png
usr/share/gnunet/flags/an.png
usr/share/gnunet/flags/ao.png
usr/share/gnunet/flags/aq.png
usr/share/gnunet/flags/ar.png
usr/share/gnunet/flags/as.png
usr/share/gnunet/flags/at.png
usr/share/gnunet/flags/au.png
usr/share/gnunet/flags/aw.png
usr/share/gnunet/flags/ax.png
usr/share/gnunet/flags/az.png
usr/share/gnunet/flags/ba.png
usr/share/gnunet/flags/bb.png
usr/share/gnunet/flags/bd.png
usr/share/gnunet/flags/be.png
usr/share/gnunet/flags/bf.png
usr/share/gnunet/flags/bg.png
usr/share/gnunet/flags/bh.png
usr/share/gnunet/flags/bi.png
usr/share/gnunet/flags/bj.png
usr/share/gnunet/flags/bm.png
usr/share/gnunet/flags/bn.png
usr/share/gnunet/flags/bo.png
usr/share/gnunet/flags/br.png
usr/share/gnunet/flags/bs.png
usr/share/gnunet/flags/bt.png
usr/share/gnunet/flags/bv.png
usr/share/gnunet/flags/bw.png
usr/share/gnunet/flags/by.png
usr/share/gnunet/flags/ca.png
usr/share/gnunet/flags/cc.png
usr/share/gnunet/flags/cd.png
usr/share/gnunet/flags/cf.png
usr/share/gnunet/flags/cg.png
usr/share/gnunet/flags/ch.png
usr/share/gnunet/flags/ci.png
usr/share/gnunet/flags/ck.png
usr/share/gnunet/flags/cl.png
usr/share/gnunet/flags/cm.png
usr/share/gnunet/flags/cn.png
usr/share/gnunet/flags/co.png
usr/share/gnunet/flags/cr.png
usr/share/gnunet/flags/cs.png
usr/share/gnunet/flags/cu.png
usr/share/gnunet/flags/cv.png
usr/share/gnunet/flags/cx.png
usr/share/gnunet/flags/cy.png
usr/share/gnunet/flags/cz.png
usr/share/gnunet/flags/de.png
usr/share/gnunet/flags/dj.png
usr/share/gnunet/flags/dk.png
usr/share/gnunet/flags/dm.png
usr/share/gnunet/flags/do.png
usr/share/gnunet/flags/dz.png
usr/share/gnunet/flags/ec.png
usr/share/gnunet/flags/ee.png
usr/share/gnunet/flags/eg.png
usr/share/gnunet/flags/eh.png
usr/share/gnunet/flags/er.png
usr/share/gnunet/flags/es.png
usr/share/gnunet/flags/et.png
usr/share/gnunet/flags/eu.png
usr/share/gnunet/flags/fi.png
usr/share/gnunet/flags/fj.png
usr/share/gnunet/flags/fk.png
usr/share/gnunet/flags/fm.png
usr/share/gnunet/flags/fo.png
usr/share/gnunet/flags/fr.png
usr/share/gnunet/flags/ga.png
usr/share/gnunet/flags/gb.png
usr/share/gnunet/flags/gd.png
usr/share/gnunet/flags/ge.png
usr/share/gnunet/flags/gf.png
usr/share/gnunet/flags/gh.png
usr/share/gnunet/flags/gi.png
usr/share/gnunet/flags/gl.png
usr/share/gnunet/flags/gm.png
usr/share/gnunet/flags/gn.png
usr/share/gnunet/flags/gp.png
usr/share/gnunet/flags/gq.png
usr/share/gnunet/flags/gr.png
usr/share/gnunet/flags/gs.png
usr/share/gnunet/flags/gt.png
usr/share/gnunet/flags/gu.png
usr/share/gnunet/flags/gw.png
usr/share/gnunet/flags/gy.png
usr/share/gnunet/flags/hk.png
usr/share/gnunet/flags/hm.png
usr/share/gnunet/flags/hn.png
usr/share/gnunet/flags/hr.png
usr/share/gnunet/flags/ht.png
usr/share/gnunet/flags/hu.png
usr/share/gnunet/flags/id.png
usr/share/gnunet/flags/ie.png
usr/share/gnunet/flags/il.png
usr/share/gnunet/flags/in.png
usr/share/gnunet/flags/io.png
usr/share/gnunet/flags/iq.png
usr/share/gnunet/flags/ir.png
usr/share/gnunet/flags/it.png
usr/share/gnunet/flags/jm.png
usr/share/gnunet/flags/jo.png
usr/share/gnunet/flags/jp.png
usr/share/gnunet/flags/ke.png
usr/share/gnunet/flags/kg.png
usr/share/gnunet/flags/kh.png
usr/share/gnunet/flags/ki.png
usr/share/gnunet/flags/km.png
usr/share/gnunet/flags/kn.png
usr/share/gnunet/flags/kp.png
usr/share/gnunet/flags/kr.png
usr/share/gnunet/flags/kw.png
usr/share/gnunet/flags/ky.png
usr/share/gnunet/flags/kz.png
usr/share/gnunet/flags/la.png
usr/share/gnunet/flags/lb.png
usr/share/gnunet/flags/lc.png
usr/share/gnunet/flags/li.png
usr/share/gnunet/flags/lk.png
usr/share/gnunet/flags/lr.png
usr/share/gnunet/flags/ls.png
usr/share/gnunet/flags/lt.png
usr/share/gnunet/flags/lu.png
usr/share/gnunet/flags/lv.png
usr/share/gnunet/flags/ly.png
usr/share/gnunet/flags/ma.png
usr/share/gnunet/flags/mc.png
usr/share/gnunet/flags/md.png
usr/share/gnunet/flags/mg.png
usr/share/gnunet/flags/mh.png
usr/share/gnunet/flags/mk.png
usr/share/gnunet/flags/ml.png
usr/share/gnunet/flags/mm.png
usr/share/gnunet/flags/mn.png
usr/share/gnunet/flags/mo.png
usr/share/gnunet/flags/mp.png
usr/share/gnunet/flags/mq.png
usr/share/gnunet/flags/mr.png
usr/share/gnunet/flags/ms.png
usr/share/gnunet/flags/mt.png
usr/share/gnunet/flags/mu.png
usr/share/gnunet/flags/mv.png
usr/share/gnunet/flags/mw.png
usr/share/gnunet/flags/mx.png
usr/share/gnunet/flags/my.png
usr/share/gnunet/flags/mz.png
usr/share/gnunet/flags/na.png
usr/share/gnunet/flags/nc.png
usr/share/gnunet/flags/ne.png
usr/share/gnunet/flags/nf.png
usr/share/gnunet/flags/ng.png
usr/share/gnunet/flags/ni.png
usr/share/gnunet/flags/nl.png
usr/share/gnunet/flags/no.png
usr/share/gnunet/flags/np.png
usr/share/gnunet/flags/nr.png
usr/share/gnunet/flags/nu.png
usr/share/gnunet/flags/nz.png
usr/share/gnunet/flags/om.png
usr/share/gnunet/flags/pa.png
usr/share/gnunet/flags/pe.png
usr/share/gnunet/flags/pf.png
usr/share/gnunet/flags/pg.png
usr/share/gnunet/flags/ph.png
usr/share/gnunet/flags/pk.png
usr/share/gnunet/flags/pl.png
usr/share/gnunet/flags/pm.png
usr/share/gnunet/flags/pn.png
usr/share/gnunet/flags/pr.png
usr/share/gnunet/flags/ps.png
usr/share/gnunet/flags/pt.png
usr/share/gnunet/flags/pw.png
usr/share/gnunet/flags/py.png
usr/share/gnunet/flags/qa.png
usr/share/gnunet/flags/re.png
usr/share/gnunet/flags/ro.png
usr/share/gnunet/flags/ru.png
usr/share/gnunet/flags/rw.png
usr/share/gnunet/flags/sa.png
usr/share/gnunet/flags/sb.png
usr/share/gnunet/flags/sc.png
usr/share/gnunet/flags/sd.png
usr/share/gnunet/flags/se.png
usr/share/gnunet/flags/sg.png
usr/share/gnunet/flags/sh.png
usr/share/gnunet/flags/si.png
usr/share/gnunet/flags/sj.png
usr/share/gnunet/flags/sk.png
usr/share/gnunet/flags/sl.png
usr/share/gnunet/flags/sm.png
usr/share/gnunet/flags/sn.png
usr/share/gnunet/flags/so.png
usr/share/gnunet/flags/sr.png
usr/share/gnunet/flags/st.png
usr/share/gnunet/flags/sv.png
usr/share/gnunet/flags/sy.png
usr/share/gnunet/flags/sz.png
usr/share/gnunet/flags/tc.png
usr/share/gnunet/flags/td.png
usr/share/gnunet/flags/tf.png
usr/share/gnunet/flags/tg.png
usr/share/gnunet/flags/th.png
usr/share/gnunet/flags/tj.png
usr/share/gnunet/flags/tk.png
usr/share/gnunet/flags/tl.png
usr/share/gnunet/flags/tm.png
usr/share/gnunet/flags/tn.png
usr/share/gnunet/flags/to.png
usr/share/gnunet/flags/tr.png
usr/share/gnunet/flags/tt.png
usr/share/gnunet/flags/tv.png
usr/share/gnunet/flags/tw.png
usr/share/gnunet/flags/tz.png
usr/share/gnunet/flags/ua.png
usr/share/gnunet/flags/ug.png
usr/share/gnunet/flags/um.png
usr/share/gnunet/flags/us.png
usr/share/gnunet/flags/uy.png
usr/share/gnunet/flags/uz.png
usr/share/gnunet/flags/va.png
usr/share/gnunet/flags/vc.png
usr/share/gnunet/flags/ve.png
usr/share/gnunet/flags/vg.png
usr/share/gnunet/flags/vi.png
usr/share/gnunet/flags/vn.png
usr/share/gnunet/flags/vu.png
usr/share/gnunet/flags/wf.png
usr/share/gnunet/flags/ws.png
usr/share/gnunet/flags/ye.png
usr/share/gnunet/flags/yt.png
usr/share/gnunet/flags/za.png
usr/share/gnunet/flags/zm.png
usr/share/gnunet/flags/zw.png
usr/share/gnunet/found_source.gif
usr/share/gnunet/fs.png
usr/share/gnunet/fs.svg
usr/share/gnunet/fs_small.png
usr/share/gnunet/gns.png
usr/share/gnunet/gns.svg
usr/share/gnunet/gns_small.png
usr/share/gnunet/gnunet-setup-oxygen-cancel.png
usr/share/gnunet/gnunet-setup-oxygen-ok.png
usr/share/gnunet/gnunet_conversation_gtk_about_window.glade
usr/share/gnunet/gnunet_conversation_gtk_enter_label.glade
usr/share/gnunet/gnunet_conversation_gtk_main_window.glade
usr/share/gnunet/gnunet_fs_gtk_about_window.glade
usr/share/gnunet/gnunet_fs_gtk_download_as_dialog.glade
usr/share/gnunet/gnunet_fs_gtk_edit_publication.glade
usr/share/gnunet/gnunet_fs_gtk_enter_nick_dialog.glade
usr/share/gnunet/gnunet_fs_gtk_main_window.glade
usr/share/gnunet/gnunet_fs_gtk_open_directory_dialog.glade
usr/share/gnunet/gnunet_fs_gtk_open_url_dialog.glade
usr/share/gnunet/gnunet_fs_gtk_progress_dialog.glade
usr/share/gnunet/gnunet_fs_gtk_pseu_progress_dialog.glade
usr/share/gnunet/gnunet_fs_gtk_publish_dialog.glade
usr/share/gnunet/gnunet_fs_gtk_publish_directory_dialog.glade
usr/share/gnunet/gnunet_fs_gtk_publish_file_dialog.glade
usr/share/gnunet/gnunet_fs_gtk_publish_tab.glade
usr/share/gnunet/gnunet_fs_gtk_search_tab.glade
usr/share/gnunet/gnunet_fs_gtk_unindex.glade
usr/share/gnunet/gnunet_gtk.glade
usr/share/gnunet/gnunet_gtk_status_bar_menu.glade
usr/share/gnunet/gnunet_identity_gtk_about_window.glade
usr/share/gnunet/gnunet_identity_gtk_advertise_dialog.glade
usr/share/gnunet/gnunet_identity_gtk_main_window.glade
usr/share/gnunet/gnunet_namestore_edit_a.glade
usr/share/gnunet/gnunet_namestore_edit_aaaa.glade
usr/share/gnunet/gnunet_namestore_edit_box.glade
usr/share/gnunet/gnunet_namestore_edit_cert.glade
usr/share/gnunet/gnunet_namestore_edit_cname.glade
usr/share/gnunet/gnunet_namestore_edit_gns2dns.glade
usr/share/gnunet/gnunet_namestore_edit_leho.glade
usr/share/gnunet/gnunet_namestore_edit_mx.glade
usr/share/gnunet/gnunet_namestore_edit_phone.glade
usr/share/gnunet/gnunet_namestore_edit_pkey.glade
usr/share/gnunet/gnunet_namestore_edit_ptr.glade
usr/share/gnunet/gnunet_namestore_edit_soa.glade
usr/share/gnunet/gnunet_namestore_edit_srv.glade
usr/share/gnunet/gnunet_namestore_edit_tlsa.glade
usr/share/gnunet/gnunet_namestore_edit_txt.glade
usr/share/gnunet/gnunet_namestore_edit_vpn.glade
usr/share/gnunet/gnunet_namestore_gtk_main_window.glade
usr/share/gnunet/gnunet_namestore_gtk_qr_save_as_dialog.glade
usr/share/gnunet/gnunet_setup_calendar_dialog.glade
usr/share/gnunet/gnunet_setup_main_window.glade
usr/share/gnunet/gnunet_statistics_gtk_about_window.glade
usr/share/gnunet/gnunet_statistics_gtk_main_window.glade
usr/share/gnunet/green.png
usr/share/gnunet/identity.png
usr/share/gnunet/identity.svg
usr/share/gnunet/identity_small.png
usr/share/gnunet/peerinfo.png
usr/share/gnunet/peerinfo.svg
usr/share/gnunet/peerinfo_small.png
usr/share/gnunet/published.gif
usr/share/gnunet/publishing.gif
usr/share/gnunet/purple.png
usr/share/gnunet/qr_dummy.png
usr/share/gnunet/red.png
usr/share/gnunet/searching_sources.gif
usr/share/gnunet/setup.png
usr/share/gnunet/setup.svg
usr/share/gnunet/setup_small.png
usr/share/gnunet/statistics.png
usr/share/gnunet/statistics.svg
usr/share/gnunet/statistics_small.png
usr/share/gnunet/yellow.png
usr/share/icons/
usr/share/icons/hicolor/
usr/share/icons/hicolor/16x16/
usr/share/icons/hicolor/16x16/apps/
usr/share/icons/hicolor/16x16/apps/gnunet-fs-gtk.png
usr/share/icons/hicolor/16x16/status/
usr/share/icons/hicolor/16x16/status/gnunet-fs-gtk-ns-association.png
usr/share/icons/hicolor/22x22/
usr/share/icons/hicolor/22x22/apps/
usr/share/icons/hicolor/22x22/apps/gnunet-fs-gtk.png
usr/share/icons/hicolor/24x24/
usr/share/icons/hicolor/24x24/apps/
usr/share/icons/hicolor/24x24/apps/gnunet-fs-gtk.png
usr/share/icons/hicolor/32x32/
usr/share/icons/hicolor/32x32/apps/
usr/share/icons/hicolor/32x32/apps/gnunet-fs-gtk.png
usr/share/icons/hicolor/scalable/
usr/share/icons/hicolor/scalable/apps/
usr/share/icons/hicolor/scalable/apps/gnunet-fs-gtk.svg
usr/share/icons/hicolor/scalable/apps/gnunet-peerinfo-gtk.svg
usr/share/icons/hicolor/scalable/apps/gnunet-statistics-gtk.svg
usr/share/icons/hicolor/scalable/status/
usr/share/icons/hicolor/scalable/status/gnunet-fs-gtk-ns-association.svg
usr/share/locale/
usr/share/locale/da/
usr/share/locale/da/LC_MESSAGES/
usr/share/locale/de/
usr/share/locale/de/LC_MESSAGES/
usr/share/locale/es/
usr/share/locale/es/LC_MESSAGES/
usr/share/locale/fr/
usr/share/locale/fr/LC_MESSAGES/
usr/share/locale/it/
usr/share/locale/it/LC_MESSAGES/
usr/share/locale/sr/
usr/share/locale/sr/LC_MESSAGES/
usr/share/locale/sv/
usr/share/locale/sv/LC_MESSAGES/
usr/share/locale/tr/
usr/share/locale/tr/LC_MESSAGES/
usr/share/locale/vi/
usr/share/locale/vi/LC_MESSAGES/

Slackware package /home/omen/GITHUB/One4All_SlackBuild/gnunet-gtk/binary-gnunet-gtk-0.22.0.18102024/gnunet-gtk-0.22.0.18102024-x86_64-1_rtz.tlz created.

