Starting build process...
Detected architecture: x86_64
--2024-10-28 22:09:20--  https://github.com/badboy/mdbook-mermaid/archive/refs/tags/v0.14.0.tar.gz
Resolving github.com (github.com)... 140.82.121.3
Connecting to github.com (github.com)|140.82.121.3|:443... connected.
HTTP request sent, awaiting response... 302 Found
Location: https://codeload.github.com/badboy/mdbook-mermaid/tar.gz/refs/tags/v0.14.0 [following]
--2024-10-28 22:09:20--  https://codeload.github.com/badboy/mdbook-mermaid/tar.gz/refs/tags/v0.14.0
Resolving codeload.github.com (codeload.github.com)... 140.82.121.10
Connecting to codeload.github.com (codeload.github.com)|140.82.121.10|:443... connected.
HTTP request sent, awaiting response... 200 OK
Length: 760322 (743K) [application/x-gzip]
Saving to: ‘mdbook-mermaid-0.14.0.tar.gz’

     0K .......... .......... .......... .......... ..........  6%  425K 2s
    50K .......... .......... .......... .......... .......... 13%  858K 1s
   100K .......... .......... .......... .......... .......... 20% 5.16M 1s
   150K .......... .......... .......... .......... .......... 26% 6.90M 1s
   200K .......... .......... .......... .......... .......... 33% 1023K 0s
   250K .......... .......... .......... .......... .......... 40% 5.23M 0s
   300K .......... .......... .......... .......... .......... 47% 6.82M 0s
   350K .......... .......... .......... .......... .......... 53%  631K 0s
   400K .......... .......... .......... .......... .......... 60% 3.13M 0s
   450K .......... .......... .......... .......... .......... 67% 99.6M 0s
   500K .......... .......... .......... .......... .......... 74% 95.2M 0s
   550K .......... .......... .......... .......... .......... 80% 1.64M 0s
   600K .......... .......... .......... .......... .......... 87% 9.24M 0s
   650K .......... .......... .......... .......... .......... 94% 9.87M 0s
   700K .......... .......... .......... .......... ..        100% 14.5M=0.4s

2024-10-28 22:09:21 (1.83 MB/s) - ‘mdbook-mermaid-0.14.0.tar.gz’ saved [760322/760322]

mdbook-mermaid-0.14.0/
mdbook-mermaid-0.14.0/.github/
mdbook-mermaid-0.14.0/.github/workflows/
mdbook-mermaid-0.14.0/.github/workflows/deploy.yml
mdbook-mermaid-0.14.0/.github/workflows/tests.yml
mdbook-mermaid-0.14.0/.gitignore
mdbook-mermaid-0.14.0/CHANGELOG.md
mdbook-mermaid-0.14.0/Cargo.lock
mdbook-mermaid-0.14.0/Cargo.toml
mdbook-mermaid-0.14.0/LICENSE
mdbook-mermaid-0.14.0/README.md
mdbook-mermaid-0.14.0/release.toml
mdbook-mermaid-0.14.0/simple-graph.png
mdbook-mermaid-0.14.0/src/
mdbook-mermaid-0.14.0/src/bin/
mdbook-mermaid-0.14.0/src/bin/assets/
mdbook-mermaid-0.14.0/src/bin/assets/mermaid-init.js
mdbook-mermaid-0.14.0/src/bin/assets/mermaid.min.js
mdbook-mermaid-0.14.0/src/bin/mdbook-mermaid.rs
mdbook-mermaid-0.14.0/src/lib.rs
mdbook-mermaid-0.14.0/tests/
mdbook-mermaid-0.14.0/tests/it/
mdbook-mermaid-0.14.0/tests/it/empty.toml
mdbook-mermaid-0.14.0/tests/it/empty.toml.output
mdbook-mermaid-0.14.0/tests/it/full.toml
mdbook-mermaid-0.14.0/tests/it/full.toml.output
mdbook-mermaid-0.14.0/tests/it/install.rs
mdbook-mermaid-0.14.0/tests/it/main.rs
mdbook-mermaid-0.14.0/tests/it/missing-js.toml
mdbook-mermaid-0.14.0/tests/it/missing-js.toml.output
mdbook-mermaid-0.14.0/tests/it/some.toml
mdbook-mermaid-0.14.0/tests/it/some.toml.output
/home/omen/GITHUB/One4All_SlackBuild/mdbook-mermaid/work
README or README.md already exists, skipping creation.
hm...lets continue and see what happens
   Compiling proc-macro2 v1.0.70
   Compiling unicode-ident v1.0.12
   Compiling memchr v2.6.4
   Compiling thiserror v1.0.50
   Compiling rustix v0.38.28
   Compiling autocfg v1.1.0
   Compiling bitflags v2.4.1
   Compiling linux-raw-sys v0.4.12
   Compiling serde v1.0.193
   Compiling ucd-trie v0.1.6
   Compiling utf8parse v0.2.1
   Compiling regex-syntax v0.8.2
   Compiling version_check v0.9.4
   Compiling colorchoice v1.0.0
   Compiling once_cell v1.19.0
   Compiling anstyle v1.0.4
   Compiling anstyle-query v1.0.2
   Compiling strsim v0.10.0
   Compiling serde_json v1.0.108
   Compiling anstyle-parse v0.2.3
   Compiling clap_lex v0.6.0
   Compiling ryu v1.0.16
   Compiling itoa v1.0.10
   Compiling log v0.4.20
   Compiling anyhow v1.0.75
   Compiling pulldown-cmark v0.9.3
   Compiling anstream v0.6.5
   Compiling bitflags v1.3.2
   Compiling fastrand v2.0.1
   Compiling either v1.9.0
   Compiling hashbrown v0.12.3
   Compiling iana-time-zone v0.1.58
   Compiling cfg-if v1.0.0
   Compiling humantime v2.1.0
   Compiling termcolor v1.4.0
   Compiling unicase v2.7.0
   Compiling bytes v1.5.0
   Compiling itertools v0.10.5
   Compiling num-traits v0.2.17
   Compiling indexmap v1.9.3
   Compiling shlex v1.2.0
   Compiling toml_datetime v0.5.1
   Compiling pathdiff v0.2.1
   Compiling quote v1.0.33
   Compiling aho-corasick v1.1.2
   Compiling topological-sort v0.2.2
   Compiling syn v2.0.41
   Compiling combine v4.6.6
   Compiling chrono v0.4.31
   Compiling regex-automata v0.4.3
   Compiling terminal_size v0.3.0
   Compiling is-terminal v0.4.9
   Compiling clap_builder v4.4.11
   Compiling tempfile v3.8.1
   Compiling thiserror-impl v1.0.50
   Compiling serde_derive v1.0.193
   Compiling pest v2.7.5
   Compiling clap v4.4.11
   Compiling clap_complete v4.4.4
   Compiling bstr v1.8.0
   Compiling regex v1.10.2
   Compiling pest_meta v2.7.5
   Compiling env_logger v0.10.1
   Compiling opener v0.6.1
   Compiling toml_edit v0.15.0
   Compiling pest_generator v2.7.5
   Compiling pest_derive v2.7.5
   Compiling toml v0.5.11
   Compiling handlebars v4.5.0
   Compiling mdbook v0.4.36
   Compiling mdbook-mermaid v0.14.0 (/home/omen/GITHUB/One4All_SlackBuild/mdbook-mermaid/work/mdbook-mermaid-0.14.0)
    Finished `release` profile [optimized] target(s) in 28.94s
   Compiling memchr v2.6.4
   Compiling proc-macro2 v1.0.70
   Compiling unicode-ident v1.0.12
   Compiling rustix v0.38.28
   Compiling linux-raw-sys v0.4.12
   Compiling bitflags v2.4.1
   Compiling autocfg v1.1.0
   Compiling thiserror v1.0.50
   Compiling regex-syntax v0.8.2
   Compiling anstyle v1.0.4
   Compiling utf8parse v0.2.1
   Compiling ucd-trie v0.1.6
   Compiling serde v1.0.193
   Compiling once_cell v1.19.0
   Compiling colorchoice v1.0.0
   Compiling anstyle-query v1.0.2
   Compiling version_check v0.9.4
   Compiling either v1.9.0
   Compiling clap_lex v0.6.0
   Compiling serde_json v1.0.108
   Compiling anstyle-parse v0.2.3
   Compiling strsim v0.10.0
   Compiling ryu v1.0.16
   Compiling anyhow v1.0.75
   Compiling log v0.4.20
   Compiling pulldown-cmark v0.9.3
   Compiling itoa v1.0.10
   Compiling hashbrown v0.12.3
   Compiling bitflags v1.3.2
   Compiling libc v0.2.151
   Compiling anstream v0.6.5
   Compiling humantime v2.1.0
   Compiling termcolor v1.4.0
   Compiling iana-time-zone v0.1.58
   Compiling bytes v1.5.0
   Compiling cfg-if v1.0.0
   Compiling fastrand v2.0.1
   Compiling itertools v0.10.5
   Compiling num-traits v0.2.17
   Compiling indexmap v1.9.3
   Compiling unicase v2.7.0
   Compiling shlex v1.2.0
   Compiling toml_datetime v0.5.1
   Compiling pathdiff v0.2.1
   Compiling doc-comment v0.3.3
   Compiling predicates-core v1.0.6
   Compiling topological-sort v0.2.2
   Compiling itertools v0.11.0
   Compiling termtree v0.4.1
   Compiling difflib v0.4.0
   Compiling diff v0.1.13
   Compiling yansi v0.5.1
   Compiling predicates-tree v1.0.9
   Compiling aho-corasick v1.1.2
   Compiling combine v4.6.6
   Compiling quote v1.0.33
   Compiling pretty_assertions v1.4.0
   Compiling syn v2.0.41
   Compiling chrono v0.4.31
   Compiling wait-timeout v0.2.0
   Compiling predicates v3.0.4
   Compiling terminal_size v0.3.0
   Compiling is-terminal v0.4.9
   Compiling tempfile v3.8.1
   Compiling clap_builder v4.4.11
   Compiling regex-automata v0.4.3
   Compiling thiserror-impl v1.0.50
   Compiling serde_derive v1.0.193
   Compiling clap v4.4.11
   Compiling clap_complete v4.4.4
   Compiling pest v2.7.5
   Compiling toml_edit v0.15.0
   Compiling pest_meta v2.7.5
   Compiling bstr v1.8.0
   Compiling regex v1.10.2
   Compiling env_logger v0.10.1
   Compiling opener v0.6.1
   Compiling assert_cmd v2.0.12
   Compiling pest_generator v2.7.5
   Compiling pest_derive v2.7.5
   Compiling toml v0.5.11
   Compiling handlebars v4.5.0
   Compiling mdbook v0.4.36
   Compiling mdbook-mermaid v0.14.0 (/home/omen/GITHUB/One4All_SlackBuild/mdbook-mermaid/work/mdbook-mermaid-0.14.0)
    Finished `test` profile [unoptimized + debuginfo] target(s) in 13.16s
     Running unittests src/lib.rs (target/debug/deps/mdbook_mermaid-7bec1862c2e29cf7)

running 7 tests
test test::html_in_list ... ok
test test::more_backticks ... ok
test test::crlf_line_endings ... ok
test test::adds_mermaid ... ok
test test::escape_in_mermaid_block ... ok
test test::leaves_tables_untouched ... ok
test test::leaves_html_untouched ... ok

test result: ok. 7 passed; 0 failed; 0 ignored; 0 measured; 0 filtered out; finished in 0.00s

     Running unittests src/bin/mdbook-mermaid.rs (target/debug/deps/mdbook_mermaid-27685963981c3b68)

running 0 tests

test result: ok. 0 passed; 0 failed; 0 ignored; 0 measured; 0 filtered out; finished in 0.00s

     Running tests/it/main.rs (target/debug/deps/it-edab2385d5095c4a)

running 4 tests
test install::full ... ok
test install::missing_js ... ok
test install::empty ... ok
test install::some ... ok

test result: ok. 4 passed; 0 failed; 0 ignored; 0 measured; 0 filtered out; finished in 0.01s

   Doc-tests mdbook_mermaid

running 0 tests

test result: ok. 0 passed; 0 failed; 0 ignored; 0 measured; 0 filtered out; finished in 0.00s

./mdbook-mermaid.SlackBuild: line 318: `$DOCS': not a valid identifier
./mdbook-mermaid.SlackBuild: line 318: `$DOCS_DIR': not a valid identifier

Slackware package maker, version 3.14159265.

Searching for symbolic links:

No symbolic links were found, so we won't make an installation script.
You can make your own later in ./install/doinst.sh and rebuild the
package if you like.

This next step is optional - you can set the directories in your package
to some sane permissions. If any of the directories in your package have
special permissions, then DO NOT reset them here!

Would you like to reset all directory permissions to 755 (drwxr-xr-x) and
directory ownerships to root.root ([y]es, [n]o)? n


Creating Slackware package:  /home/omen/GITHUB/One4All_SlackBuild/mdbook-mermaid/binary-mdbook-mermaid-0.14.0/mdbook-mermaid-0.14.0-x86_64-1_rtz.tlz

./
install/
install/doinst.sh
install/slack-desc
usr/
usr/doc/
usr/doc/mdbook-mermaid-0.14.0/
usr/doc/mdbook-mermaid-0.14.0/mdbook-mermaid.SlackBuild
usr/local/
usr/local/bin/
usr/local/bin/mdbook-mermaid

Slackware package /home/omen/GITHUB/One4All_SlackBuild/mdbook-mermaid/binary-mdbook-mermaid-0.14.0/mdbook-mermaid-0.14.0-x86_64-1_rtz.tlz created.


+==============================================================================
| Installing new package /home/omen/GITHUB/One4All_SlackBuild/mdbook-mermaid/binary-mdbook-mermaid-0.14.0/mdbook-mermaid-0.14.0-x86_64-1_rtz.tlz
+==============================================================================

Verifying package mdbook-mermaid-0.14.0-x86_64-1_rtz.tlz.
Installing package mdbook-mermaid-0.14.0-x86_64-1_rtz.tlz:
PACKAGE DESCRIPTION:
# mdbook-mermaid ((for mdbook to render mermaid diagrams))
#
# A preprocessor for mdbook to add mermaid.js support to render
# mermaid diagrams
#
# github.com/badboy/mdbook-mermaid
Executing install script for mdbook-mermaid-0.14.0-x86_64-1_rtz.tlz.
Font directories:
	/usr/share/fonts
/usr/share/fonts: caching, new cache contents: 0 fonts, 13 dirs
/usr/share/fonts/100dpi: caching, new cache contents: 398 fonts, 0 dirs
/usr/share/fonts/75dpi: caching, new cache contents: 398 fonts, 0 dirs
/usr/share/fonts/OTF: caching, new cache contents: 167 fonts, 0 dirs
/usr/share/fonts/Speedo: caching, new cache contents: 0 fonts, 0 dirs
/usr/share/fonts/TTF: caching, new cache contents: 473 fonts, 3 dirs
/usr/share/fonts/TTF/cantarell: caching, new cache contents: 6 fonts, 0 dirs
/usr/share/fonts/TTF/oxygen: caching, new cache contents: 3 fonts, 0 dirs
/usr/share/fonts/TTF/static: caching, new cache contents: 36 fonts, 0 dirs
/usr/share/fonts/Type1: caching, new cache contents: 64 fonts, 0 dirs
/usr/share/fonts/cyrillic: caching, new cache contents: 0 fonts, 0 dirs
/usr/share/fonts/encodings: caching, new cache contents: 0 fonts, 1 dirs
/usr/share/fonts/encodings/large: caching, new cache contents: 0 fonts, 0 dirs
/usr/share/fonts/kanjistrokeorders: caching, new cache contents: 1 fonts, 0 dirs
/usr/share/fonts/misc: caching, new cache contents: 144 fonts, 0 dirs
/usr/share/fonts/opentype: caching, new cache contents: 0 fonts, 1 dirs
/usr/share/fonts/opentype/fira: caching, new cache contents: 97 fonts, 0 dirs
/usr/share/fonts/truetype: caching, new cache contents: 0 fonts, 1 dirs
/usr/share/fonts/truetype/roboto-slab: caching, new cache contents: 4 fonts, 0 dirs
/usr/share/fonts/util: caching, new cache contents: 0 fonts, 0 dirs
/var/cache/fontconfig: cleaning cache directory
/root/.cache/fontconfig: not cleaning non-existent cache directory
/root/.fontconfig: not cleaning non-existent cache directory
/usr/bin/fc-cache: succeeded
Package mdbook-mermaid-0.14.0-x86_64-1_rtz.tlz installed.
Build process completed in 0 minutes and 51 seconds.
