
Mon Sep 16 21:58:24 EEST 2024 Anagnostakis Ioannis (rizitis@gmail.com) GR
Slackware package maker, version 3.14159265.

Searching for symbolic links:
usr/include/mozjs-130/js-config.h	../../js/src/js-config.h
usr/include/mozjs-130/js/PrefsGenerated.h	../../../js/src/../../js/public/PrefsGenerated.h
usr/include/mozjs-130/js/ProfilingCategoryList.h	../../../js/src/../../mozglue/baseprofiler/public/ProfilingCategoryList.h
usr/include/mozjs-130/mozilla/intl/unicode_bidi_ffi_generated.h	../../../../intl/bidi/unicode_bidi_ffi_generated.h
usr/include/mozjs-130/ProfilingCategoryList.h	../../mozglue/baseprofiler/public/ProfilingCategoryList.h
usr/lib64/libmozjs-130.so.0	libmozjs-130.so.0.0.0
usr/lib64/libmozjs-130.so	libmozjs-130.so.0

Making symbolic link creation script:
( cd usr/include/mozjs-130 ; rm -rf js-config.h )
( cd usr/include/mozjs-130 ; ln -sf ../../js/src/js-config.h js-config.h )
( cd usr/include/mozjs-130/js ; rm -rf PrefsGenerated.h )
( cd usr/include/mozjs-130/js ; ln -sf ../../../js/src/../../js/public/PrefsGenerated.h PrefsGenerated.h )
( cd usr/include/mozjs-130/js ; rm -rf ProfilingCategoryList.h )
( cd usr/include/mozjs-130/js ; ln -sf ../../../js/src/../../mozglue/baseprofiler/public/ProfilingCategoryList.h ProfilingCategoryList.h )
( cd usr/include/mozjs-130/mozilla/intl ; rm -rf unicode_bidi_ffi_generated.h )
( cd usr/include/mozjs-130/mozilla/intl ; ln -sf ../../../../intl/bidi/unicode_bidi_ffi_generated.h unicode_bidi_ffi_generated.h )
( cd usr/include/mozjs-130 ; rm -rf ProfilingCategoryList.h )
( cd usr/include/mozjs-130 ; ln -sf ../../mozglue/baseprofiler/public/ProfilingCategoryList.h ProfilingCategoryList.h )
( cd usr/lib64 ; rm -rf libmozjs-130.so.0 )
( cd usr/lib64 ; ln -sf libmozjs-130.so.0.0.0 libmozjs-130.so.0 )
( cd usr/lib64 ; rm -rf libmozjs-130.so )
( cd usr/lib64 ; ln -sf libmozjs-130.so.0 libmozjs-130.so )

Unless your existing installation script already contains the code
to create these links, you should append these lines to your existing
install script. Now's your chance. :^)

Would you like to add this stuff to the existing install script and
remove the symbolic links ([y]es, [n]o)? y


Removing symbolic links:
removed './usr/lib64/libmozjs-130.so.0'
removed './usr/lib64/libmozjs-130.so'
removed './usr/include/mozjs-130/mozilla/intl/unicode_bidi_ffi_generated.h'
removed './usr/include/mozjs-130/js/PrefsGenerated.h'
removed './usr/include/mozjs-130/js/ProfilingCategoryList.h'
removed './usr/include/mozjs-130/js-config.h'
removed './usr/include/mozjs-130/ProfilingCategoryList.h'

Updating your ./install/doinst.sh...

This next step is optional - you can set the directories in your package
to some sane permissions. If any of the directories in your package have
special permissions, then DO NOT reset them here!

Would you like to reset all directory permissions to 755 (drwxr-xr-x) and
directory ownerships to root.root ([y]es, [n]o)? n

Creating Slackware package:  /home/omen/GITHUB/One4All_SlackBuild/mozjs130.SlackBuild/binary-mozjs130-130.0.1/mozjs130-130.0.1-x86_64-1_rtz.tlz

./
install/
install/doinst.sh
install/slack-desc
usr/
usr/bin/
usr/bin/js130
usr/doc/
usr/doc/mozjs130-130.0.1/
usr/doc/mozjs130-130.0.1/mozjs130.SlackBuild
usr/include/
usr/include/mozjs-130/
usr/include/mozjs-130/BaseProfiler.h
usr/include/mozjs-130/BaseProfilerSharedLibraries.h
usr/include/mozjs-130/BaseProfilingCategory.h
usr/include/mozjs-130/double-conversion/
usr/include/mozjs-130/double-conversion/double-conversion.h
usr/include/mozjs-130/double-conversion/double-to-string.h
usr/include/mozjs-130/double-conversion/string-to-double.h
usr/include/mozjs-130/double-conversion/utils.h
usr/include/mozjs-130/encoding_rs_mem.h
usr/include/mozjs-130/fdlibm.h
usr/include/mozjs-130/function2/
usr/include/mozjs-130/function2/function2.hpp
usr/include/mozjs-130/js/
usr/include/mozjs-130/js/AllocationLogging.h
usr/include/mozjs-130/js/AllocationRecording.h
usr/include/mozjs-130/js/AllocPolicy.h
usr/include/mozjs-130/jsapi.h
usr/include/mozjs-130/js/ArrayBuffer.h
usr/include/mozjs-130/js/ArrayBufferMaybeShared.h
usr/include/mozjs-130/js/Array.h
usr/include/mozjs-130/js/BigInt.h
usr/include/mozjs-130/js/BuildId.h
usr/include/mozjs-130/js/CallAndConstruct.h
usr/include/mozjs-130/js/CallArgs.h
usr/include/mozjs-130/js/CallNonGenericMethod.h
usr/include/mozjs-130/js/CharacterEncoding.h
usr/include/mozjs-130/js/Class.h
usr/include/mozjs-130/js/ColumnNumber.h
usr/include/mozjs-130/js/ComparisonOperators.h
usr/include/mozjs-130/js/CompilationAndEvaluation.h
usr/include/mozjs-130/js/CompileOptions.h
usr/include/mozjs-130/js/Context.h
usr/include/mozjs-130/js/ContextOptions.h
usr/include/mozjs-130/js/Conversions.h
usr/include/mozjs-130/js/Date.h
usr/include/mozjs-130/js/Debug.h
usr/include/mozjs-130/js/Equality.h
usr/include/mozjs-130/js/ErrorInterceptor.h
usr/include/mozjs-130/js/ErrorReport.h
usr/include/mozjs-130/js/Exception.h
usr/include/mozjs-130/js/experimental/
usr/include/mozjs-130/js/experimental/CodeCoverage.h
usr/include/mozjs-130/js/experimental/CompileScript.h
usr/include/mozjs-130/js/experimental/CTypes.h
usr/include/mozjs-130/js/experimental/Intl.h
usr/include/mozjs-130/js/experimental/JitInfo.h
usr/include/mozjs-130/js/experimental/JSStencil.h
usr/include/mozjs-130/js/experimental/PCCountProfiling.h
usr/include/mozjs-130/js/experimental/SourceHook.h
usr/include/mozjs-130/js/experimental/TypedData.h
usr/include/mozjs-130/js/ForOfIterator.h
usr/include/mozjs-130/js/friend/
usr/include/mozjs-130/jsfriendapi.h
usr/include/mozjs-130/js/friend/DOMProxy.h
usr/include/mozjs-130/js/friend/DumpFunctions.h
usr/include/mozjs-130/js/friend/ErrorMessages.h
usr/include/mozjs-130/js/friend/ErrorNumbers.msg
usr/include/mozjs-130/js/friend/JSMEnvironment.h
usr/include/mozjs-130/js/friend/PerformanceHint.h
usr/include/mozjs-130/js/friend/StackLimits.h
usr/include/mozjs-130/js/friend/UsageStatistics.h
usr/include/mozjs-130/js/friend/WindowProxy.h
usr/include/mozjs-130/js/friend/XrayJitInfo.h
usr/include/mozjs-130/js/GCAnnotations.h
usr/include/mozjs-130/js/GCAPI.h
usr/include/mozjs-130/js/GCHashTable.h
usr/include/mozjs-130/js/GCPolicyAPI.h
usr/include/mozjs-130/js/GCTypeMacros.h
usr/include/mozjs-130/js/GCVariant.h
usr/include/mozjs-130/js/GCVector.h
usr/include/mozjs-130/js/GlobalObject.h
usr/include/mozjs-130/js/HashTable.h
usr/include/mozjs-130/js/HeapAPI.h
usr/include/mozjs-130/js/HelperThreadAPI.h
usr/include/mozjs-130/js/Id.h
usr/include/mozjs-130/js/Initialization.h
usr/include/mozjs-130/js/Interrupt.h
usr/include/mozjs-130/js/Iterator.h
usr/include/mozjs-130/js/JitCodeAPI.h
usr/include/mozjs-130/js/JSON.h
usr/include/mozjs-130/js/LocaleSensitive.h
usr/include/mozjs-130/js/MapAndSet.h
usr/include/mozjs-130/js/MemoryCallbacks.h
usr/include/mozjs-130/js/MemoryFunctions.h
usr/include/mozjs-130/js/MemoryMetrics.h
usr/include/mozjs-130/js/Modules.h
usr/include/mozjs-130/js/Object.h
usr/include/mozjs-130/js/Prefs.h
usr/include/mozjs-130/js/Principals.h
usr/include/mozjs-130/js/Printer.h
usr/include/mozjs-130/js/Printf.h
usr/include/mozjs-130/js/ProfilingCategory.h
usr/include/mozjs-130/js/ProfilingFrameIterator.h
usr/include/mozjs-130/js/ProfilingStack.h
usr/include/mozjs-130/js/Promise.h
usr/include/mozjs-130/js/PropertyAndElement.h
usr/include/mozjs-130/js/PropertyDescriptor.h
usr/include/mozjs-130/js/PropertySpec.h
usr/include/mozjs-130/js/ProtoKey.h
usr/include/mozjs-130/js/Proxy.h
usr/include/mozjs-130/jspubtd.h
usr/include/mozjs-130/js/Realm.h
usr/include/mozjs-130/js/RealmIterators.h
usr/include/mozjs-130/js/RealmOptions.h
usr/include/mozjs-130/js/RefCounted.h
usr/include/mozjs-130/js/RegExpFlags.h
usr/include/mozjs-130/js/RegExp.h
usr/include/mozjs-130/js/Result.h
usr/include/mozjs-130/js/RootingAPI.h
usr/include/mozjs-130/js/SavedFrameAPI.h
usr/include/mozjs-130/js/ScalarType.h
usr/include/mozjs-130/js/ScriptPrivate.h
usr/include/mozjs-130/js/shadow/
usr/include/mozjs-130/js/shadow/Function.h
usr/include/mozjs-130/js/shadow/Object.h
usr/include/mozjs-130/js/ShadowRealmCallbacks.h
usr/include/mozjs-130/js/shadow/Realm.h
usr/include/mozjs-130/js/shadow/Shape.h
usr/include/mozjs-130/js/shadow/String.h
usr/include/mozjs-130/js/shadow/Symbol.h
usr/include/mozjs-130/js/shadow/Zone.h
usr/include/mozjs-130/js/SharedArrayBuffer.h
usr/include/mozjs-130/js/SliceBudget.h
usr/include/mozjs-130/js/SourceText.h
usr/include/mozjs-130/js/StableStringChars.h
usr/include/mozjs-130/js/Stack.h
usr/include/mozjs-130/js/StreamConsumer.h
usr/include/mozjs-130/js/String.h
usr/include/mozjs-130/js/StructuredClone.h
usr/include/mozjs-130/js/SweepingAPI.h
usr/include/mozjs-130/js/Symbol.h
usr/include/mozjs-130/js/TelemetryTimers.h
usr/include/mozjs-130/js/TraceKind.h
usr/include/mozjs-130/js/TracingAPI.h
usr/include/mozjs-130/js/Transcoding.h
usr/include/mozjs-130/js/TypeDecls.h
usr/include/mozjs-130/jstypes.h
usr/include/mozjs-130/js/UbiNodeBreadthFirst.h
usr/include/mozjs-130/js/UbiNodeCensus.h
usr/include/mozjs-130/js/UbiNodeDominatorTree.h
usr/include/mozjs-130/js/UbiNode.h
usr/include/mozjs-130/js/UbiNodePostOrder.h
usr/include/mozjs-130/js/UbiNodeShortestPaths.h
usr/include/mozjs-130/js/UbiNodeUtils.h
usr/include/mozjs-130/js/UniquePtr.h
usr/include/mozjs-130/js/Utility.h
usr/include/mozjs-130/js/ValueArray.h
usr/include/mozjs-130/js/Value.h
usr/include/mozjs-130/js/Vector.h
usr/include/mozjs-130/js/WaitCallbacks.h
usr/include/mozjs-130/js/Warnings.h
usr/include/mozjs-130/js/WasmFeatures.h
usr/include/mozjs-130/js/WasmModule.h
usr/include/mozjs-130/js/WeakMap.h
usr/include/mozjs-130/js/WeakMapPtr.h
usr/include/mozjs-130/js/WrapperCallbacks.h
usr/include/mozjs-130/js/Wrapper.h
usr/include/mozjs-130/js/Zone.h
usr/include/mozjs-130/malloc_decls.h
usr/include/mozjs-130/mozilla/
usr/include/mozjs-130/mozilla/Algorithm.h
usr/include/mozjs-130/mozilla/Alignment.h
usr/include/mozjs-130/mozilla/AllocPolicy.h
usr/include/mozjs-130/mozilla/AlreadyAddRefed.h
usr/include/mozjs-130/mozilla/Array.h
usr/include/mozjs-130/mozilla/ArrayUtils.h
usr/include/mozjs-130/mozilla/Assertions.h
usr/include/mozjs-130/mozilla/AtomicBitfields.h
usr/include/mozjs-130/mozilla/Atomics.h
usr/include/mozjs-130/mozilla/Attributes.h
usr/include/mozjs-130/mozilla/AutoProfilerLabel.h
usr/include/mozjs-130/mozilla/AwakeTimeStamp.h
usr/include/mozjs-130/mozilla/BaseAndGeckoProfilerDetail.h
usr/include/mozjs-130/mozilla/BaseProfileJSONWriter.h
usr/include/mozjs-130/mozilla/BaseProfilerCounts.h
usr/include/mozjs-130/mozilla/BaseProfilerDetail.h
usr/include/mozjs-130/mozilla/BaseProfilerLabels.h
usr/include/mozjs-130/mozilla/BaseProfilerMarkersDetail.h
usr/include/mozjs-130/mozilla/BaseProfilerMarkers.h
usr/include/mozjs-130/mozilla/BaseProfilerMarkersPrerequisites.h
usr/include/mozjs-130/mozilla/BaseProfilerMarkerTypes.h
usr/include/mozjs-130/mozilla/BaseProfilerRAIIMacro.h
usr/include/mozjs-130/mozilla/BaseProfilerState.h
usr/include/mozjs-130/mozilla/BaseProfilerUtils.h
usr/include/mozjs-130/mozilla/BinarySearch.h
usr/include/mozjs-130/mozilla/BitSet.h
usr/include/mozjs-130/mozilla/BloomFilter.h
usr/include/mozjs-130/mozilla/Buffer.h
usr/include/mozjs-130/mozilla/BufferList.h
usr/include/mozjs-130/mozilla/Casting.h
usr/include/mozjs-130/mozilla/ChaosMode.h
usr/include/mozjs-130/mozilla/Char16.h
usr/include/mozjs-130/mozilla/CheckedInt.h
usr/include/mozjs-130/mozilla/CompactPair.h
usr/include/mozjs-130/mozilla/Compiler.h
usr/include/mozjs-130/mozilla/Compression.h
usr/include/mozjs-130/mozilla/cxxalloc.h
usr/include/mozjs-130/mozilla/DbgMacro.h
usr/include/mozjs-130/mozilla/DebugOnly.h
usr/include/mozjs-130/mozilla/Decimal.h
usr/include/mozjs-130/mozilla/DefineEnum.h
usr/include/mozjs-130/mozilla/DoubleConversion.h
usr/include/mozjs-130/mozilla/DoublyLinkedList.h
usr/include/mozjs-130/mozilla/EndianUtils.h
usr/include/mozjs-130/mozilla/EnumeratedArray.h
usr/include/mozjs-130/mozilla/EnumeratedRange.h
usr/include/mozjs-130/mozilla/EnumSet.h
usr/include/mozjs-130/mozilla/EnumTypeTraits.h
usr/include/mozjs-130/mozilla/FailureLatch.h
usr/include/mozjs-130/mozilla/fallible.h
usr/include/mozjs-130/mozilla/FastBernoulliTrial.h
usr/include/mozjs-130/mozilla/FloatingPoint.h
usr/include/mozjs-130/mozilla/FStream.h
usr/include/mozjs-130/mozilla/FunctionRef.h
usr/include/mozjs-130/mozilla/FunctionTypeTraits.h
usr/include/mozjs-130/mozilla/Fuzzing.h
usr/include/mozjs-130/mozilla/glue/
usr/include/mozjs-130/mozilla/glue/Debug.h
usr/include/mozjs-130/mozilla/glue/WinUtils.h
usr/include/mozjs-130/mozilla/HashFunctions.h
usr/include/mozjs-130/mozilla/HashTable.h
usr/include/mozjs-130/mozilla/HelperMacros.h
usr/include/mozjs-130/mozilla/InitializedOnce.h
usr/include/mozjs-130/mozilla/IntegerPrintfMacros.h
usr/include/mozjs-130/mozilla/IntegerRange.h
usr/include/mozjs-130/mozilla/IntegerTypeTraits.h
usr/include/mozjs-130/mozilla/intl/
usr/include/mozjs-130/mozilla/intl/BidiClass.h
usr/include/mozjs-130/mozilla/intl/BidiEmbeddingLevel.h
usr/include/mozjs-130/mozilla/intl/Bidi.h
usr/include/mozjs-130/mozilla/intl/Calendar.h
usr/include/mozjs-130/mozilla/intl/Collator.h
usr/include/mozjs-130/mozilla/intl/Currency.h
usr/include/mozjs-130/mozilla/intl/DateIntervalFormat.h
usr/include/mozjs-130/mozilla/intl/DateTimeFormat.h
usr/include/mozjs-130/mozilla/intl/DateTimePart.h
usr/include/mozjs-130/mozilla/intl/DateTimePatternGenerator.h
usr/include/mozjs-130/mozilla/intl/DisplayNames.h
usr/include/mozjs-130/mozilla/intl/FormatBuffer.h
usr/include/mozjs-130/mozilla/intl/GeneralCategory.h
usr/include/mozjs-130/mozilla/intl/ICU4CGlue.h
usr/include/mozjs-130/mozilla/intl/ICU4CLibrary.h
usr/include/mozjs-130/mozilla/intl/ICU4XGeckoDataProvider.h
usr/include/mozjs-130/mozilla/intl/ICUError.h
usr/include/mozjs-130/mozilla/intl/ListFormat.h
usr/include/mozjs-130/mozilla/intl/LocaleCanonicalizer.h
usr/include/mozjs-130/mozilla/intl/Locale.h
usr/include/mozjs-130/mozilla/intl/MeasureUnitGenerated.h
usr/include/mozjs-130/mozilla/intl/MeasureUnit.h
usr/include/mozjs-130/mozilla/intl/NumberFormat.h
usr/include/mozjs-130/mozilla/intl/NumberingSystem.h
usr/include/mozjs-130/mozilla/intl/NumberParser.h
usr/include/mozjs-130/mozilla/intl/NumberPart.h
usr/include/mozjs-130/mozilla/intl/NumberRangeFormat.h
usr/include/mozjs-130/mozilla/intl/PluralRules.h
usr/include/mozjs-130/mozilla/intl/RelativeTimeFormat.h
usr/include/mozjs-130/mozilla/intl/String.h
usr/include/mozjs-130/mozilla/intl/TimeZone.h
usr/include/mozjs-130/mozilla/intl/UnicodeProperties.h
usr/include/mozjs-130/mozilla/intl/UnicodeScriptCodes.h
usr/include/mozjs-130/mozilla/JSONWriter.h
usr/include/mozjs-130/mozilla/JsRust.h
usr/include/mozjs-130/mozilla/Latin1.h
usr/include/mozjs-130/mozilla/leb128iterator.h
usr/include/mozjs-130/mozilla/Likely.h
usr/include/mozjs-130/mozilla/LinkedList.h
usr/include/mozjs-130/mozilla/Literals.h
usr/include/mozjs-130/mozilla/MacroArgs.h
usr/include/mozjs-130/mozilla/MacroForEach.h
usr/include/mozjs-130/mozilla/MathAlgorithms.h
usr/include/mozjs-130/mozilla/Maybe.h
usr/include/mozjs-130/mozilla/MaybeOneOf.h
usr/include/mozjs-130/mozilla/MaybeStorageBase.h
usr/include/mozjs-130/mozilla/MemoryChecking.h
usr/include/mozjs-130/mozilla/MemoryReporting.h
usr/include/mozjs-130/mozilla/MmapFaultHandler.h
usr/include/mozjs-130/mozilla/ModuloBuffer.h
usr/include/mozjs-130/mozilla/MoveOnlyFunction.h
usr/include/mozjs-130/mozilla/mozalloc_abort.h
usr/include/mozjs-130/mozilla/mozalloc.h
usr/include/mozjs-130/mozilla/mozalloc_oom.h
usr/include/mozjs-130/mozilla/MPSCQueue.h
usr/include/mozjs-130/mozilla/MruCache.h
usr/include/mozjs-130/mozilla/NeverDestroyed.h
usr/include/mozjs-130/mozilla/NonDereferenceable.h
usr/include/mozjs-130/mozilla/NotNull.h
usr/include/mozjs-130/mozilla/Opaque.h
usr/include/mozjs-130/mozilla/OperatorNewExtensions.h
usr/include/mozjs-130/mozilla/PairHash.h
usr/include/mozjs-130/mozilla/Path.h
usr/include/mozjs-130/mozilla/PlatformConditionVariable.h
usr/include/mozjs-130/mozilla/PlatformMutex.h
usr/include/mozjs-130/mozilla/PlatformRWLock.h
usr/include/mozjs-130/mozilla/PodOperations.h
usr/include/mozjs-130/mozilla/Poison.h
usr/include/mozjs-130/mozilla/PowerOfTwo.h
usr/include/mozjs-130/mozilla/Printf.h
usr/include/mozjs-130/mozilla/ProfileBufferChunk.h
usr/include/mozjs-130/mozilla/ProfileBufferChunkManager.h
usr/include/mozjs-130/mozilla/ProfileBufferChunkManagerSingle.h
usr/include/mozjs-130/mozilla/ProfileBufferChunkManagerWithLocalLimit.h
usr/include/mozjs-130/mozilla/ProfileBufferControlledChunkManager.h
usr/include/mozjs-130/mozilla/ProfileBufferEntryKinds.h
usr/include/mozjs-130/mozilla/ProfileBufferEntrySerialization.h
usr/include/mozjs-130/mozilla/ProfileBufferIndex.h
usr/include/mozjs-130/mozilla/ProfileChunkedBufferDetail.h
usr/include/mozjs-130/mozilla/ProfileChunkedBuffer.h
usr/include/mozjs-130/mozilla/ProfilerBufferSize.h
usr/include/mozjs-130/mozilla/ProgressLogger.h
usr/include/mozjs-130/mozilla/ProportionValue.h
usr/include/mozjs-130/mozilla/RandomNum.h
usr/include/mozjs-130/mozilla/RangedArray.h
usr/include/mozjs-130/mozilla/RangedPtr.h
usr/include/mozjs-130/mozilla/Range.h
usr/include/mozjs-130/mozilla/ReentrancyGuard.h
usr/include/mozjs-130/mozilla/RefCounted.h
usr/include/mozjs-130/mozilla/RefCountType.h
usr/include/mozjs-130/mozilla/RefPtr.h
usr/include/mozjs-130/mozilla/ResultExtensions.h
usr/include/mozjs-130/mozilla/Result.h
usr/include/mozjs-130/mozilla/ResultVariant.h
usr/include/mozjs-130/mozilla/ReverseIterator.h
usr/include/mozjs-130/mozilla/RollingMean.h
usr/include/mozjs-130/mozilla/Saturate.h
usr/include/mozjs-130/mozilla/ScopeExit.h
usr/include/mozjs-130/mozilla/SegmentedVector.h
usr/include/mozjs-130/mozilla/SHA1.h
usr/include/mozjs-130/mozilla/SharedLibrary.h
usr/include/mozjs-130/mozilla/SIMD.h
usr/include/mozjs-130/mozilla/SmallPointerArray.h
usr/include/mozjs-130/mozilla/Span.h
usr/include/mozjs-130/mozilla/SplayTree.h
usr/include/mozjs-130/mozilla/Sprintf.h
usr/include/mozjs-130/mozilla/SPSCQueue.h
usr/include/mozjs-130/mozilla/SSE.h
usr/include/mozjs-130/mozilla/StackWalk.h
usr/include/mozjs-130/mozilla/StaticAnalysisFunctions.h
usr/include/mozjs-130/mozilla/StringBuffer.h
usr/include/mozjs-130/mozilla/TaggedAnonymousMemory.h
usr/include/mozjs-130/mozilla/Tainting.h
usr/include/mozjs-130/mozilla/TemplateLib.h
usr/include/mozjs-130/mozilla/TextUtils.h
usr/include/mozjs-130/mozilla/ThreadLocal.h
usr/include/mozjs-130/mozilla/ThreadSafety.h
usr/include/mozjs-130/mozilla/ThreadSafeWeakPtr.h
usr/include/mozjs-130/mozilla/TimeStamp.h
usr/include/mozjs-130/mozilla/ToString.h
usr/include/mozjs-130/mozilla/Try.h
usr/include/mozjs-130/mozilla/TypedEnumBits.h
usr/include/mozjs-130/mozilla/Types.h
usr/include/mozjs-130/mozilla/UniquePtrExtensions.h
usr/include/mozjs-130/mozilla/UniquePtr.h
usr/include/mozjs-130/mozilla/Unused.h
usr/include/mozjs-130/mozilla/Uptime.h
usr/include/mozjs-130/mozilla/Utf8.h
usr/include/mozjs-130/mozilla/Variant.h
usr/include/mozjs-130/mozilla/Vector.h
usr/include/mozjs-130/mozilla/WeakPtr.h
usr/include/mozjs-130/mozilla/WrappingOperations.h
usr/include/mozjs-130/mozilla/XorShift128PlusRNG.h
usr/include/mozjs-130/mozjemalloc_types.h
usr/include/mozjs-130/mozmemory.h
usr/include/mozjs-130/mozmemory_utils.h
usr/include/mozjs-130/mozmemory_wrap.h
usr/include/mozjs-130/PHC.h
usr/include/mozjs-130/unicode/
usr/include/mozjs-130/unicode/alphaindex.h
usr/include/mozjs-130/unicode/appendable.h
usr/include/mozjs-130/unicode/basictz.h
usr/include/mozjs-130/unicode/brkiter.h
usr/include/mozjs-130/unicode/bytestream.h
usr/include/mozjs-130/unicode/bytestriebuilder.h
usr/include/mozjs-130/unicode/bytestrie.h
usr/include/mozjs-130/unicode/calendar.h
usr/include/mozjs-130/unicode/caniter.h
usr/include/mozjs-130/unicode/casemap.h
usr/include/mozjs-130/unicode/char16ptr.h
usr/include/mozjs-130/unicode/chariter.h
usr/include/mozjs-130/unicode/choicfmt.h
usr/include/mozjs-130/unicode/coleitr.h
usr/include/mozjs-130/unicode/coll.h
usr/include/mozjs-130/unicode/compactdecimalformat.h
usr/include/mozjs-130/unicode/curramt.h
usr/include/mozjs-130/unicode/currpinf.h
usr/include/mozjs-130/unicode/currunit.h
usr/include/mozjs-130/unicode/datefmt.h
usr/include/mozjs-130/unicode/dbbi.h
usr/include/mozjs-130/unicode/dcfmtsym.h
usr/include/mozjs-130/unicode/decimfmt.h
usr/include/mozjs-130/unicode/displayoptions.h
usr/include/mozjs-130/unicode/docmain.h
usr/include/mozjs-130/unicode/dtfmtsym.h
usr/include/mozjs-130/unicode/dtintrv.h
usr/include/mozjs-130/unicode/dtitvfmt.h
usr/include/mozjs-130/unicode/dtitvinf.h
usr/include/mozjs-130/unicode/dtptngen.h
usr/include/mozjs-130/unicode/dtrule.h
usr/include/mozjs-130/unicode/edits.h
usr/include/mozjs-130/unicode/enumset.h
usr/include/mozjs-130/unicode/errorcode.h
usr/include/mozjs-130/unicode/fieldpos.h
usr/include/mozjs-130/unicode/filteredbrk.h
usr/include/mozjs-130/unicode/fmtable.h
usr/include/mozjs-130/unicode/format.h
usr/include/mozjs-130/unicode/formattednumber.h
usr/include/mozjs-130/unicode/formattedvalue.h
usr/include/mozjs-130/unicode/fpositer.h
usr/include/mozjs-130/unicode/gender.h
usr/include/mozjs-130/unicode/gregocal.h
usr/include/mozjs-130/unicode/icudataver.h
usr/include/mozjs-130/unicode/icuplug.h
usr/include/mozjs-130/unicode/idna.h
usr/include/mozjs-130/unicode/listformatter.h
usr/include/mozjs-130/unicode/localebuilder.h
usr/include/mozjs-130/unicode/localematcher.h
usr/include/mozjs-130/unicode/localpointer.h
usr/include/mozjs-130/unicode/locdspnm.h
usr/include/mozjs-130/unicode/locid.h
usr/include/mozjs-130/unicode/measfmt.h
usr/include/mozjs-130/unicode/measunit.h
usr/include/mozjs-130/unicode/measure.h
usr/include/mozjs-130/unicode/messagepattern.h
usr/include/mozjs-130/unicode/msgfmt.h
usr/include/mozjs-130/unicode/normalizer2.h
usr/include/mozjs-130/unicode/normlzr.h
usr/include/mozjs-130/unicode/nounit.h
usr/include/mozjs-130/unicode/numberformatter.h
usr/include/mozjs-130/unicode/numberrangeformatter.h
usr/include/mozjs-130/unicode/numfmt.h
usr/include/mozjs-130/unicode/numsys.h
usr/include/mozjs-130/unicode/parseerr.h
usr/include/mozjs-130/unicode/parsepos.h
usr/include/mozjs-130/unicode/platform.h
usr/include/mozjs-130/unicode/plurfmt.h
usr/include/mozjs-130/unicode/plurrule.h
usr/include/mozjs-130/unicode/ptypes.h
usr/include/mozjs-130/unicode/putil.h
usr/include/mozjs-130/unicode/rbbi.h
usr/include/mozjs-130/unicode/rbnf.h
usr/include/mozjs-130/unicode/rbtz.h
usr/include/mozjs-130/unicode/regex.h
usr/include/mozjs-130/unicode/region.h
usr/include/mozjs-130/unicode/reldatefmt.h
usr/include/mozjs-130/unicode/rep.h
usr/include/mozjs-130/unicode/resbund.h
usr/include/mozjs-130/unicode/schriter.h
usr/include/mozjs-130/unicode/scientificnumberformatter.h
usr/include/mozjs-130/unicode/search.h
usr/include/mozjs-130/unicode/selfmt.h
usr/include/mozjs-130/unicode/simpleformatter.h
usr/include/mozjs-130/unicode/simplenumberformatter.h
usr/include/mozjs-130/unicode/simpletz.h
usr/include/mozjs-130/unicode/smpdtfmt.h
usr/include/mozjs-130/unicode/sortkey.h
usr/include/mozjs-130/unicode/std_string.h
usr/include/mozjs-130/unicode/strenum.h
usr/include/mozjs-130/unicode/stringoptions.h
usr/include/mozjs-130/unicode/stringpiece.h
usr/include/mozjs-130/unicode/stringtriebuilder.h
usr/include/mozjs-130/unicode/stsearch.h
usr/include/mozjs-130/unicode/symtable.h
usr/include/mozjs-130/unicode/tblcoll.h
usr/include/mozjs-130/unicode/timezone.h
usr/include/mozjs-130/unicode/tmunit.h
usr/include/mozjs-130/unicode/tmutamt.h
usr/include/mozjs-130/unicode/tmutfmt.h
usr/include/mozjs-130/unicode/translit.h
usr/include/mozjs-130/unicode/tzfmt.h
usr/include/mozjs-130/unicode/tznames.h
usr/include/mozjs-130/unicode/tzrule.h
usr/include/mozjs-130/unicode/tztrans.h
usr/include/mozjs-130/unicode/ubidi.h
usr/include/mozjs-130/unicode/ubiditransform.h
usr/include/mozjs-130/unicode/ubrk.h
usr/include/mozjs-130/unicode/ucal.h
usr/include/mozjs-130/unicode/ucasemap.h
usr/include/mozjs-130/unicode/ucat.h
usr/include/mozjs-130/unicode/uchar.h
usr/include/mozjs-130/unicode/ucharstriebuilder.h
usr/include/mozjs-130/unicode/ucharstrie.h
usr/include/mozjs-130/unicode/uchriter.h
usr/include/mozjs-130/unicode/uclean.h
usr/include/mozjs-130/unicode/ucnv_cb.h
usr/include/mozjs-130/unicode/ucnv_err.h
usr/include/mozjs-130/unicode/ucnv.h
usr/include/mozjs-130/unicode/ucnvsel.h
usr/include/mozjs-130/unicode/ucoleitr.h
usr/include/mozjs-130/unicode/ucol.h
usr/include/mozjs-130/unicode/uconfig.h
usr/include/mozjs-130/unicode/ucpmap.h
usr/include/mozjs-130/unicode/ucptrie.h
usr/include/mozjs-130/unicode/ucsdet.h
usr/include/mozjs-130/unicode/ucurr.h
usr/include/mozjs-130/unicode/udata.h
usr/include/mozjs-130/unicode/udateintervalformat.h
usr/include/mozjs-130/unicode/udat.h
usr/include/mozjs-130/unicode/udatpg.h
usr/include/mozjs-130/unicode/udisplaycontext.h
usr/include/mozjs-130/unicode/udisplayoptions.h
usr/include/mozjs-130/unicode/uenum.h
usr/include/mozjs-130/unicode/ufieldpositer.h
usr/include/mozjs-130/unicode/uformattable.h
usr/include/mozjs-130/unicode/uformattednumber.h
usr/include/mozjs-130/unicode/uformattedvalue.h
usr/include/mozjs-130/unicode/ugender.h
usr/include/mozjs-130/unicode/uidna.h
usr/include/mozjs-130/unicode/uiter.h
usr/include/mozjs-130/unicode/uldnames.h
usr/include/mozjs-130/unicode/ulistformatter.h
usr/include/mozjs-130/unicode/ulocdata.h
usr/include/mozjs-130/unicode/uloc.h
usr/include/mozjs-130/unicode/umachine.h
usr/include/mozjs-130/unicode/umisc.h
usr/include/mozjs-130/unicode/umsg.h
usr/include/mozjs-130/unicode/umutablecptrie.h
usr/include/mozjs-130/unicode/unifilt.h
usr/include/mozjs-130/unicode/unifunct.h
usr/include/mozjs-130/unicode/unimatch.h
usr/include/mozjs-130/unicode/unirepl.h
usr/include/mozjs-130/unicode/uniset.h
usr/include/mozjs-130/unicode/unistr.h
usr/include/mozjs-130/unicode/unorm2.h
usr/include/mozjs-130/unicode/unorm.h
usr/include/mozjs-130/unicode/unumberformatter.h
usr/include/mozjs-130/unicode/unumberoptions.h
usr/include/mozjs-130/unicode/unumberrangeformatter.h
usr/include/mozjs-130/unicode/unum.h
usr/include/mozjs-130/unicode/unumsys.h
usr/include/mozjs-130/unicode/uobject.h
usr/include/mozjs-130/unicode/upluralrules.h
usr/include/mozjs-130/unicode/uregex.h
usr/include/mozjs-130/unicode/uregion.h
usr/include/mozjs-130/unicode/ureldatefmt.h
usr/include/mozjs-130/unicode/urename.h
usr/include/mozjs-130/unicode/urep.h
usr/include/mozjs-130/unicode/ures.h
usr/include/mozjs-130/unicode/uscript.h
usr/include/mozjs-130/unicode/usearch.h
usr/include/mozjs-130/unicode/uset.h
usr/include/mozjs-130/unicode/usetiter.h
usr/include/mozjs-130/unicode/ushape.h
usr/include/mozjs-130/unicode/usimplenumberformatter.h
usr/include/mozjs-130/unicode/uspoof.h
usr/include/mozjs-130/unicode/usprep.h
usr/include/mozjs-130/unicode/ustring.h
usr/include/mozjs-130/unicode/ustringtrie.h
usr/include/mozjs-130/unicode/utext.h
usr/include/mozjs-130/unicode/utf16.h
usr/include/mozjs-130/unicode/utf32.h
usr/include/mozjs-130/unicode/utf8.h
usr/include/mozjs-130/unicode/utf.h
usr/include/mozjs-130/unicode/utf_old.h
usr/include/mozjs-130/unicode/utmscale.h
usr/include/mozjs-130/unicode/utrace.h
usr/include/mozjs-130/unicode/utrans.h
usr/include/mozjs-130/unicode/utypes.h
usr/include/mozjs-130/unicode/uvernum.h
usr/include/mozjs-130/unicode/uversion.h
usr/include/mozjs-130/unicode/vtzone.h
usr/lib64/
usr/lib64/libmozjs-130.so.0.0.0
usr/lib64/pkgconfig/
usr/lib64/pkgconfig/mozjs-130.pc

Slackware package /home/omen/GITHUB/One4All_SlackBuild/mozjs130.SlackBuild/binary-mozjs130-130.0.1/mozjs130-130.0.1-x86_64-1_rtz.tlz created.

