Starting build process...
Latest release version: 0.130.12
--2024-09-26 21:25:54--  https://github.com/evcc-io/evcc/releases/download/0.130.12/evcc-0.130.12.tar.gz
Resolving github.com (github.com)... 140.82.121.3
Connecting to github.com (github.com)|140.82.121.3|:443... connected.
HTTP request sent, awaiting response... 404 Not Found
2024-09-26 21:25:54 ERROR 404: Not Found.

--2024-09-26 21:25:54--  https://github.com/evcc-io/evcc/archive/refs/tags/0.130.12.tar.gz
Resolving github.com (github.com)... 140.82.121.3
Connecting to github.com (github.com)|140.82.121.3|:443... connected.
HTTP request sent, awaiting response... 302 Found
Location: https://codeload.github.com/evcc-io/evcc/tar.gz/refs/tags/0.130.12 [following]
--2024-09-26 21:25:55--  https://codeload.github.com/evcc-io/evcc/tar.gz/refs/tags/0.130.12
Resolving codeload.github.com (codeload.github.com)... 140.82.121.9
Connecting to codeload.github.com (codeload.github.com)|140.82.121.9|:443... connected.
HTTP request sent, awaiting response... 200 OK
Length: unspecified [application/x-gzip]
Saving to: ‘evcc-0.130.12.tar.gz’

     0K .......... .......... .......... .......... ..........  428K
    50K .......... .......... .......... .......... ..........  867K
   100K .......... .......... .......... .......... .......... 5.34M
   150K .......... .......... .......... .......... .......... 6.77M
   200K .......... .......... .......... .......... .......... 1.02M
   250K .......... .......... .......... .......... .......... 5.20M
   300K .......... .......... .......... .......... .......... 5.30M
   350K .......... .......... .......... .......... ..........  553K
   400K .......... .......... .......... .......... .......... 16.9M
   450K .......... .......... .......... .......... ..........  111M
   500K .......... .......... .......... .......... ..........  104M
   550K .......... .......... .......... .......... .......... 1.92M
   600K .......... .......... .......... .......... .......... 6.96M
   650K .......... .......... .......... .......... .......... 11.0M
   700K .......... .......... .......... .......... .......... 16.2M
   750K .......... .......... .......... .......... .......... 48.6M
   800K .......... .......... .......... .......... .......... 36.5M
   850K .......... .......... .......... .......... .......... 5.19M
   900K .......... .......... .......... .......... .......... 4.11M
   950K .......... .......... .......... .......... .......... 3.67M
  1000K .......... .......... .......... .......... .......... 5.06M
  1050K .......... .......... .......... .......... .......... 4.86M
  1100K .......... .......... .......... .......... .......... 3.84M
  1150K .......... .......... .......... .......... .......... 2.49M
  1200K .......... .......... .......... .......... .......... 3.25M
  1250K .......... .......... .......... .......... .......... 3.24M
  1300K .......... .......... .......... .......... .......... 3.91M
  1350K .......... .......... .......... .......... .......... 2.44M
  1400K .......... .......... .......... .......... .......... 2.70M
  1450K .......... .......... .......... .......... .......... 4.91M
  1500K .......... .......... .......... .......... .......... 2.64M
  1550K .......... .......... .......... .......... .......... 2.98M
  1600K .......... .......... .......... .......... .......... 3.22M
  1650K .......... .......... .......... .......... .......... 4.64M
  1700K .......... .......... .......... .......... .......... 1.75M
  1750K .......... .......... .......... .......... .......... 3.17M
  1800K .......... .......... .......... .......... .......... 2.63M
  1850K .......... .......... .......... .......... ..........  715K
  1900K .......... .......... .......... .......... ..........  164M
  1950K .......... .......... .......... .......... ..........  165M
  2000K .......... .......... .......... .......... ..........  201M
  2050K .......... .......... .......... .......... .......... 5.68M
  2100K .......... .......... .......... .......... .......... 1.92M
  2150K .......... .......... .......... .......... .......... 2.77M
  2200K .......... .......... .......... .......... .......... 2.38M
  2250K .......... .......... .......... .......... .......... 1.82M
  2300K .......... .......... .......... .......... .......... 2.09M
  2350K .......... .......... .......... .......... .......... 3.06M
  2400K ......                                                  270M=0.9s

2024-09-26 21:25:56 (2.60 MB/s) - ‘evcc-0.130.12.tar.gz’ saved [2463890]

evcc-0.130.12/
evcc-0.130.12/.dockerignore
evcc-0.130.12/.editorconfig
evcc-0.130.12/.eslintrc.cjs
evcc-0.130.12/.github/
evcc-0.130.12/.github/FUNDING.yml
evcc-0.130.12/.github/ISSUE_TEMPLATE/
evcc-0.130.12/.github/ISSUE_TEMPLATE/bug_report.yaml
evcc-0.130.12/.github/ISSUE_TEMPLATE/config.yml
evcc-0.130.12/.github/ISSUE_TEMPLATE/feature_request.md
evcc-0.130.12/.github/dependabot.yml
evcc-0.130.12/.github/issue_label_bot.yaml
evcc-0.130.12/.github/workflows/
evcc-0.130.12/.github/workflows/default.yml
evcc-0.130.12/.github/workflows/docs-issue.yml
evcc-0.130.12/.github/workflows/documentation.yml
evcc-0.130.12/.github/workflows/nightly.yml
evcc-0.130.12/.github/workflows/release.yml
evcc-0.130.12/.github/workflows/schema.yml
evcc-0.130.12/.github/workflows/stale.yaml
evcc-0.130.12/.github/workflows/website.yml
evcc-0.130.12/.gitignore
evcc-0.130.12/.golangci.yml
evcc-0.130.12/.goreleaser-nightly.yml
evcc-0.130.12/.goreleaser.yml
evcc-0.130.12/.prettierrc.js
evcc-0.130.12/CONTRIBUTING.md
evcc-0.130.12/Dockerfile
evcc-0.130.12/LICENSE
evcc-0.130.12/Makefile
evcc-0.130.12/README.md
evcc-0.130.12/api/
evcc-0.130.12/api/actionconfig.go
evcc-0.130.12/api/actionconfig_test.go
evcc-0.130.12/api/api.go
evcc-0.130.12/api/batterymode.go
evcc-0.130.12/api/batterymode_enumer.go
evcc-0.130.12/api/chargemode.go
evcc-0.130.12/api/chargemodestatus.go
evcc-0.130.12/api/error.go
evcc-0.130.12/api/feature.go
evcc-0.130.12/api/feature_enumer.go
evcc-0.130.12/api/globalconfig/
evcc-0.130.12/api/globalconfig/types.go
evcc-0.130.12/api/mock.go
evcc-0.130.12/api/plugin.go
evcc-0.130.12/api/proto/
evcc-0.130.12/api/proto/auth.proto
evcc-0.130.12/api/proto/pb/
evcc-0.130.12/api/proto/pb/auth.pb.go
evcc-0.130.12/api/proto/pb/auth_grpc.pb.go
evcc-0.130.12/api/proto/pb/vehicle.pb.go
evcc-0.130.12/api/proto/pb/vehicle_grpc.pb.go
evcc-0.130.12/api/proto/pb/victron.pb.go
evcc-0.130.12/api/proto/pb/victron_grpc.pb.go
evcc-0.130.12/api/proto/vehicle.proto
evcc-0.130.12/api/proto/victron.proto
evcc-0.130.12/api/rates.go
evcc-0.130.12/api/reason.go
evcc-0.130.12/api/reason_enumer.go
evcc-0.130.12/api/store/
evcc-0.130.12/api/store/types.go
evcc-0.130.12/api/tariff.go
evcc-0.130.12/api/tarifftype_enumer.go
evcc-0.130.12/assets/
evcc-0.130.12/assets/css/
evcc-0.130.12/assets/css/app.css
evcc-0.130.12/assets/font/
evcc-0.130.12/assets/font/Montserrat-Bold.woff2
evcc-0.130.12/assets/font/Montserrat-Medium.woff2
evcc-0.130.12/assets/histoire.setup.js
evcc-0.130.12/assets/index.html
evcc-0.130.12/assets/js/
evcc-0.130.12/assets/js/api.js
evcc-0.130.12/assets/js/app.js
evcc-0.130.12/assets/js/auth.js
evcc-0.130.12/assets/js/baseapi.js
evcc-0.130.12/assets/js/co2Reference.js
evcc-0.130.12/assets/js/communityApi.js
evcc-0.130.12/assets/js/components/
evcc-0.130.12/assets/js/components/AnimatedNumber.vue
evcc-0.130.12/assets/js/components/BatterySettingsModal.vue
evcc-0.130.12/assets/js/components/ChargingPlan.story.vue
evcc-0.130.12/assets/js/components/ChargingPlan.vue
evcc-0.130.12/assets/js/components/ChargingPlanArrival.vue
evcc-0.130.12/assets/js/components/ChargingPlanPreview.story.vue
evcc-0.130.12/assets/js/components/ChargingPlanPreview.test.js
evcc-0.130.12/assets/js/components/ChargingPlanPreview.vue
evcc-0.130.12/assets/js/components/ChargingPlanSettings.vue
evcc-0.130.12/assets/js/components/ChargingPlanSettingsEntry.vue
evcc-0.130.12/assets/js/components/ChargingPlanWarnings.vue
evcc-0.130.12/assets/js/components/ChargingSessionModal.vue
evcc-0.130.12/assets/js/components/Config/
evcc-0.130.12/assets/js/components/Config/AddDeviceButton.vue
evcc-0.130.12/assets/js/components/Config/CircuitsModal.vue
evcc-0.130.12/assets/js/components/Config/ControlModal.vue
evcc-0.130.12/assets/js/components/Config/DeviceCard.vue
evcc-0.130.12/assets/js/components/Config/DeviceTags.vue
evcc-0.130.12/assets/js/components/Config/EebusModal.vue
evcc-0.130.12/assets/js/components/Config/FormRow.vue
evcc-0.130.12/assets/js/components/Config/GeneralConfig.vue
evcc-0.130.12/assets/js/components/Config/HemsModal.vue
evcc-0.130.12/assets/js/components/Config/InfluxModal.vue
evcc-0.130.12/assets/js/components/Config/JsonModal.vue
evcc-0.130.12/assets/js/components/Config/Markdown.vue
evcc-0.130.12/assets/js/components/Config/MessagingModal.vue
evcc-0.130.12/assets/js/components/Config/MeterModal.vue
evcc-0.130.12/assets/js/components/Config/Modbus.vue
evcc-0.130.12/assets/js/components/Config/ModbusProxyModal.vue
evcc-0.130.12/assets/js/components/Config/MqttModal.vue
evcc-0.130.12/assets/js/components/Config/NetworkModal.vue
evcc-0.130.12/assets/js/components/Config/PropertyCertField.vue
evcc-0.130.12/assets/js/components/Config/PropertyCollapsible.vue
evcc-0.130.12/assets/js/components/Config/PropertyEntry.vue
evcc-0.130.12/assets/js/components/Config/PropertyField.vue
evcc-0.130.12/assets/js/components/Config/SponsorModal.vue
evcc-0.130.12/assets/js/components/Config/TariffsModal.vue
evcc-0.130.12/assets/js/components/Config/TestResult.vue
evcc-0.130.12/assets/js/components/Config/TitleModal.vue
evcc-0.130.12/assets/js/components/Config/UserInterfaceSettings.vue
evcc-0.130.12/assets/js/components/Config/VehicleModal.vue
evcc-0.130.12/assets/js/components/Config/YamlEditor.vue
evcc-0.130.12/assets/js/components/Config/YamlModal.vue
evcc-0.130.12/assets/js/components/Config/defaultYaml/
evcc-0.130.12/assets/js/components/Config/defaultYaml/circuits.yaml
evcc-0.130.12/assets/js/components/Config/defaultYaml/eebus.yaml
evcc-0.130.12/assets/js/components/Config/defaultYaml/hems.yaml
evcc-0.130.12/assets/js/components/Config/defaultYaml/messaging.yaml
evcc-0.130.12/assets/js/components/Config/defaultYaml/modbusproxy.yaml
evcc-0.130.12/assets/js/components/Config/defaultYaml/tariffs.yaml
evcc-0.130.12/assets/js/components/Config/mixins/
evcc-0.130.12/assets/js/components/Config/mixins/test.js
evcc-0.130.12/assets/js/components/CustomSelect.vue
evcc-0.130.12/assets/js/components/Energyflow/
evcc-0.130.12/assets/js/components/Energyflow/BatteryIcon.story.vue
evcc-0.130.12/assets/js/components/Energyflow/BatteryIcon.vue
evcc-0.130.12/assets/js/components/Energyflow/Energyflow.story.vue
evcc-0.130.12/assets/js/components/Energyflow/Energyflow.vue
evcc-0.130.12/assets/js/components/Energyflow/EnergyflowEntry.vue
evcc-0.130.12/assets/js/components/Energyflow/LabelBar.vue
evcc-0.130.12/assets/js/components/Energyflow/Visualization.vue
evcc-0.130.12/assets/js/components/Energyflow/index.js
evcc-0.130.12/assets/js/components/Footer.story.vue
evcc-0.130.12/assets/js/components/Footer.vue
evcc-0.130.12/assets/js/components/FormRow.vue
evcc-0.130.12/assets/js/components/GenericModal.vue
evcc-0.130.12/assets/js/components/GlobalSettingsModal.vue
evcc-0.130.12/assets/js/components/HelpModal.vue
evcc-0.130.12/assets/js/components/LabelAndValue.vue
evcc-0.130.12/assets/js/components/LimitEnergySelect.vue
evcc-0.130.12/assets/js/components/LimitSocSelect.vue
evcc-0.130.12/assets/js/components/LiveCommunity.story.vue
evcc-0.130.12/assets/js/components/LiveCommunity.vue
evcc-0.130.12/assets/js/components/Loadpoint.story.vue
evcc-0.130.12/assets/js/components/Loadpoint.vue
evcc-0.130.12/assets/js/components/LoadpointSessionInfo.vue
evcc-0.130.12/assets/js/components/LoadpointSettingsButton.vue
evcc-0.130.12/assets/js/components/LoadpointSettingsModal.vue
evcc-0.130.12/assets/js/components/Loadpoints.story.vue
evcc-0.130.12/assets/js/components/Loadpoints.vue
evcc-0.130.12/assets/js/components/LoginModal.vue
evcc-0.130.12/assets/js/components/Logo.vue
evcc-0.130.12/assets/js/components/MaterialIcon/
evcc-0.130.12/assets/js/components/MaterialIcon/Circuits.vue
evcc-0.130.12/assets/js/components/MaterialIcon/Climater.vue
evcc-0.130.12/assets/js/components/MaterialIcon/CloudOffline.vue
evcc-0.130.12/assets/js/components/MaterialIcon/Dropdown.vue
evcc-0.130.12/assets/js/components/MaterialIcon/DynamicPrice.vue
evcc-0.130.12/assets/js/components/MaterialIcon/Edit.vue
evcc-0.130.12/assets/js/components/MaterialIcon/Eebus.vue
evcc-0.130.12/assets/js/components/MaterialIcon/Hems.vue
evcc-0.130.12/assets/js/components/MaterialIcon/Influx.vue
evcc-0.130.12/assets/js/components/MaterialIcon/ModbusProxy.vue
evcc-0.130.12/assets/js/components/MaterialIcon/Mqtt.vue
evcc-0.130.12/assets/js/components/MaterialIcon/Notification.vue
evcc-0.130.12/assets/js/components/MaterialIcon/PlanEnd.vue
evcc-0.130.12/assets/js/components/MaterialIcon/PlanStart.vue
evcc-0.130.12/assets/js/components/MaterialIcon/Play.vue
evcc-0.130.12/assets/js/components/MaterialIcon/Reconnect.vue
evcc-0.130.12/assets/js/components/MaterialIcon/Record.vue
evcc-0.130.12/assets/js/components/MaterialIcon/Restart.vue
evcc-0.130.12/assets/js/components/MaterialIcon/RfidWait.vue
evcc-0.130.12/assets/js/components/MaterialIcon/SunDown.vue
evcc-0.130.12/assets/js/components/MaterialIcon/SunUp.vue
evcc-0.130.12/assets/js/components/MaterialIcon/Sync.vue
evcc-0.130.12/assets/js/components/MaterialIcon/VehicleLimit.vue
evcc-0.130.12/assets/js/components/MaterialIcon/VehicleLimitReached.vue
evcc-0.130.12/assets/js/components/MaterialIcon/VehicleLimitWarning.vue
evcc-0.130.12/assets/js/components/MaterialIcon/VehicleMinSoc.vue
evcc-0.130.12/assets/js/components/MaterialIcon/Welcome.vue
evcc-0.130.12/assets/js/components/Mode.story.vue
evcc-0.130.12/assets/js/components/Mode.vue
evcc-0.130.12/assets/js/components/MultiIcon/
evcc-0.130.12/assets/js/components/MultiIcon/1.vue
evcc-0.130.12/assets/js/components/MultiIcon/2.vue
evcc-0.130.12/assets/js/components/MultiIcon/3.vue
evcc-0.130.12/assets/js/components/MultiIcon/4.vue
evcc-0.130.12/assets/js/components/MultiIcon/5.vue
evcc-0.130.12/assets/js/components/MultiIcon/6.vue
evcc-0.130.12/assets/js/components/MultiIcon/7.vue
evcc-0.130.12/assets/js/components/MultiIcon/8.vue
evcc-0.130.12/assets/js/components/MultiIcon/9.vue
evcc-0.130.12/assets/js/components/MultiIcon/MultiIcon.story.vue
evcc-0.130.12/assets/js/components/MultiIcon/MultiIcon.vue
evcc-0.130.12/assets/js/components/MultiIcon/Plus.vue
evcc-0.130.12/assets/js/components/MultiIcon/index.js
evcc-0.130.12/assets/js/components/MultiSelect.vue
evcc-0.130.12/assets/js/components/Notifications.story.vue
evcc-0.130.12/assets/js/components/Notifications.vue
evcc-0.130.12/assets/js/components/OfflineIndicator.story.vue
evcc-0.130.12/assets/js/components/OfflineIndicator.vue
evcc-0.130.12/assets/js/components/PasswordModal.vue
evcc-0.130.12/assets/js/components/Phases.story.vue
evcc-0.130.12/assets/js/components/Phases.vue
evcc-0.130.12/assets/js/components/Savings.story.vue
evcc-0.130.12/assets/js/components/Savings.vue
evcc-0.130.12/assets/js/components/SavingsTile.story.vue
evcc-0.130.12/assets/js/components/SavingsTile.vue
evcc-0.130.12/assets/js/components/SelectGroup.story.vue
evcc-0.130.12/assets/js/components/SelectGroup.vue
evcc-0.130.12/assets/js/components/Site.vue
evcc-0.130.12/assets/js/components/SmartCostLimit.vue
evcc-0.130.12/assets/js/components/Sponsor.story.vue
evcc-0.130.12/assets/js/components/Sponsor.vue
evcc-0.130.12/assets/js/components/SponsorTokenExpires.story.vue
evcc-0.130.12/assets/js/components/SponsorTokenExpires.vue
evcc-0.130.12/assets/js/components/TariffChart.vue
evcc-0.130.12/assets/js/components/TelemetrySettings.vue
evcc-0.130.12/assets/js/components/TopHeader.vue
evcc-0.130.12/assets/js/components/TopNavigation.story.vue
evcc-0.130.12/assets/js/components/TopNavigation.vue
evcc-0.130.12/assets/js/components/Vehicle.story.vue
evcc-0.130.12/assets/js/components/Vehicle.vue
evcc-0.130.12/assets/js/components/VehicleIcon/
evcc-0.130.12/assets/js/components/VehicleIcon/Airpurifier.vue
evcc-0.130.12/assets/js/components/VehicleIcon/Bike.vue
evcc-0.130.12/assets/js/components/VehicleIcon/Bus.vue
evcc-0.130.12/assets/js/components/VehicleIcon/Climate.vue
evcc-0.130.12/assets/js/components/VehicleIcon/Compute.vue
evcc-0.130.12/assets/js/components/VehicleIcon/Cooler.vue
evcc-0.130.12/assets/js/components/VehicleIcon/Device.vue
evcc-0.130.12/assets/js/components/VehicleIcon/Dishwasher.vue
evcc-0.130.12/assets/js/components/VehicleIcon/Generic.vue
evcc-0.130.12/assets/js/components/VehicleIcon/Heater.vue
evcc-0.130.12/assets/js/components/VehicleIcon/Heatpump.vue
evcc-0.130.12/assets/js/components/VehicleIcon/Laundry.vue
evcc-0.130.12/assets/js/components/VehicleIcon/Meter.vue
evcc-0.130.12/assets/js/components/VehicleIcon/Moped.vue
evcc-0.130.12/assets/js/components/VehicleIcon/Motorcycle.vue
evcc-0.130.12/assets/js/components/VehicleIcon/Scooter.vue
evcc-0.130.12/assets/js/components/VehicleIcon/Shuttle.vue
evcc-0.130.12/assets/js/components/VehicleIcon/Tool.vue
evcc-0.130.12/assets/js/components/VehicleIcon/Tractor.vue
evcc-0.130.12/assets/js/components/VehicleIcon/Van.vue
evcc-0.130.12/assets/js/components/VehicleIcon/VehicleIcon.story.vue
evcc-0.130.12/assets/js/components/VehicleIcon/VehicleIcon.vue
evcc-0.130.12/assets/js/components/VehicleIcon/WaterHeater.vue
evcc-0.130.12/assets/js/components/VehicleIcon/index.js
evcc-0.130.12/assets/js/components/VehicleOptions.vue
evcc-0.130.12/assets/js/components/VehicleSoc.vue
evcc-0.130.12/assets/js/components/VehicleStatus.story.vue
evcc-0.130.12/assets/js/components/VehicleStatus.test.js
evcc-0.130.12/assets/js/components/VehicleStatus.vue
evcc-0.130.12/assets/js/components/VehicleTitle.vue
evcc-0.130.12/assets/js/components/Version.story.vue
evcc-0.130.12/assets/js/components/Version.vue
evcc-0.130.12/assets/js/experimental.js
evcc-0.130.12/assets/js/featureflags.js
evcc-0.130.12/assets/js/i18n.js
evcc-0.130.12/assets/js/mixins/
evcc-0.130.12/assets/js/mixins/breakpoint.js
evcc-0.130.12/assets/js/mixins/collector.js
evcc-0.130.12/assets/js/mixins/formatter.js
evcc-0.130.12/assets/js/mixins/formatter.test.js
evcc-0.130.12/assets/js/mixins/icon.js
evcc-0.130.12/assets/js/restart.js
evcc-0.130.12/assets/js/router.js
evcc-0.130.12/assets/js/sessionInfo.js
evcc-0.130.12/assets/js/settings.js
evcc-0.130.12/assets/js/store.js
evcc-0.130.12/assets/js/theme.js
evcc-0.130.12/assets/js/units.js
evcc-0.130.12/assets/js/utils/
evcc-0.130.12/assets/js/utils/deepEqual.js
evcc-0.130.12/assets/js/utils/energyOptions.js
evcc-0.130.12/assets/js/utils/fatal.js
evcc-0.130.12/assets/js/utils/linkify.js
evcc-0.130.12/assets/js/utils/linkify.test.js
evcc-0.130.12/assets/js/utils/native.js
evcc-0.130.12/assets/js/utils/smartCostAvailable.js
evcc-0.130.12/assets/js/views/
evcc-0.130.12/assets/js/views/App.vue
evcc-0.130.12/assets/js/views/ChargingSessions.vue
evcc-0.130.12/assets/js/views/Config.vue
evcc-0.130.12/assets/js/views/Log.vue
evcc-0.130.12/assets/js/views/Main.vue
evcc-0.130.12/assets/public/
evcc-0.130.12/assets/public/meta/
evcc-0.130.12/assets/public/meta/android-chrome-192x192-maskable.png
evcc-0.130.12/assets/public/meta/android-chrome-192x192.png
evcc-0.130.12/assets/public/meta/android-chrome-512x512-maskable.png
evcc-0.130.12/assets/public/meta/android-chrome-512x512.png
evcc-0.130.12/assets/public/meta/android-chrome-maskable.svg
evcc-0.130.12/assets/public/meta/android-chrome-monochrome.svg
evcc-0.130.12/assets/public/meta/android-chrome.svg
evcc-0.130.12/assets/public/meta/apple-touch-icon.png
evcc-0.130.12/assets/public/meta/browserconfig.xml
evcc-0.130.12/assets/public/meta/favicon-16x16.png
evcc-0.130.12/assets/public/meta/favicon-32x32.png
evcc-0.130.12/assets/public/meta/favicon.ico
evcc-0.130.12/assets/public/meta/mstile-144x144.png
evcc-0.130.12/assets/public/meta/mstile-150x150.png
evcc-0.130.12/assets/public/meta/mstile-310x150.png
evcc-0.130.12/assets/public/meta/mstile-310x310.png
evcc-0.130.12/assets/public/meta/mstile-70x70.png
evcc-0.130.12/assets/public/meta/safari-pinned-tab.svg
evcc-0.130.12/assets/public/meta/site.webmanifest
evcc-0.130.12/charger/
evcc-0.130.12/charger/_blueprint.go
evcc-0.130.12/charger/abb.go
evcc-0.130.12/charger/abl-em4.go
evcc-0.130.12/charger/abl.go
evcc-0.130.12/charger/abl_decorators.go
evcc-0.130.12/charger/alfen.go
evcc-0.130.12/charger/alfen_decorators.go
evcc-0.130.12/charger/alphatec.go
evcc-0.130.12/charger/amperfied.go
evcc-0.130.12/charger/amperfied_decorators.go
evcc-0.130.12/charger/bender.go
evcc-0.130.12/charger/bender_decorators.go
evcc-0.130.12/charger/cfos.go
evcc-0.130.12/charger/cfos_decorators.go
evcc-0.130.12/charger/charger.go
evcc-0.130.12/charger/charger_decorators.go
evcc-0.130.12/charger/config.go
evcc-0.130.12/charger/connectiq.go
evcc-0.130.12/charger/connectiq/
evcc-0.130.12/charger/connectiq/types.go
evcc-0.130.12/charger/dadapower.go
evcc-0.130.12/charger/daheimladen-mb.go
evcc-0.130.12/charger/daheimladen.go
evcc-0.130.12/charger/daheimladen/
evcc-0.130.12/charger/daheimladen/const.go
evcc-0.130.12/charger/daheimladen/types.go
evcc-0.130.12/charger/delta.go
evcc-0.130.12/charger/easee.go
evcc-0.130.12/charger/easee/
evcc-0.130.12/charger/easee/identity.go
evcc-0.130.12/charger/easee/log.go
evcc-0.130.12/charger/easee/observationid_enumer.go
evcc-0.130.12/charger/easee/signalr.go
evcc-0.130.12/charger/easee/types.go
evcc-0.130.12/charger/echarge/
evcc-0.130.12/charger/echarge/ecb1/
evcc-0.130.12/charger/echarge/ecb1/types.go
evcc-0.130.12/charger/echarge/salia/
evcc-0.130.12/charger/echarge/salia/types.go
evcc-0.130.12/charger/echarge/types.go
evcc-0.130.12/charger/eebus.go
evcc-0.130.12/charger/eebus_decorators.go
evcc-0.130.12/charger/eebus_test.go
evcc-0.130.12/charger/em2go.go
evcc-0.130.12/charger/em2go_decorators.go
evcc-0.130.12/charger/embed.go
evcc-0.130.12/charger/etrel.go
evcc-0.130.12/charger/evse/
evcc-0.130.12/charger/evse/types.go
evcc-0.130.12/charger/evsedin.go
evcc-0.130.12/charger/evsewifi.go
evcc-0.130.12/charger/evsewifi_decorators.go
evcc-0.130.12/charger/evsewifi_test.go
evcc-0.130.12/charger/fritzdect.go
evcc-0.130.12/charger/fronius-wattpilot.go
evcc-0.130.12/charger/go-e.go
evcc-0.130.12/charger/go-e/
evcc-0.130.12/charger/go-e/api.go
evcc-0.130.12/charger/go-e/api_test.go
evcc-0.130.12/charger/go-e/types.go
evcc-0.130.12/charger/go-e/types2.go
evcc-0.130.12/charger/go-e_decorators.go
evcc-0.130.12/charger/go-e_test.go
evcc-0.130.12/charger/hardybarth-ecb1.go
evcc-0.130.12/charger/hardybarth-salia.go
evcc-0.130.12/charger/hardybarth-salia_decorators.go
evcc-0.130.12/charger/heidelberg-ec.go
evcc-0.130.12/charger/helper.go
evcc-0.130.12/charger/hesotec.go
evcc-0.130.12/charger/homematic.go
evcc-0.130.12/charger/homewizard.go
evcc-0.130.12/charger/innogy.go
evcc-0.130.12/charger/innogy_decorators.go
evcc-0.130.12/charger/keba-modbus.go
evcc-0.130.12/charger/keba-modbus_decorators.go
evcc-0.130.12/charger/keba-udp.go
evcc-0.130.12/charger/keba-udp_decorators.go
evcc-0.130.12/charger/keba/
evcc-0.130.12/charger/keba/listener.go
evcc-0.130.12/charger/keba/sender.go
evcc-0.130.12/charger/keba/types.go
evcc-0.130.12/charger/kse.go
evcc-0.130.12/charger/kse_decorators.go
evcc-0.130.12/charger/mennekes-compact.go
evcc-0.130.12/charger/mennekes-hcc3.go
evcc-0.130.12/charger/mypv-elwa2.go
evcc-0.130.12/charger/mystrom.go
evcc-0.130.12/charger/nrg/
evcc-0.130.12/charger/nrg/ble/
evcc-0.130.12/charger/nrg/ble/nrg_linux.go
evcc-0.130.12/charger/nrg/ble/types.go
evcc-0.130.12/charger/nrg/connect/
evcc-0.130.12/charger/nrg/connect/types.go
evcc-0.130.12/charger/nrgble.go
evcc-0.130.12/charger/nrgble_linux.go
evcc-0.130.12/charger/nrgconnect.go
evcc-0.130.12/charger/nrggen2.go
evcc-0.130.12/charger/nrggen2_decorators.go
evcc-0.130.12/charger/obo.go
evcc-0.130.12/charger/ocpp.go
evcc-0.130.12/charger/ocpp/
evcc-0.130.12/charger/ocpp/connector.go
evcc-0.130.12/charger/ocpp/connector_core.go
evcc-0.130.12/charger/ocpp/connector_requests.go
evcc-0.130.12/charger/ocpp/connector_test.go
evcc-0.130.12/charger/ocpp/const.go
evcc-0.130.12/charger/ocpp/cp.go
evcc-0.130.12/charger/ocpp/cp_core.go
evcc-0.130.12/charger/ocpp/cp_requests.go
evcc-0.130.12/charger/ocpp/cp_setup.go
evcc-0.130.12/charger/ocpp/cs.go
evcc-0.130.12/charger/ocpp/cs_core.go
evcc-0.130.12/charger/ocpp/cs_log.go
evcc-0.130.12/charger/ocpp/helper.go
evcc-0.130.12/charger/ocpp/helper_test.go
evcc-0.130.12/charger/ocpp/instance.go
evcc-0.130.12/charger/ocpp_decorators.go
evcc-0.130.12/charger/ocpp_test.go
evcc-0.130.12/charger/ocpp_test_handler.go
evcc-0.130.12/charger/ocpp_test_logger.go
evcc-0.130.12/charger/openevse.go
evcc-0.130.12/charger/openevse/
evcc-0.130.12/charger/openevse/types.go
evcc-0.130.12/charger/openevse_decorators.go
evcc-0.130.12/charger/openwb-2.0.go
evcc-0.130.12/charger/openwb-2.0_decorators.go
evcc-0.130.12/charger/openwb-pro.go
evcc-0.130.12/charger/openwb.go
evcc-0.130.12/charger/openwb/
evcc-0.130.12/charger/openwb/pro/
evcc-0.130.12/charger/openwb/pro/types.go
evcc-0.130.12/charger/openwb/topics.go
evcc-0.130.12/charger/openwb_decorators.go
evcc-0.130.12/charger/pantabox.go
evcc-0.130.12/charger/pcelectric.go
evcc-0.130.12/charger/pcelectric/
evcc-0.130.12/charger/pcelectric/types.go
evcc-0.130.12/charger/pcelectric_decorators.go
evcc-0.130.12/charger/phoenix-charx.go
evcc-0.130.12/charger/phoenix-charx_decorators.go
evcc-0.130.12/charger/phoenix-em-eth.go
evcc-0.130.12/charger/phoenix-em-eth_decorators.go
evcc-0.130.12/charger/phoenix-ev-eth.go
evcc-0.130.12/charger/phoenix-ev-eth_decorators.go
evcc-0.130.12/charger/phoenix-ev-ser.go
evcc-0.130.12/charger/prachtalpha.go
evcc-0.130.12/charger/pulsares.go
evcc-0.130.12/charger/pulsares_decorators.go
evcc-0.130.12/charger/pulsatrix.go
evcc-0.130.12/charger/schneider-v3.go
evcc-0.130.12/charger/shelly.go
evcc-0.130.12/charger/smaevcharger.go
evcc-0.130.12/charger/smaevcharger/
evcc-0.130.12/charger/smaevcharger/identity.go
evcc-0.130.12/charger/smaevcharger/types.go
evcc-0.130.12/charger/smartevse.go
evcc-0.130.12/charger/solax.go
evcc-0.130.12/charger/sungrow.go
evcc-0.130.12/charger/switchsocket.go
evcc-0.130.12/charger/tapo.go
evcc-0.130.12/charger/tasmota.go
evcc-0.130.12/charger/tasmota_decorators.go
evcc-0.130.12/charger/template.go
evcc-0.130.12/charger/template_test.go
evcc-0.130.12/charger/tplink.go
evcc-0.130.12/charger/twc3.go
evcc-0.130.12/charger/versicharge.go
evcc-0.130.12/charger/vestel.go
evcc-0.130.12/charger/victron.go
evcc-0.130.12/charger/wallbe.go
evcc-0.130.12/charger/wallbe_decorators.go
evcc-0.130.12/charger/warp/
evcc-0.130.12/charger/warp/const.go
evcc-0.130.12/charger/warp/externalcontrol_enumer.go
evcc-0.130.12/charger/warp/types.go
evcc-0.130.12/charger/warp2.go
evcc-0.130.12/charger/warp2_decorators.go
evcc-0.130.12/charger/webasto-next.go
evcc-0.130.12/charger/weidmüller.go
evcc-0.130.12/charger/zaptec.go
evcc-0.130.12/charger/zaptec/
evcc-0.130.12/charger/zaptec/const.go
evcc-0.130.12/charger/zaptec/observationid_enumer.go
evcc-0.130.12/charger/zaptec/types.go
evcc-0.130.12/cmd/
evcc-0.130.12/cmd/charger.go
evcc-0.130.12/cmd/charger_ramp.go
evcc-0.130.12/cmd/check_config.go
evcc-0.130.12/cmd/class_enumer.go
evcc-0.130.12/cmd/configure.go
evcc-0.130.12/cmd/configure/
evcc-0.130.12/cmd/configure/configure.go
evcc-0.130.12/cmd/configure/configure.tpl
evcc-0.130.12/cmd/configure/devicetest.go
evcc-0.130.12/cmd/configure/eebus.go
evcc-0.130.12/cmd/configure/flow.go
evcc-0.130.12/cmd/configure/helper.go
evcc-0.130.12/cmd/configure/localization/
evcc-0.130.12/cmd/configure/localization/de.toml
evcc-0.130.12/cmd/configure/localization/en.toml
evcc-0.130.12/cmd/configure/main.go
evcc-0.130.12/cmd/configure/survey.go
evcc-0.130.12/cmd/configure/texts.go
evcc-0.130.12/cmd/configure/types.go
evcc-0.130.12/cmd/demo.go
evcc-0.130.12/cmd/demo.yaml
evcc-0.130.12/cmd/detect.go
evcc-0.130.12/cmd/detect/
evcc-0.130.12/cmd/detect/analyze.go
evcc-0.130.12/cmd/detect/definitions.go
evcc-0.130.12/cmd/detect/tasklist.go
evcc-0.130.12/cmd/detect/tasks/
evcc-0.130.12/cmd/detect/tasks/const.go
evcc-0.130.12/cmd/detect/tasks/http.go
evcc-0.130.12/cmd/detect/tasks/keba.go
evcc-0.130.12/cmd/detect/tasks/modbus.go
evcc-0.130.12/cmd/detect/tasks/mqtt.go
evcc-0.130.12/cmd/detect/tasks/ping.go
evcc-0.130.12/cmd/detect/tasks/registry.go
evcc-0.130.12/cmd/detect/tasks/sma.go
evcc-0.130.12/cmd/detect/tasks/tcp.go
evcc-0.130.12/cmd/detect/tasks/types.go
evcc-0.130.12/cmd/detect/work.go
evcc-0.130.12/cmd/device.go
evcc-0.130.12/cmd/discuss.go
evcc-0.130.12/cmd/discuss.tpl
evcc-0.130.12/cmd/dump.go
evcc-0.130.12/cmd/dump.tpl
evcc-0.130.12/cmd/dumper.go
evcc-0.130.12/cmd/eebus.go
evcc-0.130.12/cmd/error.go
evcc-0.130.12/cmd/error_test.go
evcc-0.130.12/cmd/flags.go
evcc-0.130.12/cmd/health.go
evcc-0.130.12/cmd/helper.go
evcc-0.130.12/cmd/meter.go
evcc-0.130.12/cmd/migrate.go
evcc-0.130.12/cmd/ocpp/
evcc-0.130.12/cmd/ocpp/handler.go
evcc-0.130.12/cmd/ocpp/main.go
evcc-0.130.12/cmd/password.go
evcc-0.130.12/cmd/password_reset.go
evcc-0.130.12/cmd/password_set.go
evcc-0.130.12/cmd/root.go
evcc-0.130.12/cmd/root_test.go
evcc-0.130.12/cmd/settings-get.go
evcc-0.130.12/cmd/settings-set.go
evcc-0.130.12/cmd/settings.go
evcc-0.130.12/cmd/setup.go
evcc-0.130.12/cmd/setup_circuits_test.go
evcc-0.130.12/cmd/setup_test.go
evcc-0.130.12/cmd/shutdown/
evcc-0.130.12/cmd/shutdown/shutdown.go
evcc-0.130.12/cmd/soc/
evcc-0.130.12/cmd/soc/main.go
evcc-0.130.12/cmd/sponsor.go
evcc-0.130.12/cmd/sunspec.go
evcc-0.130.12/cmd/tariff.go
evcc-0.130.12/cmd/token.go
evcc-0.130.12/cmd/token_ford-connect.go
evcc-0.130.12/cmd/token_mercedes.go
evcc-0.130.12/cmd/token_psa.go
evcc-0.130.12/cmd/token_tronity.go
evcc-0.130.12/cmd/tools/
evcc-0.130.12/cmd/tools/decorate.go
evcc-0.130.12/cmd/tools/decorate.tpl
evcc-0.130.12/cmd/tools/decorate_decorators.go
evcc-0.130.12/cmd/tools/decorate_test.go
evcc-0.130.12/cmd/vehicle.go
evcc-0.130.12/core/
evcc-0.130.12/core/circuit/
evcc-0.130.12/core/circuit/circuit.go
evcc-0.130.12/core/circuit/circuit_test.go
evcc-0.130.12/core/circuit/config.go
evcc-0.130.12/core/coordinator/
evcc-0.130.12/core/coordinator/adapter.go
evcc-0.130.12/core/coordinator/api.go
evcc-0.130.12/core/coordinator/coordinator.go
evcc-0.130.12/core/coordinator/coordinator_test.go
evcc-0.130.12/core/coordinator/dummy.go
evcc-0.130.12/core/energy_metrics.go
evcc-0.130.12/core/energy_metrics_test.go
evcc-0.130.12/core/health.go
evcc-0.130.12/core/helper.go
evcc-0.130.12/core/keys/
evcc-0.130.12/core/keys/auth.go
evcc-0.130.12/core/keys/global.go
evcc-0.130.12/core/keys/loadpoint.go
evcc-0.130.12/core/keys/site.go
evcc-0.130.12/core/loadpoint.go
evcc-0.130.12/core/loadpoint/
evcc-0.130.12/core/loadpoint/api.go
evcc-0.130.12/core/loadpoint/error.go
evcc-0.130.12/core/loadpoint/mock.go
evcc-0.130.12/core/loadpoint/remote.go
evcc-0.130.12/core/loadpoint_api.go
evcc-0.130.12/core/loadpoint_charger.go
evcc-0.130.12/core/loadpoint_effective.go
evcc-0.130.12/core/loadpoint_effective_test.go
evcc-0.130.12/core/loadpoint_phases.go
evcc-0.130.12/core/loadpoint_phases_test.go
evcc-0.130.12/core/loadpoint_plan.go
evcc-0.130.12/core/loadpoint_session.go
evcc-0.130.12/core/loadpoint_session_test.go
evcc-0.130.12/core/loadpoint_smartcost.go
evcc-0.130.12/core/loadpoint_status_test.go
evcc-0.130.12/core/loadpoint_sync_test.go
evcc-0.130.12/core/loadpoint_test.go
evcc-0.130.12/core/loadpoint_vehicle.go
evcc-0.130.12/core/loadpoint_vehicle_test.go
evcc-0.130.12/core/planner/
evcc-0.130.12/core/planner/helper.go
evcc-0.130.12/core/planner/helper_test.go
evcc-0.130.12/core/planner/planner.go
evcc-0.130.12/core/planner/planner.md
evcc-0.130.12/core/planner/planner.svg
evcc-0.130.12/core/planner/planner_test.go
evcc-0.130.12/core/planner/sort.go
evcc-0.130.12/core/planner/sort_test.go
evcc-0.130.12/core/prioritizer/
evcc-0.130.12/core/prioritizer/prioritizer.go
evcc-0.130.12/core/prioritizer/prioritizer_test.go
evcc-0.130.12/core/progress.go
evcc-0.130.12/core/progress_test.go
evcc-0.130.12/core/session/
evcc-0.130.12/core/session/db.go
evcc-0.130.12/core/session/format_test.go
evcc-0.130.12/core/session/session.go
evcc-0.130.12/core/settings.go
evcc-0.130.12/core/site.go
evcc-0.130.12/core/site/
evcc-0.130.12/core/site/api.go
evcc-0.130.12/core/site/vehicles.go
evcc-0.130.12/core/site_api.go
evcc-0.130.12/core/site_battery.go
evcc-0.130.12/core/site_circuits.go
evcc-0.130.12/core/site_test.go
evcc-0.130.12/core/site_vehicles.go
evcc-0.130.12/core/soc/
evcc-0.130.12/core/soc/estimator.go
evcc-0.130.12/core/soc/estimator_test.go
evcc-0.130.12/core/soc/helper.go
evcc-0.130.12/core/stats.go
evcc-0.130.12/core/timer.go
evcc-0.130.12/core/timer_test.go
evcc-0.130.12/core/vehicle/
evcc-0.130.12/core/vehicle/adapter.go
evcc-0.130.12/core/vehicle/api.go
evcc-0.130.12/core/vehicle/dummy.go
evcc-0.130.12/core/vehicle/mock.go
evcc-0.130.12/core/vehicle/vehicle.go
evcc-0.130.12/core/wrapper/
evcc-0.130.12/core/wrapper/chargemeter.go
evcc-0.130.12/core/wrapper/chargemeter_test.go
evcc-0.130.12/core/wrapper/chargerater.go
evcc-0.130.12/core/wrapper/chargerater_test.go
evcc-0.130.12/core/wrapper/chargetimer.go
evcc-0.130.12/core/wrapper/chargetimer_test.go
evcc-0.130.12/docs/
evcc-0.130.12/docs/dip10.jpeg
evcc-0.130.12/docs/encoding.md
evcc-0.130.12/docs/logo.png
evcc-0.130.12/docs/logo.svg
evcc-0.130.12/docs/releng.md
evcc-0.130.12/docs/screenshot.png
evcc-0.130.12/docs/status.md
evcc-0.130.12/env.d.ts
evcc-0.130.12/evcc.dist.yaml
evcc-0.130.12/go.mod
evcc-0.130.12/go.sum
evcc-0.130.12/hems/
evcc-0.130.12/hems/config.go
evcc-0.130.12/hems/eebus/
evcc-0.130.12/hems/eebus/eebus.go
evcc-0.130.12/hems/eebus/events.go
evcc-0.130.12/hems/eebus/types.go
evcc-0.130.12/hems/relay/
evcc-0.130.12/hems/relay/relay.go
evcc-0.130.12/hems/semp/
evcc-0.130.12/hems/semp/messages.go
evcc-0.130.12/hems/semp/semp.go
evcc-0.130.12/histoire.config.js
evcc-0.130.12/i18n/
evcc-0.130.12/i18n/ar.toml
evcc-0.130.12/i18n/bg.toml
evcc-0.130.12/i18n/ca.toml
evcc-0.130.12/i18n/cs.toml
evcc-0.130.12/i18n/da.toml
evcc-0.130.12/i18n/de.toml
evcc-0.130.12/i18n/el.toml
evcc-0.130.12/i18n/en.toml
evcc-0.130.12/i18n/es.toml
evcc-0.130.12/i18n/fi.toml
evcc-0.130.12/i18n/fr.toml
evcc-0.130.12/i18n/hr.toml
evcc-0.130.12/i18n/hu.toml
evcc-0.130.12/i18n/it.toml
evcc-0.130.12/i18n/lb.toml
evcc-0.130.12/i18n/lt.toml
evcc-0.130.12/i18n/nl.toml
evcc-0.130.12/i18n/no.toml
evcc-0.130.12/i18n/pl.toml
evcc-0.130.12/i18n/pt.toml
evcc-0.130.12/i18n/ro.toml
evcc-0.130.12/i18n/ru.toml
evcc-0.130.12/i18n/sl.toml
evcc-0.130.12/i18n/sv.toml
evcc-0.130.12/i18n/tr.toml
evcc-0.130.12/i18n/uk.toml
evcc-0.130.12/i18n/zh-Hans.toml
evcc-0.130.12/icon.png
evcc-0.130.12/jest.config.js
evcc-0.130.12/lm.md
evcc-0.130.12/main.go
evcc-0.130.12/meter/
evcc-0.130.12/meter/_blueprint.go
evcc-0.130.12/meter/battery.go
evcc-0.130.12/meter/bosch/
evcc-0.130.12/meter/bosch/api.go
evcc-0.130.12/meter/bosch/types.go
evcc-0.130.12/meter/bosch_bpts5_hybrid.go
evcc-0.130.12/meter/bosch_bpts5_hybrid_decorators.go
evcc-0.130.12/meter/capacity.go
evcc-0.130.12/meter/cfos.go
evcc-0.130.12/meter/config.go
evcc-0.130.12/meter/discovergy.go
evcc-0.130.12/meter/discovergy/
evcc-0.130.12/meter/discovergy/types.go
evcc-0.130.12/meter/dsmr.go
evcc-0.130.12/meter/dsmr_decorators.go
evcc-0.130.12/meter/e3dc.go
evcc-0.130.12/meter/e3dc_decorators.go
evcc-0.130.12/meter/eebus.go
evcc-0.130.12/meter/fritzdect.go
evcc-0.130.12/meter/fritzdect/
evcc-0.130.12/meter/fritzdect/fritzdect.go
evcc-0.130.12/meter/goodwe-wifi.go
evcc-0.130.12/meter/goodwe-wifi_decorators.go
evcc-0.130.12/meter/goodwe/
evcc-0.130.12/meter/goodwe/server.go
evcc-0.130.12/meter/goodwe/types.go
evcc-0.130.12/meter/helper.go
evcc-0.130.12/meter/homematic.go
evcc-0.130.12/meter/homematic/
evcc-0.130.12/meter/homematic/connection.go
evcc-0.130.12/meter/homematic/types.go
evcc-0.130.12/meter/homematic/types_test.go
evcc-0.130.12/meter/homewizard.go
evcc-0.130.12/meter/homewizard/
evcc-0.130.12/meter/homewizard/connection.go
evcc-0.130.12/meter/homewizard/types.go
evcc-0.130.12/meter/homewizard/types_test.go
evcc-0.130.12/meter/lgess.go
evcc-0.130.12/meter/lgess_decorators.go
evcc-0.130.12/meter/lgpcs/
evcc-0.130.12/meter/lgpcs/lgpcs.go
evcc-0.130.12/meter/mbmd.go
evcc-0.130.12/meter/mbmd_decorators.go
evcc-0.130.12/meter/meter.go
evcc-0.130.12/meter/meter_average.go
evcc-0.130.12/meter/meter_decorators.go
evcc-0.130.12/meter/mystrom.go
evcc-0.130.12/meter/mystrom/
evcc-0.130.12/meter/mystrom/mystrom.go
evcc-0.130.12/meter/obis/
evcc-0.130.12/meter/obis/obis.go
evcc-0.130.12/meter/openwb.go
evcc-0.130.12/meter/powerwall.go
evcc-0.130.12/meter/powerwall_decorators.go
evcc-0.130.12/meter/rct.go
evcc-0.130.12/meter/rct_decorators.go
evcc-0.130.12/meter/shelly.go
evcc-0.130.12/meter/shelly/
evcc-0.130.12/meter/shelly/connection.go
evcc-0.130.12/meter/shelly/energymeter.go
evcc-0.130.12/meter/shelly/switch.go
evcc-0.130.12/meter/shelly/types.go
evcc-0.130.12/meter/shelly/types_test.go
evcc-0.130.12/meter/shelly_energymeter.go
evcc-0.130.12/meter/sma.go
evcc-0.130.12/meter/sma_decorators.go
evcc-0.130.12/meter/tapo.go
evcc-0.130.12/meter/tapo/
evcc-0.130.12/meter/tapo/connection.go
evcc-0.130.12/meter/tasmota.go
evcc-0.130.12/meter/tasmota/
evcc-0.130.12/meter/tasmota/connection.go
evcc-0.130.12/meter/tasmota/types.go
evcc-0.130.12/meter/tasmota/types_test.go
evcc-0.130.12/meter/tasmota_decorators.go
evcc-0.130.12/meter/template.go
evcc-0.130.12/meter/template_test.go
evcc-0.130.12/meter/tibber-pulse.go
evcc-0.130.12/meter/tibber/
evcc-0.130.12/meter/tibber/client.go
evcc-0.130.12/meter/tibber/types.go
evcc-0.130.12/meter/tplink.go
evcc-0.130.12/meter/tplink/
evcc-0.130.12/meter/tplink/connection.go
evcc-0.130.12/meter/tplink/types.go
evcc-0.130.12/meter/tplink/types_test.go
evcc-0.130.12/meter/tq-em.go
evcc-0.130.12/meter/tq-em420.go
evcc-0.130.12/meter/tq-em_decorators.go
evcc-0.130.12/package-lock.json
evcc-0.130.12/package.json
evcc-0.130.12/packaging/
evcc-0.130.12/packaging/docker/
evcc-0.130.12/packaging/docker/bin/
evcc-0.130.12/packaging/docker/bin/docker-btmgmt
evcc-0.130.12/packaging/docker/bin/entrypoint.sh
evcc-0.130.12/packaging/fly.toml
evcc-0.130.12/packaging/gokrazy/
evcc-0.130.12/packaging/gokrazy/run.sh
evcc-0.130.12/packaging/init/
evcc-0.130.12/packaging/init/evcc.service
evcc-0.130.12/packaging/patch/
evcc-0.130.12/packaging/patch/asn1.diff
evcc-0.130.12/packaging/scripts/
evcc-0.130.12/packaging/scripts/postinstall.sh
evcc-0.130.12/packaging/scripts/postremove.sh
evcc-0.130.12/packaging/scripts/preinstall.sh
evcc-0.130.12/packaging/scripts/preremove.sh
evcc-0.130.12/packaging/toml.go
evcc-0.130.12/playwright.config.js
evcc-0.130.12/provider/
evcc-0.130.12/provider/cache.go
evcc-0.130.12/provider/cache_test.go
evcc-0.130.12/provider/calc.go
evcc-0.130.12/provider/combined.go
evcc-0.130.12/provider/config.go
evcc-0.130.12/provider/const.go
evcc-0.130.12/provider/convert.go
evcc-0.130.12/provider/error.go
evcc-0.130.12/provider/go.go
evcc-0.130.12/provider/golang/
evcc-0.130.12/provider/golang/registry.go
evcc-0.130.12/provider/helper.go
evcc-0.130.12/provider/http.go
evcc-0.130.12/provider/http_test.go
evcc-0.130.12/provider/javascript.go
evcc-0.130.12/provider/javascript/
evcc-0.130.12/provider/javascript/registry.go
evcc-0.130.12/provider/map.go
evcc-0.130.12/provider/modbus.go
evcc-0.130.12/provider/modbus_sunspec.go
evcc-0.130.12/provider/mqtt.go
evcc-0.130.12/provider/mqtt/
evcc-0.130.12/provider/mqtt/client.go
evcc-0.130.12/provider/mqtt/registry.go
evcc-0.130.12/provider/mqtt_handler.go
evcc-0.130.12/provider/mqtt_timeout.go
evcc-0.130.12/provider/openwb.go
evcc-0.130.12/provider/pipeline/
evcc-0.130.12/provider/pipeline/pipeline.go
evcc-0.130.12/provider/pipeline/pipeline_test.go
evcc-0.130.12/provider/prometheus.go
evcc-0.130.12/provider/random.go
evcc-0.130.12/provider/script.go
evcc-0.130.12/provider/sequence.go
evcc-0.130.12/provider/sma.go
evcc-0.130.12/provider/sma/
evcc-0.130.12/provider/sma/device.go
evcc-0.130.12/provider/sma/discover.go
evcc-0.130.12/provider/socket.go
evcc-0.130.12/provider/socket_test.go
evcc-0.130.12/provider/switch.go
evcc-0.130.12/provider/transformation.go
evcc-0.130.12/provider/watchdog.go
evcc-0.130.12/push/
evcc-0.130.12/push/config.go
evcc-0.130.12/push/hub.go
evcc-0.130.12/push/ntfy.go
evcc-0.130.12/push/pushover.go
evcc-0.130.12/push/script.go
evcc-0.130.12/push/shoutrrr.go
evcc-0.130.12/push/telegram.go
evcc-0.130.12/schema.json
evcc-0.130.12/server/
evcc-0.130.12/server/assets/
evcc-0.130.12/server/assets/assets.go
evcc-0.130.12/server/assets/assets_live.go
evcc-0.130.12/server/db/
evcc-0.130.12/server/db/db.go
evcc-0.130.12/server/db/log.go
evcc-0.130.12/server/db/settings/
evcc-0.130.12/server/db/settings/api.go
evcc-0.130.12/server/db/settings/mock.go
evcc-0.130.12/server/db/settings/setting.go
evcc-0.130.12/server/db/settings/settings_test.go
evcc-0.130.12/server/eebus/
evcc-0.130.12/server/eebus/certificate.go
evcc-0.130.12/server/eebus/connector.go
evcc-0.130.12/server/eebus/eebus.go
evcc-0.130.12/server/eebus/eebus_test.go
evcc-0.130.12/server/eebus/helper.go
evcc-0.130.12/server/eebus/types.go
evcc-0.130.12/server/helper.go
evcc-0.130.12/server/http.go
evcc-0.130.12/server/http_auth.go
evcc-0.130.12/server/http_config_device_handler.go
evcc-0.130.12/server/http_config_helper.go
evcc-0.130.12/server/http_config_metadata_handler.go
evcc-0.130.12/server/http_config_site_handler.go
evcc-0.130.12/server/http_config_site_other_handler.go
evcc-0.130.12/server/http_global_settings_handler.go
evcc-0.130.12/server/http_loadpoint_handler.go
evcc-0.130.12/server/http_session_handler.go
evcc-0.130.12/server/http_site_handler.go
evcc-0.130.12/server/http_vehicle_handler.go
evcc-0.130.12/server/influxdb.go
evcc-0.130.12/server/influxdb_test.go
evcc-0.130.12/server/log.go
evcc-0.130.12/server/modbus/
evcc-0.130.12/server/modbus/handler.go
evcc-0.130.12/server/modbus/log.go
evcc-0.130.12/server/modbus/proxy.go
evcc-0.130.12/server/modbus/proxy_test.go
evcc-0.130.12/server/modbus/readonlymode.go
evcc-0.130.12/server/modbus/readonlymode_enumer.go
evcc-0.130.12/server/mqtt.go
evcc-0.130.12/server/mqtt_setter.go
evcc-0.130.12/server/mqtt_test.go
evcc-0.130.12/server/oauth2redirect/
evcc-0.130.12/server/oauth2redirect/redirect.go
evcc-0.130.12/server/product.go
evcc-0.130.12/server/socket.go
evcc-0.130.12/server/socket_helper.go
evcc-0.130.12/server/socket_test.go
evcc-0.130.12/server/uds.go
evcc-0.130.12/server/uds_windows.go
evcc-0.130.12/server/updater/
evcc-0.130.12/server/updater/github.go
evcc-0.130.12/server/updater/gokrazy.go
evcc-0.130.12/server/updater/run.go
evcc-0.130.12/server/updater/run_gokrazy.go
evcc-0.130.12/server/updater/watch.go
evcc-0.130.12/server/version.go
evcc-0.130.12/tariff/
evcc-0.130.12/tariff/amber.go
evcc-0.130.12/tariff/amber/
evcc-0.130.12/tariff/amber/types.go
evcc-0.130.12/tariff/awattar.go
evcc-0.130.12/tariff/awattar/
evcc-0.130.12/tariff/awattar/api.go
evcc-0.130.12/tariff/config.go
evcc-0.130.12/tariff/edf-tempo.go
evcc-0.130.12/tariff/electricitymaps.go
evcc-0.130.12/tariff/elering.go
evcc-0.130.12/tariff/elering/
evcc-0.130.12/tariff/elering/types.go
evcc-0.130.12/tariff/embed.go
evcc-0.130.12/tariff/energinet.go
evcc-0.130.12/tariff/energinet/
evcc-0.130.12/tariff/energinet/types.go
evcc-0.130.12/tariff/entsoe.go
evcc-0.130.12/tariff/entsoe/
evcc-0.130.12/tariff/entsoe/api.go
evcc-0.130.12/tariff/entsoe/areas.go
evcc-0.130.12/tariff/entsoe/static.go
evcc-0.130.12/tariff/fixed.go
evcc-0.130.12/tariff/fixed/
evcc-0.130.12/tariff/fixed/day.go
evcc-0.130.12/tariff/fixed/day_enumer.go
evcc-0.130.12/tariff/fixed/day_test.go
evcc-0.130.12/tariff/fixed/timerange.go
evcc-0.130.12/tariff/fixed/timerange_test.go
evcc-0.130.12/tariff/fixed/zone.go
evcc-0.130.12/tariff/fixed/zone_test.go
evcc-0.130.12/tariff/fixed_test.go
evcc-0.130.12/tariff/groupe-e.go
evcc-0.130.12/tariff/gruenstromindex.go
evcc-0.130.12/tariff/helper.go
evcc-0.130.12/tariff/ngeso.go
evcc-0.130.12/tariff/ngeso/
evcc-0.130.12/tariff/ngeso/api.go
evcc-0.130.12/tariff/octopus.go
evcc-0.130.12/tariff/octopus/
evcc-0.130.12/tariff/octopus/graphql/
evcc-0.130.12/tariff/octopus/graphql/api.go
evcc-0.130.12/tariff/octopus/graphql/types.go
evcc-0.130.12/tariff/octopus/rest/
evcc-0.130.12/tariff/octopus/rest/api.go
evcc-0.130.12/tariff/octopus_test.go
evcc-0.130.12/tariff/pun.go
evcc-0.130.12/tariff/smartenergy.go
evcc-0.130.12/tariff/smartenergy/
evcc-0.130.12/tariff/smartenergy/types.go
evcc-0.130.12/tariff/tariff.go
evcc-0.130.12/tariff/tariffs.go
evcc-0.130.12/tariff/template.go
evcc-0.130.12/tariff/template_test.go
evcc-0.130.12/tariff/tibber.go
evcc-0.130.12/tariff/wrapper.go
evcc-0.130.12/templates/
evcc-0.130.12/templates/README.md
evcc-0.130.12/templates/definition/
evcc-0.130.12/templates/definition/charger/
evcc-0.130.12/templates/definition/charger/abb.yaml
evcc-0.130.12/templates/definition/charger/abl-em4.yaml
evcc-0.130.12/templates/definition/charger/abl.yaml
evcc-0.130.12/templates/definition/charger/ac-elwa-2.yaml
evcc-0.130.12/templates/definition/charger/alfen.yaml
evcc-0.130.12/templates/definition/charger/alphatec.yaml
evcc-0.130.12/templates/definition/charger/amperfied-solar.yaml
evcc-0.130.12/templates/definition/charger/amperfied.yaml
evcc-0.130.12/templates/definition/charger/bender.yaml
evcc-0.130.12/templates/definition/charger/cfos.yaml
evcc-0.130.12/templates/definition/charger/dadapower.yaml
evcc-0.130.12/templates/definition/charger/daheimladen-mb.yaml
evcc-0.130.12/templates/definition/charger/daheimladen.yaml
evcc-0.130.12/templates/definition/charger/delta.yaml
evcc-0.130.12/templates/definition/charger/demo-charger.yaml
evcc-0.130.12/templates/definition/charger/easee.yaml
evcc-0.130.12/templates/definition/charger/eebus.yaml
evcc-0.130.12/templates/definition/charger/elli-charger-connect.yaml
evcc-0.130.12/templates/definition/charger/elli-charger-pro.yaml
evcc-0.130.12/templates/definition/charger/em2go-home.yaml
evcc-0.130.12/templates/definition/charger/em2go.yaml
evcc-0.130.12/templates/definition/charger/etrel-duo.yaml
evcc-0.130.12/templates/definition/charger/etrel.yaml
evcc-0.130.12/templates/definition/charger/evbox-livo.yaml
evcc-0.130.12/templates/definition/charger/evse-din.yaml
evcc-0.130.12/templates/definition/charger/evsewifi.yaml
evcc-0.130.12/templates/definition/charger/fritzdect.yaml
evcc-0.130.12/templates/definition/charger/fronius-wattpilot.yaml
evcc-0.130.12/templates/definition/charger/go-e-v3.yaml
evcc-0.130.12/templates/definition/charger/go-e.yaml
evcc-0.130.12/templates/definition/charger/hardybarth-ecb1.yaml
evcc-0.130.12/templates/definition/charger/hardybarth-salia.yaml
evcc-0.130.12/templates/definition/charger/heidelberg.yaml
evcc-0.130.12/templates/definition/charger/hesotec.yaml
evcc-0.130.12/templates/definition/charger/homematic.yaml
evcc-0.130.12/templates/definition/charger/homewizard.yaml
evcc-0.130.12/templates/definition/charger/icharge-cion.yaml
evcc-0.130.12/templates/definition/charger/innogy-ebox.yaml
evcc-0.130.12/templates/definition/charger/keba-modbus.yaml
evcc-0.130.12/templates/definition/charger/keba-udp.yaml
evcc-0.130.12/templates/definition/charger/kse.yaml
evcc-0.130.12/templates/definition/charger/mennekes-compact.yaml
evcc-0.130.12/templates/definition/charger/mennekes-hcc3.yaml
evcc-0.130.12/templates/definition/charger/mystrom.yaml
evcc-0.130.12/templates/definition/charger/nrggen2.yaml
evcc-0.130.12/templates/definition/charger/nrgkick-bluetooth.yaml
evcc-0.130.12/templates/definition/charger/nrgkick-connect.yaml
evcc-0.130.12/templates/definition/charger/obo.yaml
evcc-0.130.12/templates/definition/charger/ocpp-abb.yaml
evcc-0.130.12/templates/definition/charger/ocpp-elvi.yaml
evcc-0.130.12/templates/definition/charger/ocpp-fronius-wattpilot.yaml
evcc-0.130.12/templates/definition/charger/ocpp-homecharge.yaml
evcc-0.130.12/templates/definition/charger/ocpp-orbis-viaris.yaml
evcc-0.130.12/templates/definition/charger/ocpp-pulsarplus.yaml
evcc-0.130.12/templates/definition/charger/ocpp.yaml
evcc-0.130.12/templates/definition/charger/openevse.yaml
evcc-0.130.12/templates/definition/charger/openwb-2.0.yaml
evcc-0.130.12/templates/definition/charger/openwb-pro.yaml
evcc-0.130.12/templates/definition/charger/openwb.yaml
evcc-0.130.12/templates/definition/charger/pantabox.yaml
evcc-0.130.12/templates/definition/charger/pcelectric-garo.yaml
evcc-0.130.12/templates/definition/charger/phoenix-charx.yaml
evcc-0.130.12/templates/definition/charger/phoenix-em-eth.yaml
evcc-0.130.12/templates/definition/charger/phoenix-ev-eth.yaml
evcc-0.130.12/templates/definition/charger/phoenix-ev-ser.yaml
evcc-0.130.12/templates/definition/charger/porsche-pmcc.yaml
evcc-0.130.12/templates/definition/charger/porsche-pmcp.yaml
evcc-0.130.12/templates/definition/charger/pracht-alpha.yaml
evcc-0.130.12/templates/definition/charger/pulsares.yaml
evcc-0.130.12/templates/definition/charger/pulsatrix.yaml
evcc-0.130.12/templates/definition/charger/scheider-evlink-v3.yaml
evcc-0.130.12/templates/definition/charger/shelly.yaml
evcc-0.130.12/templates/definition/charger/smaevcharger.yaml
evcc-0.130.12/templates/definition/charger/smartevse.yaml
evcc-0.130.12/templates/definition/charger/smartwb.yaml
evcc-0.130.12/templates/definition/charger/solax.yaml
evcc-0.130.12/templates/definition/charger/sungrow.yaml
evcc-0.130.12/templates/definition/charger/tapo.yaml
evcc-0.130.12/templates/definition/charger/tasmota.yaml
evcc-0.130.12/templates/definition/charger/tinkerforge-warp.yaml
evcc-0.130.12/templates/definition/charger/tinkerforge-warp3.yaml
evcc-0.130.12/templates/definition/charger/tplink.yaml
evcc-0.130.12/templates/definition/charger/twc3.yaml
evcc-0.130.12/templates/definition/charger/versicharge.yaml
evcc-0.130.12/templates/definition/charger/vestel.yaml
evcc-0.130.12/templates/definition/charger/victron-evcs.yaml
evcc-0.130.12/templates/definition/charger/victron.yaml
evcc-0.130.12/templates/definition/charger/wallbe-meter.yaml
evcc-0.130.12/templates/definition/charger/wallbe-pre2019-meter.yaml
evcc-0.130.12/templates/definition/charger/wallbe-pre2019.yaml
evcc-0.130.12/templates/definition/charger/wallbe.yaml
evcc-0.130.12/templates/definition/charger/webasto-next.yaml
evcc-0.130.12/templates/definition/charger/weidmüller.yaml
evcc-0.130.12/templates/definition/charger/zaptec.yaml
evcc-0.130.12/templates/definition/common-schema.json
evcc-0.130.12/templates/definition/defaults-schema.json
evcc-0.130.12/templates/definition/devices-schema.json
evcc-0.130.12/templates/definition/embed.go
evcc-0.130.12/templates/definition/meter/
evcc-0.130.12/templates/definition/meter/abb-ab.yaml
evcc-0.130.12/templates/definition/meter/ac-elwa-2.yaml
evcc-0.130.12/templates/definition/meter/ac-elwa-e.yaml
evcc-0.130.12/templates/definition/meter/acrel-adw300.yaml
evcc-0.130.12/templates/definition/meter/alpha-ess-smile.yaml
evcc-0.130.12/templates/definition/meter/apsystems-ez1.yaml
evcc-0.130.12/templates/definition/meter/be-mpm3pm.yaml
evcc-0.130.12/templates/definition/meter/cfos.yaml
evcc-0.130.12/templates/definition/meter/cg-em24.yaml
evcc-0.130.12/templates/definition/meter/cg-emt1xx.yaml
evcc-0.130.12/templates/definition/meter/cg-emt3xx.yaml
evcc-0.130.12/templates/definition/meter/demo-battery.yaml
evcc-0.130.12/templates/definition/meter/demo-meter.yaml
evcc-0.130.12/templates/definition/meter/deye-hybrid-3p.yaml
evcc-0.130.12/templates/definition/meter/deye-hybrid-hp3.yaml
evcc-0.130.12/templates/definition/meter/deye-mi.yaml
evcc-0.130.12/templates/definition/meter/deye-storage.yaml
evcc-0.130.12/templates/definition/meter/deye-string.yaml
evcc-0.130.12/templates/definition/meter/discovergy.yaml
evcc-0.130.12/templates/definition/meter/dsmr.yaml
evcc-0.130.12/templates/definition/meter/dzg.yaml
evcc-0.130.12/templates/definition/meter/e3dc-modbus.yaml
evcc-0.130.12/templates/definition/meter/e3dc-rscp.yaml
evcc-0.130.12/templates/definition/meter/eastron-sdm120.yaml
evcc-0.130.12/templates/definition/meter/eastron-sdm220_230.yaml
evcc-0.130.12/templates/definition/meter/eastron-sdm72.yaml
evcc-0.130.12/templates/definition/meter/eastron-sdm72v2_630.yaml
evcc-0.130.12/templates/definition/meter/enphase.yaml
evcc-0.130.12/templates/definition/meter/fox-ess-h1.yaml
evcc-0.130.12/templates/definition/meter/fox-ess-h3.yaml
evcc-0.130.12/templates/definition/meter/fritzdect.yaml
evcc-0.130.12/templates/definition/meter/fronius-gen24.yaml
evcc-0.130.12/templates/definition/meter/fronius-ohmpilot.yaml
evcc-0.130.12/templates/definition/meter/fronius-solarapi-v1.yaml
evcc-0.130.12/templates/definition/meter/go-e-controller.yaml
evcc-0.130.12/templates/definition/meter/goodwe-dt.yaml
evcc-0.130.12/templates/definition/meter/goodwe-hybrid.yaml
evcc-0.130.12/templates/definition/meter/goodwe-wifi.yaml
evcc-0.130.12/templates/definition/meter/growatt-hybrid-tlxh.yaml
evcc-0.130.12/templates/definition/meter/growatt-hybrid.yaml
evcc-0.130.12/templates/definition/meter/homematic.yaml
evcc-0.130.12/templates/definition/meter/homewizard.yaml
evcc-0.130.12/templates/definition/meter/hoymiles-ahoydtu.yaml
evcc-0.130.12/templates/definition/meter/hoymiles-opendtu.yaml
evcc-0.130.12/templates/definition/meter/huawei-smartlogger.yaml
evcc-0.130.12/templates/definition/meter/huawei-sun2000-dongle-powersensor.yaml
evcc-0.130.12/templates/definition/meter/huawei-sun2000-dongle.yaml
evcc-0.130.12/templates/definition/meter/huawei-sun2000-rs485.yaml
evcc-0.130.12/templates/definition/meter/inepro.yaml
evcc-0.130.12/templates/definition/meter/janitza.yaml
evcc-0.130.12/templates/definition/meter/keba-kecontact.yaml
evcc-0.130.12/templates/definition/meter/kostal-ksem-inverter.yaml
evcc-0.130.12/templates/definition/meter/kostal-ksem.yaml
evcc-0.130.12/templates/definition/meter/kostal-piko-hybrid.yaml
evcc-0.130.12/templates/definition/meter/kostal-piko-legacy.yaml
evcc-0.130.12/templates/definition/meter/kostal-piko-mp-plus.yaml
evcc-0.130.12/templates/definition/meter/kostal-piko-pv.yaml
evcc-0.130.12/templates/definition/meter/kostal-plenticore.yaml
evcc-0.130.12/templates/definition/meter/lg-ess-home-8-10.yaml
evcc-0.130.12/templates/definition/meter/loxone.yaml
evcc-0.130.12/templates/definition/meter/mtec-eb-gen2.yaml
evcc-0.130.12/templates/definition/meter/mtec-eb-gen3.yaml
evcc-0.130.12/templates/definition/meter/mypv-wifi-meter.yaml
evcc-0.130.12/templates/definition/meter/mystrom.yaml
evcc-0.130.12/templates/definition/meter/openems.yaml
evcc-0.130.12/templates/definition/meter/orno.yaml
evcc-0.130.12/templates/definition/meter/p1monitor.yaml
evcc-0.130.12/templates/definition/meter/plexlog.yaml
evcc-0.130.12/templates/definition/meter/powerdog.yaml
evcc-0.130.12/templates/definition/meter/powerfox-poweropti.yaml
evcc-0.130.12/templates/definition/meter/rct-power.yaml
evcc-0.130.12/templates/definition/meter/saj-h2.yaml
evcc-0.130.12/templates/definition/meter/sax.yaml
evcc-0.130.12/templates/definition/meter/sbc-axx3.yaml
evcc-0.130.12/templates/definition/meter/schneider-iem3000.yaml
evcc-0.130.12/templates/definition/meter/senec-home.yaml
evcc-0.130.12/templates/definition/meter/senergy.yaml
evcc-0.130.12/templates/definition/meter/shelly-1pm.yaml
evcc-0.130.12/templates/definition/meter/shelly-3em.yaml
evcc-0.130.12/templates/definition/meter/shelly-pro-3em.yaml
evcc-0.130.12/templates/definition/meter/siemens-7kt1665.yaml
evcc-0.130.12/templates/definition/meter/siemens-pac2200.yaml
evcc-0.130.12/templates/definition/meter/slimmelezer-v2.yaml
evcc-0.130.12/templates/definition/meter/slimmelezer.yaml
evcc-0.130.12/templates/definition/meter/sma-datamanager.yaml
evcc-0.130.12/templates/definition/meter/sma-energymeter.yaml
evcc-0.130.12/templates/definition/meter/sma-homemanager.yaml
evcc-0.130.12/templates/definition/meter/sma-hybrid.yaml
evcc-0.130.12/templates/definition/meter/sma-inverter-modbus.yaml
evcc-0.130.12/templates/definition/meter/sma-inverter-speedwire.yaml
evcc-0.130.12/templates/definition/meter/sma-sbs-15-25-modbus.yaml
evcc-0.130.12/templates/definition/meter/sma-sbs-modbus.yaml
evcc-0.130.12/templates/definition/meter/sma-si-modbus.yaml
evcc-0.130.12/templates/definition/meter/sma-webbox.yaml
evcc-0.130.12/templates/definition/meter/smartfox-em2.yaml
evcc-0.130.12/templates/definition/meter/smartfox.yaml
evcc-0.130.12/templates/definition/meter/sofarsolar-g3.yaml
evcc-0.130.12/templates/definition/meter/sofarsolar.yaml
evcc-0.130.12/templates/definition/meter/solaranzeige-mqtt.yaml
evcc-0.130.12/templates/definition/meter/solaredge-hybrid.yaml
evcc-0.130.12/templates/definition/meter/solaredge-inverter.yaml
evcc-0.130.12/templates/definition/meter/solarlog.yaml
evcc-0.130.12/templates/definition/meter/solarman.yaml
evcc-0.130.12/templates/definition/meter/solarmax-inverter-smt.yaml
evcc-0.130.12/templates/definition/meter/solarmax-maxstorage.yaml
evcc-0.130.12/templates/definition/meter/solarwatt-myreserve-matrix.yaml
evcc-0.130.12/templates/definition/meter/solarwatt.yaml
evcc-0.130.12/templates/definition/meter/solax-hybrid-cloud.yaml
evcc-0.130.12/templates/definition/meter/solax-inverter-cloud.yaml
evcc-0.130.12/templates/definition/meter/solax.yaml
evcc-0.130.12/templates/definition/meter/solis-hybrid-s.yaml
evcc-0.130.12/templates/definition/meter/solis-hybrid.yaml
evcc-0.130.12/templates/definition/meter/solis.yaml
evcc-0.130.12/templates/definition/meter/sonnenbatterie.yaml
evcc-0.130.12/templates/definition/meter/sonnenbatterie_eco56.yaml
evcc-0.130.12/templates/definition/meter/storaxe.yaml
evcc-0.130.12/templates/definition/meter/sungrow-hybrid.yaml
evcc-0.130.12/templates/definition/meter/sungrow-inverter.yaml
evcc-0.130.12/templates/definition/meter/sunspec-battery-control.yaml
evcc-0.130.12/templates/definition/meter/sunspec-hybrid.yaml
evcc-0.130.12/templates/definition/meter/sunspec-inverter-control.yaml
evcc-0.130.12/templates/definition/meter/sunspec-inverter.yaml
evcc-0.130.12/templates/definition/meter/tapo.yaml
evcc-0.130.12/templates/definition/meter/tasmota-3p.yaml
evcc-0.130.12/templates/definition/meter/tasmota-sml.yaml
evcc-0.130.12/templates/definition/meter/tasmota.yaml
evcc-0.130.12/templates/definition/meter/tesla-powerwall.yaml
evcc-0.130.12/templates/definition/meter/thor.yaml
evcc-0.130.12/templates/definition/meter/tibber-pulse.yaml
evcc-0.130.12/templates/definition/meter/tplink.yaml
evcc-0.130.12/templates/definition/meter/tq-em.yaml
evcc-0.130.12/templates/definition/meter/tq-em420.yaml
evcc-0.130.12/templates/definition/meter/varta.yaml
evcc-0.130.12/templates/definition/meter/victron-energy.yaml
evcc-0.130.12/templates/definition/meter/volkszaehler-http.yaml
evcc-0.130.12/templates/definition/meter/volkszaehler-importexport.yaml
evcc-0.130.12/templates/definition/meter/volkszaehler-ws.yaml
evcc-0.130.12/templates/definition/meter/vzlogger.yaml
evcc-0.130.12/templates/definition/meter/wattsonic.yaml
evcc-0.130.12/templates/definition/meter/youless.yaml
evcc-0.130.12/templates/definition/tariff/
evcc-0.130.12/templates/definition/tariff/allinpower.yaml
evcc-0.130.12/templates/definition/tariff/amber.yaml
evcc-0.130.12/templates/definition/tariff/awattar.yaml
evcc-0.130.12/templates/definition/tariff/electricitymaps.yaml
evcc-0.130.12/templates/definition/tariff/elering.yaml
evcc-0.130.12/templates/definition/tariff/energinet.yaml
evcc-0.130.12/templates/definition/tariff/energy-charts-api.yaml
evcc-0.130.12/templates/definition/tariff/entsoe.yaml
evcc-0.130.12/templates/definition/tariff/groupe-e.yaml
evcc-0.130.12/templates/definition/tariff/gruenstromindex.yaml
evcc-0.130.12/templates/definition/tariff/ngeso.yaml
evcc-0.130.12/templates/definition/tariff/octopus-api.yaml
evcc-0.130.12/templates/definition/tariff/octopus-productcode.yaml
evcc-0.130.12/templates/definition/tariff/pun.yaml
evcc-0.130.12/templates/definition/tariff/smartenergy.yaml
evcc-0.130.12/templates/definition/tariff/tibber.yaml
evcc-0.130.12/templates/definition/vehicle/
evcc-0.130.12/templates/definition/vehicle/aiways.yaml
evcc-0.130.12/templates/definition/vehicle/audi.yaml
evcc-0.130.12/templates/definition/vehicle/bmw.yaml
evcc-0.130.12/templates/definition/vehicle/carwings.yaml
evcc-0.130.12/templates/definition/vehicle/citroen.yaml
evcc-0.130.12/templates/definition/vehicle/dacia.yaml
evcc-0.130.12/templates/definition/vehicle/ds.yaml
evcc-0.130.12/templates/definition/vehicle/evnotify.yaml
evcc-0.130.12/templates/definition/vehicle/fiat.yaml
evcc-0.130.12/templates/definition/vehicle/flobz.yaml
evcc-0.130.12/templates/definition/vehicle/ford-connect.yaml
evcc-0.130.12/templates/definition/vehicle/ford.yaml
evcc-0.130.12/templates/definition/vehicle/hyundai.yaml
evcc-0.130.12/templates/definition/vehicle/iso15118.yaml
evcc-0.130.12/templates/definition/vehicle/jaguar-landrover.yaml
evcc-0.130.12/templates/definition/vehicle/kia.yaml
evcc-0.130.12/templates/definition/vehicle/mazda2mqtt.yaml
evcc-0.130.12/templates/definition/vehicle/mercedes.yaml
evcc-0.130.12/templates/definition/vehicle/mg.yaml
evcc-0.130.12/templates/definition/vehicle/mg2mqtt.yaml
evcc-0.130.12/templates/definition/vehicle/mini.yaml
evcc-0.130.12/templates/definition/vehicle/mz2mqtt.yaml
evcc-0.130.12/templates/definition/vehicle/nissan-ariya.yaml
evcc-0.130.12/templates/definition/vehicle/nissan.yaml
evcc-0.130.12/templates/definition/vehicle/niu-e-scooter.yaml
evcc-0.130.12/templates/definition/vehicle/offline.yaml
evcc-0.130.12/templates/definition/vehicle/opel.yaml
evcc-0.130.12/templates/definition/vehicle/ovms.yaml
evcc-0.130.12/templates/definition/vehicle/peugeot.yaml
evcc-0.130.12/templates/definition/vehicle/polestar.yaml
evcc-0.130.12/templates/definition/vehicle/porsche.yaml
evcc-0.130.12/templates/definition/vehicle/renault.yaml
evcc-0.130.12/templates/definition/vehicle/seat-cupra.yaml
evcc-0.130.12/templates/definition/vehicle/seat.yaml
evcc-0.130.12/templates/definition/vehicle/skoda-enyaq.yaml
evcc-0.130.12/templates/definition/vehicle/skoda.yaml
evcc-0.130.12/templates/definition/vehicle/smart-hello.yaml
evcc-0.130.12/templates/definition/vehicle/smart.yaml
evcc-0.130.12/templates/definition/vehicle/tesla.yaml
evcc-0.130.12/templates/definition/vehicle/teslalogger.yaml
evcc-0.130.12/templates/definition/vehicle/teslamate.yaml
evcc-0.130.12/templates/definition/vehicle/tronity.yaml
evcc-0.130.12/templates/definition/vehicle/volvo-connected.yaml
evcc-0.130.12/templates/definition/vehicle/volvo.yaml
evcc-0.130.12/templates/definition/vehicle/vw.yaml
evcc-0.130.12/templates/definition/vehicle/zero.yaml
evcc-0.130.12/templates/evcc.io/
evcc-0.130.12/templates/evcc.io/.gitignore
evcc-0.130.12/tests/
evcc-0.130.12/tests/auth.spec.js
evcc-0.130.12/tests/basics.evcc.yaml
evcc-0.130.12/tests/basics.spec.js
evcc-0.130.12/tests/battery-settings.evcc.yaml
evcc-0.130.12/tests/battery-settings.spec.js
evcc-0.130.12/tests/config-battery.spec.js
evcc-0.130.12/tests/config-empty.evcc.yaml
evcc-0.130.12/tests/config-grid-only.evcc.yaml
evcc-0.130.12/tests/config-grid.spec.js
evcc-0.130.12/tests/config-messaging.spec.js
evcc-0.130.12/tests/config-mqtt.spec.js
evcc-0.130.12/tests/config-tariffs.spec.js
evcc-0.130.12/tests/config-vehicles.spec.js
evcc-0.130.12/tests/config-with-tariffs.evcc.yaml
evcc-0.130.12/tests/config-with-vehicle.evcc.yaml
evcc-0.130.12/tests/config.spec.js
evcc-0.130.12/tests/evcc.js
evcc-0.130.12/tests/fatal-db.evcc.yaml
evcc-0.130.12/tests/fatal-syntax.evcc.yaml
evcc-0.130.12/tests/fatal.spec.js
evcc-0.130.12/tests/heating.evcc.yaml
evcc-0.130.12/tests/heating.spec.js
evcc-0.130.12/tests/limits.spec.js
evcc-0.130.12/tests/logs.spec.js
evcc-0.130.12/tests/modals.spec.js
evcc-0.130.12/tests/password.sql
evcc-0.130.12/tests/plan.evcc.yaml
evcc-0.130.12/tests/plan.spec.js
evcc-0.130.12/tests/sessions.spec.js
evcc-0.130.12/tests/sessions.sql
evcc-0.130.12/tests/simulator.evcc.yaml
evcc-0.130.12/tests/simulator.js
evcc-0.130.12/tests/simulator/
evcc-0.130.12/tests/simulator/api.js
evcc-0.130.12/tests/simulator/index.html
evcc-0.130.12/tests/simulator/src/
evcc-0.130.12/tests/simulator/src/Simulator.vue
evcc-0.130.12/tests/simulator/src/main.js
evcc-0.130.12/tests/simulator/vite.config.js
evcc-0.130.12/tests/smart-cost-only.evcc.yaml
evcc-0.130.12/tests/smart-cost-only.spec.js
evcc-0.130.12/tests/smart-cost.spec.js
evcc-0.130.12/tests/statistics.evcc.yaml
evcc-0.130.12/tests/statistics.spec.js
evcc-0.130.12/tests/statistics.sql
evcc-0.130.12/tests/vehicle-error.evcc.yaml
evcc-0.130.12/tests/vehicle-error.spec.js
evcc-0.130.12/tests/vehicle-settings.spec.js
evcc-0.130.12/tools.go
evcc-0.130.12/tsconfig.json
evcc-0.130.12/util/
evcc-0.130.12/util/auth/
evcc-0.130.12/util/auth/auth.go
evcc-0.130.12/util/auth/auth_test.go
evcc-0.130.12/util/cache.go
evcc-0.130.12/util/cache_test.go
evcc-0.130.12/util/cloud/
evcc-0.130.12/util/cloud/api.go
evcc-0.130.12/util/cloud/client.go
evcc-0.130.12/util/config/
evcc-0.130.12/util/config/config.go
evcc-0.130.12/util/config/device.go
evcc-0.130.12/util/config/handler.go
evcc-0.130.12/util/config/instance.go
evcc-0.130.12/util/config/types.go
evcc-0.130.12/util/decoder.go
evcc-0.130.12/util/decoder_test.go
evcc-0.130.12/util/encode/
evcc-0.130.12/util/encode/encode.go
evcc-0.130.12/util/encode/encode_test.go
evcc-0.130.12/util/env.go
evcc-0.130.12/util/format.go
evcc-0.130.12/util/format_functions.go
evcc-0.130.12/util/format_test.go
evcc-0.130.12/util/jq/
evcc-0.130.12/util/jq/jq.go
evcc-0.130.12/util/locale/
evcc-0.130.12/util/locale/internal/
evcc-0.130.12/util/locale/internal/types.go
evcc-0.130.12/util/locale/locale.go
evcc-0.130.12/util/log.go
evcc-0.130.12/util/log_redactor.go
evcc-0.130.12/util/log_test.go
evcc-0.130.12/util/logstash/
evcc-0.130.12/util/logstash/element.go
evcc-0.130.12/util/logstash/levels.go
evcc-0.130.12/util/logstash/log.go
evcc-0.130.12/util/logstash/log_test.go
evcc-0.130.12/util/machine/
evcc-0.130.12/util/machine/machine.go
evcc-0.130.12/util/machine/machine_test.go
evcc-0.130.12/util/metering.go
evcc-0.130.12/util/modbus/
evcc-0.130.12/util/modbus/connection.go
evcc-0.130.12/util/modbus/functions.go
evcc-0.130.12/util/modbus/log.go
evcc-0.130.12/util/modbus/mbmd.go
evcc-0.130.12/util/modbus/modbus.go
evcc-0.130.12/util/modbus/modbus_test.go
evcc-0.130.12/util/modbus/mutex.go
evcc-0.130.12/util/modbus/register.go
evcc-0.130.12/util/modbus/register_test.go
evcc-0.130.12/util/modbus/sunspec.go
evcc-0.130.12/util/monitor.go
evcc-0.130.12/util/monitor_test.go
evcc-0.130.12/util/net.go
evcc-0.130.12/util/net_test.go
evcc-0.130.12/util/oauth/
evcc-0.130.12/util/oauth/helper.go
evcc-0.130.12/util/oauth/tokensource.go
evcc-0.130.12/util/oauth/tokensource_test.go
evcc-0.130.12/util/param.go
evcc-0.130.12/util/param_test.go
evcc-0.130.12/util/pipe/
evcc-0.130.12/util/pipe/limiter.go
evcc-0.130.12/util/pipe/limiter_test.go
evcc-0.130.12/util/providerauth.go
evcc-0.130.12/util/queue.go
evcc-0.130.12/util/registry/
evcc-0.130.12/util/registry/registry.go
evcc-0.130.12/util/request/
evcc-0.130.12/util/request/functions.go
evcc-0.130.12/util/request/helper.go
evcc-0.130.12/util/request/json.go
evcc-0.130.12/util/request/redirect.go
evcc-0.130.12/util/request/roundtrip.go
evcc-0.130.12/util/shortrfc3339/
evcc-0.130.12/util/shortrfc3339/shortrfc3339.go
evcc-0.130.12/util/shortrfc3339/shortrfc3339_test.go
evcc-0.130.12/util/sponsor/
evcc-0.130.12/util/sponsor/auth.go
evcc-0.130.12/util/sponsor/pulsares.go
evcc-0.130.12/util/sponsor/victron.go
evcc-0.130.12/util/state.go
evcc-0.130.12/util/tee.go
evcc-0.130.12/util/telemetry/
evcc-0.130.12/util/telemetry/charge.go
evcc-0.130.12/util/telemetry/types.go
evcc-0.130.12/util/templates/
evcc-0.130.12/util/templates/class.go
evcc-0.130.12/util/templates/class_enumer.go
evcc-0.130.12/util/templates/defaults.go
evcc-0.130.12/util/templates/defaults.yaml
evcc-0.130.12/util/templates/documentation.go
evcc-0.130.12/util/templates/documentation.tpl
evcc-0.130.12/util/templates/documentation_modbus.tpl
evcc-0.130.12/util/templates/generate/
evcc-0.130.12/util/templates/generate/main.go
evcc-0.130.12/util/templates/includes/
evcc-0.130.12/util/templates/includes/eebus.tpl
evcc-0.130.12/util/templates/includes/mqtt.tpl
evcc-0.130.12/util/templates/includes/ocpp.tpl
evcc-0.130.12/util/templates/includes/switchsocket.tpl
evcc-0.130.12/util/templates/includes/tariff-base.tpl
evcc-0.130.12/util/templates/includes/vehicle-base.tpl
evcc-0.130.12/util/templates/includes/vehicle-common.tpl
evcc-0.130.12/util/templates/includes/vehicle-identify.tpl
evcc-0.130.12/util/templates/includes/vehicle-language.tpl
evcc-0.130.12/util/templates/init.go
evcc-0.130.12/util/templates/merge.go
evcc-0.130.12/util/templates/merge_test.go
evcc-0.130.12/util/templates/modbus.tpl
evcc-0.130.12/util/templates/paramtype.go
evcc-0.130.12/util/templates/paramtype_enumer.go
evcc-0.130.12/util/templates/proxy.tpl
evcc-0.130.12/util/templates/render_instance.go
evcc-0.130.12/util/templates/render_testing.go
evcc-0.130.12/util/templates/template.go
evcc-0.130.12/util/templates/template_modbus.go
evcc-0.130.12/util/templates/types.go
evcc-0.130.12/util/templates/usage.go
evcc-0.130.12/util/templates/usage_enumer.go
evcc-0.130.12/util/templates/utils.go
evcc-0.130.12/util/templates/utils_test.go
evcc-0.130.12/util/test/
evcc-0.130.12/util/test/ci.go
evcc-0.130.12/util/test/errors.go
evcc-0.130.12/util/token.go
evcc-0.130.12/util/transport/
evcc-0.130.12/util/transport/basicauth.go
evcc-0.130.12/util/transport/bearer.go
evcc-0.130.12/util/transport/decorator.go
evcc-0.130.12/util/transport/decorators.go
evcc-0.130.12/util/transport/default.go
evcc-0.130.12/util/urlvalues/
evcc-0.130.12/util/urlvalues/url.go
evcc-0.130.12/vehicle/
evcc-0.130.12/vehicle/aiways.go
evcc-0.130.12/vehicle/aiways/
evcc-0.130.12/vehicle/aiways/api.go
evcc-0.130.12/vehicle/aiways/identity.go
evcc-0.130.12/vehicle/aiways/provider.go
evcc-0.130.12/vehicle/aiways/types.go
evcc-0.130.12/vehicle/audi.go
evcc-0.130.12/vehicle/audi/
evcc-0.130.12/vehicle/audi/etron/
evcc-0.130.12/vehicle/audi/etron/api.go
evcc-0.130.12/vehicle/audi/etron/params.go
evcc-0.130.12/vehicle/audi/etron/types.go
evcc-0.130.12/vehicle/audi/params.go
evcc-0.130.12/vehicle/audi/samples/
evcc-0.130.12/vehicle/audi/samples/status.json
evcc-0.130.12/vehicle/bluelink.go
evcc-0.130.12/vehicle/bluelink/
evcc-0.130.12/vehicle/bluelink/api.go
evcc-0.130.12/vehicle/bluelink/identity.go
evcc-0.130.12/vehicle/bluelink/params.go
evcc-0.130.12/vehicle/bluelink/provider.go
evcc-0.130.12/vehicle/bluelink/types.go
evcc-0.130.12/vehicle/bmw.go
evcc-0.130.12/vehicle/bmw/
evcc-0.130.12/vehicle/bmw/api.go
evcc-0.130.12/vehicle/bmw/identity.go
evcc-0.130.12/vehicle/bmw/param.go
evcc-0.130.12/vehicle/bmw/provider.go
evcc-0.130.12/vehicle/bmw/types.go
evcc-0.130.12/vehicle/carwings.go
evcc-0.130.12/vehicle/cloud.go
evcc-0.130.12/vehicle/config.go
evcc-0.130.12/vehicle/embed.go
evcc-0.130.12/vehicle/fiat.go
evcc-0.130.12/vehicle/fiat/
evcc-0.130.12/vehicle/fiat/api.go
evcc-0.130.12/vehicle/fiat/identity.go
evcc-0.130.12/vehicle/fiat/provider.go
evcc-0.130.12/vehicle/fiat/types.go
evcc-0.130.12/vehicle/ford-connect.go
evcc-0.130.12/vehicle/ford.go
evcc-0.130.12/vehicle/ford/
evcc-0.130.12/vehicle/ford/api.go
evcc-0.130.12/vehicle/ford/autonomic/
evcc-0.130.12/vehicle/ford/autonomic/api.go
evcc-0.130.12/vehicle/ford/autonomic/identity.go
evcc-0.130.12/vehicle/ford/autonomic/types.go
evcc-0.130.12/vehicle/ford/connect/
evcc-0.130.12/vehicle/ford/connect/api.go
evcc-0.130.12/vehicle/ford/connect/identity.go
evcc-0.130.12/vehicle/ford/connect/provider.go
evcc-0.130.12/vehicle/ford/connect/types.go
evcc-0.130.12/vehicle/ford/identity.go
evcc-0.130.12/vehicle/ford/provider.go
evcc-0.130.12/vehicle/ford/types.go
evcc-0.130.12/vehicle/helper.go
evcc-0.130.12/vehicle/jlr.go
evcc-0.130.12/vehicle/jlr/
evcc-0.130.12/vehicle/jlr/api.go
evcc-0.130.12/vehicle/jlr/identity.go
evcc-0.130.12/vehicle/jlr/provider.go
evcc-0.130.12/vehicle/jlr/types.go
evcc-0.130.12/vehicle/mb/
evcc-0.130.12/vehicle/mb/identity.go
evcc-0.130.12/vehicle/mercedes.go
evcc-0.130.12/vehicle/mercedes/
evcc-0.130.12/vehicle/mercedes/api.go
evcc-0.130.12/vehicle/mercedes/helper.go
evcc-0.130.12/vehicle/mercedes/identity.go
evcc-0.130.12/vehicle/mercedes/pb/
evcc-0.130.12/vehicle/mercedes/pb/acp.pb.go
evcc-0.130.12/vehicle/mercedes/pb/client.pb.go
evcc-0.130.12/vehicle/mercedes/pb/cluster.pb.go
evcc-0.130.12/vehicle/mercedes/pb/eventpush.pb.go
evcc-0.130.12/vehicle/mercedes/pb/protos/
evcc-0.130.12/vehicle/mercedes/pb/protos/protos.pb.go
evcc-0.130.12/vehicle/mercedes/pb/service-activation.pb.go
evcc-0.130.12/vehicle/mercedes/pb/user-events.pb.go
evcc-0.130.12/vehicle/mercedes/pb/vehicle-commands.pb.go
evcc-0.130.12/vehicle/mercedes/pb/vehicle-events.pb.go
evcc-0.130.12/vehicle/mercedes/pb/vehicleapi.pb.go
evcc-0.130.12/vehicle/mercedes/pb/vin-events.pb.go
evcc-0.130.12/vehicle/mercedes/provider.go
evcc-0.130.12/vehicle/mercedes/setupapi.go
evcc-0.130.12/vehicle/mercedes/types.go
evcc-0.130.12/vehicle/mg.go
evcc-0.130.12/vehicle/nissan.go
evcc-0.130.12/vehicle/nissan/
evcc-0.130.12/vehicle/nissan/api.go
evcc-0.130.12/vehicle/nissan/identity.go
evcc-0.130.12/vehicle/nissan/provider.go
evcc-0.130.12/vehicle/nissan/types.go
evcc-0.130.12/vehicle/niu.go
evcc-0.130.12/vehicle/niu/
evcc-0.130.12/vehicle/niu/types.go
evcc-0.130.12/vehicle/niu/types_test.go
evcc-0.130.12/vehicle/ovms.go
evcc-0.130.12/vehicle/ovms/
evcc-0.130.12/vehicle/ovms/types.go
evcc-0.130.12/vehicle/polestar.go
evcc-0.130.12/vehicle/polestar/
evcc-0.130.12/vehicle/polestar/api.go
evcc-0.130.12/vehicle/polestar/identity.go
evcc-0.130.12/vehicle/polestar/provider.go
evcc-0.130.12/vehicle/polestar/query.gql
evcc-0.130.12/vehicle/polestar/types.go
evcc-0.130.12/vehicle/porsche.go
evcc-0.130.12/vehicle/porsche/
evcc-0.130.12/vehicle/porsche/api.go
evcc-0.130.12/vehicle/porsche/api_emobility.go
evcc-0.130.12/vehicle/porsche/identity.go
evcc-0.130.12/vehicle/porsche/provider.go
evcc-0.130.12/vehicle/porsche/types.go
evcc-0.130.12/vehicle/psa.go
evcc-0.130.12/vehicle/psa/
evcc-0.130.12/vehicle/psa/api.go
evcc-0.130.12/vehicle/psa/duration.go
evcc-0.130.12/vehicle/psa/helper.go
evcc-0.130.12/vehicle/psa/identity.go
evcc-0.130.12/vehicle/psa/oauth2.go
evcc-0.130.12/vehicle/psa/provider.go
evcc-0.130.12/vehicle/psa/types.go
evcc-0.130.12/vehicle/renault.go
evcc-0.130.12/vehicle/renault/
evcc-0.130.12/vehicle/renault/gigya/
evcc-0.130.12/vehicle/renault/gigya/identity.go
evcc-0.130.12/vehicle/renault/kamereon/
evcc-0.130.12/vehicle/renault/kamereon/api.go
evcc-0.130.12/vehicle/renault/kamereon/types.go
evcc-0.130.12/vehicle/renault/keys/
evcc-0.130.12/vehicle/renault/keys/keys.go
evcc-0.130.12/vehicle/renault/provider.go
evcc-0.130.12/vehicle/saic/
evcc-0.130.12/vehicle/saic/api.go
evcc-0.130.12/vehicle/saic/identity.go
evcc-0.130.12/vehicle/saic/provider.go
evcc-0.130.12/vehicle/saic/requests/
evcc-0.130.12/vehicle/saic/requests/api_config.go
evcc-0.130.12/vehicle/saic/requests/basic_encryption.go
evcc-0.130.12/vehicle/saic/requests/encryption.go
evcc-0.130.12/vehicle/saic/requests/hashUtils.go
evcc-0.130.12/vehicle/saic/requests/macUtils.go
evcc-0.130.12/vehicle/saic/requests/sendRequest.go
evcc-0.130.12/vehicle/saic/requests/types.go
evcc-0.130.12/vehicle/seat-cupra.go
evcc-0.130.12/vehicle/seat.go
evcc-0.130.12/vehicle/seat/
evcc-0.130.12/vehicle/seat/api.go
evcc-0.130.12/vehicle/seat/cupra/
evcc-0.130.12/vehicle/seat/cupra/api.go
evcc-0.130.12/vehicle/seat/cupra/params.go
evcc-0.130.12/vehicle/seat/cupra/provider.go
evcc-0.130.12/vehicle/seat/cupra/types.go
evcc-0.130.12/vehicle/seat/params.go
evcc-0.130.12/vehicle/skoda-enyaq.go
evcc-0.130.12/vehicle/skoda.go
evcc-0.130.12/vehicle/skoda/
evcc-0.130.12/vehicle/skoda/api.go
evcc-0.130.12/vehicle/skoda/connect/
evcc-0.130.12/vehicle/skoda/connect/params.go
evcc-0.130.12/vehicle/skoda/myskoda/
evcc-0.130.12/vehicle/skoda/myskoda/api.go
evcc-0.130.12/vehicle/skoda/myskoda/params.go
evcc-0.130.12/vehicle/skoda/myskoda/provider.go
evcc-0.130.12/vehicle/skoda/myskoda/service/
evcc-0.130.12/vehicle/skoda/myskoda/service/tokenrefreshservice.go
evcc-0.130.12/vehicle/skoda/myskoda/tokenrefreshservice/
evcc-0.130.12/vehicle/skoda/myskoda/tokenrefreshservice/endpoint.go
evcc-0.130.12/vehicle/skoda/myskoda/types.go
evcc-0.130.12/vehicle/skoda/params.go
evcc-0.130.12/vehicle/skoda/provider.go
evcc-0.130.12/vehicle/skoda/types.go
evcc-0.130.12/vehicle/smart-hello.go
evcc-0.130.12/vehicle/smart.go
evcc-0.130.12/vehicle/smart/
evcc-0.130.12/vehicle/smart/api.go
evcc-0.130.12/vehicle/smart/hello/
evcc-0.130.12/vehicle/smart/hello/api.go
evcc-0.130.12/vehicle/smart/hello/const.go
evcc-0.130.12/vehicle/smart/hello/helper.go
evcc-0.130.12/vehicle/smart/hello/identity.go
evcc-0.130.12/vehicle/smart/hello/provider.go
evcc-0.130.12/vehicle/smart/hello/types.go
evcc-0.130.12/vehicle/smart/hello/types_test.go
evcc-0.130.12/vehicle/smart/provider.go
evcc-0.130.12/vehicle/smart/types.go
evcc-0.130.12/vehicle/template.go
evcc-0.130.12/vehicle/template_test.go
evcc-0.130.12/vehicle/tesla.go
evcc-0.130.12/vehicle/tesla/
evcc-0.130.12/vehicle/tesla/api_test.go
evcc-0.130.12/vehicle/tesla/controller.go
evcc-0.130.12/vehicle/tesla/helper.go
evcc-0.130.12/vehicle/tesla/helper_test.go
evcc-0.130.12/vehicle/tesla/identity.go
evcc-0.130.12/vehicle/tesla/provider.go
evcc-0.130.12/vehicle/tesla/types.go
evcc-0.130.12/vehicle/tronity.go
evcc-0.130.12/vehicle/tronity/
evcc-0.130.12/vehicle/tronity/auth.go
evcc-0.130.12/vehicle/tronity/types.go
evcc-0.130.12/vehicle/tronity_decorators.go
evcc-0.130.12/vehicle/types.go
evcc-0.130.12/vehicle/vag/
evcc-0.130.12/vehicle/vag/aazsproxy/
evcc-0.130.12/vehicle/vag/aazsproxy/endpoint.go
evcc-0.130.12/vehicle/vag/cariad/
evcc-0.130.12/vehicle/vag/cariad/const.go
evcc-0.130.12/vehicle/vag/challenge.go
evcc-0.130.12/vehicle/vag/idkproxy/
evcc-0.130.12/vehicle/vag/idkproxy/endpoint.go
evcc-0.130.12/vehicle/vag/loginapps/
evcc-0.130.12/vehicle/vag/loginapps/endpoint.go
evcc-0.130.12/vehicle/vag/loginapps/token.go
evcc-0.130.12/vehicle/vag/loginapps/token_test.go
evcc-0.130.12/vehicle/vag/mbb/
evcc-0.130.12/vehicle/vag/mbb/endpoint.go
evcc-0.130.12/vehicle/vag/service/
evcc-0.130.12/vehicle/vag/service/azs.go
evcc-0.130.12/vehicle/vag/service/mbb.go
evcc-0.130.12/vehicle/vag/service/tokenrefreshservice.go
evcc-0.130.12/vehicle/vag/token.go
evcc-0.130.12/vehicle/vag/token_test.go
evcc-0.130.12/vehicle/vag/tokenrefreshservice/
evcc-0.130.12/vehicle/vag/tokenrefreshservice/endpoint.go
evcc-0.130.12/vehicle/vag/tokensource.go
evcc-0.130.12/vehicle/vag/tokensource_test.go
evcc-0.130.12/vehicle/vag/vwidentity/
evcc-0.130.12/vehicle/vag/vwidentity/endpoint.go
evcc-0.130.12/vehicle/vag/vwidentity/forms.go
evcc-0.130.12/vehicle/vehicle.go
evcc-0.130.12/vehicle/vehicle_decorators.go
evcc-0.130.12/vehicle/volvo-connected.go
evcc-0.130.12/vehicle/volvo.go
evcc-0.130.12/vehicle/volvo/
evcc-0.130.12/vehicle/volvo/connected/
evcc-0.130.12/vehicle/volvo/connected/api.go
evcc-0.130.12/vehicle/volvo/connected/identity.go
evcc-0.130.12/vehicle/volvo/connected/provider.go
evcc-0.130.12/vehicle/volvo/connected/types.go
evcc-0.130.12/vehicle/volvo/types.go
evcc-0.130.12/vehicle/vw.go
evcc-0.130.12/vehicle/vw/
evcc-0.130.12/vehicle/vw/api.go
evcc-0.130.12/vehicle/vw/id/
evcc-0.130.12/vehicle/vw/id/api.go
evcc-0.130.12/vehicle/vw/id/params.go
evcc-0.130.12/vehicle/vw/id/provider.go
evcc-0.130.12/vehicle/vw/id/types.go
evcc-0.130.12/vehicle/vw/params.go
evcc-0.130.12/vehicle/vw/provider.go
evcc-0.130.12/vehicle/vw/samples/
evcc-0.130.12/vehicle/vw/samples/rolesrights_egolf.json
evcc-0.130.12/vehicle/vw/samples/rolesrights_q55.json
evcc-0.130.12/vehicle/vw/types.go
evcc-0.130.12/vehicle/vw/types_rolesrights.go
evcc-0.130.12/vehicle/vw/types_status.go
evcc-0.130.12/vehicle/vw/types_test.go
evcc-0.130.12/vehicle/wrapper.go
evcc-0.130.12/vehicle/zero/
evcc-0.130.12/vehicle/zero/api.go
evcc-0.130.12/vehicle/zero/provider.go
evcc-0.130.12/vehicle/zero/types.go
evcc-0.130.12/vehicle/zeromotorcycles.go
evcc-0.130.12/vite.config.js
evcc-0.130.12/vitest.config.js
/home/omen/BUILDS/SEVERAL-MIXED/FAKEBUILDS/evcc/work
README or README.md already exists, skipping creation.
hm...lets continue and see what happens
This script will ask sudo only for makepkg command in few seconds

npm ci
npm warn EBADENGINE Unsupported engine {
npm warn EBADENGINE   package: undefined,
npm warn EBADENGINE   required: { npm: '>=10.0.0', node: '>=22.0.0' },
npm warn EBADENGINE   current: { node: 'v20.17.0', npm: '10.8.2' }
npm warn EBADENGINE }
npm warn deprecated inflight@1.0.6: This module is not supported, and leaks memory. Do not use it. Check out lru-cache if you want a good and tested way to coalesce async requests by a key value, which is much more comprehensive and powerful.
npm warn deprecated @humanwhocodes/config-array@0.11.14: Use @eslint/config-array instead
npm warn deprecated rimraf@3.0.2: Rimraf versions prior to v4 are no longer supported
npm warn deprecated abab@2.0.6: Use your platform's native atob() and btoa() methods instead
npm warn deprecated @humanwhocodes/object-schema@2.0.3: Use @eslint/object-schema instead
npm warn deprecated glob@7.2.3: Glob versions prior to v9 are no longer supported
npm warn deprecated domexception@4.0.0: Use your platform's native DOMException instead
npm warn deprecated shiki-es@0.2.0: Please migrate to https://github.com/antfu/shikiji

added 753 packages, and audited 754 packages in 4s

169 packages are looking for funding
  run `npm fund` for details

2 vulnerabilities (1 moderate, 1 high)

To address all issues, run:
  npm audit fix

Run `npm audit` for details.
npm run build

> build
> vite build

vite v5.4.5 building for production...
transforming...
✓ 472 modules transformed.
rendering chunks...
computing gzip size...
../dist/assets/TopHeader-legacy-CpdQwkIF.js           3.50 kB │ gzip:   1.84 kB
../dist/assets/smoothscroll-legacy-CgPWaVMB.js        4.46 kB │ gzip:   1.67 kB
../dist/assets/Log-legacy-BByBQ7Of.js                11.34 kB │ gzip:   4.68 kB
../dist/assets/ChargingSessions-legacy-IN0V6rNW.js   21.05 kB │ gzip:   6.03 kB
../dist/assets/polyfills-legacy-DC-7tKGt.js          53.84 kB │ gzip:  21.28 kB
../dist/assets/Config-legacy-oDzy7_yq.js            117.46 kB │ gzip:  32.57 kB
../dist/assets/index-legacy-CVB1HV-q.js             822.43 kB │ gzip: 216.64 kB

(!) Some chunks are larger than 800 kB after minification. Consider:
- Using dynamic import() to code-split the application
- Use build.rollupOptions.output.manualChunks to improve chunking: https://rollupjs.org/configuration-options/#output-manualchunks
- Adjust chunk size limit for this warning via build.chunkSizeWarningLimit.
../dist/index.html                                 3.06 kB │ gzip:   1.22 kB
../dist/assets/Montserrat-Bold-Bsf7A8hH.woff2     86.80 kB
../dist/assets/Montserrat-Medium-BttyIOWL.woff2   87.04 kB
../dist/assets/TopHeader-BvJlCROq.css              0.07 kB │ gzip:   0.09 kB
../dist/assets/Log-DeG7ErH8.css                    0.95 kB │ gzip:   0.43 kB
../dist/assets/ChargingSessions-BiuCTtmI.css       1.17 kB │ gzip:   0.41 kB
../dist/assets/Config-D-lyMjZo.css                 4.24 kB │ gzip:   1.25 kB
../dist/assets/index-6ISEwPV8.css                262.55 kB │ gzip:  37.77 kB
../dist/assets/TopHeader-BuCa98Gd.js               3.25 kB │ gzip:   1.69 kB
../dist/assets/smoothscroll-DY25IEHY.js            4.53 kB │ gzip:   1.65 kB
../dist/assets/Log-YON3aZxb.js                    10.45 kB │ gzip:   4.31 kB
../dist/assets/ChargingSessions-BBZZSidR.js       19.90 kB │ gzip:   5.69 kB
../dist/assets/Config-i_DO59ks.js                115.41 kB │ gzip:  32.26 kB
../dist/assets/index-C5COYabp.js                 572.73 kB │ gzip: 186.42 kB
✓ built in 6.19s
go install $(go list -e -f '{{join .Imports " "}}' tools.go)
npm run build

> build
> vite build

vite v5.4.5 building for production...
transforming...
✓ 472 modules transformed.
rendering chunks...
computing gzip size...
../dist/assets/TopHeader-legacy-CpdQwkIF.js           3.50 kB │ gzip:   1.84 kB
../dist/assets/smoothscroll-legacy-CgPWaVMB.js        4.46 kB │ gzip:   1.67 kB
../dist/assets/Log-legacy-BByBQ7Of.js                11.34 kB │ gzip:   4.68 kB
../dist/assets/ChargingSessions-legacy-IN0V6rNW.js   21.05 kB │ gzip:   6.03 kB
../dist/assets/polyfills-legacy-DC-7tKGt.js          53.84 kB │ gzip:  21.28 kB
../dist/assets/Config-legacy-oDzy7_yq.js            117.46 kB │ gzip:  32.57 kB
../dist/assets/index-legacy-CVB1HV-q.js             822.43 kB │ gzip: 216.64 kB

(!) Some chunks are larger than 800 kB after minification. Consider:
- Using dynamic import() to code-split the application
- Use build.rollupOptions.output.manualChunks to improve chunking: https://rollupjs.org/configuration-options/#output-manualchunks
- Adjust chunk size limit for this warning via build.chunkSizeWarningLimit.
../dist/index.html                                 3.06 kB │ gzip:   1.22 kB
../dist/assets/Montserrat-Bold-Bsf7A8hH.woff2     86.80 kB
../dist/assets/Montserrat-Medium-BttyIOWL.woff2   87.04 kB
../dist/assets/TopHeader-BvJlCROq.css              0.07 kB │ gzip:   0.09 kB
../dist/assets/Log-DeG7ErH8.css                    0.95 kB │ gzip:   0.43 kB
../dist/assets/ChargingSessions-BiuCTtmI.css       1.17 kB │ gzip:   0.41 kB
../dist/assets/Config-D-lyMjZo.css                 4.24 kB │ gzip:   1.25 kB
../dist/assets/index-6ISEwPV8.css                262.55 kB │ gzip:  37.77 kB
../dist/assets/TopHeader-BuCa98Gd.js               3.25 kB │ gzip:   1.69 kB
../dist/assets/smoothscroll-DY25IEHY.js            4.53 kB │ gzip:   1.65 kB
../dist/assets/Log-YON3aZxb.js                    10.45 kB │ gzip:   4.31 kB
../dist/assets/ChargingSessions-BBZZSidR.js       19.90 kB │ gzip:   5.69 kB
../dist/assets/Config-i_DO59ks.js                115.41 kB │ gzip:  32.26 kB
../dist/assets/index-C5COYabp.js                 572.73 kB │ gzip: 186.42 kB
✓ built in 6.02s
Version: 2024-09-26_18:26:10
CGO_ENABLED=0 go build -v -tags=release -trimpath -ldflags='-X github.com/evcc-io/evcc/server.Version= -X github.com/evcc-io/evcc/server.Commit= -X github.com/evcc-io/evcc/vehicle/tesla.TESLA_CLIENT_ID= -s -w'
cp: cannot stat 'AUTHORS ChangeLog Changelog CHANGELOG COPYING COPYRIGHT CONFIGURATION* CONTRIBUTING* *FAQ* GPL* HACKING index.ht* *INDEX* INSTALL* License* LICENSE* *README* *Readme* *RELEASE* TODO VERSION': No such file or directory

Slackware package maker, version 3.14159265.

Searching for symbolic links:

No symbolic links were found, so we won't make an installation script.
You can make your own later in ./install/doinst.sh and rebuild the
package if you like.

This next step is optional - you can set the directories in your package
to some sane permissions. If any of the directories in your package have
special permissions, then DO NOT reset them here!

Would you like to reset all directory permissions to 755 (drwxr-xr-x) and
directory ownerships to root.root ([y]es, [n]o)? n

Creating Slackware package:  /home/omen/BUILDS/SEVERAL-MIXED/FAKEBUILDS/evcc/binary-evcc-0.130.12/evcc-0.130.12-x86_64-1_rtz.tlz

./
install/
install/doinst.sh
install/slack-desc
usr/
usr/bin/
usr/bin/evcc
usr/doc/
usr/doc/evcc-0.130.12/
usr/doc/evcc-0.130.12/evcc.SlackBuild

Slackware package /home/omen/BUILDS/SEVERAL-MIXED/FAKEBUILDS/evcc/binary-evcc-0.130.12/evcc-0.130.12-x86_64-1_rtz.tlz created.

Build process completed in 1 minutes and 43 seconds.
