Log file is located at /home/omen/GITHUB/One4All_SlackBuild/timewall/build.log
Starting build process...
--2024-09-17 15:41:54--  https://github.com/bcyran/timewall/archive/1.2.0.tar.gz
Resolving github.com (github.com)... 140.82.121.3
Connecting to github.com (github.com)|140.82.121.3|:443... connected.
HTTP request sent, awaiting response... 302 Found
Location: https://codeload.github.com/bcyran/timewall/tar.gz/refs/tags/1.2.0 [following]
--2024-09-17 15:41:55--  https://codeload.github.com/bcyran/timewall/tar.gz/refs/tags/1.2.0
Resolving codeload.github.com (codeload.github.com)... 140.82.121.10
Connecting to codeload.github.com (codeload.github.com)|140.82.121.10|:443... connected.
HTTP request sent, awaiting response... 200 OK
Length: unspecified [application/x-gzip]
Saving to: ‘timewall-1.2.0.tar.gz’

     0K .......... .......... .......... .......... ..........  429K
    50K .......... .......... .......... .......... ..........  868K
   100K .......... .......... .......... .......... .......... 6.81M
   150K .......... .......... .......... .......... .......... 5.00M
   200K .......... .......... .......... .......... .......... 1.04M
   250K .......... .......... .......... .......... .......... 5.20M
   300K .......... .....                                       5.46M=0.3s

2024-09-17 15:41:55 (1.23 MB/s) - ‘timewall-1.2.0.tar.gz’ saved [323104]

timewall-1.2.0/
timewall-1.2.0/.envrc
timewall-1.2.0/.github/
timewall-1.2.0/.github/dependabot.yml
timewall-1.2.0/.github/workflows/
timewall-1.2.0/.github/workflows/build.yml
timewall-1.2.0/.github/workflows/test.yml
timewall-1.2.0/.gitignore
timewall-1.2.0/Cargo.lock
timewall-1.2.0/Cargo.toml
timewall-1.2.0/LICENSE
timewall-1.2.0/README.md
timewall-1.2.0/build.rs
timewall-1.2.0/codecov.yml
timewall-1.2.0/flake.lock
timewall-1.2.0/flake.nix
timewall-1.2.0/justfile
timewall-1.2.0/rustfmt.toml
timewall-1.2.0/src/
timewall-1.2.0/src/actions.rs
timewall-1.2.0/src/cache.rs
timewall-1.2.0/src/cli.rs
timewall-1.2.0/src/config.rs
timewall-1.2.0/src/constants.rs
timewall-1.2.0/src/geo.rs
timewall-1.2.0/src/heif/
timewall-1.2.0/src/heif/convert.rs
timewall-1.2.0/src/heif/mod.rs
timewall-1.2.0/src/heif/read.rs
timewall-1.2.0/src/info.rs
timewall-1.2.0/src/loader.rs
timewall-1.2.0/src/macros.rs
timewall-1.2.0/src/main.rs
timewall-1.2.0/src/schedule/
timewall-1.2.0/src/schedule/appearance.rs
timewall-1.2.0/src/schedule/h24.rs
timewall-1.2.0/src/schedule/mod.rs
timewall-1.2.0/src/schedule/solar.rs
timewall-1.2.0/src/schedule/time.rs
timewall-1.2.0/src/setter.rs
timewall-1.2.0/src/wallpaper/
timewall-1.2.0/src/wallpaper/metadata.rs
timewall-1.2.0/src/wallpaper/mod.rs
timewall-1.2.0/src/wallpaper/properties.rs
timewall-1.2.0/tests/
timewall-1.2.0/tests/clear.rs
timewall-1.2.0/tests/common.rs
timewall-1.2.0/tests/error.rs
timewall-1.2.0/tests/examples/
timewall-1.2.0/tests/examples/properties_sun.xml
timewall-1.2.0/tests/examples/properties_time.xml
timewall-1.2.0/tests/examples/sun.heic
timewall-1.2.0/tests/examples/time.heic
timewall-1.2.0/tests/examples/unsupported.jpg
timewall-1.2.0/tests/info.rs
timewall-1.2.0/tests/preview.rs
timewall-1.2.0/tests/set.rs
timewall-1.2.0/tests/unpack.rs
timewall-1.2.0/timewall.service
   Compiling proc-macro2 v1.0.86
   Compiling unicode-ident v1.0.5
   Compiling libc v0.2.137
   Compiling cfg-if v1.0.0
   Compiling version_check v0.9.4
   Compiling autocfg v1.1.0
   Compiling syn v1.0.104
   Compiling serde v1.0.209
   Compiling heck v0.5.0
   Compiling utf8parse v0.2.2
   Compiling anstyle-query v1.1.1
   Compiling anstyle v1.0.0
   Compiling colorchoice v1.0.2
   Compiling memchr v2.5.0
   Compiling is_terminal_polyfill v1.70.1
   Compiling once_cell v1.16.0
   Compiling strsim v0.11.1
   Compiling clap_lex v0.7.2
   Compiling io-lifetimes v1.0.3
   Compiling bitflags v1.3.2
   Compiling crc32fast v1.3.2
   Compiling anstyle-parse v0.2.5
   Compiling rustix v0.36.4
   Compiling adler v1.0.2
   Compiling thiserror v1.0.37
   Compiling anstream v0.6.15
   Compiling dlv-list v0.3.0
   Compiling equivalent v1.0.1
   Compiling linux-raw-sys v0.1.3
   Compiling libheif-sys v1.12.0
   Compiling hashbrown v0.14.0
   Compiling log v0.4.22
   Compiling simd-adler32 v0.3.5
   Compiling miniz_oxide v0.5.4
   Compiling regex-syntax v0.6.28
   Compiling anyhow v1.0.86
   Compiling winnow v0.6.5
   Compiling clap_builder v4.5.13
   Compiling ahash v0.7.6
   Compiling num-traits v0.2.15
   Compiling indexmap v1.9.1
   Compiling safemem v0.3.3
   Compiling option-ext v0.2.0
   Compiling time-core v0.1.0
   Compiling itoa v1.0.4
   Compiling fdeflate v0.3.4
   Compiling line-wrap v0.1.1
   Compiling miniz_oxide v0.7.1
   Compiling iana-time-zone v0.1.53
   Compiling either v1.8.0
   Compiling aho-corasick v0.7.19
   Compiling time v0.3.17
   Compiling flate2 v1.0.24
   Compiling quick-xml v0.30.0
   Compiling termcolor v1.1.3
   Compiling quote v1.0.36
   Compiling indexmap v2.0.0
   Compiling syn v2.0.72
   Compiling humantime v2.1.0
   Compiling base64 v0.21.7
   Compiling png v0.17.13
   Compiling itertools v0.13.0
   Compiling base64 v0.22.1
   Compiling chrono v0.4.38
   Compiling xml-rs v0.8.21
   Compiling regex v1.7.0
   Compiling sun v0.2.0
   Compiling getrandom v0.2.8
   Compiling dirs-sys v0.3.7
   Compiling hashbrown v0.12.3
   Compiling dirs v4.0.0
   Compiling num_cpus v1.16.0
   Compiling dirs-sys v0.4.1
   Compiling seahash v4.1.0
   Compiling directories v5.0.1
   Compiling threadpool v1.8.1
   Compiling ordered-multimap v0.4.3
   Compiling rust-ini v0.18.0
   Compiling is-terminal v0.4.1
   Compiling env_logger v0.10.2
   Compiling thiserror-impl v1.0.37
   Compiling enumn v0.1.5
   Compiling libheif-rs v0.15.1
   Compiling enquote v1.1.0
   Compiling wallpape-rs v2.0.0
   Compiling serde_derive v1.0.209
   Compiling clap_derive v4.5.13
   Compiling clap v4.5.13
   Compiling clap_complete v4.5.13
   Compiling clap-verbosity-flag v2.2.1
   Compiling timewall v1.2.0 (/home/omen/GITHUB/One4All_SlackBuild/timewall/work/timewall-1.2.0)
   Compiling serde_spanned v0.6.6
   Compiling toml_datetime v0.6.6
   Compiling ordered-float v4.2.2
   Compiling plist v1.5.1
   Compiling toml_edit v0.22.14
   Compiling toml v0.8.14
    Finished `release` profile [optimized] target(s) in 15.61s
cp: cannot stat 'ABOUT ABOUT-NLS ANNOUNCE AUTHORS *BUGS* ChangeLog Changelog CHANGELOG Changes CHANGES COPYING COPYRIGHT CREDITS CONFIGURATION* CONTRIBUTING* CONTRIBUTORS doc docs* Doc Docs* *FAQ* FEATURES FILES GPL* HACKING History HISTORY index.ht* *INDEX* INSTALL* License* LICENSE* LSM MANIFEST NEWS *README* *Readme* *RELEASE* RELNOTES Roadmap ROADMAP SITES THANKS TIPS TODO VERSION': File name too long

Slackware package maker, version 3.14159265.

Searching for symbolic links:

No symbolic links were found, so we won't make an installation script.
You can make your own later in ./install/doinst.sh and rebuild the
package if you like.

This next step is optional - you can set the directories in your package
to some sane permissions. If any of the directories in your package have
special permissions, then DO NOT reset them here!

Would you like to reset all directory permissions to 755 (drwxr-xr-x) and
directory ownerships to root.root ([y]es, [n]o)? n

Creating Slackware package:  /home/omen/GITHUB/One4All_SlackBuild/timewall/binary-timewall-1.2.0/timewall-1.2.0-x86_64-4_rtz.tlz

./
install/
install/doinst.sh
install/slack-desc
install/slack-required
usr/
usr/bin/
usr/bin/timewall
usr/doc/
usr/doc/timewall-1.2.0/
usr/doc/timewall-1.2.0/timewall.SlackBuild
usr/share/
usr/share/bash-completion/
usr/share/bash-completion/completions/
usr/share/bash-completion/completions/timewall.bash
usr/share/doc/
usr/share/doc/timewall/
usr/share/doc/timewall/LICENSE
usr/share/doc/timewall/README.md
usr/share/fish/
usr/share/fish/vendor_completions.d/
usr/share/fish/vendor_completions.d/timewall.fish
usr/share/zsh/
usr/share/zsh/site-functions/
usr/share/zsh/site-functions/_timewall

Slackware package /home/omen/GITHUB/One4All_SlackBuild/timewall/binary-timewall-1.2.0/timewall-1.2.0-x86_64-4_rtz.tlz created.


+==============================================================================
| Upgrading timewall-1.2.0-x86_64-3_rtz package using /home/omen/GITHUB/One4All_SlackBuild/timewall/binary-timewall-1.2.0/timewall-1.2.0-x86_64-4_rtz.tlz
+==============================================================================
Pre-installing package timewall-1.2.0-x86_64-4_rtz...
Removing package: timewall-1.2.0-x86_64-3_rtz-upgraded-2024-09-17,15:42:13
Verifying package timewall-1.2.0-x86_64-4_rtz.tlz.
Installing package timewall-1.2.0-x86_64-4_rtz.tlz:
PACKAGE DESCRIPTION:
# timewall (Apple dynamic HEIF wallpapers)
#
# Apple dynamic HEIF wallpapers on GNU/Linux.Support for original
# HEIF/HEIC dynamic wallpaper files used in MacOS.Support for all
# schedule types: sun position based, time based, dark/light mode.Set
# wallpaper once and continuously (daemon mode).Preview wallpaper
# changes.Display wallpaper metadata.Extract all images and metadata
# as XML.
#
# Homepage:https://github.com/bcyran/timewall
Executing install script for timewall-1.2.0-x86_64-4_rtz.tlz.
Font directories:
	/usr/share/fonts
/usr/share/fonts: caching, new cache contents: 0 fonts, 13 dirs
/usr/share/fonts/100dpi: caching, new cache contents: 398 fonts, 0 dirs
/usr/share/fonts/75dpi: caching, new cache contents: 398 fonts, 0 dirs
/usr/share/fonts/OTF: caching, new cache contents: 167 fonts, 0 dirs
/usr/share/fonts/Speedo: caching, new cache contents: 0 fonts, 0 dirs
/usr/share/fonts/TTF: caching, new cache contents: 473 fonts, 3 dirs
/usr/share/fonts/TTF/cantarell: caching, new cache contents: 6 fonts, 0 dirs
/usr/share/fonts/TTF/oxygen: caching, new cache contents: 3 fonts, 0 dirs
/usr/share/fonts/TTF/static: caching, new cache contents: 36 fonts, 0 dirs
/usr/share/fonts/Type1: caching, new cache contents: 64 fonts, 0 dirs
/usr/share/fonts/cyrillic: caching, new cache contents: 0 fonts, 0 dirs
/usr/share/fonts/encodings: caching, new cache contents: 0 fonts, 1 dirs
/usr/share/fonts/encodings/large: caching, new cache contents: 0 fonts, 0 dirs
/usr/share/fonts/kanjistrokeorders: caching, new cache contents: 1 fonts, 0 dirs
/usr/share/fonts/misc: caching, new cache contents: 144 fonts, 0 dirs
/usr/share/fonts/opentype: caching, new cache contents: 0 fonts, 1 dirs
/usr/share/fonts/opentype/fira: caching, new cache contents: 97 fonts, 0 dirs
/usr/share/fonts/truetype: caching, new cache contents: 0 fonts, 1 dirs
/usr/share/fonts/truetype/roboto-slab: caching, new cache contents: 4 fonts, 0 dirs
/usr/share/fonts/util: caching, new cache contents: 0 fonts, 0 dirs
/var/cache/fontconfig: cleaning cache directory
/root/.cache/fontconfig: not cleaning non-existent cache directory
/root/.fontconfig: not cleaning non-existent cache directory
/usr/bin/fc-cache: succeeded
Package timewall-1.2.0-x86_64-4_rtz.tlz installed.
Package timewall-1.2.0-x86_64-3_rtz upgraded with new package /home/omen/GITHUB/One4All_SlackBuild/timewall/binary-timewall-1.2.0/timewall-1.2.0-x86_64-4_rtz.tlz.
Build process completed in 0 minutes and 24 seconds.
