Log file is located at /home/omen/GITHUB/One4All_SlackBuild/inxifetch/build.log
Starting build process...
--2024-09-19 14:36:19--  https://github.com/rizitis/inxifetch/archive/refs/tags/2024.07.191.tar.gz
Resolving github.com (github.com)... 140.82.121.3
Connecting to github.com (github.com)|140.82.121.3|:443... connected.
HTTP request sent, awaiting response... 302 Found
Location: https://codeload.github.com/rizitis/inxifetch/tar.gz/refs/tags/2024.07.191 [following]
--2024-09-19 14:36:20--  https://codeload.github.com/rizitis/inxifetch/tar.gz/refs/tags/2024.07.191
Resolving codeload.github.com (codeload.github.com)... 140.82.121.9
Connecting to codeload.github.com (codeload.github.com)|140.82.121.9|:443... connected.
HTTP request sent, awaiting response... 200 OK
Length: unspecified [application/x-gzip]
Saving to: ‘inxifetch-2024.07.191.tar.gz’

     0K .......... .......... .......... .......... ..........  435K
    50K .......... .......... .......... .......... ..........  855K
   100K .......... .......... .......... .......... .......... 5.27M
   150K .......... .......... .......... .......... .......... 5.23M
   200K .......... .......... .......... .......... .......... 1.06M
   250K .......... .......... .......... .......... .......... 5.27M
   300K .......... .......... .......... .......... .......... 6.36M
   350K .......... .......... .......... .......... ..........  629K
   400K .......... .......... .......... .......... .......... 3.61M
   450K .......... .......... .......... .......... ..........  149M
   500K .......... .......... .......... .......... ..........  132M
   550K .......... .......... .......... .......... .......... 1.60M
   600K .......... .......... .......... .......... .......... 10.2M
   650K .......... .......... .......... .......... .......... 19.4M
   700K .......... .......... .......... .......... .......... 11.0M
   750K .......... .......... .......... .......... .......... 79.8M
   800K .......... .......... .......... .......... .......... 99.3M
   850K .......... .......... .......... .......... .......... 8.26M
   900K .......... .......... .......... .......... .......... 4.00M
   950K .......... .......... .......... .......... .......... 3.00M
  1000K .......... .......... .......... .......... .......... 4.28M
  1050K .......... .......... .......... .......... .......... 5.42M
  1100K .......... .......... .......... .......... .......... 5.29M
  1150K .......... .......... .......... .......... .......... 5.79M
  1200K .......... .......... .......... .......... .......... 3.09M
  1250K .......... .......... .......... .......... .......... 3.64M
  1300K .......... .......... .......... .......... .......... 5.16M
  1350K .......... .......... .......... .......... .......... 4.89M
  1400K .......... .......... .......... .......... .......... 6.92M
  1450K .......... .......... .......... .......... .......... 3.91M
  1500K .......... .......... .......... .......... .......... 3.07M
  1550K .......... .......... .......... .......... .......... 4.86M
  1600K .......... .......... .......... .......... .......... 5.01M
  1650K .......... .......... .......... .......... .......... 5.29M
  1700K .......... .......... .......... .......... .......... 4.68M
  1750K .......... .......... .......... .......... .......... 3.92M
  1800K .......... .......... .......... .......... .......... 3.71M
  1850K .......... .......... ..........                       6.25M=0.6s

2024-09-19 14:36:21 (2.97 MB/s) - ‘inxifetch-2024.07.191.tar.gz’ saved [1925939]

inxifetch-2024.07.191/
inxifetch-2024.07.191/1.png
inxifetch-2024.07.191/2.png
inxifetch-2024.07.191/3.png
inxifetch-2024.07.191/4.png
inxifetch-2024.07.191/5.png
inxifetch-2024.07.191/LICENSE
inxifetch-2024.07.191/README.md
inxifetch-2024.07.191/a.png
inxifetch-2024.07.191/b.png
inxifetch-2024.07.191/c.png
inxifetch-2024.07.191/d.png
inxifetch-2024.07.191/inxifetch
inxifetch-2024.07.191/inxifetch.conf
inxifetch-2024.07.191/slint.png
inxifetch-2024.07.191/ubuntu1.png
inxifetch-2024.07.191/ubuntu2.png
inxifetch-2024.07.191/ubuntu3.png
cp: cannot stat '/home/omen/GITHUB/One4All_SlackBuild/inxifetch/work/ABOUT ABOUT-NLS ANNOUNCE AUTHORS *BUGS* ChangeLog Changelog CHANGELOG Changes CHANGES COPYING COPYRIGHT CREDITS CONFIGURATION* CONTRIBUTING* CONTRIBUTORS doc docs* Doc Docs* *FAQ* FEATURES FILES GPL* HACKING History HISTORY index.ht* *INDEX* INSTALL* License* LICENSE* LSM MANIFEST NEWS *README* *Readme* *RELEASE* RELNOTES Roadmap ROADMAP SITES THANKS TIPS TODO VERSION': File name too long

Slackware package maker, version 3.14159265.

Searching for symbolic links:

No symbolic links were found, so we won't make an installation script.
You can make your own later in ./install/doinst.sh and rebuild the
package if you like.

This next step is optional - you can set the directories in your package
to some sane permissions. If any of the directories in your package have
special permissions, then DO NOT reset them here!

Would you like to reset all directory permissions to 755 (drwxr-xr-x) and
directory ownerships to root.root ([y]es, [n]o)? n

Creating Slackware package:  /home/omen/GITHUB/One4All_SlackBuild/inxifetch/binary-inxifetch-2024.07.191/inxifetch-2024.07.191-x86_64-1_rtz.tlz

./
etc/
etc/inxifetch/
etc/inxifetch/inxifetch.conf
install/
install/doinst.sh
install/slack-desc
usr/
usr/doc/
usr/doc/inxifetch-2024.07.191/
usr/doc/inxifetch-2024.07.191/inxifetch.SlackBuild
usr/local/
usr/local/bin/
usr/local/bin/inxifetch

Slackware package /home/omen/GITHUB/One4All_SlackBuild/inxifetch/binary-inxifetch-2024.07.191/inxifetch-2024.07.191-x86_64-1_rtz.tlz created.

Build process completed in 0 minutes and 3 seconds.
