Log file is located at /home/omen/GITHUB/One4All_SlackBuild/gpu-screen-recorder/build.log
Starting build process...
--2024-11-05 13:12:10--  https://dec05eba.com/snapshot/gpu-screen-recorder.git.r876.030947e.tar.gz
Resolving dec05eba.com (dec05eba.com)... 77.53.97.52
Connecting to dec05eba.com (dec05eba.com)|77.53.97.52|:443... connected.
HTTP request sent, awaiting response... 200 OK
Length: 226233 (221K) [application/gzip]
Saving to: ‘gpu-screen-recorder-r876.030947e.tar.gz’

     0K .......... .......... .......... .......... .......... 22%  572K 0s
    50K .......... .......... .......... .......... .......... 45%  599K 0s
   100K .......... .......... .......... .......... .......... 67% 7.01M 0s
   150K .......... .......... .......... .......... .......... 90% 5.30M 0s
   200K .......... ..........                                 100%  876K=0.2s

2024-11-05 13:12:11 (1.02 MB/s) - ‘gpu-screen-recorder-r876.030947e.tar.gz’ saved [226233/226233]

.gitignore
LICENSE
README.md
TODO
external/
external/NvFBC.h
external/nvEncodeAPI.h
extra/
extra/gpu-screen-recorder.env
extra/gpu-screen-recorder.service
extra/gsr-nvidia.conf
extra/meson_post_install.sh
include/
include/capture/
include/capture/capture.h
include/capture/kms.h
include/capture/nvfbc.h
include/capture/portal.h
include/capture/xcomposite.h
include/codec_query/
include/codec_query/codec_query.h
include/codec_query/nvenc.h
include/codec_query/vaapi.h
include/codec_query/vulkan.h
include/color_conversion.h
include/cuda.h
include/cursor.h
include/damage.h
include/dbus.h
include/defs.h
include/egl.h
include/encoder/
include/encoder/video/
include/encoder/video/nvenc.h
include/encoder/video/software.h
include/encoder/video/vaapi.h
include/encoder/video/video.h
include/encoder/video/vulkan.h
include/library_loader.h
include/overclock.h
include/pipewire.h
include/shader.h
include/sound.hpp
include/utils.h
include/vec2.h
include/window_texture.h
include/xnvctrl.h
install.sh
kms/
kms/client/
kms/client/kms_client.c
kms/client/kms_client.h
kms/kms_shared.h
kms/server/
kms/server/.gitignore
kms/server/kms_server.c
kms/server/project.conf
meson.build
meson_options.txt
project.conf
scripts/
scripts/interactive.sh
scripts/list-sinks.sh
scripts/record-application-name.sh
scripts/record-save-application-name.sh
scripts/replay-application-name.sh
scripts/save-recording.sh
scripts/save-replay.sh
scripts/start-recording.sh
scripts/start-replay.sh
scripts/start-stop-recording.sh
scripts/stop-replay.sh
scripts/toggle-recording-selected.sh
scripts/twitch-stream-local-copy.sh
scripts/twitch-stream.sh
scripts/youtube-hls-stream.sh
src/
src/capture/
src/capture/capture.c
src/capture/kms.c
src/capture/nvfbc.c
src/capture/portal.c
src/capture/xcomposite.c
src/codec_query/
src/codec_query/nvenc.c
src/codec_query/vaapi.c
src/codec_query/vulkan.c
src/color_conversion.c
src/cuda.c
src/cursor.c
src/damage.c
src/dbus.c
src/egl.c
src/encoder/
src/encoder/video/
src/encoder/video/nvenc.c
src/encoder/video/software.c
src/encoder/video/vaapi.c
src/encoder/video/video.c
src/encoder/video/vulkan.c
src/library_loader.c
src/main.cpp
src/overclock.c
src/pipewire.c
src/shader.c
src/sound.cpp
src/utils.c
src/window_texture.c
src/xnvctrl.c
study/
study/color_space_transform_matrix.png
study/create_matrix.py
uninstall.sh
BIN_PKG = YES
hm...lets continiue and see what happens
The Meson build system
Version: 1.6.0
Source dir: /home/omen/GITHUB/One4All_SlackBuild/gpu-screen-recorder/work
Build dir: /home/omen/GITHUB/One4All_SlackBuild/gpu-screen-recorder/work/build
Build type: native build
Project name: gpu-screen-recorder
Project version: 4.2.6
C compiler for the host machine: ccache cc (gcc 14.2.0 "cc (GCC) 14.2.0")
C linker for the host machine: cc ld.bfd 2.43.1-slack151
C++ compiler for the host machine: ccache c++ (gcc 14.2.0 "c++ (GCC) 14.2.0")
C++ linker for the host machine: c++ ld.bfd 2.43.1-slack151
Host machine cpu family: x86_64
Host machine cpu: x86_64
Run-time dependency threads found: YES
Found pkg-config: YES (/usr/bin/pkg-config) 0.29.2
Run-time dependency libavcodec found: YES 61.19.100
Run-time dependency libavformat found: YES 61.7.100
Run-time dependency libavutil found: YES 59.39.100
Run-time dependency x11 found: YES 1.8.10
Run-time dependency xcomposite found: YES 0.4.6
Run-time dependency xrandr found: YES 1.5.4
Run-time dependency xfixes found: YES 6.0.1
Run-time dependency xdamage found: YES 1.1.6
Run-time dependency libpulse found: YES 17.0
Run-time dependency libswresample found: YES 5.3.100
Run-time dependency libavfilter found: YES 10.4.100
Run-time dependency libva found: YES 1.22.0
Run-time dependency libva-drm found: YES 1.22.0
Run-time dependency libcap found: YES 2.71
Run-time dependency libdrm found: YES 2.4.123
Run-time dependency wayland-egl found: YES 18.1.0
Run-time dependency wayland-client found: YES 1.23.1
Run-time dependency dbus-1 found: YES 1.14.10
Run-time dependency libpipewire-0.3 found: YES 1.2.6
Run-time dependency libspa-0.2 found: YES 0.2
Dependency libdrm found: YES 2.4.123 (cached)
Build targets in project: 2

gpu-screen-recorder 4.2.6

  User defined options
    buildtype    : release
    infodir      : /usr/info
    libdir       : /usr/lib64
    localstatedir: /var
    mandir       : /usr/man
    prefix       : /usr
    strip        : true
    sysconfdir   : /etc
    systemd      : false

Found ninja-1.12.1 at /usr/bin/ninja
WARNING: Running the setup command as `meson [options]` instead of `meson setup [options]` is ambiguous and deprecated.
[1/32] Compiling C object gpu-screen-recorder.p/src_encoder_video_video.c.o
[2/32] Compiling C object gsr-kms-server.p/kms_server_kms_server.c.o
[3/32] Compiling C object gpu-screen-recorder.p/kms_client_kms_client.c.o
../kms/client/kms_client.c: In function ‘gsr_kms_client_init’:
../kms/client/kms_client.c:298:65: warning: ‘%s’ directive output may be truncated writing up to 4095 bytes into a region of size 108 [-Wformat-truncation=]
  298 |     snprintf(local_addr.sun_path, sizeof(local_addr.sun_path), "%s", (const char*)self->initial_socket_path);
      |                                                                 ^~
../kms/client/kms_client.c:298:5: note: ‘snprintf’ output between 1 and 4096 bytes into a destination of size 108
  298 |     snprintf(local_addr.sun_path, sizeof(local_addr.sun_path), "%s", (const char*)self->initial_socket_path);
      |     ^~~~~~~~~~~~~~~~~~~~~~~~~~~~~~~~~~~~~~~~~~~~~~~~~~~~~~~~~~~~~~~~~~~~~~~~~~~~~~~~~~~~~~~~~~~~~~~~~~~~~~~~
[4/32] Compiling C object gpu-screen-recorder.p/src_capture_xcomposite.c.o
[5/32] Compiling C object gpu-screen-recorder.p/src_capture_kms.c.o
[6/32] Compiling C object gpu-screen-recorder.p/src_encoder_video_nvenc.c.o
../src/encoder/video/nvenc.c: In function ‘gsr_video_encoder_nvenc_copy_textures_to_frame’:
../src/encoder/video/nvenc.c:174:126: warning: unused parameter ‘color_conversion’ [-Wunused-parameter]
  174 | static void gsr_video_encoder_nvenc_copy_textures_to_frame(gsr_video_encoder *encoder, AVFrame *frame, gsr_color_conversion *color_conversion) {
      |                                                                                                        ~~~~~~~~~~~~~~~~~~~~~~^~~~~~~~~~~~~~~~
[7/32] Compiling C object gpu-screen-recorder.p/src_capture_capture.c.o
[8/32] Compiling C object gpu-screen-recorder.p/src_capture_nvfbc.c.o
[9/32] Compiling C object gpu-screen-recorder.p/src_encoder_video_vaapi.c.o
[10/32] Compiling C object gpu-screen-recorder.p/src_codec_query_nvenc.c.o
[11/32] Compiling C object gpu-screen-recorder.p/src_codec_query_vaapi.c.o
[12/32] Compiling C object gpu-screen-recorder.p/src_codec_query_vulkan.c.o
../src/codec_query/vulkan.c: In function ‘gsr_get_supported_video_codecs_vulkan’:
../src/codec_query/vulkan.c:24:98: warning: unused parameter ‘card_path’ [-Wunused-parameter]
   24 | bool gsr_get_supported_video_codecs_vulkan(gsr_supported_video_codecs *video_codecs, const char *card_path, bool cleanup) {
      |                                                                                      ~~~~~~~~~~~~^~~~~~~~~
../src/codec_query/vulkan.c:24:114: warning: unused parameter ‘cleanup’ [-Wunused-parameter]
   24 | bool gsr_get_supported_video_codecs_vulkan(gsr_supported_video_codecs *video_codecs, const char *card_path, bool cleanup) {
      |                                                                                                                  ^
../src/codec_query/vulkan.c: At top level:
../src/codec_query/vulkan.c:22:12: warning: ‘num_required_device_extensions’ defined but not used [-Wunused-variable]
   22 | static int num_required_device_extensions = 8;
      |            ^~~~~~~~~~~~~~~~~~~~~~~~~~~~~~
../src/codec_query/vulkan.c:12:20: warning: ‘required_device_extensions’ defined but not used [-Wunused-variable]
   12 | static const char *required_device_extensions[] = {
      |                    ^~~~~~~~~~~~~~~~~~~~~~~~~~
[13/32] Compiling C object gpu-screen-recorder.p/src_egl.c.o
[14/32] Compiling C object gpu-screen-recorder.p/src_cuda.c.o
[15/32] Compiling C object gpu-screen-recorder.p/src_xnvctrl.c.o
[16/32] Compiling C object gpu-screen-recorder.p/src_shader.c.o
[17/32] Compiling C object gpu-screen-recorder.p/src_encoder_video_vulkan.c.o
../src/encoder/video/vulkan.c: In function ‘nop_free’:
../src/encoder/video/vulkan.c:192:28: warning: unused parameter ‘opaque’ [-Wunused-parameter]
  192 | static void nop_free(void *opaque, uint8_t *data) {
      |                      ~~~~~~^~~~~~
../src/encoder/video/vulkan.c:192:45: warning: unused parameter ‘data’ [-Wunused-parameter]
  192 | static void nop_free(void *opaque, uint8_t *data) {
      |                                    ~~~~~~~~~^~~~
../src/encoder/video/vulkan.c: At top level:
../src/encoder/video/vulkan.c:192:13: warning: ‘nop_free’ defined but not used [-Wunused-function]
  192 | static void nop_free(void *opaque, uint8_t *data) {
      |             ^~~~~~~~
[18/32] Compiling C object gpu-screen-recorder.p/src_encoder_video_software.c.o
../src/encoder/video/software.c: In function ‘gsr_video_encoder_software_copy_textures_to_frame’:
../src/encoder/video/software.c:87:129: warning: unused parameter ‘color_conversion’ [-Wunused-parameter]
   87 | static void gsr_video_encoder_software_copy_textures_to_frame(gsr_video_encoder *encoder, AVFrame *frame, gsr_color_conversion *color_conversion) {
      |                                                                                                           ~~~~~~~~~~~~~~~~~~~~~~^~~~~~~~~~~~~~~~
[19/32] Compiling C object gpu-screen-recorder.p/src_overclock.c.o
[20/32] Compiling C object gpu-screen-recorder.p/src_window_texture.c.o
[21/32] Compiling C object gpu-screen-recorder.p/src_color_conversion.c.o
[22/32] Compiling C object gpu-screen-recorder.p/src_damage.c.o
[23/32] Compiling C object gpu-screen-recorder.p/src_utils.c.o
[24/32] Compiling C object gpu-screen-recorder.p/src_cursor.c.o
[25/32] Compiling C object gpu-screen-recorder.p/src_library_loader.c.o
[26/32] Compiling C object gpu-screen-recorder.p/src_dbus.c.o
[27/32] Compiling C++ object gpu-screen-recorder.p/src_sound.cpp.o
[28/32] Compiling C++ object gpu-screen-recorder.p/src_main.cpp.o
../src/main.cpp: In function ‘std::vector<MergedAudioInputs> parse_audio_inputs(const AudioDevices&, const Arg&, bool&)’:
../src/main.cpp:2308:33: warning: declaration of ‘audio_input’ shadows a previous local [-Wshadow]
 2308 |                 for(const auto &audio_input : audio_devices.audio_inputs) {
      |                                 ^~~~~~~~~~~
../src/main.cpp:2270:21: note: shadowed declaration is here
 2270 |     for(const char *audio_input : audio_input_arg.values) {
      |                     ^~~~~~~~~~~
[29/32] Compiling C object gpu-screen-recorder.p/src_capture_portal.c.o
[30/32] Compiling C object gpu-screen-recorder.p/src_pipewire.c.o
[31/32] Linking target gsr-kms-server
[32/32] Linking target gpu-screen-recorder
[0/1] Installing files.
/home/omen/GITHUB/One4All_SlackBuild/gpu-screen-recorder/work/extra/meson_post_install.sh: line 4: /usr/sbin/setcap: No such file or directory
\n!!! Please re-run install as root\n
Installing gsr-kms-server to /home/omen/GITHUB/One4All_SlackBuild/gpu-screen-recorder/package-gpu-screen-recorder/usr/bin
Stripping target 'gsr-kms-server'.
Installing gpu-screen-recorder to /home/omen/GITHUB/One4All_SlackBuild/gpu-screen-recorder/package-gpu-screen-recorder/usr/bin
Stripping target 'gpu-screen-recorder'.
Installing /home/omen/GITHUB/One4All_SlackBuild/gpu-screen-recorder/work/extra/gsr-nvidia.conf to /home/omen/GITHUB/One4All_SlackBuild/gpu-screen-recorder/package-gpu-screen-recorder/usr/lib/modprobe.d
Running custom install script '/home/omen/GITHUB/One4All_SlackBuild/gpu-screen-recorder/work/extra/meson_post_install.sh'
cp: cannot stat 'ABOUT AUTHORS *BUGS* ChangeLog CHANGELOG COPYING COPYRIGHT CREDITS CONFIGURATION* CONTRIBUTING* CONTRIBUTORS *FAQ* FEATURES HACKING History HISTORY *INDEX* INSTALL* License* LICENSE* MANIFEST NEWS *README* *Readme* *RELEASE* SITES THANKS TODO VERSION': No such file or directory

Slackware package maker, version 3.14159265.

Searching for symbolic links:

No symbolic links were found, so we won't make an installation script.
You can make your own later in ./install/doinst.sh and rebuild the
package if you like.

This next step is optional - you can set the directories in your package
to some sane permissions. If any of the directories in your package have
special permissions, then DO NOT reset them here!

Would you like to reset all directory permissions to 755 (drwxr-xr-x) and
directory ownerships to root.root ([y]es, [n]o)? n


Creating Slackware package:  /home/omen/GITHUB/One4All_SlackBuild/gpu-screen-recorder/binary-gpu-screen-recorder-r876.030947e/gpu-screen-recorder-r876.030947e-x86_64-1_rtz.tlz

./
install/
install/doinst.sh
install/slack-desc
usr/
usr/bin/
usr/bin/gpu-screen-recorder
usr/bin/gsr-kms-server
usr/doc/
usr/doc/gpu-screen-recorder-r876.030947e/
usr/doc/gpu-screen-recorder-r876.030947e/gpu-screen-recorder.SlackBuild
usr/lib/
usr/lib/modprobe.d/
usr/lib/modprobe.d/gsr-nvidia.conf

Slackware package /home/omen/GITHUB/One4All_SlackBuild/gpu-screen-recorder/binary-gpu-screen-recorder-r876.030947e/gpu-screen-recorder-r876.030947e-x86_64-1_rtz.tlz created.


+==============================================================================
| Upgrading gpu-screen-recorder-r876.030947e-x86_64-1_rtz package using /home/omen/GITHUB/One4All_SlackBuild/gpu-screen-recorder/binary-gpu-screen-recorder-r876.030947e/gpu-screen-recorder-r876.030947e-x86_64-1_rtz.tlz
+==============================================================================
Pre-installing package gpu-screen-recorder-r876.030947e-x86_64-1_rtz...
Removing package: gpu-screen-recorder-r876.030947e-x86_64-1_rtz-upgraded-2024-11-05,13:12:14
Verifying package gpu-screen-recorder-r876.030947e-x86_64-1_rtz.tlz.
Installing package gpu-screen-recorder-r876.030947e-x86_64-1_rtz.tlz:
PACKAGE DESCRIPTION:
# gpu-screen-recorder (screen recorder for Linux)
#
# A shadowplay-like screen recorder for Linux. The fastest screen
# recorder for Linux
#
# https://git.dec05eba.com/gpu-screen-recorder
Executing install script for gpu-screen-recorder-r876.030947e-x86_64-1_rtz.tlz.
Font directories:
	/usr/share/fonts
/usr/share/fonts: caching, new cache contents: 0 fonts, 11 dirs
/usr/share/fonts/100dpi: caching, new cache contents: 398 fonts, 0 dirs
/usr/share/fonts/75dpi: caching, new cache contents: 398 fonts, 0 dirs
/usr/share/fonts/OTF: caching, new cache contents: 72 fonts, 0 dirs
/usr/share/fonts/Speedo: caching, new cache contents: 0 fonts, 0 dirs
/usr/share/fonts/TTF: caching, new cache contents: 473 fonts, 3 dirs
/usr/share/fonts/TTF/cantarell: caching, new cache contents: 6 fonts, 0 dirs
/usr/share/fonts/TTF/oxygen: caching, new cache contents: 3 fonts, 0 dirs
/usr/share/fonts/TTF/static: caching, new cache contents: 36 fonts, 0 dirs
/usr/share/fonts/Type1: caching, new cache contents: 64 fonts, 0 dirs
/usr/share/fonts/cyrillic: caching, new cache contents: 0 fonts, 0 dirs
/usr/share/fonts/encodings: caching, new cache contents: 0 fonts, 1 dirs
/usr/share/fonts/encodings/large: caching, new cache contents: 0 fonts, 0 dirs
/usr/share/fonts/kanjistrokeorders: caching, new cache contents: 1 fonts, 0 dirs
/usr/share/fonts/misc: caching, new cache contents: 144 fonts, 0 dirs
/usr/share/fonts/util: caching, new cache contents: 0 fonts, 0 dirs
/var/cache/fontconfig: cleaning cache directory
/root/.cache/fontconfig: not cleaning non-existent cache directory
/root/.fontconfig: not cleaning non-existent cache directory
/usr/bin/fc-cache: succeeded
Package gpu-screen-recorder-r876.030947e-x86_64-1_rtz.tlz installed.
Package gpu-screen-recorder-r876.030947e-x86_64-1_rtz upgraded with new package /home/omen/GITHUB/One4All_SlackBuild/gpu-screen-recorder/binary-gpu-screen-recorder-r876.030947e/gpu-screen-recorder-r876.030947e-x86_64-1_rtz.tlz.
Build process completed in 0 minutes and 7 seconds.
