
Tue Oct  1 19:49:50 EEST 2024 Anagnostakis Ioannis (rizitis@gmail.com) GR
Slackware package maker, version 3.14159265.

Searching for symbolic links:
usr/doc/plymouth-24.004.60/build/src/client/libply-boot-client.so	libply-boot-client.so.5
usr/doc/plymouth-24.004.60/build/src/client/libply-boot-client.so.5	libply-boot-client.so.5.0.0
usr/doc/plymouth-24.004.60/build/src/libply-splash-core/libply-splash-core.so	libply-splash-core.so.5
usr/doc/plymouth-24.004.60/build/src/libply-splash-core/libply-splash-core.so.5	libply-splash-core.so.5.0.0
usr/doc/plymouth-24.004.60/build/src/libply-splash-graphics/libply-splash-graphics.so	libply-splash-graphics.so.5
usr/doc/plymouth-24.004.60/build/src/libply-splash-graphics/libply-splash-graphics.so.5	libply-splash-graphics.so.5.0.0
usr/doc/plymouth-24.004.60/build/src/libply/libply.so	libply.so.5
usr/doc/plymouth-24.004.60/build/src/libply/libply.so.5	libply.so.5.0.0
usr/lib64/libply-boot-client.so	libply-boot-client.so.5
usr/lib64/libply-boot-client.so.5	libply-boot-client.so.5.0.0
usr/lib64/libply-splash-core.so	libply-splash-core.so.5
usr/lib64/libply-splash-core.so.5	libply-splash-core.so.5.0.0
usr/lib64/libply-splash-graphics.so	libply-splash-graphics.so.5
usr/lib64/libply-splash-graphics.so.5	libply-splash-graphics.so.5.0.0
usr/lib64/libply.so	libply.so.5
usr/lib64/libply.so.5	libply.so.5.0.0
usr/share/plymouth/themes/spinfinity/header-image.png	/usr/share/plymouth/bizcom.png

Making symbolic link creation script:
( cd usr/doc/plymouth-24.004.60/build/src/client ; rm -rf libply-boot-client.so )
( cd usr/doc/plymouth-24.004.60/build/src/client ; ln -sf libply-boot-client.so.5 libply-boot-client.so )
( cd usr/doc/plymouth-24.004.60/build/src/client ; rm -rf libply-boot-client.so.5 )
( cd usr/doc/plymouth-24.004.60/build/src/client ; ln -sf libply-boot-client.so.5.0.0 libply-boot-client.so.5 )
( cd usr/doc/plymouth-24.004.60/build/src/libply-splash-core ; rm -rf libply-splash-core.so )
( cd usr/doc/plymouth-24.004.60/build/src/libply-splash-core ; ln -sf libply-splash-core.so.5 libply-splash-core.so )
( cd usr/doc/plymouth-24.004.60/build/src/libply-splash-core ; rm -rf libply-splash-core.so.5 )
( cd usr/doc/plymouth-24.004.60/build/src/libply-splash-core ; ln -sf libply-splash-core.so.5.0.0 libply-splash-core.so.5 )
( cd usr/doc/plymouth-24.004.60/build/src/libply-splash-graphics ; rm -rf libply-splash-graphics.so )
( cd usr/doc/plymouth-24.004.60/build/src/libply-splash-graphics ; ln -sf libply-splash-graphics.so.5 libply-splash-graphics.so )
( cd usr/doc/plymouth-24.004.60/build/src/libply-splash-graphics ; rm -rf libply-splash-graphics.so.5 )
( cd usr/doc/plymouth-24.004.60/build/src/libply-splash-graphics ; ln -sf libply-splash-graphics.so.5.0.0 libply-splash-graphics.so.5 )
( cd usr/doc/plymouth-24.004.60/build/src/libply ; rm -rf libply.so )
( cd usr/doc/plymouth-24.004.60/build/src/libply ; ln -sf libply.so.5 libply.so )
( cd usr/doc/plymouth-24.004.60/build/src/libply ; rm -rf libply.so.5 )
( cd usr/doc/plymouth-24.004.60/build/src/libply ; ln -sf libply.so.5.0.0 libply.so.5 )
( cd usr/lib64 ; rm -rf libply-boot-client.so )
( cd usr/lib64 ; ln -sf libply-boot-client.so.5 libply-boot-client.so )
( cd usr/lib64 ; rm -rf libply-boot-client.so.5 )
( cd usr/lib64 ; ln -sf libply-boot-client.so.5.0.0 libply-boot-client.so.5 )
( cd usr/lib64 ; rm -rf libply-splash-core.so )
( cd usr/lib64 ; ln -sf libply-splash-core.so.5 libply-splash-core.so )
( cd usr/lib64 ; rm -rf libply-splash-core.so.5 )
( cd usr/lib64 ; ln -sf libply-splash-core.so.5.0.0 libply-splash-core.so.5 )
( cd usr/lib64 ; rm -rf libply-splash-graphics.so )
( cd usr/lib64 ; ln -sf libply-splash-graphics.so.5 libply-splash-graphics.so )
( cd usr/lib64 ; rm -rf libply-splash-graphics.so.5 )
( cd usr/lib64 ; ln -sf libply-splash-graphics.so.5.0.0 libply-splash-graphics.so.5 )
( cd usr/lib64 ; rm -rf libply.so )
( cd usr/lib64 ; ln -sf libply.so.5 libply.so )
( cd usr/lib64 ; rm -rf libply.so.5 )
( cd usr/lib64 ; ln -sf libply.so.5.0.0 libply.so.5 )
( cd usr/share/plymouth/themes/spinfinity ; rm -rf header-image.png )
( cd usr/share/plymouth/themes/spinfinity ; ln -sf /usr/share/plymouth/bizcom.png header-image.png )

Unless your existing installation script already contains the code
to create these links, you should append these lines to your existing
install script. Now's your chance. :^)

Would you like to add this stuff to the existing install script and
remove the symbolic links ([y]es, [n]o)? y


Removing symbolic links:
removed './usr/lib64/libply.so.5'
removed './usr/lib64/libply-splash-graphics.so.5'
removed './usr/lib64/libply-splash-core.so.5'
removed './usr/lib64/libply.so'
removed './usr/lib64/libply-boot-client.so.5'
removed './usr/lib64/libply-boot-client.so'
removed './usr/lib64/libply-splash-core.so'
removed './usr/lib64/libply-splash-graphics.so'
removed './usr/doc/plymouth-24.004.60/build/src/libply-splash-graphics/libply-splash-graphics.so.5'
removed './usr/doc/plymouth-24.004.60/build/src/libply-splash-graphics/libply-splash-graphics.so'
removed './usr/doc/plymouth-24.004.60/build/src/libply-splash-core/libply-splash-core.so.5'
removed './usr/doc/plymouth-24.004.60/build/src/libply-splash-core/libply-splash-core.so'
removed './usr/doc/plymouth-24.004.60/build/src/client/libply-boot-client.so.5'
removed './usr/doc/plymouth-24.004.60/build/src/client/libply-boot-client.so'
removed './usr/doc/plymouth-24.004.60/build/src/libply/libply.so.5'
removed './usr/doc/plymouth-24.004.60/build/src/libply/libply.so'
removed './usr/share/plymouth/themes/spinfinity/header-image.png'

Updating your ./install/doinst.sh...

This next step is optional - you can set the directories in your package
to some sane permissions. If any of the directories in your package have
special permissions, then DO NOT reset them here!

Would you like to reset all directory permissions to 755 (drwxr-xr-x) and
directory ownerships to root.root ([y]es, [n]o)? n


Creating Slackware package:  /home/omen/GITHUB/One4All_SlackBuild/plymouth/binary-plymouth-24.004.60/plymouth-24.004.60-x86_64-1_rtz.tlz

./
etc/
etc/logrotate.d/
etc/logrotate.d/bootlog
etc/plymouth/
etc/plymouth/plymouthd.conf
install/
install/doinst.sh
install/slack-desc
install/slack-required
run/
run/plymouth/
usr/
usr/bin/
usr/bin/plymouth
usr/doc/
usr/doc/plymouth-24.004.60/
usr/doc/plymouth-24.004.60/AUTHORS
usr/doc/plymouth-24.004.60/COPYING
usr/doc/plymouth-24.004.60/INSTALL
usr/doc/plymouth-24.004.60/README.md
usr/doc/plymouth-24.004.60/VERSION
usr/doc/plymouth-24.004.60/build/
usr/doc/plymouth-24.004.60/build/.gitignore
usr/doc/plymouth-24.004.60/build/.hgignore
usr/doc/plymouth-24.004.60/build/.ninja_deps
usr/doc/plymouth-24.004.60/build/.ninja_log
usr/doc/plymouth-24.004.60/build/build.ninja
usr/doc/plymouth-24.004.60/build/compile_commands.json
usr/doc/plymouth-24.004.60/build/config.h
usr/doc/plymouth-24.004.60/build/docs/
usr/doc/plymouth-24.004.60/build/docs/plymouth-set-default-theme.1
usr/doc/plymouth-24.004.60/build/docs/plymouth.1
usr/doc/plymouth-24.004.60/build/docs/plymouth.8
usr/doc/plymouth-24.004.60/build/docs/plymouthd.8
usr/doc/plymouth-24.004.60/build/images/
usr/doc/plymouth-24.004.60/build/meson-info/
usr/doc/plymouth-24.004.60/build/meson-info/intro-benchmarks.json
usr/doc/plymouth-24.004.60/build/meson-info/intro-buildoptions.json
usr/doc/plymouth-24.004.60/build/meson-info/intro-buildsystem_files.json
usr/doc/plymouth-24.004.60/build/meson-info/intro-compilers.json
usr/doc/plymouth-24.004.60/build/meson-info/intro-dependencies.json
usr/doc/plymouth-24.004.60/build/meson-info/intro-install_plan.json
usr/doc/plymouth-24.004.60/build/meson-info/intro-installed.json
usr/doc/plymouth-24.004.60/build/meson-info/intro-machines.json
usr/doc/plymouth-24.004.60/build/meson-info/intro-projectinfo.json
usr/doc/plymouth-24.004.60/build/meson-info/intro-targets.json
usr/doc/plymouth-24.004.60/build/meson-info/intro-tests.json
usr/doc/plymouth-24.004.60/build/meson-info/meson-info.json
usr/doc/plymouth-24.004.60/build/meson-logs/
usr/doc/plymouth-24.004.60/build/meson-logs/install-log.txt
usr/doc/plymouth-24.004.60/build/meson-logs/meson-log.txt
usr/doc/plymouth-24.004.60/build/meson-private/
usr/doc/plymouth-24.004.60/build/meson-private/build.dat
usr/doc/plymouth-24.004.60/build/meson-private/cleantrees.dat
usr/doc/plymouth-24.004.60/build/meson-private/cmd_line.txt
usr/doc/plymouth-24.004.60/build/meson-private/coredata.dat
usr/doc/plymouth-24.004.60/build/meson-private/install.dat
usr/doc/plymouth-24.004.60/build/meson-private/meson.lock
usr/doc/plymouth-24.004.60/build/meson-private/meson_benchmark_setup.dat
usr/doc/plymouth-24.004.60/build/meson-private/meson_test_setup.dat
usr/doc/plymouth-24.004.60/build/meson-private/ply-boot-client.pc
usr/doc/plymouth-24.004.60/build/meson-private/ply-splash-core.pc
usr/doc/plymouth-24.004.60/build/meson-private/ply-splash-graphics.pc
usr/doc/plymouth-24.004.60/build/meson-private/sanitycheckc.c
usr/doc/plymouth-24.004.60/build/meson-private/sanitycheckc.exe
usr/doc/plymouth-24.004.60/build/meson-uninstalled/
usr/doc/plymouth-24.004.60/build/meson-uninstalled/ply-boot-client-uninstalled.pc
usr/doc/plymouth-24.004.60/build/meson-uninstalled/ply-splash-core-uninstalled.pc
usr/doc/plymouth-24.004.60/build/meson-uninstalled/ply-splash-graphics-uninstalled.pc
usr/doc/plymouth-24.004.60/build/po/
usr/doc/plymouth-24.004.60/build/po/be/
usr/doc/plymouth-24.004.60/build/po/be/LC_MESSAGES/
usr/doc/plymouth-24.004.60/build/po/be/LC_MESSAGES/plymouth.mo
usr/doc/plymouth-24.004.60/build/po/cs/
usr/doc/plymouth-24.004.60/build/po/cs/LC_MESSAGES/
usr/doc/plymouth-24.004.60/build/po/cs/LC_MESSAGES/plymouth.mo
usr/doc/plymouth-24.004.60/build/po/cy/
usr/doc/plymouth-24.004.60/build/po/cy/LC_MESSAGES/
usr/doc/plymouth-24.004.60/build/po/cy/LC_MESSAGES/plymouth.mo
usr/doc/plymouth-24.004.60/build/po/da/
usr/doc/plymouth-24.004.60/build/po/da/LC_MESSAGES/
usr/doc/plymouth-24.004.60/build/po/da/LC_MESSAGES/plymouth.mo
usr/doc/plymouth-24.004.60/build/po/de/
usr/doc/plymouth-24.004.60/build/po/de/LC_MESSAGES/
usr/doc/plymouth-24.004.60/build/po/de/LC_MESSAGES/plymouth.mo
usr/doc/plymouth-24.004.60/build/po/eo/
usr/doc/plymouth-24.004.60/build/po/eo/LC_MESSAGES/
usr/doc/plymouth-24.004.60/build/po/eo/LC_MESSAGES/plymouth.mo
usr/doc/plymouth-24.004.60/build/po/es/
usr/doc/plymouth-24.004.60/build/po/es/LC_MESSAGES/
usr/doc/plymouth-24.004.60/build/po/es/LC_MESSAGES/plymouth.mo
usr/doc/plymouth-24.004.60/build/po/eu/
usr/doc/plymouth-24.004.60/build/po/eu/LC_MESSAGES/
usr/doc/plymouth-24.004.60/build/po/eu/LC_MESSAGES/plymouth.mo
usr/doc/plymouth-24.004.60/build/po/fa/
usr/doc/plymouth-24.004.60/build/po/fa/LC_MESSAGES/
usr/doc/plymouth-24.004.60/build/po/fa/LC_MESSAGES/plymouth.mo
usr/doc/plymouth-24.004.60/build/po/fi/
usr/doc/plymouth-24.004.60/build/po/fi/LC_MESSAGES/
usr/doc/plymouth-24.004.60/build/po/fi/LC_MESSAGES/plymouth.mo
usr/doc/plymouth-24.004.60/build/po/fr/
usr/doc/plymouth-24.004.60/build/po/fr/LC_MESSAGES/
usr/doc/plymouth-24.004.60/build/po/fr/LC_MESSAGES/plymouth.mo
usr/doc/plymouth-24.004.60/build/po/fur/
usr/doc/plymouth-24.004.60/build/po/fur/LC_MESSAGES/
usr/doc/plymouth-24.004.60/build/po/fur/LC_MESSAGES/plymouth.mo
usr/doc/plymouth-24.004.60/build/po/gl/
usr/doc/plymouth-24.004.60/build/po/gl/LC_MESSAGES/
usr/doc/plymouth-24.004.60/build/po/gl/LC_MESSAGES/plymouth.mo
usr/doc/plymouth-24.004.60/build/po/he/
usr/doc/plymouth-24.004.60/build/po/he/LC_MESSAGES/
usr/doc/plymouth-24.004.60/build/po/he/LC_MESSAGES/plymouth.mo
usr/doc/plymouth-24.004.60/build/po/hi/
usr/doc/plymouth-24.004.60/build/po/hi/LC_MESSAGES/
usr/doc/plymouth-24.004.60/build/po/hi/LC_MESSAGES/plymouth.mo
usr/doc/plymouth-24.004.60/build/po/hr/
usr/doc/plymouth-24.004.60/build/po/hr/LC_MESSAGES/
usr/doc/plymouth-24.004.60/build/po/hr/LC_MESSAGES/plymouth.mo
usr/doc/plymouth-24.004.60/build/po/hu/
usr/doc/plymouth-24.004.60/build/po/hu/LC_MESSAGES/
usr/doc/plymouth-24.004.60/build/po/hu/LC_MESSAGES/plymouth.mo
usr/doc/plymouth-24.004.60/build/po/id/
usr/doc/plymouth-24.004.60/build/po/id/LC_MESSAGES/
usr/doc/plymouth-24.004.60/build/po/id/LC_MESSAGES/plymouth.mo
usr/doc/plymouth-24.004.60/build/po/ie/
usr/doc/plymouth-24.004.60/build/po/ie/LC_MESSAGES/
usr/doc/plymouth-24.004.60/build/po/ie/LC_MESSAGES/plymouth.mo
usr/doc/plymouth-24.004.60/build/po/it/
usr/doc/plymouth-24.004.60/build/po/it/LC_MESSAGES/
usr/doc/plymouth-24.004.60/build/po/it/LC_MESSAGES/plymouth.mo
usr/doc/plymouth-24.004.60/build/po/ka/
usr/doc/plymouth-24.004.60/build/po/ka/LC_MESSAGES/
usr/doc/plymouth-24.004.60/build/po/ka/LC_MESSAGES/plymouth.mo
usr/doc/plymouth-24.004.60/build/po/lt/
usr/doc/plymouth-24.004.60/build/po/lt/LC_MESSAGES/
usr/doc/plymouth-24.004.60/build/po/lt/LC_MESSAGES/plymouth.mo
usr/doc/plymouth-24.004.60/build/po/ms/
usr/doc/plymouth-24.004.60/build/po/ms/LC_MESSAGES/
usr/doc/plymouth-24.004.60/build/po/ms/LC_MESSAGES/plymouth.mo
usr/doc/plymouth-24.004.60/build/po/nl/
usr/doc/plymouth-24.004.60/build/po/nl/LC_MESSAGES/
usr/doc/plymouth-24.004.60/build/po/nl/LC_MESSAGES/plymouth.mo
usr/doc/plymouth-24.004.60/build/po/pa/
usr/doc/plymouth-24.004.60/build/po/pa/LC_MESSAGES/
usr/doc/plymouth-24.004.60/build/po/pa/LC_MESSAGES/plymouth.mo
usr/doc/plymouth-24.004.60/build/po/pl/
usr/doc/plymouth-24.004.60/build/po/pl/LC_MESSAGES/
usr/doc/plymouth-24.004.60/build/po/pl/LC_MESSAGES/plymouth.mo
usr/doc/plymouth-24.004.60/build/po/pt/
usr/doc/plymouth-24.004.60/build/po/pt/LC_MESSAGES/
usr/doc/plymouth-24.004.60/build/po/pt/LC_MESSAGES/plymouth.mo
usr/doc/plymouth-24.004.60/build/po/pt_BR/
usr/doc/plymouth-24.004.60/build/po/pt_BR/LC_MESSAGES/
usr/doc/plymouth-24.004.60/build/po/pt_BR/LC_MESSAGES/plymouth.mo
usr/doc/plymouth-24.004.60/build/po/ro/
usr/doc/plymouth-24.004.60/build/po/ro/LC_MESSAGES/
usr/doc/plymouth-24.004.60/build/po/ro/LC_MESSAGES/plymouth.mo
usr/doc/plymouth-24.004.60/build/po/ru/
usr/doc/plymouth-24.004.60/build/po/ru/LC_MESSAGES/
usr/doc/plymouth-24.004.60/build/po/ru/LC_MESSAGES/plymouth.mo
usr/doc/plymouth-24.004.60/build/po/si/
usr/doc/plymouth-24.004.60/build/po/si/LC_MESSAGES/
usr/doc/plymouth-24.004.60/build/po/si/LC_MESSAGES/plymouth.mo
usr/doc/plymouth-24.004.60/build/po/sk/
usr/doc/plymouth-24.004.60/build/po/sk/LC_MESSAGES/
usr/doc/plymouth-24.004.60/build/po/sk/LC_MESSAGES/plymouth.mo
usr/doc/plymouth-24.004.60/build/po/sr/
usr/doc/plymouth-24.004.60/build/po/sr/LC_MESSAGES/
usr/doc/plymouth-24.004.60/build/po/sr/LC_MESSAGES/plymouth.mo
usr/doc/plymouth-24.004.60/build/po/sv/
usr/doc/plymouth-24.004.60/build/po/sv/LC_MESSAGES/
usr/doc/plymouth-24.004.60/build/po/sv/LC_MESSAGES/plymouth.mo
usr/doc/plymouth-24.004.60/build/po/tr/
usr/doc/plymouth-24.004.60/build/po/tr/LC_MESSAGES/
usr/doc/plymouth-24.004.60/build/po/tr/LC_MESSAGES/plymouth.mo
usr/doc/plymouth-24.004.60/build/po/uk/
usr/doc/plymouth-24.004.60/build/po/uk/LC_MESSAGES/
usr/doc/plymouth-24.004.60/build/po/uk/LC_MESSAGES/plymouth.mo
usr/doc/plymouth-24.004.60/build/po/zh_CN/
usr/doc/plymouth-24.004.60/build/po/zh_CN/LC_MESSAGES/
usr/doc/plymouth-24.004.60/build/po/zh_CN/LC_MESSAGES/plymouth.mo
usr/doc/plymouth-24.004.60/build/po/zh_HK/
usr/doc/plymouth-24.004.60/build/po/zh_HK/LC_MESSAGES/
usr/doc/plymouth-24.004.60/build/po/zh_HK/LC_MESSAGES/plymouth.mo
usr/doc/plymouth-24.004.60/build/po/zh_TW/
usr/doc/plymouth-24.004.60/build/po/zh_TW/LC_MESSAGES/
usr/doc/plymouth-24.004.60/build/po/zh_TW/LC_MESSAGES/plymouth.mo
usr/doc/plymouth-24.004.60/build/scripts/
usr/doc/plymouth-24.004.60/build/scripts/plymouth-generate-initrd
usr/doc/plymouth-24.004.60/build/scripts/plymouth-populate-initrd
usr/doc/plymouth-24.004.60/build/scripts/plymouth-set-default-theme
usr/doc/plymouth-24.004.60/build/src/
usr/doc/plymouth-24.004.60/build/src/client/
usr/doc/plymouth-24.004.60/build/src/client/libply-boot-client.so.5.0.0
usr/doc/plymouth-24.004.60/build/src/client/libply-boot-client.so.5.0.0.p/
usr/doc/plymouth-24.004.60/build/src/client/libply-boot-client.so.5.0.0.p/ply-boot-client.c.o
usr/doc/plymouth-24.004.60/build/src/client/plymouth
usr/doc/plymouth-24.004.60/build/src/client/plymouth.p/
usr/doc/plymouth-24.004.60/build/src/client/plymouth.p/ply-boot-client.c.o
usr/doc/plymouth-24.004.60/build/src/client/plymouth.p/plymouth.c.o
usr/doc/plymouth-24.004.60/build/src/libply/
usr/doc/plymouth-24.004.60/build/src/libply-splash-core/
usr/doc/plymouth-24.004.60/build/src/libply-splash-core/libply-splash-core.so.5.0.0
usr/doc/plymouth-24.004.60/build/src/libply-splash-core/libply-splash-core.so.5.0.0.p/
usr/doc/plymouth-24.004.60/build/src/libply-splash-core/libply-splash-core.so.5.0.0.p/libply-splash-core.so.5.0.0.symbols
usr/doc/plymouth-24.004.60/build/src/libply-splash-core/libply-splash-core.so.5.0.0.p/ply-boot-splash.c.o
usr/doc/plymouth-24.004.60/build/src/libply-splash-core/libply-splash-core.so.5.0.0.p/ply-device-manager.c.o
usr/doc/plymouth-24.004.60/build/src/libply-splash-core/libply-splash-core.so.5.0.0.p/ply-input-device.c.o
usr/doc/plymouth-24.004.60/build/src/libply-splash-core/libply-splash-core.so.5.0.0.p/ply-keyboard.c.o
usr/doc/plymouth-24.004.60/build/src/libply-splash-core/libply-splash-core.so.5.0.0.p/ply-kmsg-reader.c.o
usr/doc/plymouth-24.004.60/build/src/libply-splash-core/libply-splash-core.so.5.0.0.p/ply-pixel-buffer.c.o
usr/doc/plymouth-24.004.60/build/src/libply-splash-core/libply-splash-core.so.5.0.0.p/ply-pixel-display.c.o
usr/doc/plymouth-24.004.60/build/src/libply-splash-core/libply-splash-core.so.5.0.0.p/ply-renderer.c.o
usr/doc/plymouth-24.004.60/build/src/libply-splash-core/libply-splash-core.so.5.0.0.p/ply-rich-text.c.o
usr/doc/plymouth-24.004.60/build/src/libply-splash-core/libply-splash-core.so.5.0.0.p/ply-terminal-emulator.c.o
usr/doc/plymouth-24.004.60/build/src/libply-splash-core/libply-splash-core.so.5.0.0.p/ply-terminal.c.o
usr/doc/plymouth-24.004.60/build/src/libply-splash-core/libply-splash-core.so.5.0.0.p/ply-text-display.c.o
usr/doc/plymouth-24.004.60/build/src/libply-splash-core/libply-splash-core.so.5.0.0.p/ply-text-progress-bar.c.o
usr/doc/plymouth-24.004.60/build/src/libply-splash-core/libply-splash-core.so.5.0.0.p/ply-text-step-bar.c.o
usr/doc/plymouth-24.004.60/build/src/libply-splash-graphics/
usr/doc/plymouth-24.004.60/build/src/libply-splash-graphics/libply-splash-graphics.so.5.0.0
usr/doc/plymouth-24.004.60/build/src/libply-splash-graphics/libply-splash-graphics.so.5.0.0.p/
usr/doc/plymouth-24.004.60/build/src/libply-splash-graphics/libply-splash-graphics.so.5.0.0.p/libply-splash-graphics.so.5.0.0.symbols
usr/doc/plymouth-24.004.60/build/src/libply-splash-graphics/libply-splash-graphics.so.5.0.0.p/ply-animation.c.o
usr/doc/plymouth-24.004.60/build/src/libply-splash-graphics/libply-splash-graphics.so.5.0.0.p/ply-capslock-icon.c.o
usr/doc/plymouth-24.004.60/build/src/libply-splash-graphics/libply-splash-graphics.so.5.0.0.p/ply-console-viewer.c.o
usr/doc/plymouth-24.004.60/build/src/libply-splash-graphics/libply-splash-graphics.so.5.0.0.p/ply-entry.c.o
usr/doc/plymouth-24.004.60/build/src/libply-splash-graphics/libply-splash-graphics.so.5.0.0.p/ply-image.c.o
usr/doc/plymouth-24.004.60/build/src/libply-splash-graphics/libply-splash-graphics.so.5.0.0.p/ply-keymap-icon.c.o
usr/doc/plymouth-24.004.60/build/src/libply-splash-graphics/libply-splash-graphics.so.5.0.0.p/ply-label.c.o
usr/doc/plymouth-24.004.60/build/src/libply-splash-graphics/libply-splash-graphics.so.5.0.0.p/ply-progress-animation.c.o
usr/doc/plymouth-24.004.60/build/src/libply-splash-graphics/libply-splash-graphics.so.5.0.0.p/ply-progress-bar.c.o
usr/doc/plymouth-24.004.60/build/src/libply-splash-graphics/libply-splash-graphics.so.5.0.0.p/ply-throbber.c.o
usr/doc/plymouth-24.004.60/build/src/libply/libply.so.5.0.0
usr/doc/plymouth-24.004.60/build/src/libply/libply.so.5.0.0.p/
usr/doc/plymouth-24.004.60/build/src/libply/libply.so.5.0.0.p/libply.so.5.0.0.symbols
usr/doc/plymouth-24.004.60/build/src/libply/libply.so.5.0.0.p/ply-array.c.o
usr/doc/plymouth-24.004.60/build/src/libply/libply.so.5.0.0.p/ply-bitarray.c.o
usr/doc/plymouth-24.004.60/build/src/libply/libply.so.5.0.0.p/ply-buffer.c.o
usr/doc/plymouth-24.004.60/build/src/libply/libply.so.5.0.0.p/ply-command-parser.c.o
usr/doc/plymouth-24.004.60/build/src/libply/libply.so.5.0.0.p/ply-event-loop.c.o
usr/doc/plymouth-24.004.60/build/src/libply/libply.so.5.0.0.p/ply-hashtable.c.o
usr/doc/plymouth-24.004.60/build/src/libply/libply.so.5.0.0.p/ply-key-file.c.o
usr/doc/plymouth-24.004.60/build/src/libply/libply.so.5.0.0.p/ply-list.c.o
usr/doc/plymouth-24.004.60/build/src/libply/libply.so.5.0.0.p/ply-logger.c.o
usr/doc/plymouth-24.004.60/build/src/libply/libply.so.5.0.0.p/ply-progress.c.o
usr/doc/plymouth-24.004.60/build/src/libply/libply.so.5.0.0.p/ply-rectangle.c.o
usr/doc/plymouth-24.004.60/build/src/libply/libply.so.5.0.0.p/ply-region.c.o
usr/doc/plymouth-24.004.60/build/src/libply/libply.so.5.0.0.p/ply-terminal-session.c.o
usr/doc/plymouth-24.004.60/build/src/libply/libply.so.5.0.0.p/ply-trigger.c.o
usr/doc/plymouth-24.004.60/build/src/libply/libply.so.5.0.0.p/ply-utils.c.o
usr/doc/plymouth-24.004.60/build/src/plugins/
usr/doc/plymouth-24.004.60/build/src/plugins/controls/
usr/doc/plymouth-24.004.60/build/src/plugins/controls/label-freetype/
usr/doc/plymouth-24.004.60/build/src/plugins/controls/label-freetype/label-freetype.so
usr/doc/plymouth-24.004.60/build/src/plugins/controls/label-freetype/label-freetype.so.p/
usr/doc/plymouth-24.004.60/build/src/plugins/controls/label-freetype/label-freetype.so.p/plugin.c.o
usr/doc/plymouth-24.004.60/build/src/plugins/controls/label-pango/
usr/doc/plymouth-24.004.60/build/src/plugins/controls/label-pango/label-pango.so
usr/doc/plymouth-24.004.60/build/src/plugins/controls/label-pango/label-pango.so.p/
usr/doc/plymouth-24.004.60/build/src/plugins/controls/label-pango/label-pango.so.p/plugin.c.o
usr/doc/plymouth-24.004.60/build/src/plugins/renderers/
usr/doc/plymouth-24.004.60/build/src/plugins/renderers/drm/
usr/doc/plymouth-24.004.60/build/src/plugins/renderers/drm/drm.so
usr/doc/plymouth-24.004.60/build/src/plugins/renderers/drm/drm.so.p/
usr/doc/plymouth-24.004.60/build/src/plugins/renderers/drm/drm.so.p/plugin.c.o
usr/doc/plymouth-24.004.60/build/src/plugins/renderers/frame-buffer/
usr/doc/plymouth-24.004.60/build/src/plugins/renderers/frame-buffer/frame-buffer.so
usr/doc/plymouth-24.004.60/build/src/plugins/renderers/frame-buffer/frame-buffer.so.p/
usr/doc/plymouth-24.004.60/build/src/plugins/renderers/frame-buffer/frame-buffer.so.p/plugin.c.o
usr/doc/plymouth-24.004.60/build/src/plugins/renderers/x11/
usr/doc/plymouth-24.004.60/build/src/plugins/renderers/x11/x11.so
usr/doc/plymouth-24.004.60/build/src/plugins/renderers/x11/x11.so.p/
usr/doc/plymouth-24.004.60/build/src/plugins/renderers/x11/x11.so.p/plugin.c.o
usr/doc/plymouth-24.004.60/build/src/plugins/splash/
usr/doc/plymouth-24.004.60/build/src/plugins/splash/details/
usr/doc/plymouth-24.004.60/build/src/plugins/splash/details/details.so
usr/doc/plymouth-24.004.60/build/src/plugins/splash/details/details.so.p/
usr/doc/plymouth-24.004.60/build/src/plugins/splash/details/details.so.p/plugin.c.o
usr/doc/plymouth-24.004.60/build/src/plugins/splash/fade-throbber/
usr/doc/plymouth-24.004.60/build/src/plugins/splash/fade-throbber/fade-throbber.so
usr/doc/plymouth-24.004.60/build/src/plugins/splash/fade-throbber/fade-throbber.so.p/
usr/doc/plymouth-24.004.60/build/src/plugins/splash/fade-throbber/fade-throbber.so.p/plugin.c.o
usr/doc/plymouth-24.004.60/build/src/plugins/splash/script/
usr/doc/plymouth-24.004.60/build/src/plugins/splash/script/script-lib-image.script.h
usr/doc/plymouth-24.004.60/build/src/plugins/splash/script/script-lib-math.script.h
usr/doc/plymouth-24.004.60/build/src/plugins/splash/script/script-lib-plymouth.script.h
usr/doc/plymouth-24.004.60/build/src/plugins/splash/script/script-lib-sprite.script.h
usr/doc/plymouth-24.004.60/build/src/plugins/splash/script/script-lib-string.script.h
usr/doc/plymouth-24.004.60/build/src/plugins/splash/script/script.so
usr/doc/plymouth-24.004.60/build/src/plugins/splash/script/script.so.p/
usr/doc/plymouth-24.004.60/build/src/plugins/splash/script/script.so.p/plugin.c.o
usr/doc/plymouth-24.004.60/build/src/plugins/splash/script/script.so.p/script-debug.c.o
usr/doc/plymouth-24.004.60/build/src/plugins/splash/script/script.so.p/script-execute.c.o
usr/doc/plymouth-24.004.60/build/src/plugins/splash/script/script.so.p/script-lib-image.c.o
usr/doc/plymouth-24.004.60/build/src/plugins/splash/script/script.so.p/script-lib-math.c.o
usr/doc/plymouth-24.004.60/build/src/plugins/splash/script/script.so.p/script-lib-plymouth.c.o
usr/doc/plymouth-24.004.60/build/src/plugins/splash/script/script.so.p/script-lib-sprite.c.o
usr/doc/plymouth-24.004.60/build/src/plugins/splash/script/script.so.p/script-lib-string.c.o
usr/doc/plymouth-24.004.60/build/src/plugins/splash/script/script.so.p/script-object.c.o
usr/doc/plymouth-24.004.60/build/src/plugins/splash/script/script.so.p/script-parse.c.o
usr/doc/plymouth-24.004.60/build/src/plugins/splash/script/script.so.p/script-scan.c.o
usr/doc/plymouth-24.004.60/build/src/plugins/splash/script/script.so.p/script.c.o
usr/doc/plymouth-24.004.60/build/src/plugins/splash/space-flares/
usr/doc/plymouth-24.004.60/build/src/plugins/splash/space-flares/space-flares.so
usr/doc/plymouth-24.004.60/build/src/plugins/splash/space-flares/space-flares.so.p/
usr/doc/plymouth-24.004.60/build/src/plugins/splash/space-flares/space-flares.so.p/plugin.c.o
usr/doc/plymouth-24.004.60/build/src/plugins/splash/text/
usr/doc/plymouth-24.004.60/build/src/plugins/splash/text/text.so
usr/doc/plymouth-24.004.60/build/src/plugins/splash/text/text.so.p/
usr/doc/plymouth-24.004.60/build/src/plugins/splash/text/text.so.p/plugin.c.o
usr/doc/plymouth-24.004.60/build/src/plugins/splash/tribar/
usr/doc/plymouth-24.004.60/build/src/plugins/splash/tribar/tribar.so
usr/doc/plymouth-24.004.60/build/src/plugins/splash/tribar/tribar.so.p/
usr/doc/plymouth-24.004.60/build/src/plugins/splash/tribar/tribar.so.p/plugin.c.o
usr/doc/plymouth-24.004.60/build/src/plugins/splash/two-step/
usr/doc/plymouth-24.004.60/build/src/plugins/splash/two-step/two-step.so
usr/doc/plymouth-24.004.60/build/src/plugins/splash/two-step/two-step.so.p/
usr/doc/plymouth-24.004.60/build/src/plugins/splash/two-step/two-step.so.p/plugin.c.o
usr/doc/plymouth-24.004.60/build/src/plymouthd
usr/doc/plymouth-24.004.60/build/src/plymouthd-fd-escrow
usr/doc/plymouth-24.004.60/build/src/plymouthd-fd-escrow.p/
usr/doc/plymouth-24.004.60/build/src/plymouthd-fd-escrow.p/plymouthd-fd-escrow.c.o
usr/doc/plymouth-24.004.60/build/src/plymouthd.p/
usr/doc/plymouth-24.004.60/build/src/plymouthd.p/main.c.o
usr/doc/plymouth-24.004.60/build/src/plymouthd.p/plugins_splash_details_plugin.c.o
usr/doc/plymouth-24.004.60/build/src/plymouthd.p/ply-boot-server.c.o
usr/doc/plymouth-24.004.60/build/themes/
usr/doc/plymouth-24.004.60/build/themes/bgrt/
usr/doc/plymouth-24.004.60/build/themes/bgrt/bgrt.plymouth
usr/doc/plymouth-24.004.60/build/themes/bgrt/bgrt.plymouth.desktop
usr/doc/plymouth-24.004.60/build/themes/details/
usr/doc/plymouth-24.004.60/build/themes/fade-in/
usr/doc/plymouth-24.004.60/build/themes/fade-in/fade-in.plymouth
usr/doc/plymouth-24.004.60/build/themes/glow/
usr/doc/plymouth-24.004.60/build/themes/glow/glow.plymouth
usr/doc/plymouth-24.004.60/build/themes/script/
usr/doc/plymouth-24.004.60/build/themes/script/script.plymouth
usr/doc/plymouth-24.004.60/build/themes/solar/
usr/doc/plymouth-24.004.60/build/themes/solar/solar.plymouth
usr/doc/plymouth-24.004.60/build/themes/spinfinity/
usr/doc/plymouth-24.004.60/build/themes/spinfinity/spinfinity.plymouth
usr/doc/plymouth-24.004.60/build/themes/spinner/
usr/doc/plymouth-24.004.60/build/themes/spinner/spinner.plymouth
usr/doc/plymouth-24.004.60/build/themes/spinner/spinner.plymouth.desktop
usr/doc/plymouth-24.004.60/build/themes/text/
usr/doc/plymouth-24.004.60/build/themes/tribar/
usr/doc/plymouth-24.004.60/docs/
usr/doc/plymouth-24.004.60/docs/development.txt
usr/doc/plymouth-24.004.60/docs/meson.build
usr/doc/plymouth-24.004.60/docs/plymouth-set-default-theme.xml
usr/doc/plymouth-24.004.60/docs/plymouth.xml
usr/doc/plymouth-24.004.60/docs/plymouth1.xml
usr/doc/plymouth-24.004.60/docs/plymouthd.xml
usr/doc/plymouth-24.004.60/images/
usr/doc/plymouth-24.004.60/images/bizcom.png
usr/doc/plymouth-24.004.60/images/meson.build
usr/doc/plymouth-24.004.60/meson.build
usr/doc/plymouth-24.004.60/meson_options.txt
usr/doc/plymouth-24.004.60/ply_header.svg
usr/doc/plymouth-24.004.60/plymouth.SlackBuild
usr/doc/plymouth-24.004.60/po/
usr/doc/plymouth-24.004.60/po/.gitignore
usr/doc/plymouth-24.004.60/po/LINGUAS
usr/doc/plymouth-24.004.60/po/Makevars
usr/doc/plymouth-24.004.60/po/POTFILES.in
usr/doc/plymouth-24.004.60/po/be.po
usr/doc/plymouth-24.004.60/po/cs.po
usr/doc/plymouth-24.004.60/po/cy.po
usr/doc/plymouth-24.004.60/po/da.po
usr/doc/plymouth-24.004.60/po/de.po
usr/doc/plymouth-24.004.60/po/eo.po
usr/doc/plymouth-24.004.60/po/es.po
usr/doc/plymouth-24.004.60/po/eu.po
usr/doc/plymouth-24.004.60/po/fa.po
usr/doc/plymouth-24.004.60/po/fi.po
usr/doc/plymouth-24.004.60/po/fr.po
usr/doc/plymouth-24.004.60/po/fur.po
usr/doc/plymouth-24.004.60/po/gl.po
usr/doc/plymouth-24.004.60/po/he.po
usr/doc/plymouth-24.004.60/po/hi.po
usr/doc/plymouth-24.004.60/po/hr.po
usr/doc/plymouth-24.004.60/po/hu.po
usr/doc/plymouth-24.004.60/po/id.po
usr/doc/plymouth-24.004.60/po/ie.po
usr/doc/plymouth-24.004.60/po/it.po
usr/doc/plymouth-24.004.60/po/ka.po
usr/doc/plymouth-24.004.60/po/lt.po
usr/doc/plymouth-24.004.60/po/meson.build
usr/doc/plymouth-24.004.60/po/ms.po
usr/doc/plymouth-24.004.60/po/nl.po
usr/doc/plymouth-24.004.60/po/pa.po
usr/doc/plymouth-24.004.60/po/pl.po
usr/doc/plymouth-24.004.60/po/plymouth.pot
usr/doc/plymouth-24.004.60/po/pt.po
usr/doc/plymouth-24.004.60/po/pt_BR.po
usr/doc/plymouth-24.004.60/po/ro.po
usr/doc/plymouth-24.004.60/po/ru.po
usr/doc/plymouth-24.004.60/po/si.po
usr/doc/plymouth-24.004.60/po/sk.po
usr/doc/plymouth-24.004.60/po/sr.po
usr/doc/plymouth-24.004.60/po/sv.po
usr/doc/plymouth-24.004.60/po/tr.po
usr/doc/plymouth-24.004.60/po/uk.po
usr/doc/plymouth-24.004.60/po/zh_CN.po
usr/doc/plymouth-24.004.60/po/zh_HK.po
usr/doc/plymouth-24.004.60/po/zh_TW.po
usr/doc/plymouth-24.004.60/scripts/
usr/doc/plymouth-24.004.60/scripts/bootlog
usr/doc/plymouth-24.004.60/scripts/check-format.sh
usr/doc/plymouth-24.004.60/scripts/default.cfg
usr/doc/plymouth-24.004.60/scripts/generate-version.sh
usr/doc/plymouth-24.004.60/scripts/keymap-render.py
usr/doc/plymouth-24.004.60/scripts/meson.build
usr/doc/plymouth-24.004.60/scripts/plymouth-generate-initrd.in
usr/doc/plymouth-24.004.60/scripts/plymouth-populate-initrd.in
usr/doc/plymouth-24.004.60/scripts/plymouth-set-default-theme.in
usr/doc/plymouth-24.004.60/scripts/plymouth-update-initrd
usr/doc/plymouth-24.004.60/scripts/plymouth.spec
usr/doc/plymouth-24.004.60/src/
usr/doc/plymouth-24.004.60/src/client/
usr/doc/plymouth-24.004.60/src/client/meson.build
usr/doc/plymouth-24.004.60/src/client/ply-boot-client.c
usr/doc/plymouth-24.004.60/src/client/ply-boot-client.h
usr/doc/plymouth-24.004.60/src/client/ply-boot-client.pc.in
usr/doc/plymouth-24.004.60/src/client/plymouth.c
usr/doc/plymouth-24.004.60/src/libply/
usr/doc/plymouth-24.004.60/src/libply-splash-core/
usr/doc/plymouth-24.004.60/src/libply-splash-core/meson.build
usr/doc/plymouth-24.004.60/src/libply-splash-core/ply-boot-splash-plugin.h
usr/doc/plymouth-24.004.60/src/libply-splash-core/ply-boot-splash.c
usr/doc/plymouth-24.004.60/src/libply-splash-core/ply-boot-splash.h
usr/doc/plymouth-24.004.60/src/libply-splash-core/ply-device-manager.c
usr/doc/plymouth-24.004.60/src/libply-splash-core/ply-device-manager.h
usr/doc/plymouth-24.004.60/src/libply-splash-core/ply-input-device.c
usr/doc/plymouth-24.004.60/src/libply-splash-core/ply-input-device.h
usr/doc/plymouth-24.004.60/src/libply-splash-core/ply-keyboard.c
usr/doc/plymouth-24.004.60/src/libply-splash-core/ply-keyboard.h
usr/doc/plymouth-24.004.60/src/libply-splash-core/ply-kmsg-reader.c
usr/doc/plymouth-24.004.60/src/libply-splash-core/ply-kmsg-reader.h
usr/doc/plymouth-24.004.60/src/libply-splash-core/ply-pixel-buffer.c
usr/doc/plymouth-24.004.60/src/libply-splash-core/ply-pixel-buffer.h
usr/doc/plymouth-24.004.60/src/libply-splash-core/ply-pixel-display.c
usr/doc/plymouth-24.004.60/src/libply-splash-core/ply-pixel-display.h
usr/doc/plymouth-24.004.60/src/libply-splash-core/ply-renderer-plugin.h
usr/doc/plymouth-24.004.60/src/libply-splash-core/ply-renderer.c
usr/doc/plymouth-24.004.60/src/libply-splash-core/ply-renderer.h
usr/doc/plymouth-24.004.60/src/libply-splash-core/ply-rich-text.c
usr/doc/plymouth-24.004.60/src/libply-splash-core/ply-rich-text.h
usr/doc/plymouth-24.004.60/src/libply-splash-core/ply-terminal-emulator.c
usr/doc/plymouth-24.004.60/src/libply-splash-core/ply-terminal-emulator.h
usr/doc/plymouth-24.004.60/src/libply-splash-core/ply-terminal.c
usr/doc/plymouth-24.004.60/src/libply-splash-core/ply-terminal.h
usr/doc/plymouth-24.004.60/src/libply-splash-core/ply-text-display.c
usr/doc/plymouth-24.004.60/src/libply-splash-core/ply-text-display.h
usr/doc/plymouth-24.004.60/src/libply-splash-core/ply-text-progress-bar.c
usr/doc/plymouth-24.004.60/src/libply-splash-core/ply-text-progress-bar.h
usr/doc/plymouth-24.004.60/src/libply-splash-core/ply-text-step-bar.c
usr/doc/plymouth-24.004.60/src/libply-splash-core/ply-text-step-bar.h
usr/doc/plymouth-24.004.60/src/libply-splash-graphics/
usr/doc/plymouth-24.004.60/src/libply-splash-graphics/meson.build
usr/doc/plymouth-24.004.60/src/libply-splash-graphics/ply-animation.c
usr/doc/plymouth-24.004.60/src/libply-splash-graphics/ply-animation.h
usr/doc/plymouth-24.004.60/src/libply-splash-graphics/ply-capslock-icon.c
usr/doc/plymouth-24.004.60/src/libply-splash-graphics/ply-capslock-icon.h
usr/doc/plymouth-24.004.60/src/libply-splash-graphics/ply-console-viewer.c
usr/doc/plymouth-24.004.60/src/libply-splash-graphics/ply-console-viewer.h
usr/doc/plymouth-24.004.60/src/libply-splash-graphics/ply-entry.c
usr/doc/plymouth-24.004.60/src/libply-splash-graphics/ply-entry.h
usr/doc/plymouth-24.004.60/src/libply-splash-graphics/ply-image.c
usr/doc/plymouth-24.004.60/src/libply-splash-graphics/ply-image.h
usr/doc/plymouth-24.004.60/src/libply-splash-graphics/ply-keymap-icon.c
usr/doc/plymouth-24.004.60/src/libply-splash-graphics/ply-keymap-icon.h
usr/doc/plymouth-24.004.60/src/libply-splash-graphics/ply-keymap-metadata.h
usr/doc/plymouth-24.004.60/src/libply-splash-graphics/ply-label-plugin.h
usr/doc/plymouth-24.004.60/src/libply-splash-graphics/ply-label.c
usr/doc/plymouth-24.004.60/src/libply-splash-graphics/ply-label.h
usr/doc/plymouth-24.004.60/src/libply-splash-graphics/ply-progress-animation.c
usr/doc/plymouth-24.004.60/src/libply-splash-graphics/ply-progress-animation.h
usr/doc/plymouth-24.004.60/src/libply-splash-graphics/ply-progress-bar.c
usr/doc/plymouth-24.004.60/src/libply-splash-graphics/ply-progress-bar.h
usr/doc/plymouth-24.004.60/src/libply-splash-graphics/ply-throbber.c
usr/doc/plymouth-24.004.60/src/libply-splash-graphics/ply-throbber.h
usr/doc/plymouth-24.004.60/src/libply/meson.build
usr/doc/plymouth-24.004.60/src/libply/ply-array.c
usr/doc/plymouth-24.004.60/src/libply/ply-array.h
usr/doc/plymouth-24.004.60/src/libply/ply-bitarray.c
usr/doc/plymouth-24.004.60/src/libply/ply-bitarray.h
usr/doc/plymouth-24.004.60/src/libply/ply-buffer.c
usr/doc/plymouth-24.004.60/src/libply/ply-buffer.h
usr/doc/plymouth-24.004.60/src/libply/ply-command-parser.c
usr/doc/plymouth-24.004.60/src/libply/ply-command-parser.h
usr/doc/plymouth-24.004.60/src/libply/ply-event-loop.c
usr/doc/plymouth-24.004.60/src/libply/ply-event-loop.h
usr/doc/plymouth-24.004.60/src/libply/ply-hashtable.c
usr/doc/plymouth-24.004.60/src/libply/ply-hashtable.h
usr/doc/plymouth-24.004.60/src/libply/ply-i18n.h
usr/doc/plymouth-24.004.60/src/libply/ply-key-file.c
usr/doc/plymouth-24.004.60/src/libply/ply-key-file.h
usr/doc/plymouth-24.004.60/src/libply/ply-list.c
usr/doc/plymouth-24.004.60/src/libply/ply-list.h
usr/doc/plymouth-24.004.60/src/libply/ply-logger.c
usr/doc/plymouth-24.004.60/src/libply/ply-logger.h
usr/doc/plymouth-24.004.60/src/libply/ply-progress.c
usr/doc/plymouth-24.004.60/src/libply/ply-progress.h
usr/doc/plymouth-24.004.60/src/libply/ply-rectangle.c
usr/doc/plymouth-24.004.60/src/libply/ply-rectangle.h
usr/doc/plymouth-24.004.60/src/libply/ply-region.c
usr/doc/plymouth-24.004.60/src/libply/ply-region.h
usr/doc/plymouth-24.004.60/src/libply/ply-terminal-session.c
usr/doc/plymouth-24.004.60/src/libply/ply-terminal-session.h
usr/doc/plymouth-24.004.60/src/libply/ply-trigger.c
usr/doc/plymouth-24.004.60/src/libply/ply-trigger.h
usr/doc/plymouth-24.004.60/src/libply/ply-utils.c
usr/doc/plymouth-24.004.60/src/libply/ply-utils.h
usr/doc/plymouth-24.004.60/src/main.c
usr/doc/plymouth-24.004.60/src/meson.build
usr/doc/plymouth-24.004.60/src/plugins/
usr/doc/plymouth-24.004.60/src/plugins/controls/
usr/doc/plymouth-24.004.60/src/plugins/controls/label-freetype/
usr/doc/plymouth-24.004.60/src/plugins/controls/label-freetype/meson.build
usr/doc/plymouth-24.004.60/src/plugins/controls/label-freetype/plugin.c
usr/doc/plymouth-24.004.60/src/plugins/controls/label-pango/
usr/doc/plymouth-24.004.60/src/plugins/controls/label-pango/meson.build
usr/doc/plymouth-24.004.60/src/plugins/controls/label-pango/plugin.c
usr/doc/plymouth-24.004.60/src/plugins/controls/meson.build
usr/doc/plymouth-24.004.60/src/plugins/meson.build
usr/doc/plymouth-24.004.60/src/plugins/renderers/
usr/doc/plymouth-24.004.60/src/plugins/renderers/drm/
usr/doc/plymouth-24.004.60/src/plugins/renderers/drm/meson.build
usr/doc/plymouth-24.004.60/src/plugins/renderers/drm/plugin.c
usr/doc/plymouth-24.004.60/src/plugins/renderers/frame-buffer/
usr/doc/plymouth-24.004.60/src/plugins/renderers/frame-buffer/meson.build
usr/doc/plymouth-24.004.60/src/plugins/renderers/frame-buffer/plugin.c
usr/doc/plymouth-24.004.60/src/plugins/renderers/meson.build
usr/doc/plymouth-24.004.60/src/plugins/renderers/x11/
usr/doc/plymouth-24.004.60/src/plugins/renderers/x11/meson.build
usr/doc/plymouth-24.004.60/src/plugins/renderers/x11/plugin.c
usr/doc/plymouth-24.004.60/src/plugins/splash/
usr/doc/plymouth-24.004.60/src/plugins/splash/details/
usr/doc/plymouth-24.004.60/src/plugins/splash/details/meson.build
usr/doc/plymouth-24.004.60/src/plugins/splash/details/plugin.c
usr/doc/plymouth-24.004.60/src/plugins/splash/fade-throbber/
usr/doc/plymouth-24.004.60/src/plugins/splash/fade-throbber/meson.build
usr/doc/plymouth-24.004.60/src/plugins/splash/fade-throbber/plugin.c
usr/doc/plymouth-24.004.60/src/plugins/splash/meson.build
usr/doc/plymouth-24.004.60/src/plugins/splash/script/
usr/doc/plymouth-24.004.60/src/plugins/splash/script/generate_script_string_header.py
usr/doc/plymouth-24.004.60/src/plugins/splash/script/meson.build
usr/doc/plymouth-24.004.60/src/plugins/splash/script/plugin.c
usr/doc/plymouth-24.004.60/src/plugins/splash/script/plugin.h
usr/doc/plymouth-24.004.60/src/plugins/splash/script/script-debug.c
usr/doc/plymouth-24.004.60/src/plugins/splash/script/script-debug.h
usr/doc/plymouth-24.004.60/src/plugins/splash/script/script-execute.c
usr/doc/plymouth-24.004.60/src/plugins/splash/script/script-execute.h
usr/doc/plymouth-24.004.60/src/plugins/splash/script/script-lib-image.c
usr/doc/plymouth-24.004.60/src/plugins/splash/script/script-lib-image.h
usr/doc/plymouth-24.004.60/src/plugins/splash/script/script-lib-image.script
usr/doc/plymouth-24.004.60/src/plugins/splash/script/script-lib-math.c
usr/doc/plymouth-24.004.60/src/plugins/splash/script/script-lib-math.h
usr/doc/plymouth-24.004.60/src/plugins/splash/script/script-lib-math.script
usr/doc/plymouth-24.004.60/src/plugins/splash/script/script-lib-plymouth.c
usr/doc/plymouth-24.004.60/src/plugins/splash/script/script-lib-plymouth.h
usr/doc/plymouth-24.004.60/src/plugins/splash/script/script-lib-plymouth.script
usr/doc/plymouth-24.004.60/src/plugins/splash/script/script-lib-sprite.c
usr/doc/plymouth-24.004.60/src/plugins/splash/script/script-lib-sprite.h
usr/doc/plymouth-24.004.60/src/plugins/splash/script/script-lib-sprite.script
usr/doc/plymouth-24.004.60/src/plugins/splash/script/script-lib-string.c
usr/doc/plymouth-24.004.60/src/plugins/splash/script/script-lib-string.h
usr/doc/plymouth-24.004.60/src/plugins/splash/script/script-lib-string.script
usr/doc/plymouth-24.004.60/src/plugins/splash/script/script-object.c
usr/doc/plymouth-24.004.60/src/plugins/splash/script/script-object.h
usr/doc/plymouth-24.004.60/src/plugins/splash/script/script-parse.c
usr/doc/plymouth-24.004.60/src/plugins/splash/script/script-parse.h
usr/doc/plymouth-24.004.60/src/plugins/splash/script/script-scan.c
usr/doc/plymouth-24.004.60/src/plugins/splash/script/script-scan.h
usr/doc/plymouth-24.004.60/src/plugins/splash/script/script.c
usr/doc/plymouth-24.004.60/src/plugins/splash/script/script.h
usr/doc/plymouth-24.004.60/src/plugins/splash/space-flares/
usr/doc/plymouth-24.004.60/src/plugins/splash/space-flares/meson.build
usr/doc/plymouth-24.004.60/src/plugins/splash/space-flares/plugin.c
usr/doc/plymouth-24.004.60/src/plugins/splash/text/
usr/doc/plymouth-24.004.60/src/plugins/splash/text/meson.build
usr/doc/plymouth-24.004.60/src/plugins/splash/text/plugin.c
usr/doc/plymouth-24.004.60/src/plugins/splash/tribar/
usr/doc/plymouth-24.004.60/src/plugins/splash/tribar/meson.build
usr/doc/plymouth-24.004.60/src/plugins/splash/tribar/plugin.c
usr/doc/plymouth-24.004.60/src/plugins/splash/two-step/
usr/doc/plymouth-24.004.60/src/plugins/splash/two-step/meson.build
usr/doc/plymouth-24.004.60/src/plugins/splash/two-step/plugin.c
usr/doc/plymouth-24.004.60/src/ply-boot-protocol.h
usr/doc/plymouth-24.004.60/src/ply-boot-server.c
usr/doc/plymouth-24.004.60/src/ply-boot-server.h
usr/doc/plymouth-24.004.60/src/ply-splash-core.pc.in
usr/doc/plymouth-24.004.60/src/ply-splash-graphics.pc.in
usr/doc/plymouth-24.004.60/src/plymouthd-fd-escrow.c
usr/doc/plymouth-24.004.60/src/plymouthd.conf
usr/doc/plymouth-24.004.60/src/plymouthd.defaults
usr/doc/plymouth-24.004.60/src/upstart-bridge/
usr/doc/plymouth-24.004.60/src/upstart-bridge/meson.build
usr/doc/plymouth-24.004.60/src/upstart-bridge/ply-upstart-monitor.c
usr/doc/plymouth-24.004.60/src/upstart-bridge/ply-upstart-monitor.h
usr/doc/plymouth-24.004.60/src/upstart-bridge/plymouth-upstart-bridge.c
usr/doc/plymouth-24.004.60/systemd-units/
usr/doc/plymouth-24.004.60/systemd-units/meson.build
usr/doc/plymouth-24.004.60/systemd-units/plymouth-halt.service.in
usr/doc/plymouth-24.004.60/systemd-units/plymouth-kexec.service.in
usr/doc/plymouth-24.004.60/systemd-units/plymouth-poweroff.service.in
usr/doc/plymouth-24.004.60/systemd-units/plymouth-quit-wait.service.in
usr/doc/plymouth-24.004.60/systemd-units/plymouth-quit.service.in
usr/doc/plymouth-24.004.60/systemd-units/plymouth-read-write.service.in
usr/doc/plymouth-24.004.60/systemd-units/plymouth-reboot.service.in
usr/doc/plymouth-24.004.60/systemd-units/plymouth-start.service.in
usr/doc/plymouth-24.004.60/systemd-units/plymouth-switch-root-initramfs.service.in
usr/doc/plymouth-24.004.60/systemd-units/plymouth-switch-root.service.in
usr/doc/plymouth-24.004.60/systemd-units/systemd-ask-password-plymouth.path.in
usr/doc/plymouth-24.004.60/systemd-units/systemd-ask-password-plymouth.service.in
usr/doc/plymouth-24.004.60/themes/
usr/doc/plymouth-24.004.60/themes/bgrt/
usr/doc/plymouth-24.004.60/themes/bgrt/bgrt.plymouth.desktop
usr/doc/plymouth-24.004.60/themes/bgrt/meson.build
usr/doc/plymouth-24.004.60/themes/details/
usr/doc/plymouth-24.004.60/themes/details/.gitignore
usr/doc/plymouth-24.004.60/themes/details/details.plymouth
usr/doc/plymouth-24.004.60/themes/details/meson.build
usr/doc/plymouth-24.004.60/themes/fade-in/
usr/doc/plymouth-24.004.60/themes/fade-in/bullet.png
usr/doc/plymouth-24.004.60/themes/fade-in/entry.png
usr/doc/plymouth-24.004.60/themes/fade-in/fade-in.plymouth.in
usr/doc/plymouth-24.004.60/themes/fade-in/lock.png
usr/doc/plymouth-24.004.60/themes/fade-in/meson.build
usr/doc/plymouth-24.004.60/themes/fade-in/star.png
usr/doc/plymouth-24.004.60/themes/glow/
usr/doc/plymouth-24.004.60/themes/glow/box.png
usr/doc/plymouth-24.004.60/themes/glow/bullet.png
usr/doc/plymouth-24.004.60/themes/glow/entry.png
usr/doc/plymouth-24.004.60/themes/glow/glow.plymouth.in
usr/doc/plymouth-24.004.60/themes/glow/lock.png
usr/doc/plymouth-24.004.60/themes/glow/meson.build
usr/doc/plymouth-24.004.60/themes/glow/progress-00.png
usr/doc/plymouth-24.004.60/themes/glow/progress-01.png
usr/doc/plymouth-24.004.60/themes/glow/progress-02.png
usr/doc/plymouth-24.004.60/themes/glow/progress-03.png
usr/doc/plymouth-24.004.60/themes/glow/progress-04.png
usr/doc/plymouth-24.004.60/themes/glow/progress-05.png
usr/doc/plymouth-24.004.60/themes/glow/progress-06.png
usr/doc/plymouth-24.004.60/themes/glow/progress-07.png
usr/doc/plymouth-24.004.60/themes/glow/progress-08.png
usr/doc/plymouth-24.004.60/themes/glow/progress-09.png
usr/doc/plymouth-24.004.60/themes/glow/progress-10.png
usr/doc/plymouth-24.004.60/themes/glow/progress-11.png
usr/doc/plymouth-24.004.60/themes/glow/progress-12.png
usr/doc/plymouth-24.004.60/themes/glow/progress-13.png
usr/doc/plymouth-24.004.60/themes/glow/progress-14.png
usr/doc/plymouth-24.004.60/themes/glow/progress-15.png
usr/doc/plymouth-24.004.60/themes/glow/progress-16.png
usr/doc/plymouth-24.004.60/themes/glow/progress-17.png
usr/doc/plymouth-24.004.60/themes/glow/progress-18.png
usr/doc/plymouth-24.004.60/themes/glow/progress-19.png
usr/doc/plymouth-24.004.60/themes/glow/progress-20.png
usr/doc/plymouth-24.004.60/themes/glow/progress-21.png
usr/doc/plymouth-24.004.60/themes/glow/progress-22.png
usr/doc/plymouth-24.004.60/themes/glow/progress-23.png
usr/doc/plymouth-24.004.60/themes/glow/progress-24.png
usr/doc/plymouth-24.004.60/themes/glow/progress-25.png
usr/doc/plymouth-24.004.60/themes/glow/progress-26.png
usr/doc/plymouth-24.004.60/themes/glow/progress-27.png
usr/doc/plymouth-24.004.60/themes/glow/progress-28.png
usr/doc/plymouth-24.004.60/themes/glow/progress-29.png
usr/doc/plymouth-24.004.60/themes/glow/progress-30.png
usr/doc/plymouth-24.004.60/themes/glow/progress-31.png
usr/doc/plymouth-24.004.60/themes/glow/progress-32.png
usr/doc/plymouth-24.004.60/themes/glow/throbber-00.png
usr/doc/plymouth-24.004.60/themes/glow/throbber-01.png
usr/doc/plymouth-24.004.60/themes/glow/throbber-02.png
usr/doc/plymouth-24.004.60/themes/glow/throbber-03.png
usr/doc/plymouth-24.004.60/themes/glow/throbber-04.png
usr/doc/plymouth-24.004.60/themes/glow/throbber-05.png
usr/doc/plymouth-24.004.60/themes/glow/throbber-06.png
usr/doc/plymouth-24.004.60/themes/glow/throbber-07.png
usr/doc/plymouth-24.004.60/themes/glow/throbber-08.png
usr/doc/plymouth-24.004.60/themes/glow/throbber-09.png
usr/doc/plymouth-24.004.60/themes/glow/throbber-10.png
usr/doc/plymouth-24.004.60/themes/glow/throbber-11.png
usr/doc/plymouth-24.004.60/themes/glow/throbber-12.png
usr/doc/plymouth-24.004.60/themes/glow/throbber-13.png
usr/doc/plymouth-24.004.60/themes/glow/throbber-14.png
usr/doc/plymouth-24.004.60/themes/glow/throbber-15.png
usr/doc/plymouth-24.004.60/themes/glow/throbber-16.png
usr/doc/plymouth-24.004.60/themes/glow/throbber-17.png
usr/doc/plymouth-24.004.60/themes/glow/throbber-18.png
usr/doc/plymouth-24.004.60/themes/glow/throbber-19.png
usr/doc/plymouth-24.004.60/themes/meson.build
usr/doc/plymouth-24.004.60/themes/script/
usr/doc/plymouth-24.004.60/themes/script/box.png
usr/doc/plymouth-24.004.60/themes/script/bullet.png
usr/doc/plymouth-24.004.60/themes/script/entry.png
usr/doc/plymouth-24.004.60/themes/script/lock.png
usr/doc/plymouth-24.004.60/themes/script/meson.build
usr/doc/plymouth-24.004.60/themes/script/progress_bar.png
usr/doc/plymouth-24.004.60/themes/script/progress_box.png
usr/doc/plymouth-24.004.60/themes/script/script.plymouth.in
usr/doc/plymouth-24.004.60/themes/script/script.script
usr/doc/plymouth-24.004.60/themes/solar/
usr/doc/plymouth-24.004.60/themes/solar/box.png
usr/doc/plymouth-24.004.60/themes/solar/bullet.png
usr/doc/plymouth-24.004.60/themes/solar/entry.png
usr/doc/plymouth-24.004.60/themes/solar/lock.png
usr/doc/plymouth-24.004.60/themes/solar/meson.build
usr/doc/plymouth-24.004.60/themes/solar/progress_bar.png
usr/doc/plymouth-24.004.60/themes/solar/solar.plymouth.in
usr/doc/plymouth-24.004.60/themes/solar/star.png
usr/doc/plymouth-24.004.60/themes/spinfinity/
usr/doc/plymouth-24.004.60/themes/spinfinity/animation-0001.png
usr/doc/plymouth-24.004.60/themes/spinfinity/box.png
usr/doc/plymouth-24.004.60/themes/spinfinity/bullet.png
usr/doc/plymouth-24.004.60/themes/spinfinity/capslock.png
usr/doc/plymouth-24.004.60/themes/spinfinity/entry.png
usr/doc/plymouth-24.004.60/themes/spinfinity/keyboard.png
usr/doc/plymouth-24.004.60/themes/spinfinity/keymap-render.png
usr/doc/plymouth-24.004.60/themes/spinfinity/lock.png
usr/doc/plymouth-24.004.60/themes/spinfinity/meson.build
usr/doc/plymouth-24.004.60/themes/spinfinity/spinfinity.plymouth.in
usr/doc/plymouth-24.004.60/themes/spinfinity/throbber-00.png
usr/doc/plymouth-24.004.60/themes/spinfinity/throbber-01.png
usr/doc/plymouth-24.004.60/themes/spinfinity/throbber-02.png
usr/doc/plymouth-24.004.60/themes/spinfinity/throbber-03.png
usr/doc/plymouth-24.004.60/themes/spinfinity/throbber-04.png
usr/doc/plymouth-24.004.60/themes/spinfinity/throbber-05.png
usr/doc/plymouth-24.004.60/themes/spinfinity/throbber-06.png
usr/doc/plymouth-24.004.60/themes/spinfinity/throbber-07.png
usr/doc/plymouth-24.004.60/themes/spinfinity/throbber-08.png
usr/doc/plymouth-24.004.60/themes/spinfinity/throbber-09.png
usr/doc/plymouth-24.004.60/themes/spinfinity/throbber-10.png
usr/doc/plymouth-24.004.60/themes/spinfinity/throbber-11.png
usr/doc/plymouth-24.004.60/themes/spinfinity/throbber-12.png
usr/doc/plymouth-24.004.60/themes/spinfinity/throbber-13.png
usr/doc/plymouth-24.004.60/themes/spinfinity/throbber-14.png
usr/doc/plymouth-24.004.60/themes/spinfinity/throbber-15.png
usr/doc/plymouth-24.004.60/themes/spinfinity/throbber-16.png
usr/doc/plymouth-24.004.60/themes/spinfinity/throbber-17.png
usr/doc/plymouth-24.004.60/themes/spinfinity/throbber-18.png
usr/doc/plymouth-24.004.60/themes/spinfinity/throbber-19.png
usr/doc/plymouth-24.004.60/themes/spinfinity/throbber-20.png
usr/doc/plymouth-24.004.60/themes/spinfinity/throbber-21.png
usr/doc/plymouth-24.004.60/themes/spinfinity/throbber-22.png
usr/doc/plymouth-24.004.60/themes/spinfinity/throbber-23.png
usr/doc/plymouth-24.004.60/themes/spinfinity/throbber-24.png
usr/doc/plymouth-24.004.60/themes/spinfinity/throbber-25.png
usr/doc/plymouth-24.004.60/themes/spinfinity/throbber-26.png
usr/doc/plymouth-24.004.60/themes/spinfinity/throbber-27.png
usr/doc/plymouth-24.004.60/themes/spinfinity/throbber-28.png
usr/doc/plymouth-24.004.60/themes/spinfinity/throbber-29.png
usr/doc/plymouth-24.004.60/themes/spinfinity/throbber-30.png
usr/doc/plymouth-24.004.60/themes/spinfinity/throbber-31.png
usr/doc/plymouth-24.004.60/themes/spinfinity/throbber-32.png
usr/doc/plymouth-24.004.60/themes/spinfinity/throbber-33.png
usr/doc/plymouth-24.004.60/themes/spinner/
usr/doc/plymouth-24.004.60/themes/spinner/animation-0001.png
usr/doc/plymouth-24.004.60/themes/spinner/animation-0002.png
usr/doc/plymouth-24.004.60/themes/spinner/animation-0003.png
usr/doc/plymouth-24.004.60/themes/spinner/animation-0004.png
usr/doc/plymouth-24.004.60/themes/spinner/animation-0005.png
usr/doc/plymouth-24.004.60/themes/spinner/animation-0006.png
usr/doc/plymouth-24.004.60/themes/spinner/animation-0007.png
usr/doc/plymouth-24.004.60/themes/spinner/animation-0008.png
usr/doc/plymouth-24.004.60/themes/spinner/animation-0009.png
usr/doc/plymouth-24.004.60/themes/spinner/animation-0010.png
usr/doc/plymouth-24.004.60/themes/spinner/animation-0011.png
usr/doc/plymouth-24.004.60/themes/spinner/animation-0012.png
usr/doc/plymouth-24.004.60/themes/spinner/animation-0013.png
usr/doc/plymouth-24.004.60/themes/spinner/animation-0014.png
usr/doc/plymouth-24.004.60/themes/spinner/animation-0015.png
usr/doc/plymouth-24.004.60/themes/spinner/animation-0016.png
usr/doc/plymouth-24.004.60/themes/spinner/animation-0017.png
usr/doc/plymouth-24.004.60/themes/spinner/animation-0018.png
usr/doc/plymouth-24.004.60/themes/spinner/animation-0019.png
usr/doc/plymouth-24.004.60/themes/spinner/animation-0020.png
usr/doc/plymouth-24.004.60/themes/spinner/animation-0021.png
usr/doc/plymouth-24.004.60/themes/spinner/animation-0022.png
usr/doc/plymouth-24.004.60/themes/spinner/animation-0023.png
usr/doc/plymouth-24.004.60/themes/spinner/animation-0024.png
usr/doc/plymouth-24.004.60/themes/spinner/animation-0025.png
usr/doc/plymouth-24.004.60/themes/spinner/animation-0026.png
usr/doc/plymouth-24.004.60/themes/spinner/animation-0027.png
usr/doc/plymouth-24.004.60/themes/spinner/animation-0028.png
usr/doc/plymouth-24.004.60/themes/spinner/animation-0029.png
usr/doc/plymouth-24.004.60/themes/spinner/animation-0030.png
usr/doc/plymouth-24.004.60/themes/spinner/animation-0031.png
usr/doc/plymouth-24.004.60/themes/spinner/animation-0032.png
usr/doc/plymouth-24.004.60/themes/spinner/animation-0033.png
usr/doc/plymouth-24.004.60/themes/spinner/animation-0034.png
usr/doc/plymouth-24.004.60/themes/spinner/animation-0035.png
usr/doc/plymouth-24.004.60/themes/spinner/animation-0036.png
usr/doc/plymouth-24.004.60/themes/spinner/bullet.png
usr/doc/plymouth-24.004.60/themes/spinner/capslock.fig
usr/doc/plymouth-24.004.60/themes/spinner/capslock.png
usr/doc/plymouth-24.004.60/themes/spinner/entry-nolock.png
usr/doc/plymouth-24.004.60/themes/spinner/entry.png
usr/doc/plymouth-24.004.60/themes/spinner/keyboard.png
usr/doc/plymouth-24.004.60/themes/spinner/keyboard_24px.svg
usr/doc/plymouth-24.004.60/themes/spinner/keyboard_48px.svg
usr/doc/plymouth-24.004.60/themes/spinner/keymap-render.png
usr/doc/plymouth-24.004.60/themes/spinner/lock.png
usr/doc/plymouth-24.004.60/themes/spinner/lock.svg
usr/doc/plymouth-24.004.60/themes/spinner/meson.build
usr/doc/plymouth-24.004.60/themes/spinner/progress-00.png
usr/doc/plymouth-24.004.60/themes/spinner/spinner.blend
usr/doc/plymouth-24.004.60/themes/spinner/spinner.plymouth.desktop
usr/doc/plymouth-24.004.60/themes/spinner/throbber-0001.png
usr/doc/plymouth-24.004.60/themes/spinner/throbber-0002.png
usr/doc/plymouth-24.004.60/themes/spinner/throbber-0003.png
usr/doc/plymouth-24.004.60/themes/spinner/throbber-0004.png
usr/doc/plymouth-24.004.60/themes/spinner/throbber-0005.png
usr/doc/plymouth-24.004.60/themes/spinner/throbber-0006.png
usr/doc/plymouth-24.004.60/themes/spinner/throbber-0007.png
usr/doc/plymouth-24.004.60/themes/spinner/throbber-0008.png
usr/doc/plymouth-24.004.60/themes/spinner/throbber-0009.png
usr/doc/plymouth-24.004.60/themes/spinner/throbber-0010.png
usr/doc/plymouth-24.004.60/themes/spinner/throbber-0011.png
usr/doc/plymouth-24.004.60/themes/spinner/throbber-0012.png
usr/doc/plymouth-24.004.60/themes/spinner/throbber-0013.png
usr/doc/plymouth-24.004.60/themes/spinner/throbber-0014.png
usr/doc/plymouth-24.004.60/themes/spinner/throbber-0015.png
usr/doc/plymouth-24.004.60/themes/spinner/throbber-0016.png
usr/doc/plymouth-24.004.60/themes/spinner/throbber-0017.png
usr/doc/plymouth-24.004.60/themes/spinner/throbber-0018.png
usr/doc/plymouth-24.004.60/themes/spinner/throbber-0019.png
usr/doc/plymouth-24.004.60/themes/spinner/throbber-0020.png
usr/doc/plymouth-24.004.60/themes/spinner/throbber-0021.png
usr/doc/plymouth-24.004.60/themes/spinner/throbber-0022.png
usr/doc/plymouth-24.004.60/themes/spinner/throbber-0023.png
usr/doc/plymouth-24.004.60/themes/spinner/throbber-0024.png
usr/doc/plymouth-24.004.60/themes/spinner/throbber-0025.png
usr/doc/plymouth-24.004.60/themes/spinner/throbber-0026.png
usr/doc/plymouth-24.004.60/themes/spinner/throbber-0027.png
usr/doc/plymouth-24.004.60/themes/spinner/throbber-0028.png
usr/doc/plymouth-24.004.60/themes/spinner/throbber-0029.png
usr/doc/plymouth-24.004.60/themes/spinner/throbber-0030.png
usr/doc/plymouth-24.004.60/themes/text/
usr/doc/plymouth-24.004.60/themes/text/.gitignore
usr/doc/plymouth-24.004.60/themes/text/meson.build
usr/doc/plymouth-24.004.60/themes/text/text.plymouth
usr/doc/plymouth-24.004.60/themes/tribar/
usr/doc/plymouth-24.004.60/themes/tribar/.gitignore
usr/doc/plymouth-24.004.60/themes/tribar/meson.build
usr/doc/plymouth-24.004.60/themes/tribar/tribar.plymouth
usr/include/
usr/include/plymouth-1/
usr/include/plymouth-1/ply/
usr/include/plymouth-1/ply-boot-client/
usr/include/plymouth-1/ply-boot-client/ply-boot-client.h
usr/include/plymouth-1/ply-boot-client/ply-boot-protocol.h
usr/include/plymouth-1/ply-splash-core/
usr/include/plymouth-1/ply-splash-core/ply-boot-splash-plugin.h
usr/include/plymouth-1/ply-splash-core/ply-boot-splash.h
usr/include/plymouth-1/ply-splash-core/ply-device-manager.h
usr/include/plymouth-1/ply-splash-core/ply-input-device.h
usr/include/plymouth-1/ply-splash-core/ply-keyboard.h
usr/include/plymouth-1/ply-splash-core/ply-kmsg-reader.h
usr/include/plymouth-1/ply-splash-core/ply-pixel-buffer.h
usr/include/plymouth-1/ply-splash-core/ply-pixel-display.h
usr/include/plymouth-1/ply-splash-core/ply-renderer-plugin.h
usr/include/plymouth-1/ply-splash-core/ply-renderer.h
usr/include/plymouth-1/ply-splash-core/ply-rich-text.h
usr/include/plymouth-1/ply-splash-core/ply-terminal-emulator.h
usr/include/plymouth-1/ply-splash-core/ply-terminal.h
usr/include/plymouth-1/ply-splash-core/ply-text-display.h
usr/include/plymouth-1/ply-splash-core/ply-text-progress-bar.h
usr/include/plymouth-1/ply-splash-core/ply-text-step-bar.h
usr/include/plymouth-1/ply-splash-graphics/
usr/include/plymouth-1/ply-splash-graphics/ply-animation.h
usr/include/plymouth-1/ply-splash-graphics/ply-capslock-icon.h
usr/include/plymouth-1/ply-splash-graphics/ply-console-viewer.h
usr/include/plymouth-1/ply-splash-graphics/ply-entry.h
usr/include/plymouth-1/ply-splash-graphics/ply-image.h
usr/include/plymouth-1/ply-splash-graphics/ply-keymap-icon.h
usr/include/plymouth-1/ply-splash-graphics/ply-keymap-metadata.h
usr/include/plymouth-1/ply-splash-graphics/ply-label-plugin.h
usr/include/plymouth-1/ply-splash-graphics/ply-label.h
usr/include/plymouth-1/ply-splash-graphics/ply-progress-animation.h
usr/include/plymouth-1/ply-splash-graphics/ply-progress-bar.h
usr/include/plymouth-1/ply-splash-graphics/ply-throbber.h
usr/include/plymouth-1/ply/ply-array.h
usr/include/plymouth-1/ply/ply-bitarray.h
usr/include/plymouth-1/ply/ply-buffer.h
usr/include/plymouth-1/ply/ply-command-parser.h
usr/include/plymouth-1/ply/ply-event-loop.h
usr/include/plymouth-1/ply/ply-hashtable.h
usr/include/plymouth-1/ply/ply-i18n.h
usr/include/plymouth-1/ply/ply-key-file.h
usr/include/plymouth-1/ply/ply-list.h
usr/include/plymouth-1/ply/ply-logger.h
usr/include/plymouth-1/ply/ply-progress.h
usr/include/plymouth-1/ply/ply-rectangle.h
usr/include/plymouth-1/ply/ply-region.h
usr/include/plymouth-1/ply/ply-terminal-session.h
usr/include/plymouth-1/ply/ply-trigger.h
usr/include/plymouth-1/ply/ply-utils.h
usr/lib64/
usr/lib64/libply-boot-client.so.5.0.0
usr/lib64/libply-splash-core.so.5.0.0
usr/lib64/libply-splash-graphics.so.5.0.0
usr/lib64/libply.so.5.0.0
usr/lib64/pkgconfig/
usr/lib64/pkgconfig/ply-boot-client.pc
usr/lib64/pkgconfig/ply-splash-core.pc
usr/lib64/pkgconfig/ply-splash-graphics.pc
usr/lib64/plymouth/
usr/lib64/plymouth/details.so
usr/lib64/plymouth/fade-throbber.so
usr/lib64/plymouth/label-freetype.so
usr/lib64/plymouth/label-pango.so
usr/lib64/plymouth/renderers/
usr/lib64/plymouth/renderers/frame-buffer.so
usr/lib64/plymouth/script.so
usr/lib64/plymouth/space-flares.so
usr/lib64/plymouth/text.so
usr/lib64/plymouth/tribar.so
usr/lib64/plymouth/two-step.so
usr/libexec/
usr/libexec/plymouth/
usr/libexec/plymouth/plymouth-generate-initrd
usr/libexec/plymouth/plymouth-populate-initrd
usr/libexec/plymouth/plymouth-update-initrd
usr/libexec/plymouth/plymouthd-fd-escrow
usr/man/
usr/man/man1/
usr/man/man1/plymouth-set-default-theme.1.gz
usr/man/man1/plymouth.1.gz
usr/man/man8/
usr/man/man8/plymouth.8.gz
usr/man/man8/plymouthd.8.gz
usr/sbin/
usr/sbin/plymouth-set-default-theme
usr/sbin/plymouthd
usr/share/
usr/share/locale/
usr/share/locale/be/
usr/share/locale/be/LC_MESSAGES/
usr/share/locale/be/LC_MESSAGES/plymouth.mo
usr/share/locale/cs/
usr/share/locale/cs/LC_MESSAGES/
usr/share/locale/cs/LC_MESSAGES/plymouth.mo
usr/share/locale/cy/
usr/share/locale/cy/LC_MESSAGES/
usr/share/locale/cy/LC_MESSAGES/plymouth.mo
usr/share/locale/da/
usr/share/locale/da/LC_MESSAGES/
usr/share/locale/da/LC_MESSAGES/plymouth.mo
usr/share/locale/de/
usr/share/locale/de/LC_MESSAGES/
usr/share/locale/de/LC_MESSAGES/plymouth.mo
usr/share/locale/eo/
usr/share/locale/eo/LC_MESSAGES/
usr/share/locale/eo/LC_MESSAGES/plymouth.mo
usr/share/locale/es/
usr/share/locale/es/LC_MESSAGES/
usr/share/locale/es/LC_MESSAGES/plymouth.mo
usr/share/locale/eu/
usr/share/locale/eu/LC_MESSAGES/
usr/share/locale/eu/LC_MESSAGES/plymouth.mo
usr/share/locale/fa/
usr/share/locale/fa/LC_MESSAGES/
usr/share/locale/fa/LC_MESSAGES/plymouth.mo
usr/share/locale/fi/
usr/share/locale/fi/LC_MESSAGES/
usr/share/locale/fi/LC_MESSAGES/plymouth.mo
usr/share/locale/fr/
usr/share/locale/fr/LC_MESSAGES/
usr/share/locale/fr/LC_MESSAGES/plymouth.mo
usr/share/locale/fur/
usr/share/locale/fur/LC_MESSAGES/
usr/share/locale/fur/LC_MESSAGES/plymouth.mo
usr/share/locale/gl/
usr/share/locale/gl/LC_MESSAGES/
usr/share/locale/gl/LC_MESSAGES/plymouth.mo
usr/share/locale/he/
usr/share/locale/he/LC_MESSAGES/
usr/share/locale/he/LC_MESSAGES/plymouth.mo
usr/share/locale/hi/
usr/share/locale/hi/LC_MESSAGES/
usr/share/locale/hi/LC_MESSAGES/plymouth.mo
usr/share/locale/hr/
usr/share/locale/hr/LC_MESSAGES/
usr/share/locale/hr/LC_MESSAGES/plymouth.mo
usr/share/locale/hu/
usr/share/locale/hu/LC_MESSAGES/
usr/share/locale/hu/LC_MESSAGES/plymouth.mo
usr/share/locale/id/
usr/share/locale/id/LC_MESSAGES/
usr/share/locale/id/LC_MESSAGES/plymouth.mo
usr/share/locale/ie/
usr/share/locale/ie/LC_MESSAGES/
usr/share/locale/ie/LC_MESSAGES/plymouth.mo
usr/share/locale/it/
usr/share/locale/it/LC_MESSAGES/
usr/share/locale/it/LC_MESSAGES/plymouth.mo
usr/share/locale/ka/
usr/share/locale/ka/LC_MESSAGES/
usr/share/locale/ka/LC_MESSAGES/plymouth.mo
usr/share/locale/lt/
usr/share/locale/lt/LC_MESSAGES/
usr/share/locale/lt/LC_MESSAGES/plymouth.mo
usr/share/locale/ms/
usr/share/locale/ms/LC_MESSAGES/
usr/share/locale/ms/LC_MESSAGES/plymouth.mo
usr/share/locale/nl/
usr/share/locale/nl/LC_MESSAGES/
usr/share/locale/nl/LC_MESSAGES/plymouth.mo
usr/share/locale/pa/
usr/share/locale/pa/LC_MESSAGES/
usr/share/locale/pa/LC_MESSAGES/plymouth.mo
usr/share/locale/pl/
usr/share/locale/pl/LC_MESSAGES/
usr/share/locale/pl/LC_MESSAGES/plymouth.mo
usr/share/locale/pt/
usr/share/locale/pt/LC_MESSAGES/
usr/share/locale/pt/LC_MESSAGES/plymouth.mo
usr/share/locale/pt_BR/
usr/share/locale/pt_BR/LC_MESSAGES/
usr/share/locale/pt_BR/LC_MESSAGES/plymouth.mo
usr/share/locale/ro/
usr/share/locale/ro/LC_MESSAGES/
usr/share/locale/ro/LC_MESSAGES/plymouth.mo
usr/share/locale/ru/
usr/share/locale/ru/LC_MESSAGES/
usr/share/locale/ru/LC_MESSAGES/plymouth.mo
usr/share/locale/si/
usr/share/locale/si/LC_MESSAGES/
usr/share/locale/si/LC_MESSAGES/plymouth.mo
usr/share/locale/sk/
usr/share/locale/sk/LC_MESSAGES/
usr/share/locale/sk/LC_MESSAGES/plymouth.mo
usr/share/locale/sr/
usr/share/locale/sr/LC_MESSAGES/
usr/share/locale/sr/LC_MESSAGES/plymouth.mo
usr/share/locale/sv/
usr/share/locale/sv/LC_MESSAGES/
usr/share/locale/sv/LC_MESSAGES/plymouth.mo
usr/share/locale/tr/
usr/share/locale/tr/LC_MESSAGES/
usr/share/locale/tr/LC_MESSAGES/plymouth.mo
usr/share/locale/uk/
usr/share/locale/uk/LC_MESSAGES/
usr/share/locale/uk/LC_MESSAGES/plymouth.mo
usr/share/locale/zh_CN/
usr/share/locale/zh_CN/LC_MESSAGES/
usr/share/locale/zh_CN/LC_MESSAGES/plymouth.mo
usr/share/locale/zh_HK/
usr/share/locale/zh_HK/LC_MESSAGES/
usr/share/locale/zh_HK/LC_MESSAGES/plymouth.mo
usr/share/locale/zh_TW/
usr/share/locale/zh_TW/LC_MESSAGES/
usr/share/locale/zh_TW/LC_MESSAGES/plymouth.mo
usr/share/plymouth/
usr/share/plymouth/bizcom.png
usr/share/plymouth/plymouthd.defaults
usr/share/plymouth/themes/
usr/share/plymouth/themes/bgrt/
usr/share/plymouth/themes/bgrt/bgrt.plymouth
usr/share/plymouth/themes/details/
usr/share/plymouth/themes/details/details.plymouth
usr/share/plymouth/themes/fade-in/
usr/share/plymouth/themes/fade-in/bullet.png
usr/share/plymouth/themes/fade-in/entry.png
usr/share/plymouth/themes/fade-in/fade-in.plymouth
usr/share/plymouth/themes/fade-in/lock.png
usr/share/plymouth/themes/fade-in/star.png
usr/share/plymouth/themes/glow/
usr/share/plymouth/themes/glow/box.png
usr/share/plymouth/themes/glow/bullet.png
usr/share/plymouth/themes/glow/entry.png
usr/share/plymouth/themes/glow/glow.plymouth
usr/share/plymouth/themes/glow/lock.png
usr/share/plymouth/themes/glow/progress-00.png
usr/share/plymouth/themes/glow/progress-01.png
usr/share/plymouth/themes/glow/progress-02.png
usr/share/plymouth/themes/glow/progress-03.png
usr/share/plymouth/themes/glow/progress-04.png
usr/share/plymouth/themes/glow/progress-05.png
usr/share/plymouth/themes/glow/progress-06.png
usr/share/plymouth/themes/glow/progress-07.png
usr/share/plymouth/themes/glow/progress-08.png
usr/share/plymouth/themes/glow/progress-09.png
usr/share/plymouth/themes/glow/progress-10.png
usr/share/plymouth/themes/glow/progress-11.png
usr/share/plymouth/themes/glow/progress-12.png
usr/share/plymouth/themes/glow/progress-13.png
usr/share/plymouth/themes/glow/progress-14.png
usr/share/plymouth/themes/glow/progress-15.png
usr/share/plymouth/themes/glow/progress-16.png
usr/share/plymouth/themes/glow/progress-17.png
usr/share/plymouth/themes/glow/progress-18.png
usr/share/plymouth/themes/glow/progress-19.png
usr/share/plymouth/themes/glow/progress-20.png
usr/share/plymouth/themes/glow/progress-21.png
usr/share/plymouth/themes/glow/progress-22.png
usr/share/plymouth/themes/glow/progress-23.png
usr/share/plymouth/themes/glow/progress-24.png
usr/share/plymouth/themes/glow/progress-25.png
usr/share/plymouth/themes/glow/progress-26.png
usr/share/plymouth/themes/glow/progress-27.png
usr/share/plymouth/themes/glow/progress-28.png
usr/share/plymouth/themes/glow/progress-29.png
usr/share/plymouth/themes/glow/progress-30.png
usr/share/plymouth/themes/glow/progress-31.png
usr/share/plymouth/themes/glow/progress-32.png
usr/share/plymouth/themes/glow/throbber-00.png
usr/share/plymouth/themes/glow/throbber-01.png
usr/share/plymouth/themes/glow/throbber-02.png
usr/share/plymouth/themes/glow/throbber-03.png
usr/share/plymouth/themes/glow/throbber-04.png
usr/share/plymouth/themes/glow/throbber-05.png
usr/share/plymouth/themes/glow/throbber-06.png
usr/share/plymouth/themes/glow/throbber-07.png
usr/share/plymouth/themes/glow/throbber-08.png
usr/share/plymouth/themes/glow/throbber-09.png
usr/share/plymouth/themes/glow/throbber-10.png
usr/share/plymouth/themes/glow/throbber-11.png
usr/share/plymouth/themes/glow/throbber-12.png
usr/share/plymouth/themes/glow/throbber-13.png
usr/share/plymouth/themes/glow/throbber-14.png
usr/share/plymouth/themes/glow/throbber-15.png
usr/share/plymouth/themes/glow/throbber-16.png
usr/share/plymouth/themes/glow/throbber-17.png
usr/share/plymouth/themes/glow/throbber-18.png
usr/share/plymouth/themes/glow/throbber-19.png
usr/share/plymouth/themes/script/
usr/share/plymouth/themes/script/box.png
usr/share/plymouth/themes/script/bullet.png
usr/share/plymouth/themes/script/entry.png
usr/share/plymouth/themes/script/lock.png
usr/share/plymouth/themes/script/progress_bar.png
usr/share/plymouth/themes/script/progress_box.png
usr/share/plymouth/themes/script/script.plymouth
usr/share/plymouth/themes/script/script.script
usr/share/plymouth/themes/solar/
usr/share/plymouth/themes/solar/box.png
usr/share/plymouth/themes/solar/bullet.png
usr/share/plymouth/themes/solar/entry.png
usr/share/plymouth/themes/solar/lock.png
usr/share/plymouth/themes/solar/progress_bar.png
usr/share/plymouth/themes/solar/solar.plymouth
usr/share/plymouth/themes/solar/star.png
usr/share/plymouth/themes/spinfinity/
usr/share/plymouth/themes/spinfinity/animation-0001.png
usr/share/plymouth/themes/spinfinity/box.png
usr/share/plymouth/themes/spinfinity/bullet.png
usr/share/plymouth/themes/spinfinity/capslock.png
usr/share/plymouth/themes/spinfinity/entry.png
usr/share/plymouth/themes/spinfinity/keyboard.png
usr/share/plymouth/themes/spinfinity/keymap-render.png
usr/share/plymouth/themes/spinfinity/lock.png
usr/share/plymouth/themes/spinfinity/spinfinity.plymouth
usr/share/plymouth/themes/spinfinity/throbber-00.png
usr/share/plymouth/themes/spinfinity/throbber-01.png
usr/share/plymouth/themes/spinfinity/throbber-02.png
usr/share/plymouth/themes/spinfinity/throbber-03.png
usr/share/plymouth/themes/spinfinity/throbber-04.png
usr/share/plymouth/themes/spinfinity/throbber-05.png
usr/share/plymouth/themes/spinfinity/throbber-06.png
usr/share/plymouth/themes/spinfinity/throbber-07.png
usr/share/plymouth/themes/spinfinity/throbber-08.png
usr/share/plymouth/themes/spinfinity/throbber-09.png
usr/share/plymouth/themes/spinfinity/throbber-10.png
usr/share/plymouth/themes/spinfinity/throbber-11.png
usr/share/plymouth/themes/spinfinity/throbber-12.png
usr/share/plymouth/themes/spinfinity/throbber-13.png
usr/share/plymouth/themes/spinfinity/throbber-14.png
usr/share/plymouth/themes/spinfinity/throbber-15.png
usr/share/plymouth/themes/spinfinity/throbber-16.png
usr/share/plymouth/themes/spinfinity/throbber-17.png
usr/share/plymouth/themes/spinfinity/throbber-18.png
usr/share/plymouth/themes/spinfinity/throbber-19.png
usr/share/plymouth/themes/spinfinity/throbber-20.png
usr/share/plymouth/themes/spinfinity/throbber-21.png
usr/share/plymouth/themes/spinfinity/throbber-22.png
usr/share/plymouth/themes/spinfinity/throbber-23.png
usr/share/plymouth/themes/spinfinity/throbber-24.png
usr/share/plymouth/themes/spinfinity/throbber-25.png
usr/share/plymouth/themes/spinfinity/throbber-26.png
usr/share/plymouth/themes/spinfinity/throbber-27.png
usr/share/plymouth/themes/spinfinity/throbber-28.png
usr/share/plymouth/themes/spinfinity/throbber-29.png
usr/share/plymouth/themes/spinfinity/throbber-30.png
usr/share/plymouth/themes/spinfinity/throbber-31.png
usr/share/plymouth/themes/spinfinity/throbber-32.png
usr/share/plymouth/themes/spinfinity/throbber-33.png
usr/share/plymouth/themes/spinner/
usr/share/plymouth/themes/spinner/animation-0001.png
usr/share/plymouth/themes/spinner/animation-0002.png
usr/share/plymouth/themes/spinner/animation-0003.png
usr/share/plymouth/themes/spinner/animation-0004.png
usr/share/plymouth/themes/spinner/animation-0005.png
usr/share/plymouth/themes/spinner/animation-0006.png
usr/share/plymouth/themes/spinner/animation-0007.png
usr/share/plymouth/themes/spinner/animation-0008.png
usr/share/plymouth/themes/spinner/animation-0009.png
usr/share/plymouth/themes/spinner/animation-0010.png
usr/share/plymouth/themes/spinner/animation-0011.png
usr/share/plymouth/themes/spinner/animation-0012.png
usr/share/plymouth/themes/spinner/animation-0013.png
usr/share/plymouth/themes/spinner/animation-0014.png
usr/share/plymouth/themes/spinner/animation-0015.png
usr/share/plymouth/themes/spinner/animation-0016.png
usr/share/plymouth/themes/spinner/animation-0017.png
usr/share/plymouth/themes/spinner/animation-0018.png
usr/share/plymouth/themes/spinner/animation-0019.png
usr/share/plymouth/themes/spinner/animation-0020.png
usr/share/plymouth/themes/spinner/animation-0021.png
usr/share/plymouth/themes/spinner/animation-0022.png
usr/share/plymouth/themes/spinner/animation-0023.png
usr/share/plymouth/themes/spinner/animation-0024.png
usr/share/plymouth/themes/spinner/animation-0025.png
usr/share/plymouth/themes/spinner/animation-0026.png
usr/share/plymouth/themes/spinner/animation-0027.png
usr/share/plymouth/themes/spinner/animation-0028.png
usr/share/plymouth/themes/spinner/animation-0029.png
usr/share/plymouth/themes/spinner/animation-0030.png
usr/share/plymouth/themes/spinner/animation-0031.png
usr/share/plymouth/themes/spinner/animation-0032.png
usr/share/plymouth/themes/spinner/animation-0033.png
usr/share/plymouth/themes/spinner/animation-0034.png
usr/share/plymouth/themes/spinner/animation-0035.png
usr/share/plymouth/themes/spinner/animation-0036.png
usr/share/plymouth/themes/spinner/bullet.png
usr/share/plymouth/themes/spinner/capslock.png
usr/share/plymouth/themes/spinner/entry.png
usr/share/plymouth/themes/spinner/keyboard.png
usr/share/plymouth/themes/spinner/keymap-render.png
usr/share/plymouth/themes/spinner/lock.png
usr/share/plymouth/themes/spinner/spinner.plymouth
usr/share/plymouth/themes/spinner/throbber-0001.png
usr/share/plymouth/themes/spinner/throbber-0002.png
usr/share/plymouth/themes/spinner/throbber-0003.png
usr/share/plymouth/themes/spinner/throbber-0004.png
usr/share/plymouth/themes/spinner/throbber-0005.png
usr/share/plymouth/themes/spinner/throbber-0006.png
usr/share/plymouth/themes/spinner/throbber-0007.png
usr/share/plymouth/themes/spinner/throbber-0008.png
usr/share/plymouth/themes/spinner/throbber-0009.png
usr/share/plymouth/themes/spinner/throbber-0010.png
usr/share/plymouth/themes/spinner/throbber-0011.png
usr/share/plymouth/themes/spinner/throbber-0012.png
usr/share/plymouth/themes/spinner/throbber-0013.png
usr/share/plymouth/themes/spinner/throbber-0014.png
usr/share/plymouth/themes/spinner/throbber-0015.png
usr/share/plymouth/themes/spinner/throbber-0016.png
usr/share/plymouth/themes/spinner/throbber-0017.png
usr/share/plymouth/themes/spinner/throbber-0018.png
usr/share/plymouth/themes/spinner/throbber-0019.png
usr/share/plymouth/themes/spinner/throbber-0020.png
usr/share/plymouth/themes/spinner/throbber-0021.png
usr/share/plymouth/themes/spinner/throbber-0022.png
usr/share/plymouth/themes/spinner/throbber-0023.png
usr/share/plymouth/themes/spinner/throbber-0024.png
usr/share/plymouth/themes/spinner/throbber-0025.png
usr/share/plymouth/themes/spinner/throbber-0026.png
usr/share/plymouth/themes/spinner/throbber-0027.png
usr/share/plymouth/themes/spinner/throbber-0028.png
usr/share/plymouth/themes/spinner/throbber-0029.png
usr/share/plymouth/themes/spinner/throbber-0030.png
usr/share/plymouth/themes/text/
usr/share/plymouth/themes/text/text.plymouth
usr/share/plymouth/themes/tribar/
usr/share/plymouth/themes/tribar/tribar.plymouth
var/
var/lib/
var/lib/plymouth/
var/spool/
var/spool/plymouth/
WARNING:  zero length file usr/doc/plymouth-24.004.60/build/meson-private/meson.lock

Slackware package /home/omen/GITHUB/One4All_SlackBuild/plymouth/binary-plymouth-24.004.60/plymouth-24.004.60-x86_64-1_rtz.tlz created.

