Starting build process...
Detected architecture: x86_64
--2024-11-02 16:54:14--  https://github.com/AlistGo/alist/releases/download/v3.39.1/alist-linux-amd64.tar.gz
Resolving github.com (github.com)... 140.82.121.4
Connecting to github.com (github.com)|140.82.121.4|:443... connected.
HTTP request sent, awaiting response... 302 Found
Location: https://objects.githubusercontent.com/github-production-release-asset-2e65be/323965659/4c4e82c9-0a59-4aad-978f-046b874a9564?X-Amz-Algorithm=AWS4-HMAC-SHA256&X-Amz-Credential=releaseassetproduction%2F20241102%2Fus-east-1%2Fs3%2Faws4_request&X-Amz-Date=20241102T145241Z&X-Amz-Expires=300&X-Amz-Signature=d239a30d18508633de3c9163c44d8d0a58304322aff3d8d4964871518d7d77ba&X-Amz-SignedHeaders=host&response-content-disposition=attachment%3B%20filename%3Dalist-linux-amd64.tar.gz&response-content-type=application%2Foctet-stream [following]
--2024-11-02 16:54:14--  https://objects.githubusercontent.com/github-production-release-asset-2e65be/323965659/4c4e82c9-0a59-4aad-978f-046b874a9564?X-Amz-Algorithm=AWS4-HMAC-SHA256&X-Amz-Credential=releaseassetproduction%2F20241102%2Fus-east-1%2Fs3%2Faws4_request&X-Amz-Date=20241102T145241Z&X-Amz-Expires=300&X-Amz-Signature=d239a30d18508633de3c9163c44d8d0a58304322aff3d8d4964871518d7d77ba&X-Amz-SignedHeaders=host&response-content-disposition=attachment%3B%20filename%3Dalist-linux-amd64.tar.gz&response-content-type=application%2Foctet-stream
Resolving objects.githubusercontent.com (objects.githubusercontent.com)... 185.199.108.133, 185.199.111.133, 185.199.109.133, ...
Connecting to objects.githubusercontent.com (objects.githubusercontent.com)|185.199.108.133|:443... connected.
HTTP request sent, awaiting response... 200 OK
Length: 28477302 (27M) [application/octet-stream]
Saving to: ‘alist-linux-amd64-3.39.1.tar.gz’

     0K .......... .......... .......... .......... ..........  0%  714K 39s
    50K .......... .......... .......... .......... ..........  0%  885K 35s
   100K .......... .......... .......... .......... ..........  0% 3.76M 26s
   150K .......... .......... .......... .......... ..........  0% 1.28M 25s
   200K .......... .......... .......... .......... ..........  0% 5.23M 21s
   250K .......... .......... .......... .......... ..........  1% 4.05M 18s
   300K .......... .......... .......... .......... ..........  1% 7.18M 16s
   350K .......... .......... .......... .......... ..........  1% 5.11M 15s
   400K .......... .......... .......... .......... ..........  1% 2.14M 14s
   450K .......... .......... .......... .......... ..........  1% 7.14M 13s
   500K .......... .......... .......... .......... ..........  1% 5.01M 13s
   550K .......... .......... .......... .......... ..........  2% 5.14M 12s
   600K .......... .......... .......... .......... ..........  2%  617K 14s
   650K .......... .......... .......... .......... ..........  2% 11.3M 14s
   700K .......... .......... .......... .......... ..........  2% 17.7M 13s
   750K .......... .......... .......... .......... ..........  2% 9.98M 12s
   800K .......... .......... .......... .......... ..........  3% 9.84M 11s
   850K .......... .......... .......... .......... ..........  3% 11.1M 11s
   900K .......... .......... .......... .......... ..........  3%  145M 10s
   950K .......... .......... .......... .......... ..........  3%  110M 10s
  1000K .......... .......... .......... .......... ..........  3%  253M 9s
  1050K .......... .......... .......... .......... ..........  3% 2.20M 9s
  1100K .......... .......... .......... .......... ..........  4% 6.73M 9s
  1150K .......... .......... .......... .......... ..........  4% 4.26M 9s
  1200K .......... .......... .......... .......... ..........  4% 20.1M 9s
  1250K .......... .......... .......... .......... ..........  4%  650K 10s
  1300K .......... .......... .......... .......... ..........  4% 78.3M 10s
  1350K .......... .......... .......... .......... ..........  5%  102M 9s
  1400K .......... .......... .......... .......... ..........  5% 76.3M 9s
  1450K .......... .......... .......... .......... ..........  5% 14.5M 9s
  1500K .......... .......... .......... .......... ..........  5% 6.52M 8s
  1550K .......... .......... .......... .......... ..........  5% 10.8M 8s
  1600K .......... .......... .......... .......... ..........  5% 10.7M 8s
  1650K .......... .......... .......... .......... ..........  6% 9.47M 8s
  1700K .......... .......... .......... .......... ..........  6%  175M 8s
  1750K .......... .......... .......... .......... ..........  6% 2.59M 8s
  1800K .......... .......... .......... .......... ..........  6%  110M 8s
  1850K .......... .......... .......... .......... ..........  6%  126M 7s
  1900K .......... .......... .......... .......... ..........  7%  109M 7s
  1950K .......... .......... .......... .......... ..........  7%  118M 7s
  2000K .......... .......... .......... .......... ..........  7%  131M 7s
  2050K .......... .......... .......... .......... ..........  7%  111M 7s
  2100K .......... .......... .......... .......... ..........  7% 21.6M 6s
  2150K .......... .......... .......... .......... ..........  7% 4.93M 6s
  2200K .......... .......... .......... .......... ..........  8% 4.90M 6s
  2250K .......... .......... .......... .......... ..........  8% 7.31M 6s
  2300K .......... .......... .......... .......... ..........  8% 4.95M 6s
  2350K .......... .......... .......... .......... ..........  8% 5.02M 6s
  2400K .......... .......... .......... .......... ..........  8% 6.49M 6s
  2450K .......... .......... .......... .......... ..........  8% 5.05M 6s
  2500K .......... .......... .......... .......... ..........  9% 6.26M 6s
  2550K .......... .......... .......... .......... ..........  9% 4.96M 6s
  2600K .......... .......... .......... .......... ..........  9% 7.03M 6s
  2650K .......... .......... .......... .......... ..........  9% 4.99M 6s
  2700K .......... .......... .......... .......... ..........  9% 4.25M 6s
  2750K .......... .......... .......... .......... .......... 10% 6.47M 6s
  2800K .......... .......... .......... .......... .......... 10% 5.27M 6s
  2850K .......... .......... .......... .......... .......... 10% 5.44M 6s
  2900K .......... .......... .......... .......... .......... 10% 5.32M 6s
  2950K .......... .......... .......... .......... .......... 10% 5.26M 6s
  3000K .......... .......... .......... .......... .......... 10% 5.12M 6s
  3050K .......... .......... .......... .......... .......... 11% 6.72M 6s
  3100K .......... .......... .......... .......... .......... 11% 5.12M 6s
  3150K .......... .......... .......... .......... .......... 11% 6.29M 6s
  3200K .......... .......... .......... .......... .......... 11% 4.90M 6s
  3250K .......... .......... .......... .......... .......... 11% 6.52M 6s
  3300K .......... .......... .......... .......... .......... 12% 5.02M 6s
  3350K .......... .......... .......... .......... .......... 12% 4.96M 5s
  3400K .......... .......... .......... .......... .......... 12% 5.02M 5s
  3450K .......... .......... .......... .......... .......... 12% 6.68M 5s
  3500K .......... .......... .......... .......... .......... 12% 5.32M 5s
  3550K .......... .......... .......... .......... .......... 12% 5.30M 5s
  3600K .......... .......... .......... .......... .......... 13% 7.20M 5s
  3650K .......... .......... .......... .......... .......... 13% 4.06M 5s
  3700K .......... .......... .......... .......... .......... 13% 5.32M 5s
  3750K .......... .......... .......... .......... .......... 13% 5.50M 5s
  3800K .......... .......... .......... .......... .......... 13% 7.03M 5s
  3850K .......... .......... .......... .......... .......... 14% 5.18M 5s
  3900K .......... .......... .......... .......... .......... 14% 6.98M 5s
  3950K .......... .......... .......... .......... .......... 14% 5.39M 5s
  4000K .......... .......... .......... .......... .......... 14% 5.05M 5s
  4050K .......... .......... .......... .......... .......... 14% 4.33M 5s
  4100K .......... .......... .......... .......... .......... 14% 6.73M 5s
  4150K .......... .......... .......... .......... .......... 15% 5.27M 5s
  4200K .......... .......... .......... .......... .......... 15% 4.98M 5s
  4250K .......... .......... .......... .......... .......... 15% 7.01M 5s
  4300K .......... .......... .......... .......... .......... 15% 5.13M 5s
  4350K .......... .......... .......... .......... .......... 15% 5.31M 5s
  4400K .......... .......... .......... .......... .......... 16% 5.41M 5s
  4450K .......... .......... .......... .......... .......... 16% 5.55M 5s
  4500K .......... .......... .......... .......... .......... 16% 5.05M 5s
  4550K .......... .......... .......... .......... .......... 16% 6.71M 5s
  4600K .......... .......... .......... .......... .......... 16% 5.03M 5s
  4650K .......... .......... .......... .......... .......... 16% 6.79M 5s
  4700K .......... .......... .......... .......... .......... 17% 4.33M 5s
  4750K .......... .......... .......... .......... .......... 17% 5.11M 5s
  4800K .......... .......... .......... .......... .......... 17% 7.02M 5s
  4850K .......... .......... .......... .......... .......... 17% 5.40M 5s
  4900K .......... .......... .......... .......... .......... 17% 6.81M 5s
  4950K .......... .......... .......... .......... .......... 17% 5.51M 5s
  5000K .......... .......... .......... .......... .......... 18% 4.05M 5s
  5050K .......... .......... .......... .......... .......... 18% 6.52M 5s
  5100K .......... .......... .......... .......... .......... 18% 5.19M 5s
  5150K .......... .......... .......... .......... .......... 18% 5.41M 5s
  5200K .......... .......... .......... .......... .......... 18% 7.00M 5s
  5250K .......... .......... .......... .......... .......... 19% 5.14M 5s
  5300K .......... .......... .......... .......... .......... 19% 5.35M 5s
  5350K .......... .......... .......... .......... .......... 19% 5.55M 5s
  5400K .......... .......... .......... .......... .......... 19% 4.71M 5s
  5450K .......... .......... .......... .......... .......... 19% 5.65M 5s
  5500K .......... .......... .......... .......... .......... 19% 6.95M 5s
  5550K .......... .......... .......... .......... .......... 20% 5.24M 5s
  5600K .......... .......... .......... .......... .......... 20% 6.76M 5s
  5650K .......... .......... .......... .......... .......... 20% 4.22M 5s
  5700K .......... .......... .......... .......... .......... 20% 5.30M 5s
  5750K .......... .......... .......... .......... .......... 20% 5.35M 5s
  5800K .......... .......... .......... .......... .......... 21% 7.00M 4s
  5850K .......... .......... .......... .......... .......... 21% 5.48M 4s
  5900K .......... .......... .......... .......... .......... 21% 5.13M 4s
  5950K .......... .......... .......... .......... .......... 21% 7.30M 4s
  6000K .......... .......... .......... .......... .......... 21% 5.04M 4s
  6050K .......... .......... .......... .......... .......... 21% 3.99M 4s
  6100K .......... .......... .......... .......... .......... 22% 7.00M 4s
  6150K .......... .......... .......... .......... .......... 22% 5.16M 4s
  6200K .......... .......... .......... .......... .......... 22% 5.01M 4s
  6250K .......... .......... .......... .......... .......... 22% 6.17M 4s
  6300K .......... .......... .......... .......... .......... 22% 6.11M 4s
  6350K .......... .......... .......... .......... .......... 23% 4.83M 4s
  6400K .......... .......... .......... .......... .......... 23% 7.19M 4s
  6450K .......... .......... .......... .......... .......... 23% 4.09M 4s
  6500K .......... .......... .......... .......... .......... 23% 4.98M 4s
  6550K .......... .......... .......... .......... .......... 23% 6.78M 4s
  6600K .......... .......... .......... .......... .......... 23% 5.32M 4s
  6650K .......... .......... .......... .......... .......... 24% 6.71M 4s
  6700K .......... .......... .......... .......... .......... 24% 5.07M 4s
  6750K .......... .......... .......... .......... .......... 24% 5.51M 4s
  6800K .......... .......... .......... .......... .......... 24% 7.09M 4s
  6850K .......... .......... .......... .......... .......... 24% 4.12M 4s
  6900K .......... .......... .......... .......... .......... 24% 6.77M 4s
  6950K .......... .......... .......... .......... .......... 25% 5.31M 4s
  7000K .......... .......... .......... .......... .......... 25% 5.22M 4s
  7050K .......... .......... .......... .......... .......... 25% 6.95M 4s
  7100K .......... .......... .......... .......... .......... 25% 3.96M 4s
  7150K .......... .......... .......... .......... .......... 25% 6.10M 4s
  7200K .......... .......... .......... .......... .......... 26% 5.41M 4s
  7250K .......... .......... .......... .......... .......... 26% 5.29M 4s
  7300K .......... .......... .......... .......... .......... 26% 7.22M 4s
  7350K .......... .......... .......... .......... .......... 26% 4.98M 4s
  7400K .......... .......... .......... .......... .......... 26% 7.06M 4s
  7450K .......... .......... .......... .......... .......... 26% 4.13M 4s
  7500K .......... .......... .......... .......... .......... 27% 6.57M 4s
  7550K .......... .......... .......... .......... .......... 27% 6.29M 4s
  7600K .......... .......... .......... .......... .......... 27% 4.87M 4s
  7650K .......... .......... .......... .......... .......... 27% 6.74M 4s
  7700K .......... .......... .......... .......... .......... 27% 5.01M 4s
  7750K .......... .......... .......... .......... .......... 28% 5.14M 4s
  7800K .......... .......... .......... .......... .......... 28% 5.26M 4s
  7850K .......... .......... .......... .......... .......... 28% 5.15M 4s
  7900K .......... .......... .......... .......... .......... 28% 5.28M 4s
  7950K .......... .......... .......... .......... .......... 28% 6.51M 4s
  8000K .......... .......... .......... .......... .......... 28% 5.43M 4s
  8050K .......... .......... .......... .......... .......... 29% 5.01M 4s
  8100K .......... .......... .......... .......... .......... 29% 5.13M 4s
  8150K .......... .......... .......... .......... .......... 29% 5.30M 4s
  8200K .......... .......... .......... .......... .......... 29% 6.86M 4s
  8250K .......... .......... .......... .......... .......... 29% 5.12M 4s
  8300K .......... .......... .......... .......... .......... 30% 5.29M 4s
  8350K .......... .......... .......... .......... .......... 30% 7.51M 4s
  8400K .......... .......... .......... .......... .......... 30% 5.02M 4s
  8450K .......... .......... .......... .......... .......... 30% 5.18M 4s
  8500K .......... .......... .......... .......... .......... 30% 5.20M 4s
  8550K .......... .......... .......... .......... .......... 30% 6.88M 4s
  8600K .......... .......... .......... .......... .......... 31% 5.39M 4s
  8650K .......... .......... .......... .......... .......... 31% 5.25M 4s
  8700K .......... .......... .......... .......... .......... 31% 4.98M 4s
  8750K .......... .......... .......... .......... .......... 31% 5.31M 4s
  8800K .......... .......... .......... .......... .......... 31% 6.35M 4s
  8850K .......... .......... .......... .......... .......... 32% 5.51M 4s
  8900K .......... .......... .......... .......... .......... 32% 5.47M 4s
  8950K .......... .......... .......... .......... .......... 32% 5.11M 4s
  9000K .......... .......... .......... .......... .......... 32% 5.17M 4s
  9050K .......... .......... .......... .......... .......... 32% 6.58M 4s
  9100K .......... .......... .......... .......... .......... 32% 5.08M 4s
  9150K .......... .......... .......... .......... .......... 33% 6.88M 4s
  9200K .......... .......... .......... .......... .......... 33% 4.07M 4s
  9250K .......... .......... .......... .......... .......... 33% 5.43M 4s
  9300K .......... .......... .......... .......... .......... 33% 5.35M 4s
  9350K .......... .......... .......... .......... .......... 33% 6.42M 4s
  9400K .......... .......... .......... .......... .......... 33% 5.42M 4s
  9450K .......... .......... .......... .......... .......... 34% 7.00M 4s
  9500K .......... .......... .......... .......... .......... 34% 2.56M 4s
  9550K .......... .......... .......... .......... .......... 34% 4.18M 4s
  9600K .......... .......... .......... .......... .......... 34% 6.93M 4s
  9650K .......... .......... .......... .......... .......... 34% 5.30M 4s
  9700K .......... .......... .......... .......... .......... 35% 5.33M 4s
  9750K .......... .......... .......... .......... .......... 35% 6.71M 4s
  9800K .......... .......... .......... .......... .......... 35% 5.23M 3s
  9850K .......... .......... .......... .......... .......... 35% 7.33M 3s
  9900K .......... .......... .......... .......... .......... 35% 4.15M 3s
  9950K .......... .......... .......... .......... .......... 35% 5.18M 3s
 10000K .......... .......... .......... .......... .......... 36% 6.94M 3s
 10050K .......... .......... .......... .......... .......... 36% 5.28M 3s
 10100K .......... .......... .......... .......... .......... 36% 5.29M 3s
 10150K .......... .......... .......... .......... .......... 36% 5.15M 3s
 10200K .......... .......... .......... .......... .......... 36% 6.70M 3s
 10250K .......... .......... .......... .......... .......... 37% 5.27M 3s
 10300K .......... .......... .......... .......... .......... 37% 5.02M 3s
 10350K .......... .......... .......... .......... .......... 37% 5.73M 3s
 10400K .......... .......... .......... .......... .......... 37% 4.99M 3s
 10450K .......... .......... .......... .......... .......... 37% 4.90M 3s
 10500K .......... .......... .......... .......... .......... 37% 7.38M 3s
 10550K .......... .......... .......... .......... .......... 38% 6.23M 3s
 10600K .......... .......... .......... .......... .......... 38% 5.28M 3s
 10650K .......... .......... .......... .......... .......... 38% 5.24M 3s
 10700K .......... .......... .......... .......... .......... 38% 6.71M 3s
 10750K .......... .......... .......... .......... .......... 38% 4.89M 3s
 10800K .......... .......... .......... .......... .......... 39% 4.14M 3s
 10850K .......... .......... .......... .......... .......... 39% 6.52M 3s
 10900K .......... .......... .......... .......... .......... 39% 4.74M 3s
 10950K .......... .......... .......... .......... .......... 39% 6.38M 3s
 11000K .......... .......... .......... .......... .......... 39% 6.54M 3s
 11050K .......... .......... .......... .......... .......... 39% 5.17M 3s
 11100K .......... .......... .......... .......... .......... 40% 6.46M 3s
 11150K .......... .......... .......... .......... .......... 40% 5.16M 3s
 11200K .......... .......... .......... .......... .......... 40% 5.14M 3s
 11250K .......... .......... .......... .......... .......... 40% 5.23M 3s
 11300K .......... .......... .......... .......... .......... 40% 5.13M 3s
 11350K .......... .......... .......... .......... .......... 40% 6.76M 3s
 11400K .......... .......... .......... .......... .......... 41% 5.03M 3s
 11450K .......... .......... .......... .......... .......... 41% 6.86M 3s
 11500K .......... .......... .......... .......... .......... 41% 4.28M 3s
 11550K .......... .......... .......... .......... .......... 41% 5.29M 3s
 11600K .......... .......... .......... .......... .......... 41% 5.26M 3s
 11650K .......... .......... .......... .......... .......... 42% 7.24M 3s
 11700K .......... .......... .......... .......... .......... 42% 4.91M 3s
 11750K .......... .......... .......... .......... .......... 42% 6.68M 3s
 11800K .......... .......... .......... .......... .......... 42% 4.14M 3s
 11850K .......... .......... .......... .......... .......... 42% 6.72M 3s
 11900K .......... .......... .......... .......... .......... 42% 5.25M 3s
 11950K .......... .......... .......... .......... .......... 43% 7.05M 3s
 12000K .......... .......... .......... .......... .......... 43% 4.90M 3s
 12050K .......... .......... .......... .......... .......... 43% 5.69M 3s
 12100K .......... .......... .......... .......... .......... 43% 7.01M 3s
 12150K .......... .......... .......... .......... .......... 43% 4.04M 3s
 12200K .......... .......... .......... .......... .......... 44% 5.21M 3s
 12250K .......... .......... .......... .......... .......... 44% 6.98M 3s
 12300K .......... .......... .......... .......... .......... 44% 4.88M 3s
 12350K .......... .......... .......... .......... .......... 44% 5.03M 3s
 12400K .......... .......... .......... .......... .......... 44% 7.24M 3s
 12450K .......... .......... .......... .......... .......... 44% 4.99M 3s
 12500K .......... .......... .......... .......... .......... 45% 6.98M 3s
 12550K .......... .......... .......... .......... .......... 45% 5.04M 3s
 12600K .......... .......... .......... .......... .......... 45% 6.69M 3s
 12650K .......... .......... .......... .......... .......... 45% 4.16M 3s
 12700K .......... .......... .......... .......... .......... 45% 5.15M 3s
 12750K .......... .......... .......... .......... .......... 46% 6.96M 3s
 12800K .......... .......... .......... .......... .......... 46% 5.28M 3s
 12850K .......... .......... .......... .......... .......... 46% 4.90M 3s
 12900K .......... .......... .......... .......... .......... 46% 6.96M 3s
 12950K .......... .......... .......... .......... .......... 46% 4.25M 3s
 13000K .......... .......... .......... .......... .......... 46% 6.94M 3s
 13050K .......... .......... .......... .......... .......... 47% 5.41M 3s
 13100K .......... .......... .......... .......... .......... 47% 5.33M 3s
 13150K .......... .......... .......... .......... .......... 47% 5.33M 3s
 13200K .......... .......... .......... .......... .......... 47% 6.71M 3s
 13250K .......... .......... .......... .......... .......... 47% 5.27M 3s
 13300K .......... .......... .......... .......... .......... 48% 6.99M 3s
 13350K .......... .......... .......... .......... .......... 48% 4.18M 3s
 13400K .......... .......... .......... .......... .......... 48% 5.35M 3s
 13450K .......... .......... .......... .......... .......... 48% 5.08M 3s
 13500K .......... .......... .......... .......... .......... 48% 7.01M 3s
 13550K .......... .......... .......... .......... .......... 48% 5.41M 3s
 13600K .......... .......... .......... .......... .......... 49% 4.23M 3s
 13650K .......... .......... .......... .......... .......... 49% 6.54M 3s
 13700K .......... .......... .......... .......... .......... 49% 5.38M 3s
 13750K .......... .......... .......... .......... .......... 49% 7.03M 3s
 13800K .......... .......... .......... .......... .......... 49% 5.23M 3s
 13850K .......... .......... .......... .......... .......... 49% 5.10M 3s
 13900K .......... .......... .......... .......... .......... 50% 7.07M 3s
 13950K .......... .......... .......... .......... .......... 50% 5.26M 3s
 14000K .......... .......... .......... .......... .......... 50% 4.26M 3s
 14050K .......... .......... .......... .......... .......... 50% 6.75M 3s
 14100K .......... .......... .......... .......... .......... 50% 5.39M 3s
 14150K .......... .......... .......... .......... .......... 51% 6.69M 3s
 14200K .......... .......... .......... .......... .......... 51% 4.98M 3s
 14250K .......... .......... .......... .......... .......... 51% 7.26M 3s
 14300K .......... .......... .......... .......... .......... 51% 4.07M 3s
 14350K .......... .......... .......... .......... .......... 51% 5.01M 3s
 14400K .......... .......... .......... .......... .......... 51% 6.94M 3s
 14450K .......... .......... .......... .......... .......... 52% 5.20M 3s
 14500K .......... .......... .......... .......... .......... 52% 5.14M 3s
 14550K .......... .......... .......... .......... .......... 52% 6.49M 2s
 14600K .......... .......... .......... .......... .......... 52% 5.31M 2s
 14650K .......... .......... .......... .......... .......... 52% 6.95M 2s
 14700K .......... .......... .......... .......... .......... 53% 4.25M 2s
 14750K .......... .......... .......... .......... .......... 53% 5.29M 2s
 14800K .......... .......... .......... .......... .......... 53% 5.12M 2s
 14850K .......... .......... .......... .......... .......... 53% 6.79M 2s
 14900K .......... .......... .......... .......... .......... 53% 5.37M 2s
 14950K .......... .......... .......... .......... .......... 53% 5.12M 2s
 15000K .......... .......... .......... .......... .......... 54% 4.57M 2s
 15050K .......... .......... .......... .......... .......... 54% 7.61M 2s
 15100K .......... .......... .......... .......... .......... 54% 4.92M 2s
 15150K .......... .......... .......... .......... .......... 54% 6.78M 2s
 15200K .......... .......... .......... .......... .......... 54% 4.93M 2s
 15250K .......... .......... .......... .......... .......... 55% 6.53M 2s
 15300K .......... .......... .......... .......... .......... 55% 5.49M 2s
 15350K .......... .......... .......... .......... .......... 55% 4.25M 2s
 15400K .......... .......... .......... .......... .......... 55% 6.72M 2s
 15450K .......... .......... .......... .......... .......... 55% 5.12M 2s
 15500K .......... .......... .......... .......... .......... 55% 6.99M 2s
 15550K .......... .......... .......... .......... .......... 56% 5.32M 2s
 15600K .......... .......... .......... .......... .......... 56% 5.40M 2s
 15650K .......... .......... .......... .......... .......... 56% 4.26M 2s
 15700K .......... .......... .......... .......... .......... 56% 6.99M 2s
 15750K .......... .......... .......... .......... .......... 56% 4.95M 2s
 15800K .......... .......... .......... .......... .......... 56% 7.02M 2s
 15850K .......... .......... .......... .......... .......... 57% 5.32M 2s
 15900K .......... .......... .......... .......... .......... 57% 5.06M 2s
 15950K .......... .......... .......... .......... .......... 57% 7.09M 2s
 16000K .......... .......... .......... .......... .......... 57% 4.07M 2s
 16050K .......... .......... .......... .......... .......... 57% 7.21M 2s
 16100K .......... .......... .......... .......... .......... 58% 5.03M 2s
 16150K .......... .......... .......... .......... .......... 58% 6.50M 2s
 16200K .......... .......... .......... .......... .......... 58% 5.44M 2s
 16250K .......... .......... .......... .......... .......... 58% 5.01M 2s
 16300K .......... .......... .......... .......... .......... 58% 4.26M 2s
 16350K .......... .......... .......... .......... .......... 58% 7.27M 2s
 16400K .......... .......... .......... .......... .......... 59% 5.00M 2s
 16450K .......... .......... .......... .......... .......... 59% 7.14M 2s
 16500K .......... .......... .......... .......... .......... 59% 5.32M 2s
 16550K .......... .......... .......... .......... .......... 59% 5.11M 2s
 16600K .......... .......... .......... .......... .......... 59% 7.19M 2s
 16650K .......... .......... .......... .......... .......... 60% 4.85M 2s
 16700K .......... .......... .......... .......... .......... 60% 4.18M 2s
 16750K .......... .......... .......... .......... .......... 60% 6.92M 2s
 16800K .......... .......... .......... .......... .......... 60% 6.34M 2s
 16850K .......... .......... .......... .......... .......... 60% 4.87M 2s
 16900K .......... .......... .......... .......... .......... 60% 6.77M 2s
 16950K .......... .......... .......... .......... .......... 61% 5.24M 2s
 17000K .......... .......... .......... .......... .......... 61% 3.98M 2s
 17050K .......... .......... .......... .......... .......... 61% 6.78M 2s
 17100K .......... .......... .......... .......... .......... 61% 5.43M 2s
 17150K .......... .......... .......... .......... .......... 61% 6.96M 2s
 17200K .......... .......... .......... .......... .......... 62% 5.34M 2s
 17250K .......... .......... .......... .......... .......... 62% 5.40M 2s
 17300K .......... .......... .......... .......... .......... 62% 4.76M 2s
 17350K .......... .......... .......... .......... .......... 62% 7.28M 2s
 17400K .......... .......... .......... .......... .......... 62% 4.09M 2s
 17450K .......... .......... .......... .......... .......... 62% 7.19M 2s
 17500K .......... .......... .......... .......... .......... 63% 5.15M 2s
 17550K .......... .......... .......... .......... .......... 63% 6.13M 2s
 17600K .......... .......... .......... .......... .......... 63% 5.65M 2s
 17650K .......... .......... .......... .......... .......... 63% 5.30M 2s
 17700K .......... .......... .......... .......... .......... 63% 6.54M 2s
 17750K .......... .......... .......... .......... .......... 64% 5.04M 2s
 17800K .......... .......... .......... .......... .......... 64% 4.04M 2s
 17850K .......... .......... .......... .......... .......... 64% 6.87M 2s
 17900K .......... .......... .......... .......... .......... 64% 7.24M 2s
 17950K .......... .......... .......... .......... .......... 64% 4.18M 2s
 18000K .......... .......... .......... .......... .......... 64% 4.93M 2s
 18050K .......... .......... .......... .......... .......... 65% 5.46M 2s
 18100K .......... .......... .......... .......... .......... 65% 7.37M 2s
 18150K .......... .......... .......... .......... .......... 65% 5.15M 2s
 18200K .......... .......... .......... .......... .......... 65% 5.43M 2s
 18250K .......... .......... .......... .......... .......... 65% 6.97M 2s
 18300K .......... .......... .......... .......... .......... 65% 4.82M 2s
 18350K .......... .......... .......... .......... .......... 66% 5.20M 2s
 18400K .......... .......... .......... .......... .......... 66% 5.13M 2s
 18450K .......... .......... .......... .......... .......... 66% 5.61M 2s
 18500K .......... .......... .......... .......... .......... 66% 5.58M 2s
 18550K .......... .......... .......... .......... .......... 66% 5.06M 2s
 18600K .......... .......... .......... .......... .......... 67% 6.51M 2s
 18650K .......... .......... .......... .......... .......... 67% 5.28M 2s
 18700K .......... .......... .......... .......... .......... 67% 4.86M 2s
 18750K .......... .......... .......... .......... .......... 67% 7.08M 2s
 18800K .......... .......... .......... .......... .......... 67% 5.03M 2s
 18850K .......... .......... .......... .......... .......... 67% 6.86M 2s
 18900K .......... .......... .......... .......... .......... 68% 5.40M 2s
 18950K .......... .......... .......... .......... .......... 68% 5.15M 2s
 19000K .......... .......... .......... .......... .......... 68% 5.14M 2s
 19050K .......... .......... .......... .......... .......... 68% 4.66M 2s
 19100K .......... .......... .......... .......... .......... 68% 6.97M 2s
 19150K .......... .......... .......... .......... .......... 69% 5.17M 2s
 19200K .......... .......... .......... .......... .......... 69% 6.75M 2s
 19250K .......... .......... .......... .......... .......... 69% 4.93M 2s
 19300K .......... .......... .......... .......... .......... 69% 5.48M 2s
 19350K .......... .......... .......... .......... .......... 69% 5.09M 2s
 19400K .......... .......... .......... .......... .......... 69% 4.97M 2s
 19450K .......... .......... .......... .......... .......... 70% 6.04M 2s
 19500K .......... .......... .......... .......... .......... 70% 5.32M 2s
 19550K .......... .......... .......... .......... .......... 70% 6.90M 2s
 19600K .......... .......... .......... .......... .......... 70% 5.15M 2s
 19650K .......... .......... .......... .......... .......... 70% 6.97M 2s
 19700K .......... .......... .......... .......... .......... 71% 4.06M 1s
 19750K .......... .......... .......... .......... .......... 71% 4.94M 1s
 19800K .......... .......... .......... .......... .......... 71% 6.48M 1s
 19850K .......... .......... .......... .......... .......... 71% 6.30M 1s
 19900K .......... .......... .......... .......... .......... 71% 5.27M 1s
 19950K .......... .......... .......... .......... .......... 71% 5.10M 1s
 20000K .......... .......... .......... .......... .......... 72% 7.02M 1s
 20050K .......... .......... .......... .......... .......... 72% 4.88M 1s
 20100K .......... .......... .......... .......... .......... 72% 4.25M 1s
 20150K .......... .......... .......... .......... .......... 72% 6.27M 1s
 20200K .......... .......... .......... .......... .......... 72% 5.75M 1s
 20250K .......... .......... .......... .......... .......... 72% 6.34M 1s
 20300K .......... .......... .......... .......... .......... 73% 5.28M 1s
 20350K .......... .......... .......... .......... .......... 73% 5.31M 1s
 20400K .......... .......... .......... .......... .......... 73% 5.38M 1s
 20450K .......... .......... .......... .......... .......... 73% 6.57M 1s
 20500K .......... .......... .......... .......... .......... 73% 4.99M 1s
 20550K .......... .......... .......... .......... .......... 74% 5.43M 1s
 20600K .......... .......... .......... .......... .......... 74% 7.00M 1s
 20650K .......... .......... .......... .......... .......... 74% 3.84M 1s
 20700K .......... .......... .......... .......... .......... 74% 6.74M 1s
 20750K .......... .......... .......... .......... .......... 74% 5.33M 1s
 20800K .......... .......... .......... .......... .......... 74% 5.25M 1s
 20850K .......... .......... .......... .......... .......... 75% 7.14M 1s
 20900K .......... .......... .......... .......... .......... 75% 5.09M 1s
 20950K .......... .......... .......... .......... .......... 75% 5.37M 1s
 21000K .......... .......... .......... .......... .......... 75% 6.99M 1s
 21050K .......... .......... .......... .......... .......... 75% 4.24M 1s
 21100K .......... .......... .......... .......... .......... 76% 5.17M 1s
 21150K .......... .......... .......... .......... .......... 76% 6.98M 1s
 21200K .......... .......... .......... .......... .......... 76% 5.42M 1s
 21250K .......... .......... .......... .......... .......... 76%  367K 1s
 21300K .......... .......... .......... .......... .......... 76% 46.0M 1s
 21350K .......... .......... .......... .......... .......... 76% 73.5M 1s
 21400K .......... .......... .......... .......... .......... 77% 92.0M 1s
 21450K .......... .......... .......... .......... .......... 77% 78.1M 1s
 21500K .......... .......... .......... .......... .......... 77% 97.4M 1s
 21550K .......... .......... .......... .......... .......... 77%  120M 1s
 21600K .......... .......... .......... .......... .......... 77%  123M 1s
 21650K .......... .......... .......... .......... .......... 78%  832K 1s
 21700K .......... .......... .......... .......... .......... 78% 3.42M 1s
 21750K .......... .......... .......... .......... .......... 78% 3.47M 1s
 21800K .......... .......... .......... .......... .......... 78% 3.18M 1s
 21850K .......... .......... .......... .......... .......... 78%  405K 1s
 21900K .......... .......... .......... .......... .......... 78% 3.16M 1s
 21950K .......... .......... .......... .......... .......... 79%  206M 1s
 22000K .......... .......... .......... .......... .......... 79%  166M 1s
 22050K .......... .......... .......... .......... .......... 79%  196M 1s
 22100K .......... .......... .......... .......... .......... 79%  200M 1s
 22150K .......... .......... .......... .......... .......... 79%  186M 1s
 22200K .......... .......... .......... .......... .......... 80%  955K 1s
 22250K .......... .......... .......... .......... .......... 80%  305K 1s
 22300K .......... .......... .......... .......... .......... 80%  679K 1s
 22350K .......... .......... .......... .......... .......... 80% 95.6M 1s
 22400K .......... .......... .......... .......... .......... 80%  137M 1s
 22450K .......... .......... .......... .......... .......... 80% 32.4M 1s
 22500K .......... .......... .......... .......... .......... 81% 20.0M 1s
 22550K .......... .......... .......... .......... .......... 81%  202M 1s
 22600K .......... .......... .......... .......... .......... 81%  150M 1s
 22650K .......... .......... .......... .......... .......... 81%  333K 1s
 22700K .......... .......... .......... .......... .......... 81%  838K 1s
 22750K .......... .......... .......... .......... .......... 81% 5.32M 1s
 22800K .......... .......... .......... .......... .......... 82%  289M 1s
 22850K .......... .......... .......... .......... .......... 82%  297M 1s
 22900K .......... .......... .......... .......... .......... 82% 3.42M 1s
 22950K .......... .......... .......... .......... .......... 82%  341K 1s
 23000K .......... .......... .......... .......... .......... 82% 47.9M 1s
 23050K .......... .......... .......... .......... .......... 83% 71.1M 1s
 23100K .......... .......... .......... .......... .......... 83% 89.3M 1s
 23150K .......... .......... .......... .......... .......... 83%  808K 1s
 23200K .......... .......... .......... .......... .......... 83% 3.15M 1s
 23250K .......... .......... .......... .......... .......... 83% 2.18M 1s
 23300K .......... .......... .......... .......... .......... 83%  387K 1s
 23350K .......... .......... .......... .......... .......... 84%  117M 1s
 23400K .......... .......... .......... .......... .......... 84% 94.5M 1s
 23450K .......... .......... .......... .......... .......... 84% 65.1M 1s
 23500K .......... .......... .......... .......... .......... 84%  637K 1s
 23550K .......... .......... .......... .......... .......... 84% 1.87M 1s
 23600K .......... .......... .......... .......... .......... 85%  372K 1s
 23650K .......... .......... .......... .......... .......... 85% 82.0M 1s
 23700K .......... .......... .......... .......... .......... 85% 92.6M 1s
 23750K .......... .......... .......... .......... .......... 85% 82.4M 1s
 23800K .......... .......... .......... .......... .......... 85%  671K 1s
 23850K .......... .......... .......... .......... .......... 85% 2.33M 1s
 23900K .......... .......... .......... .......... .......... 86%  356K 1s
 23950K .......... .......... .......... .......... .......... 86% 71.4M 1s
 24000K .......... .......... .......... .......... .......... 86% 73.0M 1s
 24050K .......... .......... .......... .......... .......... 86% 81.7M 1s
 24100K .......... .......... .......... .......... .......... 86%  781K 1s
 24150K .......... .......... .......... .......... .......... 87% 2.48M 1s
 24200K .......... .......... .......... .......... .......... 87% 2.58M 1s
 24250K .......... .......... .......... .......... .......... 87%  368K 1s
 24300K .......... .......... .......... .......... .......... 87% 73.3M 1s
 24350K .......... .......... .......... .......... .......... 87% 73.0M 1s
 24400K .......... .......... .......... .......... .......... 87% 67.0M 1s
 24450K .......... .......... .......... .......... .......... 88%  787K 1s
 24500K .......... .......... .......... .......... .......... 88% 2.87M 1s
 24550K .......... .......... .......... .......... .......... 88% 2.28M 1s
 24600K .......... .......... .......... .......... .......... 88%  353K 1s
 24650K .......... .......... .......... .......... .......... 88% 64.2M 1s
 24700K .......... .......... .......... .......... .......... 88% 85.2M 1s
 24750K .......... .......... .......... .......... .......... 89% 93.7M 1s
 24800K .......... .......... .......... .......... .......... 89%  828K 1s
 24850K .......... .......... .......... .......... .......... 89% 1.67M 1s
 24900K .......... .......... .......... .......... .......... 89%  325K 1s
 24950K .......... .......... .......... .......... .......... 89% 66.5M 1s
 25000K .......... .......... .......... .......... .......... 90% 67.8M 1s
 25050K .......... .......... .......... .......... .......... 90%  140M 1s
 25100K .......... .......... .......... .......... .......... 90%  149M 1s
 25150K .......... .......... .......... .......... .......... 90%  694K 1s
 25200K .......... .......... .......... .......... .......... 90% 2.51M 1s
 25250K .......... .......... .......... .......... .......... 90%  331K 1s
 25300K .......... .......... .......... .......... .......... 91% 74.8M 1s
 25350K .......... .......... .......... .......... .......... 91%  148M 1s
 25400K .......... .......... .......... .......... .......... 91%  166M 1s
 25450K .......... .......... .......... .......... .......... 91% 62.7M 1s
 25500K .......... .......... .......... .......... .......... 91%  725K 1s
 25550K .......... .......... .......... .......... .......... 92% 1.71M 1s
 25600K .......... .......... .......... .......... .......... 92%  339K 1s
 25650K .......... .......... .......... .......... .......... 92% 89.4M 1s
 25700K .......... .......... .......... .......... .......... 92% 86.8M 1s
 25750K .......... .......... .......... .......... .......... 92%  115M 1s
 25800K .......... .......... .......... .......... .......... 92%  863K 1s
 25850K .......... .......... .......... .......... .......... 93% 2.15M 1s
 25900K .......... .......... .......... .......... .......... 93% 2.04M 1s
 25950K .......... .......... .......... .......... .......... 93%  354K 0s
 26000K .......... .......... .......... .......... .......... 93%  132M 0s
 26050K .......... .......... .......... .......... .......... 93%  130M 0s
 26100K .......... .......... .......... .......... .......... 94%  133M 0s
 26150K .......... .......... .......... .......... .......... 94%  871K 0s
 26200K .......... .......... .......... .......... .......... 94% 1.95M 0s
 26250K .......... .......... .......... .......... .......... 94% 2.59M 0s
 26300K .......... .......... .......... .......... .......... 94%  344K 0s
 26350K .......... .......... .......... .......... .......... 94% 71.8M 0s
 26400K .......... .......... .......... .......... .......... 95% 69.9M 0s
 26450K .......... .......... .......... .......... .......... 95%  135M 0s
 26500K .......... .......... .......... .......... .......... 95%  875K 0s
 26550K .......... .......... .......... .......... .......... 95%  263K 0s
 26600K .......... .......... .......... .......... .......... 95% 87.5M 0s
 26650K .......... .......... .......... .......... .......... 96%  137M 0s
 26700K .......... .......... .......... .......... .......... 96%  126M 0s
 26750K .......... .......... .......... .......... .......... 96%  125M 0s
 26800K .......... .......... .......... .......... .......... 96%  643K 0s
 26850K .......... .......... .......... .......... .......... 96% 1.72M 0s
 26900K .......... .......... .......... .......... .......... 96%  377K 0s
 26950K .......... .......... .......... .......... .......... 97% 78.6M 0s
 27000K .......... .......... .......... .......... .......... 97% 68.9M 0s
 27050K .......... .......... .......... .......... .......... 97% 93.7M 0s
 27100K .......... .......... .......... .......... .......... 97%  845K 0s
 27150K .......... .......... .......... .......... .......... 97% 1.62M 0s
 27200K .......... .......... .......... .......... .......... 97%  338K 0s
 27250K .......... .......... .......... .......... .......... 98% 39.5M 0s
 27300K .......... .......... .......... .......... .......... 98% 73.1M 0s
 27350K .......... .......... .......... .......... .......... 98% 51.2M 0s
 27400K .......... .......... .......... .......... .......... 98%  120M 0s
 27450K .......... .......... .......... .......... .......... 98%  805K 0s
 27500K .......... .......... .......... .......... .......... 99% 2.45M 0s
 27550K .......... .......... .......... .......... .......... 99%  243K 0s
 27600K .......... .......... .......... .......... .......... 99% 89.5M 0s
 27650K .......... .......... .......... .......... .......... 99%  115M 0s
 27700K .......... .......... .......... .......... .......... 99%  129M 0s
 27750K .......... .......... .......... .......... .......... 99%  154M 0s
 27800K .........                                             100%  103M=8.5s

2024-11-02 16:54:23 (3.21 MB/s) - ‘alist-linux-amd64-3.39.1.tar.gz’ saved [28477302/28477302]

alist
/home/omen/GITHUB/One4All_SlackBuild/alist/work
README or README.md already exists, skipping creation.
BIN_PKG = YES
hm...lets continue and see what happens
/home/omen/GITHUB/One4All_SlackBuild/alist/package-alist/usr/doc/alist-3.39.1 /home/omen/GITHUB/One4All_SlackBuild/alist/work
--2024-11-02 16:54:24--  https://raw.githubusercontent.com/AlistGo/alist/refs/heads/main/LICENSE
Resolving raw.githubusercontent.com (raw.githubusercontent.com)... 2606:50c0:8002::154, 2606:50c0:8000::154, 2606:50c0:8001::154, ...
Connecting to raw.githubusercontent.com (raw.githubusercontent.com)|2606:50c0:8002::154|:443... connected.
HTTP request sent, awaiting response... 200 OK
Length: 34523 (34K) [text/plain]
Saving to: ‘LICENSE’

     0K .......... .......... .......... ...                  100% 1.70M=0.02s

2024-11-02 16:54:24 (1.70 MB/s) - ‘LICENSE’ saved [34523/34523]

/home/omen/GITHUB/One4All_SlackBuild/alist/work
/home/omen/GITHUB/One4All_SlackBuild/alist/package-alist /home/omen/GITHUB/One4All_SlackBuild/alist/work
cp: cannot stat 'AUTHORS': No such file or directory
cp: cannot stat 'ChangeLog*': No such file or directory
cp: cannot stat 'COPYING': No such file or directory
cp: cannot stat 'CREDITS': No such file or directory
cp: cannot stat 'LICENSE': No such file or directory
cp: cannot stat 'MAINTAINERS': No such file or directory
cp: cannot stat 'NEWS': No such file or directory
cp: cannot stat 'README*': No such file or directory
cp: cannot stat 'docs': No such file or directory
cp: cannot stat 'DOCS': No such file or directory

Slackware package maker, version 3.14159265.

Searching for symbolic links:

No symbolic links were found, so we won't make an installation script.
You can make your own later in ./install/doinst.sh and rebuild the
package if you like.

This next step is optional - you can set the directories in your package
to some sane permissions. If any of the directories in your package have
special permissions, then DO NOT reset them here!

Would you like to reset all directory permissions to 755 (drwxr-xr-x) and
directory ownerships to root.root ([y]es, [n]o)? n


Creating Slackware package:  /home/omen/GITHUB/One4All_SlackBuild/alist/binary-alist-3.39.1/alist-3.39.1-x86_64-4_rtz.tlz

./
etc/
etc/alist/
etc/alist/config.json
etc/rc.d/
etc/rc.d/rc.alist
install/
install/doinst.sh
install/slack-desc
install/slack-required
usr/
usr/doc/
usr/doc/alist-3.39.1/
usr/doc/alist-3.39.1/LICENSE
usr/doc/alist-3.39.1/README.Slackware
usr/doc/alist-3.39.1/alist.SlackBuild
usr/local/
usr/local/bin/
usr/local/bin/alist
var/
var/cache/
var/cache/alist/
var/lib/
var/lib/alist/
var/lib/alist/config.json
var/log/
var/log/alist/
var/run/
var/run/alist/

Slackware package /home/omen/GITHUB/One4All_SlackBuild/alist/binary-alist-3.39.1/alist-3.39.1-x86_64-4_rtz.tlz created.


+==============================================================================
| Upgrading alist-3.39.1-x86_64-3_rtz package using /home/omen/GITHUB/One4All_SlackBuild/alist/binary-alist-3.39.1/alist-3.39.1-x86_64-4_rtz.tlz
+==============================================================================
Pre-installing package alist-3.39.1-x86_64-4_rtz...
Removing package: alist-3.39.1-x86_64-3_rtz-upgraded-2024-11-02,16:54:36
  --> Deleting /usr/doc/alist-3.39.1/README.Slackware.ini
Verifying package alist-3.39.1-x86_64-4_rtz.tlz.
Installing package alist-3.39.1-x86_64-4_rtz.tlz:
PACKAGE DESCRIPTION:
# alist (file list/WebDAV program)
#
# A file list/WebDAV program that supports multiple storages, powered
# by Gin and Solidjs.
#
# https://github.com/AlistGo/alist
Executing install script for alist-3.39.1-x86_64-4_rtz.tlz.
Package alist-3.39.1-x86_64-4_rtz.tlz installed.
Package alist-3.39.1-x86_64-3_rtz upgraded with new package /home/omen/GITHUB/One4All_SlackBuild/alist/binary-alist-3.39.1/alist-3.39.1-x86_64-4_rtz.tlz.
Build process completed in 0 minutes and 34 seconds.
