
Wed Oct  9 21:23:41 EEST 2024 Anagnostakis Ioannis (rizitis@gmail.com) GR
Slackware package maker, version 3.14159265.

Searching for symbolic links:

No symbolic links were found, so we won't make an installation script.
You can make your own later in ./install/doinst.sh and rebuild the
package if you like.

This next step is optional - you can set the directories in your package
to some sane permissions. If any of the directories in your package have
special permissions, then DO NOT reset them here!

Would you like to reset all directory permissions to 755 (drwxr-xr-x) and
directory ownerships to root.root ([y]es, [n]o)? n


Creating Slackware package:  /home/omen/GITHUB/One4All_SlackBuild/gnome-podcasts/binary-gnome-podcasts-0.7.1/gnome-podcasts-0.7.1-x86_64-1_rtz.tlz

./
install/
install/doinst.sh
install/slack-desc
usr/
usr/bin/
usr/bin/gnome-podcasts
usr/doc/
usr/doc/gnome-podcasts-0.7.1/
usr/doc/gnome-podcasts-0.7.1/CHANGELOG.md
usr/doc/gnome-podcasts-0.7.1/CONTRIBUTING.md
usr/doc/gnome-podcasts-0.7.1/Cargo.lock
usr/doc/gnome-podcasts-0.7.1/Cargo.toml
usr/doc/gnome-podcasts-0.7.1/LICENSE
usr/doc/gnome-podcasts-0.7.1/README.md
usr/doc/gnome-podcasts-0.7.1/changelog.txt
usr/doc/gnome-podcasts-0.7.1/code-of-conduct.md
usr/doc/gnome-podcasts-0.7.1/gnome-podcasts.SlackBuild
usr/doc/gnome-podcasts-0.7.1/meson.build
usr/doc/gnome-podcasts-0.7.1/meson_options.txt
usr/doc/gnome-podcasts-0.7.1/org.gnome.Podcasts.Devel.json
usr/doc/gnome-podcasts-0.7.1/podcasts-data/
usr/doc/gnome-podcasts-0.7.1/podcasts-data/Cargo.toml
usr/doc/gnome-podcasts-0.7.1/podcasts-data/diesel.toml
usr/doc/gnome-podcasts-0.7.1/podcasts-data/migrations/
usr/doc/gnome-podcasts-0.7.1/podcasts-data/migrations/2017-09-15-001128_init_schema/
usr/doc/gnome-podcasts-0.7.1/podcasts-data/migrations/2017-09-15-001128_init_schema/down.sql
usr/doc/gnome-podcasts-0.7.1/podcasts-data/migrations/2017-09-15-001128_init_schema/up.sql
usr/doc/gnome-podcasts-0.7.1/podcasts-data/migrations/2017-12-09-125835_change_episode_pk/
usr/doc/gnome-podcasts-0.7.1/podcasts-data/migrations/2017-12-09-125835_change_episode_pk/down.sql
usr/doc/gnome-podcasts-0.7.1/podcasts-data/migrations/2017-12-09-125835_change_episode_pk/up.sql
usr/doc/gnome-podcasts-0.7.1/podcasts-data/migrations/2017-12-22-145740_add_duration_column/
usr/doc/gnome-podcasts-0.7.1/podcasts-data/migrations/2017-12-22-145740_add_duration_column/down.sql
usr/doc/gnome-podcasts-0.7.1/podcasts-data/migrations/2017-12-22-145740_add_duration_column/up.sql
usr/doc/gnome-podcasts-0.7.1/podcasts-data/migrations/2017-12-30-201631_remove_published_date/
usr/doc/gnome-podcasts-0.7.1/podcasts-data/migrations/2017-12-30-201631_remove_published_date/down.sql
usr/doc/gnome-podcasts-0.7.1/podcasts-data/migrations/2017-12-30-201631_remove_published_date/up.sql
usr/doc/gnome-podcasts-0.7.1/podcasts-data/migrations/2018-06-30-141659_remove_dead_fields/
usr/doc/gnome-podcasts-0.7.1/podcasts-data/migrations/2018-06-30-141659_remove_dead_fields/down.sql
usr/doc/gnome-podcasts-0.7.1/podcasts-data/migrations/2018-06-30-141659_remove_dead_fields/up.sql
usr/doc/gnome-podcasts-0.7.1/podcasts-data/migrations/2018-06-30-150717_rename_tables/
usr/doc/gnome-podcasts-0.7.1/podcasts-data/migrations/2018-06-30-150717_rename_tables/down.sql
usr/doc/gnome-podcasts-0.7.1/podcasts-data/migrations/2018-06-30-150717_rename_tables/up.sql
usr/doc/gnome-podcasts-0.7.1/podcasts-data/migrations/2020-12-12-212018_add_image_cached_column/
usr/doc/gnome-podcasts-0.7.1/podcasts-data/migrations/2020-12-12-212018_add_image_cached_column/down.sql
usr/doc/gnome-podcasts-0.7.1/podcasts-data/migrations/2020-12-12-212018_add_image_cached_column/up.sql
usr/doc/gnome-podcasts-0.7.1/podcasts-data/migrations/2020-12-14-214219_add_image_uri_hash_column/
usr/doc/gnome-podcasts-0.7.1/podcasts-data/migrations/2020-12-14-214219_add_image_uri_hash_column/down.sql
usr/doc/gnome-podcasts-0.7.1/podcasts-data/migrations/2020-12-14-214219_add_image_uri_hash_column/up.sql
usr/doc/gnome-podcasts-0.7.1/podcasts-data/migrations/2021-06-24-185720_add_episode_play_position_column/
usr/doc/gnome-podcasts-0.7.1/podcasts-data/migrations/2021-06-24-185720_add_episode_play_position_column/down.sql
usr/doc/gnome-podcasts-0.7.1/podcasts-data/migrations/2021-06-24-185720_add_episode_play_position_column/up.sql
usr/doc/gnome-podcasts-0.7.1/podcasts-data/migrations/2023-07-21-001200_add_episode_image_column/
usr/doc/gnome-podcasts-0.7.1/podcasts-data/migrations/2023-07-21-001200_add_episode_image_column/down.sql
usr/doc/gnome-podcasts-0.7.1/podcasts-data/migrations/2023-07-21-001200_add_episode_image_column/up.sql
usr/doc/gnome-podcasts-0.7.1/podcasts-data/migrations/2024-02-18-203855_use_rowid_as_episode_pk/
usr/doc/gnome-podcasts-0.7.1/podcasts-data/migrations/2024-02-18-203855_use_rowid_as_episode_pk/down.sql
usr/doc/gnome-podcasts-0.7.1/podcasts-data/migrations/2024-02-18-203855_use_rowid_as_episode_pk/up.sql
usr/doc/gnome-podcasts-0.7.1/podcasts-data/migrations/2024-03-06-213550_add_discovery_settings_table/
usr/doc/gnome-podcasts-0.7.1/podcasts-data/migrations/2024-03-06-213550_add_discovery_settings_table/down.sql
usr/doc/gnome-podcasts-0.7.1/podcasts-data/migrations/2024-03-06-213550_add_discovery_settings_table/up.sql
usr/doc/gnome-podcasts-0.7.1/podcasts-data/src/
usr/doc/gnome-podcasts-0.7.1/podcasts-data/src/database.rs
usr/doc/gnome-podcasts-0.7.1/podcasts-data/src/dbqueries.rs
usr/doc/gnome-podcasts-0.7.1/podcasts-data/src/discovery/
usr/doc/gnome-podcasts-0.7.1/podcasts-data/src/discovery/data.rs
usr/doc/gnome-podcasts-0.7.1/podcasts-data/src/discovery/fyyd.rs
usr/doc/gnome-podcasts-0.7.1/podcasts-data/src/discovery/itunes.rs
usr/doc/gnome-podcasts-0.7.1/podcasts-data/src/discovery/mod.rs
usr/doc/gnome-podcasts-0.7.1/podcasts-data/src/discovery/search.rs
usr/doc/gnome-podcasts-0.7.1/podcasts-data/src/downloader.rs
usr/doc/gnome-podcasts-0.7.1/podcasts-data/src/errors.rs
usr/doc/gnome-podcasts-0.7.1/podcasts-data/src/feed.rs
usr/doc/gnome-podcasts-0.7.1/podcasts-data/src/lib.rs
usr/doc/gnome-podcasts-0.7.1/podcasts-data/src/models/
usr/doc/gnome-podcasts-0.7.1/podcasts-data/src/models/discovery_settings.rs
usr/doc/gnome-podcasts-0.7.1/podcasts-data/src/models/episode.rs
usr/doc/gnome-podcasts-0.7.1/podcasts-data/src/models/mod.rs
usr/doc/gnome-podcasts-0.7.1/podcasts-data/src/models/new_episode.rs
usr/doc/gnome-podcasts-0.7.1/podcasts-data/src/models/new_show.rs
usr/doc/gnome-podcasts-0.7.1/podcasts-data/src/models/new_source.rs
usr/doc/gnome-podcasts-0.7.1/podcasts-data/src/models/show.rs
usr/doc/gnome-podcasts-0.7.1/podcasts-data/src/models/source.rs
usr/doc/gnome-podcasts-0.7.1/podcasts-data/src/opml.rs
usr/doc/gnome-podcasts-0.7.1/podcasts-data/src/parser.rs
usr/doc/gnome-podcasts-0.7.1/podcasts-data/src/pipeline.rs
usr/doc/gnome-podcasts-0.7.1/podcasts-data/src/schema.patch
usr/doc/gnome-podcasts-0.7.1/podcasts-data/src/schema.rs
usr/doc/gnome-podcasts-0.7.1/podcasts-data/src/utils.rs
usr/doc/gnome-podcasts-0.7.1/podcasts-data/tests/
usr/doc/gnome-podcasts-0.7.1/podcasts-data/tests/export_test.opml
usr/doc/gnome-podcasts-0.7.1/podcasts-data/tests/feeds/
usr/doc/gnome-podcasts-0.7.1/podcasts-data/tests/feeds/2018-01-20-GreaterThanCode.xml
usr/doc/gnome-podcasts-0.7.1/podcasts-data/tests/feeds/2018-01-20-Intercepted.xml
usr/doc/gnome-podcasts-0.7.1/podcasts-data/tests/feeds/2018-01-20-LinuxUnplugged.xml
usr/doc/gnome-podcasts-0.7.1/podcasts-data/tests/feeds/2018-01-20-StealTheStars.xml
usr/doc/gnome-podcasts-0.7.1/podcasts-data/tests/feeds/2018-01-20-TheTipOff.xml
usr/doc/gnome-podcasts-0.7.1/podcasts-data/tests/feeds/2018-02-03-Intercepted.xml
usr/doc/gnome-podcasts-0.7.1/podcasts-data/tests/feeds/2018-03-28-Ellinofreneia.xml
usr/doc/gnome-podcasts-0.7.1/podcasts-data/tests/feeds/2019-01-27-ACC.xml
usr/doc/gnome-podcasts-0.7.1/podcasts-data/tests/feeds/2020-12-29-replyall.xml
usr/doc/gnome-podcasts-0.7.1/podcasts-data/tests/feeds/2022-series-i-cinema.xml
usr/doc/gnome-podcasts-0.7.1/podcasts-data/tests/feeds/2024-03-13-ndr.xml
usr/doc/gnome-podcasts-0.7.1/podcasts-data/tests/feeds/2024-03-14-ndr.xml
usr/doc/gnome-podcasts-0.7.1/podcasts-data/tests/feeds/2024-03-15-streetfightradio.xml
usr/doc/gnome-podcasts-0.7.1/podcasts-data/tests/feeds/de-grote-no-guid.xml
usr/doc/gnome-podcasts-0.7.1/podcasts-data/tests/feeds/de-grote.xml
usr/doc/gnome-podcasts-0.7.1/podcasts-data/tests/feeds/notes.md
usr/doc/gnome-podcasts-0.7.1/podcasts-data/tests/fyyd/
usr/doc/gnome-podcasts-0.7.1/podcasts-data/tests/fyyd/search_1.json
usr/doc/gnome-podcasts-0.7.1/podcasts-data/tests/fyyd/search_5.json
usr/doc/gnome-podcasts-0.7.1/podcasts-data/tests/fyyd/search_empty.json
usr/doc/gnome-podcasts-0.7.1/podcasts-data/tests/fyyd/search_unicode.json
usr/doc/gnome-podcasts-0.7.1/podcasts-data/tests/itunes/
usr/doc/gnome-podcasts-0.7.1/podcasts-data/tests/itunes/search_1.txt
usr/doc/gnome-podcasts-0.7.1/podcasts-data/tests/itunes/search_10.txt
usr/doc/gnome-podcasts-0.7.1/podcasts-data/tests/itunes/search_empty.txt
usr/doc/gnome-podcasts-0.7.1/podcasts-data/tests/itunes/search_unicode.txt
usr/doc/gnome-podcasts-0.7.1/podcasts-gtk/
usr/doc/gnome-podcasts-0.7.1/podcasts-gtk/Cargo.toml
usr/doc/gnome-podcasts-0.7.1/podcasts-gtk/po/
usr/doc/gnome-podcasts-0.7.1/podcasts-gtk/po/LINGUAS
usr/doc/gnome-podcasts-0.7.1/podcasts-gtk/po/POTFILES.in
usr/doc/gnome-podcasts-0.7.1/podcasts-gtk/po/be.po
usr/doc/gnome-podcasts-0.7.1/podcasts-gtk/po/bg.po
usr/doc/gnome-podcasts-0.7.1/podcasts-gtk/po/ca.po
usr/doc/gnome-podcasts-0.7.1/podcasts-gtk/po/cs.po
usr/doc/gnome-podcasts-0.7.1/podcasts-gtk/po/da.po
usr/doc/gnome-podcasts-0.7.1/podcasts-gtk/po/de.po
usr/doc/gnome-podcasts-0.7.1/podcasts-gtk/po/el.po
usr/doc/gnome-podcasts-0.7.1/podcasts-gtk/po/en_GB.po
usr/doc/gnome-podcasts-0.7.1/podcasts-gtk/po/es.po
usr/doc/gnome-podcasts-0.7.1/podcasts-gtk/po/eu.po
usr/doc/gnome-podcasts-0.7.1/podcasts-gtk/po/fa.po
usr/doc/gnome-podcasts-0.7.1/podcasts-gtk/po/fi.po
usr/doc/gnome-podcasts-0.7.1/podcasts-gtk/po/fr.po
usr/doc/gnome-podcasts-0.7.1/podcasts-gtk/po/fur.po
usr/doc/gnome-podcasts-0.7.1/podcasts-gtk/po/gl.po
usr/doc/gnome-podcasts-0.7.1/podcasts-gtk/po/he.po
usr/doc/gnome-podcasts-0.7.1/podcasts-gtk/po/hi.po
usr/doc/gnome-podcasts-0.7.1/podcasts-gtk/po/hr.po
usr/doc/gnome-podcasts-0.7.1/podcasts-gtk/po/hu.po
usr/doc/gnome-podcasts-0.7.1/podcasts-gtk/po/id.po
usr/doc/gnome-podcasts-0.7.1/podcasts-gtk/po/is.po
usr/doc/gnome-podcasts-0.7.1/podcasts-gtk/po/it.po
usr/doc/gnome-podcasts-0.7.1/podcasts-gtk/po/ka.po
usr/doc/gnome-podcasts-0.7.1/podcasts-gtk/po/ko.po
usr/doc/gnome-podcasts-0.7.1/podcasts-gtk/po/lv.po
usr/doc/gnome-podcasts-0.7.1/podcasts-gtk/po/meson.build
usr/doc/gnome-podcasts-0.7.1/podcasts-gtk/po/nl.po
usr/doc/gnome-podcasts-0.7.1/podcasts-gtk/po/oc.po
usr/doc/gnome-podcasts-0.7.1/podcasts-gtk/po/pl.po
usr/doc/gnome-podcasts-0.7.1/podcasts-gtk/po/pt.po
usr/doc/gnome-podcasts-0.7.1/podcasts-gtk/po/pt_BR.po
usr/doc/gnome-podcasts-0.7.1/podcasts-gtk/po/ro.po
usr/doc/gnome-podcasts-0.7.1/podcasts-gtk/po/ru.po
usr/doc/gnome-podcasts-0.7.1/podcasts-gtk/po/sk.po
usr/doc/gnome-podcasts-0.7.1/podcasts-gtk/po/sl.po
usr/doc/gnome-podcasts-0.7.1/podcasts-gtk/po/sr.po
usr/doc/gnome-podcasts-0.7.1/podcasts-gtk/po/sv.po
usr/doc/gnome-podcasts-0.7.1/podcasts-gtk/po/tr.po
usr/doc/gnome-podcasts-0.7.1/podcasts-gtk/po/uk.po
usr/doc/gnome-podcasts-0.7.1/podcasts-gtk/po/zh_CN.po
usr/doc/gnome-podcasts-0.7.1/podcasts-gtk/resources/
usr/doc/gnome-podcasts-0.7.1/podcasts-gtk/resources/gtk/
usr/doc/gnome-podcasts-0.7.1/podcasts-gtk/resources/gtk/discovery_found_podcast.ui
usr/doc/gnome-podcasts-0.7.1/podcasts-gtk/resources/gtk/discovery_page.ui
usr/doc/gnome-podcasts-0.7.1/podcasts-gtk/resources/gtk/discovery_search_results.ui
usr/doc/gnome-podcasts-0.7.1/podcasts-gtk/resources/gtk/empty_show.ui
usr/doc/gnome-podcasts-0.7.1/podcasts-gtk/resources/gtk/empty_view.ui
usr/doc/gnome-podcasts-0.7.1/podcasts-gtk/resources/gtk/episode_description.ui
usr/doc/gnome-podcasts-0.7.1/podcasts-gtk/resources/gtk/episode_menu.ui
usr/doc/gnome-podcasts-0.7.1/podcasts-gtk/resources/gtk/episode_widget.ui
usr/doc/gnome-podcasts-0.7.1/podcasts-gtk/resources/gtk/hamburger.ui
usr/doc/gnome-podcasts-0.7.1/podcasts-gtk/resources/gtk/headerbar.ui
usr/doc/gnome-podcasts-0.7.1/podcasts-gtk/resources/gtk/help-overlay.ui
usr/doc/gnome-podcasts-0.7.1/podcasts-gtk/resources/gtk/home_episode.ui
usr/doc/gnome-podcasts-0.7.1/podcasts-gtk/resources/gtk/home_view.ui
usr/doc/gnome-podcasts-0.7.1/podcasts-gtk/resources/gtk/player_dialog.ui
usr/doc/gnome-podcasts-0.7.1/podcasts-gtk/resources/gtk/player_rate.ui
usr/doc/gnome-podcasts-0.7.1/podcasts-gtk/resources/gtk/player_toolbar.ui
usr/doc/gnome-podcasts-0.7.1/podcasts-gtk/resources/gtk/secondary_menu.ui
usr/doc/gnome-podcasts-0.7.1/podcasts-gtk/resources/gtk/show_menu.ui
usr/doc/gnome-podcasts-0.7.1/podcasts-gtk/resources/gtk/show_widget.ui
usr/doc/gnome-podcasts-0.7.1/podcasts-gtk/resources/gtk/style.css
usr/doc/gnome-podcasts-0.7.1/podcasts-gtk/resources/gtk/window.ui
usr/doc/gnome-podcasts-0.7.1/podcasts-gtk/resources/icons/
usr/doc/gnome-podcasts-0.7.1/podcasts-gtk/resources/icons/hicolor/
usr/doc/gnome-podcasts-0.7.1/podcasts-gtk/resources/icons/hicolor/scalable/
usr/doc/gnome-podcasts-0.7.1/podcasts-gtk/resources/icons/hicolor/scalable/apps/
usr/doc/gnome-podcasts-0.7.1/podcasts-gtk/resources/icons/hicolor/scalable/apps/org.gnome.Podcasts.Devel.svg
usr/doc/gnome-podcasts-0.7.1/podcasts-gtk/resources/icons/hicolor/scalable/apps/org.gnome.Podcasts.svg
usr/doc/gnome-podcasts-0.7.1/podcasts-gtk/resources/icons/hicolor/symbolic/
usr/doc/gnome-podcasts-0.7.1/podcasts-gtk/resources/icons/hicolor/symbolic/apps/
usr/doc/gnome-podcasts-0.7.1/podcasts-gtk/resources/icons/hicolor/symbolic/apps/org.gnome.Podcasts-symbolic.svg
usr/doc/gnome-podcasts-0.7.1/podcasts-gtk/resources/icons/meson.build
usr/doc/gnome-podcasts-0.7.1/podcasts-gtk/resources/icons/scalable/
usr/doc/gnome-podcasts-0.7.1/podcasts-gtk/resources/icons/scalable/actions/
usr/doc/gnome-podcasts-0.7.1/podcasts-gtk/resources/icons/scalable/actions/skip-back-large-symbolic.svg
usr/doc/gnome-podcasts-0.7.1/podcasts-gtk/resources/icons/scalable/actions/skip-back-symbolic.svg
usr/doc/gnome-podcasts-0.7.1/podcasts-gtk/resources/icons/scalable/actions/skip-forward-large-symbolic.svg
usr/doc/gnome-podcasts-0.7.1/podcasts-gtk/resources/icons/scalable/actions/skip-forward-symbolic.svg
usr/doc/gnome-podcasts-0.7.1/podcasts-gtk/resources/meson.build
usr/doc/gnome-podcasts-0.7.1/podcasts-gtk/resources/org.gnome.Podcasts.appdata.xml.in.in
usr/doc/gnome-podcasts-0.7.1/podcasts-gtk/resources/org.gnome.Podcasts.desktop.in.in
usr/doc/gnome-podcasts-0.7.1/podcasts-gtk/resources/org.gnome.Podcasts.gschema.xml.in
usr/doc/gnome-podcasts-0.7.1/podcasts-gtk/resources/org.gnome.Podcasts.service.in
usr/doc/gnome-podcasts-0.7.1/podcasts-gtk/resources/resources.xml
usr/doc/gnome-podcasts-0.7.1/podcasts-gtk/resources/test/
usr/doc/gnome-podcasts-0.7.1/podcasts-gtk/resources/test/feeds/
usr/doc/gnome-podcasts-0.7.1/podcasts-gtk/resources/test/feeds/2018-01-20-LinuxUnplugged.xml
usr/doc/gnome-podcasts-0.7.1/podcasts-gtk/resources/test/feeds/2020-12-19-LinuxUnplugged.xml
usr/doc/gnome-podcasts-0.7.1/podcasts-gtk/src/
usr/doc/gnome-podcasts-0.7.1/podcasts-gtk/src/app.rs
usr/doc/gnome-podcasts-0.7.1/podcasts-gtk/src/config.rs
usr/doc/gnome-podcasts-0.7.1/podcasts-gtk/src/config.rs.in
usr/doc/gnome-podcasts-0.7.1/podcasts-gtk/src/episode_description_parser.rs
usr/doc/gnome-podcasts-0.7.1/podcasts-gtk/src/feed_manager.rs
usr/doc/gnome-podcasts-0.7.1/podcasts-gtk/src/headerbar.rs
usr/doc/gnome-podcasts-0.7.1/podcasts-gtk/src/i18n.rs
usr/doc/gnome-podcasts-0.7.1/podcasts-gtk/src/main.rs
usr/doc/gnome-podcasts-0.7.1/podcasts-gtk/src/manager.rs
usr/doc/gnome-podcasts-0.7.1/podcasts-gtk/src/meson.build
usr/doc/gnome-podcasts-0.7.1/podcasts-gtk/src/settings.rs
usr/doc/gnome-podcasts-0.7.1/podcasts-gtk/src/stacks/
usr/doc/gnome-podcasts-0.7.1/podcasts-gtk/src/stacks/content.rs
usr/doc/gnome-podcasts-0.7.1/podcasts-gtk/src/stacks/home.rs
usr/doc/gnome-podcasts-0.7.1/podcasts-gtk/src/stacks/mod.rs
usr/doc/gnome-podcasts-0.7.1/podcasts-gtk/src/stacks/populated.rs
usr/doc/gnome-podcasts-0.7.1/podcasts-gtk/src/stacks/show.rs
usr/doc/gnome-podcasts-0.7.1/podcasts-gtk/src/utils.rs
usr/doc/gnome-podcasts-0.7.1/podcasts-gtk/src/widgets/
usr/doc/gnome-podcasts-0.7.1/podcasts-gtk/src/widgets/aboutdialog.rs
usr/doc/gnome-podcasts-0.7.1/podcasts-gtk/src/widgets/base_view.rs
usr/doc/gnome-podcasts-0.7.1/podcasts-gtk/src/widgets/discovery_page.rs
usr/doc/gnome-podcasts-0.7.1/podcasts-gtk/src/widgets/discovery_search_results.rs
usr/doc/gnome-podcasts-0.7.1/podcasts-gtk/src/widgets/download_progress_bar.rs
usr/doc/gnome-podcasts-0.7.1/podcasts-gtk/src/widgets/empty_show.rs
usr/doc/gnome-podcasts-0.7.1/podcasts-gtk/src/widgets/empty_view.rs
usr/doc/gnome-podcasts-0.7.1/podcasts-gtk/src/widgets/episode.rs
usr/doc/gnome-podcasts-0.7.1/podcasts-gtk/src/widgets/episode_description.rs
usr/doc/gnome-podcasts-0.7.1/podcasts-gtk/src/widgets/episode_menu.rs
usr/doc/gnome-podcasts-0.7.1/podcasts-gtk/src/widgets/home_view.rs
usr/doc/gnome-podcasts-0.7.1/podcasts-gtk/src/widgets/mod.rs
usr/doc/gnome-podcasts-0.7.1/podcasts-gtk/src/widgets/player.rs
usr/doc/gnome-podcasts-0.7.1/podcasts-gtk/src/widgets/read_more_label.rs
usr/doc/gnome-podcasts-0.7.1/podcasts-gtk/src/widgets/show.rs
usr/doc/gnome-podcasts-0.7.1/podcasts-gtk/src/widgets/show_menu.rs
usr/doc/gnome-podcasts-0.7.1/podcasts-gtk/src/widgets/shows_view.rs
usr/doc/gnome-podcasts-0.7.1/podcasts-gtk/src/window.rs
usr/doc/gnome-podcasts-0.7.1/podcasts.doap
usr/doc/gnome-podcasts-0.7.1/release_process.md
usr/doc/gnome-podcasts-0.7.1/rustfmt.toml
usr/doc/gnome-podcasts-0.7.1/screenshots/
usr/doc/gnome-podcasts-0.7.1/screenshots/add_podcast.png
usr/doc/gnome-podcasts-0.7.1/screenshots/home_view.png
usr/doc/gnome-podcasts-0.7.1/screenshots/show_widget.png
usr/doc/gnome-podcasts-0.7.1/screenshots/shows_view.png
usr/doc/gnome-podcasts-0.7.1/scripts/
usr/doc/gnome-podcasts-0.7.1/scripts/dist-vendor.sh
usr/doc/gnome-podcasts-0.7.1/scripts/test.sh
usr/share/
usr/share/applications/
usr/share/applications/org.gnome.Podcasts.desktop
usr/share/dbus-1/
usr/share/dbus-1/services/
usr/share/dbus-1/services/org.gnome.Podcasts.service
usr/share/glib-2.0/
usr/share/glib-2.0/schemas/
usr/share/glib-2.0/schemas/org.gnome.Podcasts.gschema.xml
usr/share/icons/
usr/share/icons/hicolor/
usr/share/icons/hicolor/scalable/
usr/share/icons/hicolor/scalable/apps/
usr/share/icons/hicolor/scalable/apps/org.gnome.Podcasts.Devel.svg
usr/share/icons/hicolor/scalable/apps/org.gnome.Podcasts.svg
usr/share/icons/hicolor/symbolic/
usr/share/icons/hicolor/symbolic/apps/
usr/share/icons/hicolor/symbolic/apps/org.gnome.Podcasts-symbolic.svg
usr/share/locale/
usr/share/locale/be/
usr/share/locale/be/LC_MESSAGES/
usr/share/locale/be/LC_MESSAGES/gnome-podcasts.mo
usr/share/locale/bg/
usr/share/locale/bg/LC_MESSAGES/
usr/share/locale/bg/LC_MESSAGES/gnome-podcasts.mo
usr/share/locale/ca/
usr/share/locale/ca/LC_MESSAGES/
usr/share/locale/ca/LC_MESSAGES/gnome-podcasts.mo
usr/share/locale/cs/
usr/share/locale/cs/LC_MESSAGES/
usr/share/locale/cs/LC_MESSAGES/gnome-podcasts.mo
usr/share/locale/da/
usr/share/locale/da/LC_MESSAGES/
usr/share/locale/da/LC_MESSAGES/gnome-podcasts.mo
usr/share/locale/de/
usr/share/locale/de/LC_MESSAGES/
usr/share/locale/de/LC_MESSAGES/gnome-podcasts.mo
usr/share/locale/el/
usr/share/locale/el/LC_MESSAGES/
usr/share/locale/el/LC_MESSAGES/gnome-podcasts.mo
usr/share/locale/en_GB/
usr/share/locale/en_GB/LC_MESSAGES/
usr/share/locale/en_GB/LC_MESSAGES/gnome-podcasts.mo
usr/share/locale/es/
usr/share/locale/es/LC_MESSAGES/
usr/share/locale/es/LC_MESSAGES/gnome-podcasts.mo
usr/share/locale/eu/
usr/share/locale/eu/LC_MESSAGES/
usr/share/locale/eu/LC_MESSAGES/gnome-podcasts.mo
usr/share/locale/fa/
usr/share/locale/fa/LC_MESSAGES/
usr/share/locale/fa/LC_MESSAGES/gnome-podcasts.mo
usr/share/locale/fi/
usr/share/locale/fi/LC_MESSAGES/
usr/share/locale/fi/LC_MESSAGES/gnome-podcasts.mo
usr/share/locale/fr/
usr/share/locale/fr/LC_MESSAGES/
usr/share/locale/fr/LC_MESSAGES/gnome-podcasts.mo
usr/share/locale/fur/
usr/share/locale/fur/LC_MESSAGES/
usr/share/locale/fur/LC_MESSAGES/gnome-podcasts.mo
usr/share/locale/gl/
usr/share/locale/gl/LC_MESSAGES/
usr/share/locale/gl/LC_MESSAGES/gnome-podcasts.mo
usr/share/locale/he/
usr/share/locale/he/LC_MESSAGES/
usr/share/locale/he/LC_MESSAGES/gnome-podcasts.mo
usr/share/locale/hi/
usr/share/locale/hi/LC_MESSAGES/
usr/share/locale/hi/LC_MESSAGES/gnome-podcasts.mo
usr/share/locale/hr/
usr/share/locale/hr/LC_MESSAGES/
usr/share/locale/hr/LC_MESSAGES/gnome-podcasts.mo
usr/share/locale/hu/
usr/share/locale/hu/LC_MESSAGES/
usr/share/locale/hu/LC_MESSAGES/gnome-podcasts.mo
usr/share/locale/id/
usr/share/locale/id/LC_MESSAGES/
usr/share/locale/id/LC_MESSAGES/gnome-podcasts.mo
usr/share/locale/is/
usr/share/locale/is/LC_MESSAGES/
usr/share/locale/is/LC_MESSAGES/gnome-podcasts.mo
usr/share/locale/it/
usr/share/locale/it/LC_MESSAGES/
usr/share/locale/it/LC_MESSAGES/gnome-podcasts.mo
usr/share/locale/ka/
usr/share/locale/ka/LC_MESSAGES/
usr/share/locale/ka/LC_MESSAGES/gnome-podcasts.mo
usr/share/locale/ko/
usr/share/locale/ko/LC_MESSAGES/
usr/share/locale/ko/LC_MESSAGES/gnome-podcasts.mo
usr/share/locale/lv/
usr/share/locale/lv/LC_MESSAGES/
usr/share/locale/lv/LC_MESSAGES/gnome-podcasts.mo
usr/share/locale/nl/
usr/share/locale/nl/LC_MESSAGES/
usr/share/locale/nl/LC_MESSAGES/gnome-podcasts.mo
usr/share/locale/oc/
usr/share/locale/oc/LC_MESSAGES/
usr/share/locale/oc/LC_MESSAGES/gnome-podcasts.mo
usr/share/locale/pl/
usr/share/locale/pl/LC_MESSAGES/
usr/share/locale/pl/LC_MESSAGES/gnome-podcasts.mo
usr/share/locale/pt/
usr/share/locale/pt/LC_MESSAGES/
usr/share/locale/pt/LC_MESSAGES/gnome-podcasts.mo
usr/share/locale/pt_BR/
usr/share/locale/pt_BR/LC_MESSAGES/
usr/share/locale/pt_BR/LC_MESSAGES/gnome-podcasts.mo
usr/share/locale/ro/
usr/share/locale/ro/LC_MESSAGES/
usr/share/locale/ro/LC_MESSAGES/gnome-podcasts.mo
usr/share/locale/ru/
usr/share/locale/ru/LC_MESSAGES/
usr/share/locale/ru/LC_MESSAGES/gnome-podcasts.mo
usr/share/locale/sk/
usr/share/locale/sk/LC_MESSAGES/
usr/share/locale/sk/LC_MESSAGES/gnome-podcasts.mo
usr/share/locale/sl/
usr/share/locale/sl/LC_MESSAGES/
usr/share/locale/sl/LC_MESSAGES/gnome-podcasts.mo
usr/share/locale/sr/
usr/share/locale/sr/LC_MESSAGES/
usr/share/locale/sr/LC_MESSAGES/gnome-podcasts.mo
usr/share/locale/sv/
usr/share/locale/sv/LC_MESSAGES/
usr/share/locale/sv/LC_MESSAGES/gnome-podcasts.mo
usr/share/locale/tr/
usr/share/locale/tr/LC_MESSAGES/
usr/share/locale/tr/LC_MESSAGES/gnome-podcasts.mo
usr/share/locale/uk/
usr/share/locale/uk/LC_MESSAGES/
usr/share/locale/uk/LC_MESSAGES/gnome-podcasts.mo
usr/share/locale/zh_CN/
usr/share/locale/zh_CN/LC_MESSAGES/
usr/share/locale/zh_CN/LC_MESSAGES/gnome-podcasts.mo
usr/share/metainfo/
usr/share/metainfo/org.gnome.Podcasts.appdata.xml

Slackware package /home/omen/GITHUB/One4All_SlackBuild/gnome-podcasts/binary-gnome-podcasts-0.7.1/gnome-podcasts-0.7.1-x86_64-1_rtz.tlz created.

