Starting build process...
Detected architecture: x86_64
--2024-10-30 21:24:30--  https://github.com/ast-grep/ast-grep/releases/download/0.29.0/app-x86_64-unknown-linux-gnu.zip
Resolving github.com (github.com)... 140.82.121.3
Connecting to github.com (github.com)|140.82.121.3|:443... connected.
HTTP request sent, awaiting response... 302 Found
Location: https://objects.githubusercontent.com/github-production-release-asset-2e65be/509566212/beeaefe9-17a4-4c46-a969-0a830eeb8243?X-Amz-Algorithm=AWS4-HMAC-SHA256&X-Amz-Credential=releaseassetproduction%2F20241030%2Fus-east-1%2Fs3%2Faws4_request&X-Amz-Date=20241030T192332Z&X-Amz-Expires=300&X-Amz-Signature=1121376c52e0020dd06cb32ebf216f64434201082b738880ea1500f35f0bc330&X-Amz-SignedHeaders=host&response-content-disposition=attachment%3B%20filename%3Dapp-x86_64-unknown-linux-gnu.zip&response-content-type=application%2Foctet-stream [following]
--2024-10-30 21:24:31--  https://objects.githubusercontent.com/github-production-release-asset-2e65be/509566212/beeaefe9-17a4-4c46-a969-0a830eeb8243?X-Amz-Algorithm=AWS4-HMAC-SHA256&X-Amz-Credential=releaseassetproduction%2F20241030%2Fus-east-1%2Fs3%2Faws4_request&X-Amz-Date=20241030T192332Z&X-Amz-Expires=300&X-Amz-Signature=1121376c52e0020dd06cb32ebf216f64434201082b738880ea1500f35f0bc330&X-Amz-SignedHeaders=host&response-content-disposition=attachment%3B%20filename%3Dapp-x86_64-unknown-linux-gnu.zip&response-content-type=application%2Foctet-stream
Resolving objects.githubusercontent.com (objects.githubusercontent.com)... 185.199.108.133, 185.199.110.133, 185.199.111.133, ...
Connecting to objects.githubusercontent.com (objects.githubusercontent.com)|185.199.108.133|:443... connected.
HTTP request sent, awaiting response... 200 OK
Length: 14727234 (14M) [application/octet-stream]
Saving to: ‘ast-grep-0.29.0.zip’

     0K .......... .......... .......... .......... ..........  0%  746K 19s
    50K .......... .......... .......... .......... ..........  0%  878K 18s
   100K .......... .......... .......... .......... ..........  1% 4.04M 13s
   150K .......... .......... .......... .......... ..........  1% 1.29M 12s
   200K .......... .......... .......... .......... ..........  1% 6.84M 10s
   250K .......... .......... .......... .......... ..........  2% 5.26M 9s
   300K .......... .......... .......... .......... ..........  2% 4.15M 8s
   350K .......... .......... .......... .......... ..........  2% 5.43M 7s
   400K .......... .......... .......... .......... ..........  3% 2.31M 7s
   450K .......... .......... .......... .......... ..........  3% 5.06M 7s
   500K .......... .......... .......... .......... ..........  3% 6.99M 6s
   550K .......... .......... .......... .......... ..........  4% 5.13M 6s
   600K .......... .......... .......... .......... ..........  4%  626K 7s
   650K .......... .......... .......... .......... ..........  4% 10.8M 7s
   700K .......... .......... .......... .......... ..........  5% 10.3M 6s
   750K .......... .......... .......... .......... ..........  5% 9.94M 6s
   800K .......... .......... .......... .......... ..........  5% 10.9M 6s
   850K .......... .......... .......... .......... ..........  6% 9.57M 5s
   900K .......... .......... .......... .......... ..........  6%  337M 5s
   950K .......... .......... .......... .......... ..........  6%  338M 5s
  1000K .......... .......... .......... .......... ..........  7%  403M 5s
  1050K .......... .......... .......... .......... ..........  7% 2.38M 5s
  1100K .......... .......... .......... .......... ..........  7% 4.27M 5s
  1150K .......... .......... .......... .......... ..........  8% 7.28M 4s
  1200K .......... .......... .......... .......... ..........  8% 10.2M 4s
  1250K .......... .......... .......... .......... ..........  9% 19.4M 4s
  1300K .......... .......... .......... .......... ..........  9%  243M 4s
  1350K .......... .......... .......... .......... ..........  9%  246M 4s
  1400K .......... .......... .......... .......... .......... 10%  228M 4s
  1450K .......... .......... .......... .......... .......... 10%  662K 4s
  1500K .......... .......... .......... .......... .......... 10% 7.30M 4s
  1550K .......... .......... .......... .......... .......... 11% 10.3M 4s
  1600K .......... .......... .......... .......... .......... 11% 20.0M 4s
  1650K .......... .......... .......... .......... .......... 11%  196M 4s
  1700K .......... .......... .......... .......... .......... 12%  223M 4s
  1750K .......... .......... .......... .......... .......... 12% 2.72M 4s
  1800K .......... .......... .......... .......... .......... 12% 6.58M 4s
  1850K .......... .......... .......... .......... .......... 13%  262M 3s
  1900K .......... .......... .......... .......... .......... 13%  237M 3s
  1950K .......... .......... .......... .......... .......... 13%  348M 3s
  2000K .......... .......... .......... .......... .......... 14%  338M 3s
  2050K .......... .......... .......... .......... .......... 14% 13.1M 3s
  2100K .......... .......... .......... .......... .......... 14% 6.97M 3s
  2150K .......... .......... .......... .......... .......... 15% 5.27M 3s
  2200K .......... .......... .......... .......... .......... 15% 5.00M 3s
  2250K .......... .......... .......... .......... .......... 15% 6.78M 3s
  2300K .......... .......... .......... .......... .......... 16% 4.24M 3s
  2350K .......... .......... .......... .......... .......... 16% 4.88M 3s
  2400K .......... .......... .......... .......... .......... 17% 5.26M 3s
  2450K .......... .......... .......... .......... .......... 17% 5.16M 3s
  2500K .......... .......... .......... .......... .......... 17% 7.01M 3s
  2550K .......... .......... .......... .......... .......... 18% 5.14M 3s
  2600K .......... .......... .......... .......... .......... 18% 5.22M 3s
  2650K .......... .......... .......... .......... .......... 18% 4.98M 3s
  2700K .......... .......... .......... .......... .......... 19% 4.09M 3s
  2750K .......... .......... .......... .......... .......... 19% 6.78M 3s
  2800K .......... .......... .......... .......... .......... 19% 5.32M 3s
  2850K .......... .......... .......... .......... .......... 20% 7.16M 3s
  2900K .......... .......... .......... .......... .......... 20% 4.16M 3s
  2950K .......... .......... .......... .......... .......... 20% 5.16M 3s
  3000K .......... .......... .......... .......... .......... 21% 5.32M 3s
  3050K .......... .......... .......... .......... .......... 21% 6.62M 3s
  3100K .......... .......... .......... .......... .......... 21% 4.02M 3s
  3150K .......... .......... .......... .......... .......... 22% 7.76M 3s
  3200K .......... .......... .......... .......... .......... 22% 5.20M 3s
  3250K .......... .......... .......... .......... .......... 22% 4.88M 3s
  3300K .......... .......... .......... .......... .......... 23% 6.47M 2s
  3350K .......... .......... .......... .......... .......... 23% 5.05M 2s
  3400K .......... .......... .......... .......... .......... 23% 6.53M 2s
  3450K .......... .......... .......... .......... .......... 24% 4.98M 2s
  3500K .......... .......... .......... .......... .......... 24% 5.46M 2s
  3550K .......... .......... .......... .......... .......... 25% 4.82M 2s
  3600K .......... .......... .......... .......... .......... 25% 6.84M 2s
  3650K .......... .......... .......... .......... .......... 25% 4.86M 2s
  3700K .......... .......... .......... .......... .......... 26% 5.38M 2s
  3750K .......... .......... .......... .......... .......... 26% 6.81M 2s
  3800K .......... .......... .......... .......... .......... 26% 5.29M 2s
  3850K .......... .......... .......... .......... .......... 27% 7.04M 2s
  3900K .......... .......... .......... .......... .......... 27% 4.14M 2s
  3950K .......... .......... .......... .......... .......... 27% 4.93M 2s
  4000K .......... .......... .......... .......... .......... 28% 6.65M 2s
  4050K .......... .......... .......... .......... .......... 28% 5.03M 2s
  4100K .......... .......... .......... .......... .......... 28% 6.49M 2s
  4150K .......... .......... .......... .......... .......... 29% 5.46M 2s
  4200K .......... .......... .......... .......... .......... 29% 6.79M 2s
  4250K .......... .......... .......... .......... .......... 29% 5.11M 2s
  4300K .......... .......... .......... .......... .......... 30% 4.17M 2s
  4350K .......... .......... .......... .......... .......... 30% 4.38M 2s
  4400K .......... .......... .......... .......... .......... 30% 3.56M 2s
  4450K .......... .......... .......... .......... .......... 31%  632K 2s
  4500K .......... .......... .......... .......... .......... 31% 4.24M 2s
  4550K .......... .......... .......... .......... .......... 31% 5.44M 2s
  4600K .......... .......... .......... .......... .......... 32% 7.24M 2s
  4650K .......... .......... .......... .......... .......... 32%  346M 2s
  4700K .......... .......... .......... .......... .......... 33%  308M 2s
  4750K .......... .......... .......... .......... .......... 33%  318M 2s
  4800K .......... .......... .......... .......... .......... 33% 27.0M 2s
  4850K .......... .......... .......... .......... .......... 34% 5.26M 2s
  4900K .......... .......... .......... .......... .......... 34% 6.96M 2s
  4950K .......... .......... .......... .......... .......... 34% 3.46M 2s
  5000K .......... .......... .......... .......... .......... 35% 2.39M 2s
  5050K .......... .......... .......... .......... .......... 35% 4.69M 2s
  5100K .......... .......... .......... .......... .......... 35% 4.44M 2s
  5150K .......... .......... .......... .......... .......... 36% 4.74M 2s
  5200K .......... .......... .......... .......... .......... 36% 3.25M 2s
  5250K .......... .......... .......... .......... .......... 36% 3.61M 2s
  5300K .......... .......... .......... .......... .......... 37% 4.50M 2s
  5350K .......... .......... .......... .......... .......... 37% 4.85M 2s
  5400K .......... .......... .......... .......... .......... 37% 5.09M 2s
  5450K .......... .......... .......... .......... .......... 38% 3.54M 2s
  5500K .......... .......... .......... .......... .......... 38% 2.90M 2s
  5550K .......... .......... .......... .......... .......... 38% 4.82M 2s
  5600K .......... .......... .......... .......... .......... 39% 4.76M 2s
  5650K .......... .......... .......... .......... .......... 39% 5.43M 2s
  5700K .......... .......... .......... .......... .......... 39% 2.64M 2s
  5750K .......... .......... .......... .......... .......... 40% 5.32M 2s
  5800K .......... .......... .......... .......... .......... 40% 4.58M 2s
  5850K .......... .......... .......... .......... .......... 41% 4.74M 2s
  5900K .......... .......... .......... .......... .......... 41% 3.51M 2s
  5950K .......... .......... .......... .......... .......... 41% 2.96M 2s
  6000K .......... .......... .......... .......... .......... 42% 5.17M 2s
  6050K .......... .......... .......... .......... .......... 42% 4.62M 2s
  6100K .......... .......... .......... .......... .......... 42% 5.19M 2s
  6150K .......... .......... .......... .......... .......... 43% 4.55M 2s
  6200K .......... .......... .......... .......... .......... 43% 2.86M 2s
  6250K .......... .......... .......... .......... .......... 43% 4.76M 2s
  6300K .......... .......... .......... .......... .......... 44% 3.59M 2s
  6350K .......... .......... .......... .......... .......... 44% 5.27M 2s
  6400K .......... .......... .......... .......... .......... 44% 4.87M 2s
  6450K .......... .......... .......... .......... .......... 45% 3.26M 2s
  6500K .......... .......... .......... .......... .......... 45% 4.88M 2s
  6550K .......... .......... .......... .......... .......... 45% 4.13M 2s
  6600K .......... .......... .......... .......... .......... 46% 5.03M 2s
  6650K .......... .......... .......... .......... .......... 46% 5.16M 2s
  6700K .......... .......... .......... .......... .......... 46% 2.47M 2s
  6750K .......... .......... .......... .......... .......... 47% 4.71M 2s
  6800K .......... .......... .......... .......... .......... 47% 5.50M 2s
  6850K .......... .......... .......... .......... .......... 47% 4.06M 2s
  6900K .......... .......... .......... .......... .......... 48% 6.50M 2s
  6950K .......... .......... .......... .......... .......... 48% 2.91M 2s
  7000K .......... .......... .......... .......... .......... 49% 4.95M 2s
  7050K .......... .......... .......... .......... .......... 49% 4.77M 2s
  7100K .......... .......... .......... .......... .......... 49% 3.60M 2s
  7150K .......... .......... .......... .......... .......... 50% 4.93M 2s
  7200K .......... .......... .......... .......... .......... 50% 3.40M 2s
  7250K .......... .......... .......... .......... .......... 50% 3.76M 2s
  7300K .......... .......... .......... .......... .......... 51% 5.02M 2s
  7350K .......... .......... .......... .......... .......... 51% 5.44M 2s
  7400K .......... .......... .......... .......... .......... 51% 4.90M 2s
  7450K .......... .......... .......... .......... .......... 52% 3.27M 2s
  7500K .......... .......... .......... .......... .......... 52% 3.32M 2s
  7550K .......... .......... .......... .......... .......... 52% 5.43M 2s
  7600K .......... .......... .......... .......... .......... 53% 5.01M 2s
  7650K .......... .......... .......... .......... .......... 53% 4.84M 2s
  7700K .......... .......... .......... .......... .......... 53% 3.45M 2s
  7750K .......... .......... .......... .......... .......... 54% 5.01M 1s
  7800K .......... .......... .......... .......... .......... 54% 3.37M 1s
  7850K .......... .......... .......... .......... .......... 54% 6.46M 1s
  7900K .......... .......... .......... .......... .......... 55% 3.77M 1s
  7950K .......... .......... .......... .......... .......... 55% 3.78M 1s
  8000K .......... .......... .......... .......... .......... 55% 4.90M 1s
  8050K .......... .......... .......... .......... .......... 56% 3.37M 1s
  8100K .......... .......... .......... .......... .......... 56% 6.99M 1s
  8150K .......... .......... .......... .......... .......... 57% 4.92M 1s
  8200K .......... .......... .......... .......... .......... 57% 5.16M 1s
  8250K .......... .......... .......... .......... .......... 57% 3.42M 1s
  8300K .......... .......... .......... .......... .......... 58% 3.99M 1s
  8350K .......... .......... .......... .......... .......... 58% 3.81M 1s
  8400K .......... .......... .......... .......... .......... 58% 5.15M 1s
  8450K .......... .......... .......... .......... .......... 59% 5.31M 1s
  8500K .......... .......... .......... .......... .......... 59% 4.12M 1s
  8550K .......... .......... .......... .......... .......... 59% 4.40M 1s
  8600K .......... .......... .......... .......... .......... 60% 3.53M 1s
  8650K .......... .......... .......... .......... .......... 60% 5.32M 1s
  8700K .......... .......... .......... .......... .......... 60% 4.06M 1s
  8750K .......... .......... .......... .......... .......... 61% 4.13M 1s
  8800K .......... .......... .......... .......... .......... 61% 4.51M 1s
  8850K .......... .......... .......... .......... .......... 61% 4.47M 1s
  8900K .......... .......... .......... .......... .......... 62% 4.47M 1s
  8950K .......... .......... .......... .......... .......... 62% 4.99M 1s
  9000K .......... .......... .......... .......... .......... 62% 4.25M 1s
  9050K .......... .......... .......... .......... .......... 63% 5.06M 1s
  9100K .......... .......... .......... .......... .......... 63% 3.03M 1s
  9150K .......... .......... .......... .......... .......... 63% 4.77M 1s
  9200K .......... .......... .......... .......... .......... 64% 6.69M 1s
  9250K .......... .......... .......... .......... .......... 64% 4.76M 1s
  9300K .......... .......... .......... .......... .......... 65% 4.16M 1s
  9350K .......... .......... .......... .......... .......... 65% 3.98M 1s
  9400K .......... .......... .......... .......... .......... 65% 5.28M 1s
  9450K .......... .......... .......... .......... .......... 66% 4.77M 1s
  9500K .......... .......... .......... .......... .......... 66% 4.30M 1s
  9550K .......... .......... .......... .......... .......... 66% 3.32M 1s
  9600K .......... .......... .......... .......... .......... 67% 4.76M 1s
  9650K .......... .......... .......... .......... .......... 67% 5.34M 1s
  9700K .......... .......... .......... .......... .......... 67% 3.89M 1s
  9750K .......... .......... .......... .......... .......... 68% 6.07M 1s
  9800K .......... .......... .......... .......... .......... 68% 4.34M 1s
  9850K .......... .......... .......... .......... .......... 68% 4.18M 1s
  9900K .......... .......... .......... .......... .......... 69% 3.13M 1s
  9950K .......... .......... .......... .......... .......... 69% 5.62M 1s
 10000K .......... .......... .......... .......... .......... 69% 5.01M 1s
 10050K .......... .......... .......... .......... .......... 70% 4.07M 1s
 10100K .......... .......... .......... .......... .......... 70% 6.67M 1s
 10150K .......... .......... .......... .......... .......... 70% 4.19M 1s
 10200K .......... .......... .......... .......... .......... 71% 4.45M 1s
 10250K .......... .......... .......... .......... .......... 71% 4.97M 1s
 10300K .......... .......... .......... .......... .......... 71% 3.28M 1s
 10350K .......... .......... .......... .......... .......... 72% 4.91M 1s
 10400K .......... .......... .......... .......... .......... 72% 4.59M 1s
 10450K .......... .......... .......... .......... .......... 73% 4.88M 1s
 10500K .......... .......... .......... .......... .......... 73% 4.88M 1s
 10550K .......... .......... .......... .......... .......... 73% 4.93M 1s
 10600K .......... .......... .......... .......... .......... 74% 3.83M 1s
 10650K .......... .......... .......... .......... .......... 74% 5.25M 1s
 10700K .......... .......... .......... .......... .......... 74% 3.86M 1s
 10750K .......... .......... .......... .......... .......... 75% 4.55M 1s
 10800K .......... .......... .......... .......... .......... 75% 4.87M 1s
 10850K .......... .......... .......... .......... .......... 75% 3.83M 1s
 10900K .......... .......... .......... .......... .......... 76% 4.91M 1s
 10950K .......... .......... .......... .......... .......... 76% 6.06M 1s
 11000K .......... .......... .......... .......... .......... 76% 3.86M 1s
 11050K .......... .......... .......... .......... .......... 77% 6.39M 1s
 11100K .......... .......... .......... .......... .......... 77% 3.32M 1s
 11150K .......... .......... .......... .......... .......... 77% 3.16M 1s
 11200K .......... .......... .......... .......... .......... 78% 7.97M 1s
 11250K .......... .......... .......... .......... .......... 78% 4.27M 1s
 11300K .......... .......... .......... .......... .......... 78% 6.11M 1s
 11350K .......... .......... .......... .......... .......... 79% 4.72M 1s
 11400K .......... .......... .......... .......... .......... 79% 3.82M 1s
 11450K .......... .......... .......... .......... .......... 79% 3.44M 1s
 11500K .......... .......... .......... .......... .......... 80% 3.92M 1s
 11550K .......... .......... .......... .......... .......... 80% 5.38M 1s
 11600K .......... .......... .......... .......... .......... 81% 5.27M 1s
 11650K .......... .......... .......... .......... .......... 81% 7.02M 1s
 11700K .......... .......... .......... .......... .......... 81% 2.81M 1s
 11750K .......... .......... .......... .......... .......... 82% 5.17M 1s
 11800K .......... .......... .......... .......... .......... 82% 5.08M 1s
 11850K .......... .......... .......... .......... .......... 82% 7.03M 1s
 11900K .......... .......... .......... .......... .......... 83% 4.01M 1s
 11950K .......... .......... .......... .......... .......... 83% 2.82M 1s
 12000K .......... .......... .......... .......... .......... 83% 4.94M 1s
 12050K .......... .......... .......... .......... .......... 84% 4.97M 1s
 12100K .......... .......... .......... .......... .......... 84% 6.78M 0s
 12150K .......... .......... .......... .......... .......... 84% 5.16M 0s
 12200K .......... .......... .......... .......... .......... 85% 6.45M 0s
 12250K .......... .......... .......... .......... .......... 85% 2.74M 0s
 12300K .......... .......... .......... .......... .......... 85% 4.37M 0s
 12350K .......... .......... .......... .......... .......... 86% 5.00M 0s
 12400K .......... .......... .......... .......... .......... 86% 7.02M 0s
 12450K .......... .......... .......... .......... .......... 86% 5.15M 0s
 12500K .......... .......... .......... .......... .......... 87% 3.20M 0s
 12550K .......... .......... .......... .......... .......... 87% 4.99M 0s
 12600K .......... .......... .......... .......... .......... 87% 5.01M 0s
 12650K .......... .......... .......... .......... .......... 88% 6.12M 0s
 12700K .......... .......... .......... .......... .......... 88% 4.26M 0s
 12750K .......... .......... .......... .......... .......... 88% 4.61M 0s
 12800K .......... .......... .......... .......... .......... 89% 3.00M 0s
 12850K .......... .......... .......... .......... .......... 89% 6.27M 0s
 12900K .......... .......... .......... .......... .......... 90% 5.04M 0s
 12950K .......... .......... .......... .......... .......... 90% 6.77M 0s
 13000K .......... .......... .......... .......... .......... 90% 4.77M 0s
 13050K .......... .......... .......... .......... .......... 91% 4.88M 0s
 13100K .......... .......... .......... .......... .......... 91% 2.67M 0s
 13150K .......... .......... .......... .......... .......... 91% 6.32M 0s
 13200K .......... .......... .......... .......... .......... 92% 5.15M 0s
 13250K .......... .......... .......... .......... .......... 92% 5.40M 0s
 13300K .......... .......... .......... .......... .......... 92% 7.03M 0s
 13350K .......... .......... .......... .......... .......... 93% 2.85M 0s
 13400K .......... .......... .......... .......... .......... 93% 5.09M 0s
 13450K .......... .......... .......... .......... .......... 93% 4.98M 0s
 13500K .......... .......... .......... .......... .......... 94% 4.90M 0s
 13550K .......... .......... .......... .......... .......... 94% 5.12M 0s
 13600K .......... .......... .......... .......... .......... 94% 3.61M 0s
 13650K .......... .......... .......... .......... .......... 95% 4.80M 0s
 13700K .......... .......... .......... .......... .......... 95% 4.17M 0s
 13750K .......... .......... .......... .......... .......... 95% 5.62M 0s
 13800K .......... .......... .......... .......... .......... 96% 7.06M 0s
 13850K .......... .......... .......... .......... .......... 96% 5.46M 0s
 13900K .......... .......... .......... .......... .......... 96% 2.95M 0s
 13950K .......... .......... .......... .......... .......... 97% 4.69M 0s
 14000K .......... .......... .......... .......... .......... 97% 4.31M 0s
 14050K .......... .......... .......... .......... .......... 98% 5.30M 0s
 14100K .......... .......... .......... .......... .......... 98% 5.43M 0s
 14150K .......... .......... .......... .......... .......... 98% 7.25M 0s
 14200K .......... .......... .......... .......... .......... 99% 3.29M 0s
 14250K .......... .......... .......... .......... .......... 99% 5.43M 0s
 14300K .......... .......... .......... .......... .......... 99% 3.55M 0s
 14350K .......... .......... .......... ..                   100% 7.14M=3.2s

2024-10-30 21:24:35 (4.40 MB/s) - ‘ast-grep-0.29.0.zip’ saved [14727234/14727234]

Archive:  /home/omen/GITHUB/AUTO_SLACKBUILD/hacks/ast-grep/ast-grep-0.29.0.zip
  inflating: sg                      
  inflating: ast-grep                
/home/omen/GITHUB/AUTO_SLACKBUILD/hacks/ast-grep/work
README or README.md already exists, skipping creation.
BIN_PKG = YES
hm...lets continue and see what happens
~/GITHUB/AUTO_SLACKBUILD/hacks/ast-grep/package-ast-grep/usr/doc/ast-grep-0.29.0 ~/GITHUB/AUTO_SLACKBUILD/hacks/ast-grep/work
--2024-10-30 21:24:35--  https://raw.githubusercontent.com/ast-grep/ast-grep/c9aff6ace291c5a02e48446aa9be1d471b763ca2/LICENSE
Resolving raw.githubusercontent.com (raw.githubusercontent.com)... 2606:50c0:8002::154, 2606:50c0:8001::154, 2606:50c0:8000::154, ...
Connecting to raw.githubusercontent.com (raw.githubusercontent.com)|2606:50c0:8002::154|:443... connected.
HTTP request sent, awaiting response... 200 OK
Length: 1077 (1.1K) [text/plain]
Saving to: ‘LICENSE’

     0K .                                                     100% 34.0M=0s

2024-10-30 21:24:36 (34.0 MB/s) - ‘LICENSE’ saved [1077/1077]

~/GITHUB/AUTO_SLACKBUILD/hacks/ast-grep/work
/home/omen/GITHUB/AUTO_SLACKBUILD/hacks/ast-grep/work/sg
install: creating directory '/home/omen/GITHUB/AUTO_SLACKBUILD/hacks/ast-grep/package-ast-grep/usr/local'
install: creating directory '/home/omen/GITHUB/AUTO_SLACKBUILD/hacks/ast-grep/package-ast-grep/usr/local/bin'
'/home/omen/GITHUB/AUTO_SLACKBUILD/hacks/ast-grep/work/sg' -> '/home/omen/GITHUB/AUTO_SLACKBUILD/hacks/ast-grep/package-ast-grep/usr/local/bin/ast-grep'
cp: cannot stat 'AUTHORS': No such file or directory
cp: cannot stat 'ChangeLog*': No such file or directory
cp: cannot stat 'COPYING': No such file or directory
cp: cannot stat 'CREDITS': No such file or directory
cp: cannot stat 'LICENSE': No such file or directory
cp: cannot stat 'MAINTAINERS': No such file or directory
cp: cannot stat 'NEWS': No such file or directory
cp: cannot stat 'README*': No such file or directory
cp: cannot stat 'doc': No such file or directory
cp: cannot stat 'DOCS': No such file or directory

Slackware package maker, version 3.14159265.

Searching for symbolic links:

No symbolic links were found, so we won't make an installation script.
You can make your own later in ./install/doinst.sh and rebuild the
package if you like.

This next step is optional - you can set the directories in your package
to some sane permissions. If any of the directories in your package have
special permissions, then DO NOT reset them here!

Would you like to reset all directory permissions to 755 (drwxr-xr-x) and
directory ownerships to root.root ([y]es, [n]o)? n


Creating Slackware package:  /home/omen/GITHUB/AUTO_SLACKBUILD/hacks/ast-grep/binary-ast-grep-0.29.0/ast-grep-0.29.0-x86_64-1_rtz.tlz

./
install/
install/doinst.sh
install/slack-desc
usr/
usr/doc/
usr/doc/ast-grep-0.29.0/
usr/doc/ast-grep-0.29.0/LICENSE
usr/doc/ast-grep-0.29.0/ast-grep.SlackBuild
usr/local/
usr/local/bin/
usr/local/bin/ast-grep

Slackware package /home/omen/GITHUB/AUTO_SLACKBUILD/hacks/ast-grep/binary-ast-grep-0.29.0/ast-grep-0.29.0-x86_64-1_rtz.tlz created.


+==============================================================================
| Installing new package /home/omen/GITHUB/AUTO_SLACKBUILD/hacks/ast-grep/binary-ast-grep-0.29.0/ast-grep-0.29.0-x86_64-1_rtz.tlz
+==============================================================================

Verifying package ast-grep-0.29.0-x86_64-1_rtz.tlz.
Installing package ast-grep-0.29.0-x86_64-1_rtz.tlz:
PACKAGE DESCRIPTION:
# ast-grep (tool to send e-mail patches)
#
# An easy-to-use tool to send e-mail patches.
#
# https://sr.ht/~emersion/pyonji
Executing install script for ast-grep-0.29.0-x86_64-1_rtz.tlz.
Font directories:
	/usr/share/fonts
/usr/share/fonts: caching, new cache contents: 0 fonts, 13 dirs
/usr/share/fonts/100dpi: caching, new cache contents: 398 fonts, 0 dirs
/usr/share/fonts/75dpi: caching, new cache contents: 398 fonts, 0 dirs
/usr/share/fonts/OTF: caching, new cache contents: 167 fonts, 0 dirs
/usr/share/fonts/Speedo: caching, new cache contents: 0 fonts, 0 dirs
/usr/share/fonts/TTF: caching, new cache contents: 473 fonts, 3 dirs
/usr/share/fonts/TTF/cantarell: caching, new cache contents: 6 fonts, 0 dirs
/usr/share/fonts/TTF/oxygen: caching, new cache contents: 3 fonts, 0 dirs
/usr/share/fonts/TTF/static: caching, new cache contents: 36 fonts, 0 dirs
/usr/share/fonts/Type1: caching, new cache contents: 64 fonts, 0 dirs
/usr/share/fonts/cyrillic: caching, new cache contents: 0 fonts, 0 dirs
/usr/share/fonts/encodings: caching, new cache contents: 0 fonts, 1 dirs
/usr/share/fonts/encodings/large: caching, new cache contents: 0 fonts, 0 dirs
/usr/share/fonts/kanjistrokeorders: caching, new cache contents: 1 fonts, 0 dirs
/usr/share/fonts/misc: caching, new cache contents: 144 fonts, 0 dirs
/usr/share/fonts/opentype: caching, new cache contents: 0 fonts, 1 dirs
/usr/share/fonts/opentype/fira: caching, new cache contents: 97 fonts, 0 dirs
/usr/share/fonts/truetype: caching, new cache contents: 0 fonts, 1 dirs
/usr/share/fonts/truetype/roboto-slab: caching, new cache contents: 4 fonts, 0 dirs
/usr/share/fonts/util: caching, new cache contents: 0 fonts, 0 dirs
/var/cache/fontconfig: cleaning cache directory
/root/.cache/fontconfig: not cleaning non-existent cache directory
/root/.fontconfig: not cleaning non-existent cache directory
/usr/bin/fc-cache: succeeded
Package ast-grep-0.29.0-x86_64-1_rtz.tlz installed.
Build process completed in 0 minutes and 27 seconds.
