Starting build process...
--2024-09-20 23:44:01--  https://github.com/Picocrypt/Picocrypt/releases/download/1.43/Picocrypt.deb
Resolving github.com (github.com)... 140.82.121.3
Connecting to github.com (github.com)|140.82.121.3|:443... connected.
HTTP request sent, awaiting response... 302 Found
Location: https://objects.githubusercontent.com/github-production-release-asset-2e65be/809024715/2f146315-98b6-4651-b1f8-3938b4f30cb4?X-Amz-Algorithm=AWS4-HMAC-SHA256&X-Amz-Credential=releaseassetproduction%2F20240920%2Fus-east-1%2Fs3%2Faws4_request&X-Amz-Date=20240920T204306Z&X-Amz-Expires=300&X-Amz-Signature=9caf67568c3cf14921495ca4fc2f97b43a246484ae6fb3e2c141b2d3812392dc&X-Amz-SignedHeaders=host&response-content-disposition=attachment%3B%20filename%3DPicocrypt.deb&response-content-type=application%2Foctet-stream [following]
--2024-09-20 23:44:01--  https://objects.githubusercontent.com/github-production-release-asset-2e65be/809024715/2f146315-98b6-4651-b1f8-3938b4f30cb4?X-Amz-Algorithm=AWS4-HMAC-SHA256&X-Amz-Credential=releaseassetproduction%2F20240920%2Fus-east-1%2Fs3%2Faws4_request&X-Amz-Date=20240920T204306Z&X-Amz-Expires=300&X-Amz-Signature=9caf67568c3cf14921495ca4fc2f97b43a246484ae6fb3e2c141b2d3812392dc&X-Amz-SignedHeaders=host&response-content-disposition=attachment%3B%20filename%3DPicocrypt.deb&response-content-type=application%2Foctet-stream
Resolving objects.githubusercontent.com (objects.githubusercontent.com)... 185.199.111.133, 185.199.108.133, 185.199.109.133, ...
Connecting to objects.githubusercontent.com (objects.githubusercontent.com)|185.199.111.133|:443... connected.
HTTP request sent, awaiting response... 200 OK
Length: 2410256 (2.3M) [application/octet-stream]
Saving to: ‘Picocrypt.deb’

     0K .......... .......... .......... .......... ..........  2%  807K 3s
    50K .......... .......... .......... .......... ..........  4% 2.32M 2s
   100K .......... .......... .......... .......... ..........  6% 1.07M 2s
   150K .......... .......... .......... .......... ..........  8% 5.05M 1s
   200K .......... .......... .......... .......... .......... 10% 5.09M 1s
   250K .......... .......... .......... .......... .......... 12% 1.67M 1s
   300K .......... .......... .......... .......... .......... 14% 4.00M 1s
   350K .......... .......... .......... .......... .......... 16% 7.01M 1s
   400K .......... .......... .......... .......... .......... 19% 5.43M 1s
   450K .......... .......... .......... .......... .......... 21% 4.85M 1s
   500K .......... .......... .......... .......... .......... 23% 5.88M 1s
   550K .......... .......... .......... .......... .......... 25%  697K 1s
   600K .......... .......... .......... .......... .......... 27%  245M 1s
   650K .......... .......... .......... .......... .......... 29%  257M 1s
   700K .......... .......... .......... .......... .......... 31% 2.08M 1s
   750K .......... .......... .......... .......... .......... 33% 6.35M 1s
   800K .......... .......... .......... .......... .......... 36% 9.26M 1s
   850K .......... .......... .......... .......... .......... 38% 9.56M 1s
   900K .......... .......... .......... .......... .......... 40% 19.6M 1s
   950K .......... .......... .......... .......... .......... 42% 5.02M 0s
  1000K .......... .......... .......... .......... .......... 44% 6.78M 0s
  1050K .......... .......... .......... .......... .......... 46%  699K 0s
  1100K .......... .......... .......... .......... .......... 48% 19.5M 0s
  1150K .......... .......... .......... .......... .......... 50%  243M 0s
  1200K .......... .......... .......... .......... .......... 53%  249M 0s
  1250K .......... .......... .......... .......... .......... 55%  230M 0s
  1300K .......... .......... .......... .......... .......... 57% 13.5M 0s
  1350K .......... .......... .......... .......... .......... 59%  200M 0s
  1400K .......... .......... .......... .......... .......... 61% 4.22M 0s
  1450K .......... .......... .......... .......... .......... 63%  417M 0s
  1500K .......... .......... .......... .......... .......... 65%  210M 0s
  1550K .......... .......... .......... .......... .......... 67%  434M 0s
  1600K .......... .......... .......... .......... .......... 70%  255M 0s
  1650K .......... .......... .......... .......... .......... 72%  425M 0s
  1700K .......... .......... .......... .......... .......... 74%  459M 0s
  1750K .......... .......... .......... .......... .......... 76% 7.67M 0s
  1800K .......... .......... .......... .......... .......... 78% 5.24M 0s
  1850K .......... .......... .......... .......... .......... 80% 5.28M 0s
  1900K .......... .......... .......... .......... .......... 82% 4.09M 0s
  1950K .......... .......... .......... .......... .......... 84% 6.63M 0s
  2000K .......... .......... .......... .......... .......... 87% 5.18M 0s
  2050K .......... .......... .......... .......... .......... 89% 7.21M 0s
  2100K .......... .......... .......... .......... .......... 91% 5.43M 0s
  2150K .......... .......... .......... .......... .......... 93% 3.83M 0s
  2200K .......... .......... .......... .......... .......... 95% 3.98M 0s
  2250K .......... .......... .......... .......... .......... 97% 4.72M 0s
  2300K .......... .......... .......... .......... .......... 99% 4.12M 0s
  2350K ...                                                   100% 7.01T=0.6s

2024-09-20 23:44:02 (4.07 MB/s) - ‘Picocrypt.deb’ saved [2410256/2410256]

cp: cannot stat 'ABOUT ABOUT-NLS ANNOUNCE AUTHORS *BUGS* ChangeLog Changelog CHANGELOG Changes CHANGES COPYING COPYRIGHT CREDITS CONFIGURATION* CONTRIBUTING* CONTRIBUTORS doc docs* Doc Docs* *FAQ* FEATURES FILES GPL* HACKING History HISTORY index.ht* *INDEX* INSTALL* License* LICENSE* LSM MANIFEST NEWS *README* *Readme* *RELEASE* RELNOTES Roadmap ROADMAP SITES THANKS TIPS TODO VERSION': File name too long

Slackware package maker, version 3.14159265.

Searching for symbolic links:

No symbolic links were found, so we won't make an installation script.
You can make your own later in ./install/doinst.sh and rebuild the
package if you like.

This next step is optional - you can set the directories in your package
to some sane permissions. If any of the directories in your package have
special permissions, then DO NOT reset them here!

Would you like to reset all directory permissions to 755 (drwxr-xr-x) and
directory ownerships to root.root ([y]es, [n]o)? n

Creating Slackware package:  /home/omen/GITHUB/One4All_SlackBuild/Picocrypt/binary-picocrypt-gui-1.43/picocrypt-gui-1.43-x86_64-1_rtz.tlz

./
install/
install/doinst.sh
install/slack-desc
usr/
usr/bin/
usr/bin/picocrypt-gui
usr/doc/
usr/doc/picocrypt-gui-1.43/
usr/doc/picocrypt-gui-1.43/picocrypt-gui.SlackBuild
usr/share/
usr/share/applications/
usr/share/applications/picocrypt.desktop
usr/share/icons/
usr/share/icons/picocrypt.svg

Slackware package /home/omen/GITHUB/One4All_SlackBuild/Picocrypt/binary-picocrypt-gui-1.43/picocrypt-gui-1.43-x86_64-1_rtz.tlz created.

rm: cannot remove '*.deb': No such file or directory
