Starting build process...
--2024-09-28 22:28:21--  https://github.com/danielgatis/rembg/archive/refs/tags/v2.0.59.tar.gz
Resolving github.com (github.com)... 140.82.121.3
Connecting to github.com (github.com)|140.82.121.3|:443... connected.
HTTP request sent, awaiting response... 302 Found
Location: https://codeload.github.com/danielgatis/rembg/tar.gz/refs/tags/v2.0.59 [following]
--2024-09-28 22:28:21--  https://codeload.github.com/danielgatis/rembg/tar.gz/refs/tags/v2.0.59
Resolving codeload.github.com (codeload.github.com)... 140.82.121.9
Connecting to codeload.github.com (codeload.github.com)|140.82.121.9|:443... connected.
HTTP request sent, awaiting response... 200 OK
Length: unspecified [application/x-gzip]
Saving to: ‘rembg-2.0.59.tar.gz’

     0K .......... .......... .......... .......... ..........  435K
    50K .......... .......... .......... .......... ..........  865K
   100K .......... .......... .......... .......... .......... 4.98M
   150K .......... .......... .......... .......... .......... 6.39M
   200K .......... .......... .......... .......... .......... 1.03M
   250K .......... .......... .......... .......... .......... 6.42M
   300K .......... .......... .......... .......... .......... 5.31M
   350K .......... .......... .......... .......... ..........  367K
   400K .......... .......... .......... .......... .......... 78.5M
   450K .......... .......... .......... .......... .......... 80.2M
   500K .......... .......... .......... .......... .......... 79.8M
   550K .......... .......... .......... .......... .......... 83.5M
   600K .......... .......... .......... .......... .......... 80.3M
   650K .......... .......... .......... .......... .......... 78.4M
   700K .......... .......... .......... .......... .......... 67.4M
   750K .......... .......... .......... .......... .......... 67.6M
   800K .......... .......... .......... .......... .......... 6.63M
   850K .......... .......... .......... .......... .......... 3.71M
   900K .......... .......... .......... .......... .......... 3.68M
   950K .......... .......... .......... .......... .......... 4.12M
  1000K .......... .......... .......... .......... .......... 5.17M
  1050K .......... .......... .......... .......... .......... 5.29M
  1100K .......... .......... .......... .......... .......... 5.16M
  1150K .......... .......... .......... .......... .......... 4.11M
  1200K .......... .......... .......... .......... .......... 3.23M
  1250K .......... .......... .......... .......... .......... 5.30M
  1300K .......... .......... .......... .......... .......... 5.22M
  1350K .......... .......... .......... .......... .......... 5.30M
  1400K .......... .......... .......... .......... .......... 3.99M
  1450K .......... .......... .......... .......... .......... 3.79M
  1500K .......... .......... .......... .......... .......... 4.20M
  1550K .......... .......... .......... .......... .......... 5.29M
  1600K .......... .......... .......... .......... .......... 5.01M
  1650K .......... .......... .......... .......... .......... 6.89M
  1700K .......... .......... .......... .......... .......... 3.46M
  1750K .......... .......... .......... .......... .......... 3.86M
  1800K .......... .......... .......... .......... .......... 5.06M
  1850K .......... .......... .......... .......... .......... 5.30M
  1900K .......... .......... .......... .......... .......... 5.17M
  1950K .......... .......... .......... .......... .......... 4.17M
  2000K .......... .......... .......... .......... .......... 5.07M
  2050K .......... .......... .......... .......... .......... 3.96M
  2100K .......... .......... .......... .......... .......... 4.99M
  2150K .......... .......... .......... .......... .......... 5.39M
  2200K .......... .......... .......... .......... .......... 5.32M
  2250K .......... .......... .......... .......... .......... 3.84M
  2300K .......... .......... .......... .......... .......... 4.22M
  2350K .......... .......... .......... .......... .......... 4.58M
  2400K .......... .......... .......... .......... .......... 5.26M
  2450K .......... .......... .......... .......... .......... 5.28M
  2500K .......... .......... .......... .......... .......... 5.06M
  2550K .......... .......... .......... .......... .......... 4.79M
  2600K .......... .......... .......... .......... .......... 3.81M
  2650K .......... .......... .......... .......... .......... 4.36M
  2700K .......... .......... .......... .......... .......... 6.74M
  2750K .......... .......... .......... .......... .......... 5.05M
  2800K .......... .......... .......... .......... .......... 5.02M
  2850K .......... .......... .......... .......... .......... 3.99M
  2900K .......... .......... .......... .......... .......... 5.14M
  2950K .......... .......... .......... .......... .......... 4.17M
  3000K .......... .......... .......... .......... .......... 5.04M
  3050K .......... .......... .......... .......... .......... 6.80M
  3100K .......... .......... .......... .......... .......... 5.16M
  3150K .......... .......... .......... .......... .......... 3.90M
  3200K .......... .......... .......... .......... .......... 4.06M
  3250K .......... .......... .......... .......... .......... 5.32M
  3300K .......... .......... .......... .......... .......... 4.55M
  3350K .......... .......... .......... .......... .......... 6.68M
  3400K .......... .......... .......... .......... .......... 5.01M
  3450K .......... .......... .......... .......... .......... 4.61M
  3500K .......... .......... .......... .......... .......... 4.78M
  3550K .......... .......... .......... .......... .......... 4.17M
  3600K .......... .......... .......... .......... .......... 4.56M
  3650K .......... .......... .......... .......... .......... 6.60M
  3700K .......... .......... .......... .......... .......... 4.95M
  3750K .......... .......... .......... .......... .......... 4.87M
  3800K .......... .......... .......... .......... .......... 4.52M
  3850K .......... .......... .......... .......... .......... 6.25M
  3900K .......... .......... .......... .......... .......... 3.96M
  3950K .......... .......... .......... .......... .......... 5.04M
  4000K .......... .......... .......... .......... .......... 6.61M
  4050K .......... .......... .......... .......... .......... 5.08M
  4100K .......... .......... .......... .......... .......... 4.97M
  4150K .......... .......... .......... .......... .......... 4.36M
  4200K .......... .......... .......... .......... .......... 4.86M
  4250K .......... .......... .......... .......... .......... 5.04M
  4300K .......... .......... .......... .......... .......... 4.97M
  4350K .......... .......... .......... .......... .......... 6.07M
  4400K .......... .......... .......... .......... .......... 5.03M
  4450K .......... .......... .......... .......... .......... 5.29M
  4500K .......... .......... .......... .......... .......... 5.03M
  4550K .......... .......... .......... .......... .......... 4.92M
  4600K .......... .......... .......... .......... .......... 5.35M
  4650K .......... .......... .......... .......... .......... 5.37M
  4700K .......... .......... .......... .......... .......... 4.39M
  4750K .......... .......... .......... .......... .......... 5.29M
  4800K .......... .......... .......... .......... .......... 5.25M
  4850K .......... .......... .......... .......... .......... 5.00M
  4900K .......... .......... .......... .......... .......... 5.03M
  4950K .......... .......... .......... .......... .......... 5.04M
  5000K .......... .......... .......... .......... .......... 5.20M
  5050K .......... .......... .......... .......... .......... 4.92M
  5100K .......... .......... .......... .......... .......... 6.20M
  5150K .......... .......... .......... .......... .......... 5.18M
  5200K .......... .......... .......... .......... .......... 4.38M
  5250K .......... .......... .......... .......... .......... 5.21M
  5300K .......... .......... .......... .......... .......... 6.21M
  5350K .......... .......... .......... .......... .......... 4.98M
  5400K .......... .......... .......... .......... .......... 5.02M
  5450K .......... .......... .......... .......... .......... 4.86M
  5500K .......... .......... .......... .......... .......... 5.48M
  5550K .......... .......... .......... .......... .......... 5.13M
  5600K .......... .......... .......... .......... .......... 5.14M
  5650K .......... .......... .......... .......... .......... 5.39M
  5700K .......... .......... .......... .......... .......... 5.44M
  5750K .......... .......... .......... .......... .......... 5.23M
  5800K .......... .......... .......... .......... .......... 5.17M
  5850K .......... .......... .......... .......... .......... 5.34M
  5900K .......... .......... .......... .......... .......... 5.34M
  5950K .......... .......... .......... .......... .......... 5.33M
  6000K .......... .......... .......... .......... .......... 4.92M
  6050K .......... .......... .......... .......... .......... 5.54M
  6100K .......... .......... .......... .......... .......... 5.12M
  6150K .......... .......... .......... .......... .......... 5.22M
  6200K .......... .......... .......... .......... .......... 5.01M
  6250K .......... .......... .......... .......... .......... 6.45M
  6300K .......... .......... .......... .......... .......... 5.48M
  6350K .......... .......... .......... .......... .......... 5.16M
  6400K .......... .......... .......... .......... .......... 4.44M
  6450K .......... .......... .......... .......... .......... 5.57M
  6500K .......... .......... .......... .......... .......... 5.18M
  6550K .......... .......... .......... .......... .......... 5.47M
  6600K .......... .......... .......... .......... .......... 5.08M
  6650K .......... .......... .......... .......... .......... 5.34M
  6700K .......... .......... .......... .......... .......... 6.60M
  6750K .......... .......... .......... .......... .......... 4.97M
  6800K .......... .......... .......... .......... .......... 5.30M
  6850K .......... .......... .......... .......... .......... 5.18M
  6900K .......... .......... .......... .......... .......... 5.20M
  6950K .......... .......... .......... .......... .......... 5.41M
  7000K .......... .......... .......... .......... .......... 5.50M
  7050K .......... .......... .......... .......... .......... 5.13M
  7100K .......... .......... .......... .......... .......... 5.17M
  7150K .......... .......... .......... .......... .......... 6.05M
  7200K .......... .......... .......... .......... .......... 4.79M
  7250K .......... .......... .......... .......... .......... 6.37M
  7300K .......... .......... .......... .......... .......... 4.97M
  7350K .......... .......... .......... .......... .......... 5.19M
  7400K .......... .......... .......... .......... .......... 5.09M
  7450K .......... .......... .......... .......... .......... 6.46M
  7500K .......... .......... .......... .......... .......... 5.02M
  7550K .......... .......... .......... .......... .......... 6.13M
  7600K .......... .......... .......... .......... .......... 5.18M
  7650K .......... .......... .......... .......... .......... 4.44M
  7700K .......... .......... .......... .......... .......... 7.32M
  7750K .......... .......... .......... .......... .......... 5.01M
  7800K .......... .......... .......... .......... .......... 5.92M
  7850K .......... .......... .......... .......... .......... 5.23M
  7900K .......... .......... .......... .......... .......... 4.97M
  7950K .......... .......... .......... .......... .......... 5.09M
  8000K .......... .......... .......... .......... .......... 5.32M
  8050K .......... .......... .......... .......... .......... 6.61M
  8100K .......... .......... .......... .......... .......... 5.05M
  8150K .......... .......... .......... .......... .......... 6.13M
  8200K .......... .......... .......... .......... .......... 5.25M
  8250K .......... .......... .......... .......... .......... 5.47M
  8300K .......... .......... .......... .......... .......... 5.25M
  8350K .......... .......... .......... .......... .......... 5.21M
  8400K .......... .......... .......... .......... .......... 4.90M
  8450K .......... .......... .......... .......... .......... 5.24M
  8500K .......... .......... .......... .......... .......... 6.61M
  8550K .......... .......... .......... .......... .......... 5.32M
  8600K .......... .......... .......... .......... .......... 5.42M
  8650K .......... .......... .......... .......... .......... 5.41M
  8700K .......... .......... .......... .......... .......... 5.20M
  8750K .......... .......... .......... .......... .......... 5.43M
  8800K .......... .......... .......... .......... .......... 5.27M
  8850K .......... .......... .......... .......... .......... 5.06M
  8900K .......... .......... .......... .......... .......... 5.53M
  8950K .......... .......... .......... .......... .......... 5.04M
  9000K .......... .......... .......... .......... .......... 6.60M
  9050K .......... .......... .......... .......... .......... 4.84M
  9100K .......... .......... .......... .......... .......... 5.13M
  9150K .......... .......... .......... .......... .......... 6.77M
  9200K .......... .......... .......... .......... .......... 5.23M
  9250K .......... .......... .......... .......... .......... 5.23M
  9300K .......... .......... .......... .......... .......... 5.13M
  9350K .......... .......... .......... .......... .......... 5.31M
  9400K .......... .......... .......... .......... .......... 5.29M
  9450K .......... .......... .......... .......... .......... 5.42M
  9500K .......... .......... .......... .......... .......... 6.38M
  9550K .......... .......... .......... .......... .......... 5.19M
  9600K .......... .......... .......... .......... .......... 5.13M
  9650K .......... .......... .......... .......... .......... 5.05M
  9700K .......... .......... .......... .......... .......... 5.29M
  9750K .......... .......... .......... .......... .......... 7.06M
  9800K .......... .......... .......... .......... .......... 4.76M
  9850K .......... .......... .......... .......... .......... 5.24M
  9900K .......... .......... .......... .......... .......... 4.69M
  9950K .......... .......... .......... .......... .......... 5.80M
 10000K .......... .......... .......... .......... .......... 5.28M
 10050K .......... .......... .......... .......... .......... 6.60M
 10100K .......... .......... .......... .......... .......... 5.15M
 10150K .......... .......... .......... .......... .......... 5.29M
 10200K .......... .......... .......... .......... .......... 5.35M
 10250K .......... .......... .......... .......... .......... 5.13M
 10300K .......... .......... .......... .......... .......... 5.29M
 10350K .......... .......... .......... .......... .......... 6.32M
 10400K .......... .......... .......... .......... .......... 4.85M
 10450K .......... .......... .......... .......... .......... 6.77M
 10500K .......... .......... .......... .......... .......... 5.31M
 10550K .......... .......... .......... .......... .......... 4.92M
 10600K .......... .......... .......... .......... .......... 5.30M
 10650K .......... .......... .......... .......... .......... 6.59M
 10700K .......... .......... .......... .......... .......... 4.30M
 10750K .......... .......... .......... .......... .......... 5.43M
 10800K .......... .......... .......... .......... .......... 6.81M
 10850K .......... .......... .......... .......... .......... 5.02M
 10900K .......... .......... .......... .......... .......... 5.34M
 10950K .......... .......... .......... .......... .......... 5.16M
 11000K .......... .......... .......... .......... .......... 5.18M
 11050K .......... .......... .......... .......... .......... 6.79M
 11100K .......... .......... .......... .......... .......... 5.13M
 11150K .......... .......... .......... .......... .......... 5.34M
 11200K .......... .......... .......... .......... .......... 5.21M
 11250K .......... .......... .......... .......... .......... 5.19M
 11300K .......... .......... .......... .......... .......... 5.17M
 11350K .......... .......... .......... .......... .......... 6.62M
 11400K .......... .......... .......... .......... .......... 4.97M
 11450K .......... .......... .......... .......... .......... 5.37M
 11500K .......... .......... .......... .......... .......... 4.92M
 11550K .......... .......... .......... .......... .......... 5.33M
 11600K .......... .......... .......... .......... .......... 5.92M
 11650K .......... .......... .......... .......... .......... 5.66M
 11700K .......... .......... .......... .......... .......... 5.29M
 11750K .......... .......... .......... .......... .......... 5.46M
 11800K .......... .......... .......... .......... .......... 5.07M
 11850K .......... .......... .......... .......... .......... 5.27M
 11900K .......... .......... .......... .......... .......... 5.32M
 11950K .......... .......... .......... .......... .......... 5.20M
 12000K .......... .......... .......... .......... .......... 6.48M
 12050K .......... .......... .......... .......... .......... 4.98M
 12100K .......... .......... .......... .......... .......... 5.18M
 12150K .......... .......... .......... .......... .......... 4.82M
 12200K .......... .......... .......... .......... .......... 7.40M
 12250K .......... .......... .......... .......... .......... 5.18M
 12300K .......... .......... .......... .......... .......... 5.10M
 12350K .......... .......... .......... .......... .......... 5.03M
 12400K .......... .......... .......... .......... .......... 6.90M
 12450K .......... .......... .......... .......... .......... 5.30M
 12500K .......... .......... .......... .......... .......... 5.19M
 12550K .......... .......... .......... .......... .......... 5.48M
 12600K .......... .......... .......... .......... .......... 5.13M
 12650K .......... .......... .......... .......... .......... 5.44M
 12700K .......... .......... .......... .......... .......... 5.19M
 12750K .......... .......... .......... .......... .......... 6.60M
 12800K .......... .......... .......... .......... .......... 5.16M
 12850K .......... .......... .......... .......... .......... 5.03M
 12900K .......... .......... .......... .......... .......... 5.24M
 12950K .......... .......... .......... .......... .......... 6.02M
 13000K .......... .......... .......... .......... .......... 5.01M
 13050K .......... .......... .......... .......... .......... 5.52M
 13100K .......... .......... .......... .......... .......... 4.73M
 13150K .......... .......... .......... .......... .......... 6.27M
 13200K .......... .......... .......... .......... .......... 5.19M
 13250K .......... .......... .......... .......... .......... 5.01M
 13300K .......... .......... .......... .......... .......... 4.92M
 13350K .......... .......... .......... .......... .......... 6.77M
 13400K .......... .......... .......... .......... .......... 4.40M
 13450K .......... .......... .......... .......... .......... 6.29M
 13500K .......... .......... .......... .......... .......... 5.10M
 13550K .......... .......... .......... .......... .......... 4.74M
 13600K .......... .......... .......... .......... .......... 7.09M
 13650K .......... .......... .......... .......... .......... 5.33M
 13700K .......... .......... .......... .......... .......... 5.33M
 13750K .......... .......... .......... .......... .......... 5.04M
 13800K .......... .......... .......... .......... .......... 5.17M
 13850K .......... .......... .......... .......... .......... 6.17M
 13900K .......... .......... .......... .......... .......... 5.28M
 13950K .......... .......... .......... .......... .......... 4.88M
 14000K .......... .......... .......... .......... .......... 6.37M
 14050K .......... .......... .......... .......... .......... 5.36M
 14100K .......... .......... .......... .......... .......... 5.32M
 14150K .......... .......... .......... .......... .......... 5.44M
 14200K .......... .......... .......... .......... .......... 4.89M
 14250K .......... .......... .......... .......... .......... 5.27M
 14300K .......... .......... .......... .......... .......... 5.06M
 14350K .......... .......... .......... .......... .......... 6.84M
 14400K .......... .......... .......... .......... .......... 5.13M
 14450K .......... .......... .......... .......... .......... 5.05M
 14500K .......... .......... .......... .......... .......... 5.41M
 14550K .......... .......... .......... .......... .......... 6.36M
 14600K .......... .......... .......... .......... .......... 5.26M
 14650K .......... .......... .......... .......... .......... 5.08M
 14700K .......... .......... .......... .......... .......... 5.40M
 14750K .......... .......... .......... .......... .......... 5.35M
 14800K .......... .......... .......... .......... .......... 5.09M
 14850K .......... .......... .......... .......... .......... 6.44M
 14900K .......... .......... .......... .......... .......... 5.16M
 14950K .......... .......... .......... .......... .......... 4.80M
 15000K .......... .......... .......... .......... .......... 5.67M
 15050K .......... .......... .......... .......... .......... 5.39M
 15100K .......... .......... .......... .......... .......... 5.26M
 15150K .......... .......... .......... .......... .......... 5.14M
 15200K .......... .......... .......... .......... .......... 7.08M
 15250K .......... .......... .......... .......... .......... 4.65M
 15300K .......... .......... .......... .......... .......... 5.25M
 15350K .......... .......... .......... .......... .......... 6.49M
 15400K .......... .......... .......... .......... .......... 5.11M
 15450K .......... .......... .......... .......... .......... 5.16M
 15500K .......... .......... .......... .......... .......... 4.86M
 15550K .......... .......... .......... .......... .......... 7.43M
 15600K .......... .......... .......... .......... .......... 5.31M
 15650K .......... .......... .......... .......... .......... 4.39M
 15700K .......... .......... .......... .......... .......... 6.40M
 15750K .......... .......... .......... .......... .......... 5.16M
 15800K .......... .......... .......... .......... .......... 5.26M
 15850K .......... .......... .......... .......... .......... 6.16M
 15900K .......... .......... .......... .......... .......... 5.26M
 15950K .......... .......... .......... .......... .......... 5.02M
 16000K .......... .......... .......... .......... .......... 4.93M
 16050K .......... .......... .......... .......... .......... 6.58M
 16100K .......... .......... .......... .......... .......... 5.23M
 16150K .......... .......... .......... .......... .......... 5.23M
 16200K .......... .......... .......... .......... .......... 5.29M
 16250K .......... .......... .......... .......... .......... 5.29M
 16300K .......... .......... .......... .......... .......... 5.45M
 16350K .......... .......... .......... .......... .......... 5.47M
 16400K .......... .......... .......... .......... .......... 5.34M
 16450K .......... .......... .......... .......... .......... 6.80M
 16500K .......... .......... .......... .......... .......... 4.78M
 16550K .......... .......... .......... .......... .......... 6.16M
 16600K .......... .......... .......... .......... .......... 5.03M
 16650K .......... .......... .......... .......... .......... 5.13M
 16700K .......... .......... .......... .......... .......... 5.22M
 16750K .......... .......... .......... .......... .......... 6.65M
 16800K .......... .......... .......... .......... .......... 5.29M
 16850K .......... .......... .......... .......... .......... 5.18M
 16900K .......... .......... .......... .......... .......... 5.13M
 16950K .......... .......... .......... .......... .......... 5.40M
 17000K .......... .......... .......... .......... .......... 5.11M
 17050K .......... .......... .......... .......... .......... 5.51M
 17100K .......... .......... .......... .......... .......... 5.26M
 17150K .......... .......... .......... .......... .......... 5.13M
 17200K .......... .......... .......... .......... .......... 7.06M
 17250K .......... .......... .......... .......... .......... 5.28M
 17300K .......... .......... .......... .......... .......... 5.07M
 17350K .......... .......... .......... .......... .......... 4.95M
 17400K .......... .......... .......... .......... .......... 7.07M
 17450K .......... .......... .......... .......... .......... 4.37M
 17500K .......... .......... .......... .......... .......... 6.32M
 17550K .......... .......... .......... .......... .......... 5.14M
 17600K .......... .......... .......... .......... .......... 5.00M
 17650K .......... .......... .......... .......... .......... 6.31M
 17700K .......... .......... .......... .......... .......... 5.38M
 17750K .......... .......... .......... .......... .......... 5.17M
 17800K .......... .......... .......... .......... .......... 5.00M
 17850K .......... .......... .......... .......... .......... 7.01M
 17900K .......... .......... .......... .......... .......... 4.63M
 17950K .......... .......... .......... .......... .......... 6.55M
 18000K .......... .......... .......... .......... .......... 5.08M
 18050K .......... .......... .......... .......... .......... 4.88M
 18100K .......... .......... .......... .......... ..........  593K
 18150K .......... .......... .......... .......... .......... 3.13M
 18200K .......... .......... .......... .......... .......... 5.76M
 18250K .......... .......... .......... .......... .......... 6.20M
 18300K .......... .......... .......... .......... .......... 18.0M
 18350K .......... .......... .......... .......... .......... 71.3M
 18400K .......... .......... .......... .......... .......... 81.3M
 18450K .......... .......... .......... .......... .......... 2.49M
 18500K .......... .......... .......... .......... .......... 90.4M
 18550K .......... .......... .......... .......... .......... 27.7M
 18600K .......... .......... .......... .......... .......... 2.37M
 18650K .......... .......... .......... .......... .......... 6.62M
 18700K .......... .......... .......... .......... .......... 4.28M
 18750K .......... .......... .......... .......... .......... 3.92M
 18800K .......... .......... .......... .......... .......... 4.95M
 18850K .......... .......... .......... .......... .......... 2.65M
 18900K .......... .......... .......... .......... .......... 4.98M
 18950K .......... .......... .......... .......... .......... 5.12M
 19000K .......... .......... .......... .......... .......... 3.72M
 19050K .......... .......... .......... .......... .......... 2.81M
 19100K .......... .......... .......... .......... .......... 4.62M
 19150K .......... .......... .......... .......... .......... 5.04M
 19200K .......... .......... .......... .......... .......... 4.88M
 19250K .......... .......... .......... .......... .......... 3.55M
 19300K .......... .......... .......... .......... .......... 2.61M
 19350K .......... .......... .......... .......... .......... 4.98M
 19400K .......... .......... .......... .......... .......... 6.34M
 19450K .......... .......... .......... .......... .......... 4.05M
 19500K .......... .......... .......... .......... .......... 4.15M
 19550K .......... .......... .......... .......... .......... 2.63M
 19600K .......... .......... .......... .......... .......... 4.91M
 19650K .......... .......... .......... .......... .......... 6.57M
 19700K .......... .......... .......... .......... .......... 5.00M
 19750K .......... .......... .......... .......... .......... 4.14M
 19800K .......... .......... .......... .......... .......... 2.55M
 19850K .......... .......... .......... .......... .......... 5.05M
 19900K .......... .......... .......... .......... .......... 5.14M
 19950K .......... .......... .......... .......... .......... 4.44M
 20000K .......... .......... .......... .......... .......... 4.56M
 20050K .......... .......... .......... .......... .......... 2.90M
 20100K .......... .......... .......... .......... .......... 4.92M
 20150K .......... .......... .......... .......... .......... 5.40M
 20200K .......... .......... .......... .......... .......... 4.11M
 20250K .......... .......... .......... .......... .......... 3.94M
 20300K .......... .......... .......... .......... .......... 2.91M
 20350K .......... .......... .......... .......... .......... 5.24M
 20400K .......... .......... .......... .......... .......... 5.30M
 20450K .......... .......... .......... .......... .......... 4.90M
 20500K .......... .......... .......... .......... .......... 3.89M
 20550K .......... .......... .......... .......... .......... 3.03M
 20600K .......... .......... .......... .......... .......... 5.16M
 20650K .......... .......... .......... .......... .......... 5.16M
 20700K .......... .......... .......... .......... .......... 4.91M
 20750K .......... .......... .......... .......... .......... 4.30M
 20800K .......... .......... .......... .......... .......... 2.82M
 20850K .......... .......... .......... .......... .......... 5.11M
 20900K .......... .......... .......... .......... .......... 5.30M
 20950K .......... .......... .......... .......... .......... 4.21M
 21000K .......... .......... .......... .......... .......... 5.06M
 21050K .......... .......... .......... .......... .......... 2.84M
 21100K .......... .......... .......... .......... .......... 4.57M
 21150K .......... .......... .......... .......... .......... 7.81M
 21200K .......... .......... .......... .......... .......... 3.72M
 21250K .......... .......... .......... .......... .......... 4.83M
 21300K .......... .......... .......... .......... .......... 3.28M
 21350K .......... .......... .......... .......... .......... 5.00M
 21400K .......... .......... .......... .......... .......... 5.02M
 21450K .......... .......... .......... .......... .......... 4.99M
 21500K .......... .......... .......... .......... .......... 4.22M
 21550K .......... .......... .......... .......... .......... 3.17M
 21600K .......... .......... .......... .......... .......... 5.58M
 21650K .......... .......... .......... .......... .......... 4.23M
 21700K .......... .......... .......... .......... .......... 6.12M
 21750K .......... .......... .......... .......... .......... 4.18M
 21800K .......... .......... .......... .......... .......... 2.87M
 21850K .......... .......... .......... .......... .......... 4.99M
 21900K .......... .......... .......... .......... .......... 4.72M
 21950K .......... .......... .......... .......... .......... 7.66M
 22000K .......... .......... .......... .......... .......... 4.30M
 22050K .......... .......... .......... .......... .......... 3.87M
 22100K .......... .......... .......... .......... .......... 3.50M
 22150K .......... .......... .......... .......... .......... 5.86M
 22200K .......... .......... .......... .......... .......... 4.04M
 22250K .......... .......... .......... .......... .......... 6.45M
 22300K .......... .......... .......... .......... .......... 5.27M
 22350K .......... .......... .......... .......... .......... 2.66M
 22400K .......... .......... .......... .......... .......... 6.78M
 22450K .......... .......... .......... .......... .......... 3.85M
 22500K .......... .......... .......... .......... .......... 5.39M
 22550K .......... .......... .......... .......... .......... 5.23M
 22600K .......... .......... .......... .......... .......... 2.99M
 22650K .......... .......... .......... .......... .......... 5.35M
 22700K .......... .......... .......... .......... .......... 4.25M
 22750K .......... .......... .......... .......... .......... 5.07M
 22800K .......... .......... .......... .......... .......... 5.31M
 22850K .......... .......... .......... .......... .......... 4.59M
 22900K .......... .......... .......... .......... .......... 3.49M
 22950K .......... .......... .......... .......... .......... 6.80M
 23000K .......... .......... .......... .......... .......... 4.23M
 23050K .......... .......... .......... .......... .......... 5.12M
 23100K .......... .......... .......... .......... .......... 4.70M
 23150K .......... .......... .......... .......... .......... 3.46M
 23200K .......... .......... .......... .......... .......... 4.91M
 23250K .......... .......... .......... .......... .......... 4.09M
 23300K .......... .......... .......... .......... .......... 6.70M
 23350K .......... .......... .......... .......... .......... 5.14M
 23400K .......... .......... .......... .......... .......... 2.91M
 23450K .......... .......... .......... .......... .......... 6.26M
 23500K .......... .......... .......... .......... .......... 4.19M
 23550K .......... .......... .......... .......... .......... 6.46M
 23600K .......... .......... .......... .......... .......... 4.04M
 23650K .......... .......... .......... .......... .......... 6.31M
 23700K .......... .......... .......... .......... .......... 3.18M
 23750K .......... .......... .......... .......... .......... 5.14M
 23800K .......... .......... .......... .......... .......... 4.68M
 23850K .......... .......... .......... .......... .......... 5.15M
 23900K .......... .......... .......... .......... .......... 5.13M
 23950K .......... .......... .......... .......... .......... 3.49M
 24000K .......... .......... .......... .......... .......... 5.38M
 24050K .......... .......... .......... .......... .......... 4.87M
 24100K .......... .......... .......... .......... .......... 5.05M
 24150K .......... .......... .......... .......... .......... 5.32M
 24200K .......... .......... .......... .......... .......... 4.34M
 24250K .......... .......... .......... .......... .......... 3.65M
 24300K .......... .......... .......... .......... .......... 4.84M
 24350K .......... .......... .......... .......... .......... 5.26M
 24400K .......... .......... .......... .......... .......... 4.94M
 24450K .......... .......... .......... .......... .......... 5.59M
 24500K .......... .......... .......... .......... .......... 3.61M
 24550K .......... .......... .......... .......... .......... 4.40M
 24600K .......... .......... .......... .......... .......... 4.95M
 24650K .......... .......... .......... .......... .......... 6.42M
 24700K .......... .......... .......... .......... .......... 4.23M
 24750K .......... .......... .......... .......... .......... 6.54M
 24800K .......... .......... .......... .......... .......... 3.33M
 24850K .......... .......... .......... .......... .......... 4.21M
 24900K .......... .......... .......... .......... .......... 5.40M
 24950K .......... .......... .......... .......... .......... 5.14M
 25000K .......... .......... .......... .......... .......... 6.37M
 25050K .......... .......... .......... .......... .......... 3.27M
 25100K .......... .......... .......... .......... .......... 4.82M
 25150K .......... .......... .......... .......... .......... 5.03M
 25200K .......... .......... .......... .......... .......... 5.24M
 25250K .......... .......... .......... .......... .......... 5.32M
 25300K .......... .......... .......... .......... .......... 6.25M
 25350K .......... .......... .......... .......... .......... 3.55M
 25400K .......... .......... .......... .......... .......... 3.98M
 25450K .......... .......... .......... .......... .......... 4.95M
 25500K .......... .......... .......... .......... .......... 5.24M
 25550K .......... .......... .......... .......... .......... 5.25M
 25600K .......... .......... .......... .......... .......... 6.43M
 25650K .......... .......... .......... .......... .......... 3.59M
 25700K .......... .......... .......... .......... .......... 4.90M
 25750K .......... .......... .......... .......... .......... 5.02M
 25800K .......... .......... .......... .......... .......... 5.09M
 25850K .......... .......... .......... .......... .......... 5.17M
 25900K .......... .......... .......... .......... .......... 3.55M
 25950K .......... .......... .......... .......... .......... 5.01M
 26000K .......... .......... .......... .......... .......... 5.28M
 26050K .......... .......... .......... .......... .......... 5.10M
 26100K .......... .......... .......... .......... .......... 4.66M
 26150K .......... .......... .......... .......... .......... 6.23M
 26200K .......... .......... .......... .......... .......... 3.83M
 26250K .......... .......... .......... .......... .......... 5.01M
 26300K .......... .......... .......... .......... .......... 5.02M
 26350K .......... .......... .......... .......... .......... 4.97M
 26400K .......... .......... .......... .......... .......... 4.81M
 26450K .......... .......... .......... .......... .......... 5.17M
 26500K .......... .......... .......... .......... .......... 4.43M
 26550K .......... .......... .......... .......... .......... 4.72M
 26600K .......... .......... .......... .......... .......... 5.34M
 26650K .......... .......... .......... .......... .......... 5.13M
 26700K .......... .......... .......... .......... .......... 4.25M
 26750K .......... .......... .......... .......... .......... 4.97M
 26800K .......... .......... .......... .......... .......... 5.23M
 26850K .......... .......... .......... .......... .......... 4.53M
 26900K .......... .......... .......... .......... .......... 4.98M
 26950K .......... .......... .......... .......... .......... 5.16M
 27000K .......... .......... .......... .......... .......... 5.25M
 27050K .......... .......... .......... .......... .......... 4.32M
 27100K .......... .......... .......... .......... .......... 4.16M
 27150K .......... .......... .......... .......... .......... 5.23M
 27200K .......... .......... .......... .......... .......... 5.30M
 27250K .......... .......... .......... .......... .......... 5.33M
 27300K .......... .......... .......... .......... .......... 5.14M
 27350K .......... .......... .......... .......... .......... 4.51M
 27400K .......... .......... .......... .......... .......... 4.00M
 27450K .......... .......... .......... .......... .......... 6.42M
 27500K .......... .......... .......... .......... .......... 4.80M
 27550K .......... .......... .......... .......... .......... 5.03M
 27600K .......... .......... .......... .......... .......... 5.39M
 27650K .......... .......... .......... .......... .......... 4.35M
 27700K .......... .......... .......... .......... .......... 5.05M
 27750K .......... .......... .......... .......... .......... 5.11M
 27800K .......... .......... .......... .......... .......... 4.92M
 27850K .......... .......... .......... .......... .......... 5.20M
 27900K .......... .......... .......... .......... .......... 4.82M
 27950K .......... .......... .......... .......... .......... 4.12M
 28000K .......... .......... .......... .......... .......... 5.19M
 28050K .......... .......... .......... .......... .......... 4.99M
 28100K .......... .......... .......... .......... .......... 4.19M
 28150K .......... .......... .......... .......... .......... 6.57M
 28200K .......... .......... .......... .......... .......... 5.22M
 28250K .......... .......... .......... .......... .......... 4.98M
 28300K .......... .......... .......... .......... .......... 4.85M
 28350K .......... .......... .......... .......... .......... 5.21M
 28400K .......... .......... .......... .......... .......... 3.91M
 28450K .......... .......... .......... .......... .......... 5.75M
 28500K .......... .......... .......... .......... .......... 5.35M
 28550K .......... .......... .......... .......... .......... 5.12M
 28600K .......... .......... .......... .......... .......... 5.08M
 28650K .......... .......... .......... .......... .......... 4.98M
 28700K .......... .......... .......... .......... .......... 3.69M
 28750K .......... .......... .......... .......... .......... 5.22M
 28800K .......... .......... .......... .......... .......... 5.22M
 28850K .......... .......... .......... .......... .......... 6.38M
 28900K .......... .......... .......... .......... .......... 5.29M
 28950K .......... .......... .......... .......... .......... 5.28M
 29000K .......... .......... .......... .......... .......... 3.28M
 29050K .......... .......... .......... .......... .......... 6.88M
 29100K .......... .......... .......... .......... .......... 5.37M
 29150K .......... .......... .......... .......... .......... 5.28M
 29200K .......... .......... .......... .......... .......... 5.03M
 29250K .......... .......... .......... .......... .......... 5.40M
 29300K .......... .......... .......... .......... .......... 3.71M
 29350K .......... .......... .......... .......... .......... 5.21M
 29400K .......... .......... .......... .......... .......... 5.11M
 29450K .......... .......... .......... .......... .......... 4.93M
 29500K .......... .......... .......... .......... .......... 5.26M
 29550K .......... .......... .......... .......... .......... 5.27M
 29600K .......... .......... .......... .......... .......... 4.79M
 29650K .......... .......... .......... .......... .......... 5.34M
 29700K .......... .......... .......... .......... .......... 5.08M
 29750K .......... .......... .......... .......... .......... 3.90M
 29800K .......... .......... .......... .......... .......... 6.25M
 29850K .......... .......... .......... .......... .......... 5.35M
 29900K .......... .......... .......... .......... .......... 4.23M
 29950K .......... .......... .......... .......... .......... 6.23M
 30000K .......... .......... .......... .......... .......... 5.07M
 30050K .......... .......... .......... .......... .......... 4.11M
 30100K .......... .......... .......... .......... .......... 6.75M
 30150K .......... .......... .......... .......... .......... 4.99M
 30200K .......... .......... .......... .......... .......... 4.26M
 30250K .......... .......... .......... .......... .......... 6.83M
 30300K .......... .......... .......... .......... .......... 4.09M
 30350K .......... .......... .......... .......... .......... 4.75M
 30400K .......... .......... .......... .......... .......... 5.49M
 30450K .......... .......... .......... .......... .......... 5.49M
 30500K .......... .......... .......... .......... .......... 5.00M
 30550K .......... .......... .......... .......... .......... 5.24M
 30600K .......... .......... .......... .......... .......... 4.79M
 30650K .......... .......... .......... .......... .......... 4.61M
 30700K .......... .......... .......... .......... .......... 5.13M
 30750K .......... .......... .......... .......... .......... 6.56M
 30800K .......... .......... .......... .......... .......... 4.98M
 30850K .......... .......... .......... .......... .......... 5.22M
 30900K .......... .......... .......... .......... .......... 5.02M
 30950K .......... .......... .......... .......... .......... 4.29M
 31000K .......... .......... .......... .......... .......... 5.00M
 31050K .......... .......... .......... .......... .......... 5.07M
 31100K .......... .......... .......... .......... .......... 6.12M
 31150K .......... .......... .......... .......... .......... 4.96M
 31200K .......... .......... .......... .......... .......... 6.85M
 31250K .......... .......... .......... .......... .......... 4.67M
 31300K .......... .......... .......... .......... .......... 3.77M
 31350K .......... .......... .......... .......... .......... 5.36M
 31400K .......... .......... .......... .......... .......... 6.41M
 31450K .......... .......... .......... .......... .......... 4.86M
 31500K .......... .......... .......... .......... .......... 5.01M
 31550K .......... .......... .......... .......... .......... 6.10M
 31600K .......... .......... .......... .......... .......... 3.89M
 31650K .......... .......... .......... .......... .......... 5.02M
 31700K .......... .......... .......... .......... .......... 5.24M
 31750K .......... .......... .......... .......... .......... 6.53M
 31800K .......... .......... .......... .......... .......... 4.98M
 31850K .......... .......... .......... .......... .......... 5.21M
 31900K .......... .......... .......... .......... .......... 4.54M
 31950K .......... .......... .......... .......... .......... 5.14M
 32000K .......... .......... .......... .......... .......... 4.44M
 32050K .......... .......... .......... .......... .......... 6.97M
 32100K .......... .......... .......... .......... .......... 5.12M
 32150K .......... .......... .......... .......... .......... 4.74M
 32200K .......... .......... .......... .......... .......... 5.13M
 32250K .......... .......... .......... .......... .......... 5.15M
 32300K .......... .......... .......... .......... .......... 5.10M
 32350K .......... .......... .......... .......... .......... 5.32M
 32400K .......... .......... .......... .......... .......... 5.15M
 32450K .......... .......... .......... .......... .......... 4.81M
 32500K .......... .......... .......... .......... .......... 6.41M
 32550K .......... .......... .......... .......... .......... 4.88M
 32600K .......... .......... .......... .......... .......... 4.56M
 32650K .......... .......... .......... .......... .......... 4.68M
 32700K .......... .......... .......... .......... .......... 4.98M
 32750K .......... .......... .......... .......... .......... 6.50M
 32800K .......... .......... .......... .......... .......... 5.06M
 32850K .......... .......... .......... .......... .......... 5.09M
 32900K .......... .......... .......... .......... .......... 4.75M
 32950K .......... .......... .......... .......... .......... 4.77M
 33000K .......... .......... .......... .......... .......... 5.07M
 33050K .......... .......... .......... .......... .......... 4.96M
 33100K .......... .......... .......... .......... .......... 6.29M
 33150K .......... .......... .......... .......... .......... 5.17M
 33200K .......... .......... .......... .......... .......... 4.56M
 33250K .......... .......... .......... .......... .......... 2.15M
 33300K .......... .......... .......... .......... ..........  109M
 33350K .......... .......... .......... .......... .......... 11.6M
 33400K .......... .......... .......... .......... .......... 5.27M
 33450K .......... .......... .......... .......... .......... 4.92M
 33500K .......... .......... .......... .......... .......... 4.55M
 33550K .......... .......... .......... .......... .......... 4.66M
 33600K .......... .......... .......... .......... .......... 2.60M
 33650K .......... .......... .......... .......... .......... 5.42M
 33700K .......... .......... .......... .......... .......... 5.30M
 33750K .......... .......... .......... .......... .......... 4.98M
 33800K .......... .......... .......... .......... .......... 6.48M
 33850K .......... .......... .......... .......... .......... 4.83M
 33900K .......... .......... .......... .......... .......... 4.45M
 33950K .......... .......... .......... .......... .......... 5.12M
 34000K .......... .......... .......... .......... .......... 5.28M
 34050K .......... .......... .......... .......... .......... 4.86M
 34100K .......... .......... .......... .......... .......... 5.47M
 34150K .......... .......... .......... .......... .......... 6.55M
 34200K .......... .......... .......... .......... .......... 3.99M
 34250K .......... .......... .......... .......... .......... 5.19M
 34300K .......... .......... .......... .......... .......... 4.87M
 34350K .......... .......... .......... .......... .......... 6.49M
 34400K .......... .......... .......... .......... .......... 5.08M
 34450K .......... .......... .......... .......... .......... 5.07M
 34500K .......... .......... .......... .......... .......... 4.94M
 34550K .......... .......... .......... .......... .......... 5.23M
 34600K .......... .......... .......... .......... .......... 5.20M
 34650K .......... .......... .......... .......... .......... 5.14M
 34700K .......... .......... .......... .......... .......... 5.05M
 34750K .......... .......... .......... .......... .......... 5.04M
 34800K .......... .......... .......... .......... .......... 6.73M
 34850K .......... .......... .......... .......... .......... 3.15M
 34900K .......... .......... .......... .......... .......... 2.28M
 34950K .......... .......... .......... .......... ..........  627K
 35000K .......... .......... .......... .......... .......... 7.15M
 35050K .......... .......... .......... .......... ..........  169M
 35100K .......... .......... .......... .......... ..........  167M
 35150K .......... .......... .......... .......... ..........  167M
 35200K .......... .......... .......... .......... ..........  159M
 35250K .......... .......... .......... .......... .......... 7.45M
 35300K .......... .......... .......... .......... .......... 4.45M
 35350K .......... .......... .......... .......... .......... 3.77M
 35400K .......... .......... .......... .......... .......... 2.25M
 35450K .......... .......... .......... .......... .......... 5.45M
 35500K .......... .......... .......... .......... .......... 4.86M
 35550K .......... .......... .......... .......... .......... 3.59M
 35600K .......... .......... .......... .......... .......... 2.20M
 35650K .......... .......... .......... .......... .......... 4.99M
 35700K .......... .......... .......... .......... .......... 5.03M
 35750K .......... .......... .......... .......... .......... 4.29M
 35800K .......... .......... .......... .......... .......... 3.30M
 35850K .......... .......... .......... .......... .......... 2.96M
 35900K .......... .......... .......... .......... .......... 4.93M
 35950K .......... .......... .......... .......... .......... 4.92M
 36000K .......... .......... .........                        3.34M=7.5s

2024-09-28 22:28:29 (4.71 MB/s) - ‘rembg-2.0.59.tar.gz’ saved [36894289]

rembg-2.0.59/
rembg-2.0.59/.dockerignore
rembg-2.0.59/.editorconfig
rembg-2.0.59/.gitattributes
rembg-2.0.59/.github/
rembg-2.0.59/.github/FUNDING.yml
rembg-2.0.59/.github/ISSUE_TEMPLATE/
rembg-2.0.59/.github/ISSUE_TEMPLATE/bug_report.md
rembg-2.0.59/.github/ISSUE_TEMPLATE/feature_request.md
rembg-2.0.59/.github/workflows/
rembg-2.0.59/.github/workflows/close_inactive_issues.yml
rembg-2.0.59/.github/workflows/lint_markdown.yml
rembg-2.0.59/.github/workflows/lint_python.yml
rembg-2.0.59/.github/workflows/publish_docker.yml
rembg-2.0.59/.github/workflows/publish_pypi.yml
rembg-2.0.59/.github/workflows/test_install.yml
rembg-2.0.59/.github/workflows/windows_installer.yml
rembg-2.0.59/.gitignore
rembg-2.0.59/.markdownlint.yaml
rembg-2.0.59/.python-version
rembg-2.0.59/Dockerfile
rembg-2.0.59/LICENSE.txt
rembg-2.0.59/MANIFEST.in
rembg-2.0.59/README.md
rembg-2.0.59/USAGE.md
rembg-2.0.59/_build-exe.ps1
rembg-2.0.59/_modpath.iss
rembg-2.0.59/_setup.iss
rembg-2.0.59/docker-compose.yml
rembg-2.0.59/examples/
rembg-2.0.59/examples/animal-1.jpg
rembg-2.0.59/examples/animal-1.out.png
rembg-2.0.59/examples/animal-2.jpg
rembg-2.0.59/examples/animal-2.out.png
rembg-2.0.59/examples/animal-3.jpg
rembg-2.0.59/examples/animal-3.out.png
rembg-2.0.59/examples/anime-girl-1.jpg
rembg-2.0.59/examples/anime-girl-1.out.png
rembg-2.0.59/examples/anime-girl-2.jpg
rembg-2.0.59/examples/anime-girl-2.out.png
rembg-2.0.59/examples/anime-girl-3.jpg
rembg-2.0.59/examples/anime-girl-3.out.png
rembg-2.0.59/examples/car-1.jpg
rembg-2.0.59/examples/car-1.out.png
rembg-2.0.59/examples/car-2.jpg
rembg-2.0.59/examples/car-2.out.png
rembg-2.0.59/examples/car-3.jpg
rembg-2.0.59/examples/car-3.out.png
rembg-2.0.59/examples/food-1.jpg
rembg-2.0.59/examples/food-1.out.alpha.jpg
rembg-2.0.59/examples/food-1.out.jpg
rembg-2.0.59/examples/girl-1.jpg
rembg-2.0.59/examples/girl-1.out.png
rembg-2.0.59/examples/girl-2.jpg
rembg-2.0.59/examples/girl-2.out.png
rembg-2.0.59/examples/girl-3.jpg
rembg-2.0.59/examples/girl-3.out.png
rembg-2.0.59/examples/plants-1.jpg
rembg-2.0.59/examples/plants-1.out.png
rembg-2.0.59/onnxruntime-installation-matrix.png
rembg-2.0.59/pyproject.toml
rembg-2.0.59/pytest.ini
rembg-2.0.59/rembg.py
rembg-2.0.59/rembg.spec
rembg-2.0.59/rembg/
rembg-2.0.59/rembg/__init__.py
rembg-2.0.59/rembg/_version.py
rembg-2.0.59/rembg/bg.py
rembg-2.0.59/rembg/cli.py
rembg-2.0.59/rembg/commands/
rembg-2.0.59/rembg/commands/__init__.py
rembg-2.0.59/rembg/commands/b_command.py
rembg-2.0.59/rembg/commands/d_command.py
rembg-2.0.59/rembg/commands/i_command.py
rembg-2.0.59/rembg/commands/p_command.py
rembg-2.0.59/rembg/commands/s_command.py
rembg-2.0.59/rembg/session_factory.py
rembg-2.0.59/rembg/sessions/
rembg-2.0.59/rembg/sessions/__init__.py
rembg-2.0.59/rembg/sessions/base.py
rembg-2.0.59/rembg/sessions/birefnet_cod.py
rembg-2.0.59/rembg/sessions/birefnet_dis.py
rembg-2.0.59/rembg/sessions/birefnet_general.py
rembg-2.0.59/rembg/sessions/birefnet_general_lite.py
rembg-2.0.59/rembg/sessions/birefnet_hrsod.py
rembg-2.0.59/rembg/sessions/birefnet_massive.py
rembg-2.0.59/rembg/sessions/birefnet_portrait.py
rembg-2.0.59/rembg/sessions/dis_anime.py
rembg-2.0.59/rembg/sessions/dis_general_use.py
rembg-2.0.59/rembg/sessions/sam.py
rembg-2.0.59/rembg/sessions/silueta.py
rembg-2.0.59/rembg/sessions/u2net.py
rembg-2.0.59/rembg/sessions/u2net_cloth_seg.py
rembg-2.0.59/rembg/sessions/u2net_custom.py
rembg-2.0.59/rembg/sessions/u2net_human_seg.py
rembg-2.0.59/rembg/sessions/u2netp.py
rembg-2.0.59/setup.cfg
rembg-2.0.59/setup.py
rembg-2.0.59/tests/
rembg-2.0.59/tests/fixtures/
rembg-2.0.59/tests/fixtures/anime-girl-1.jpg
rembg-2.0.59/tests/fixtures/car-1.jpg
rembg-2.0.59/tests/fixtures/cloth-1.jpg
rembg-2.0.59/tests/fixtures/plants-1.jpg
rembg-2.0.59/tests/results/
rembg-2.0.59/tests/results/anime-girl-1.birefnet-cod.png
rembg-2.0.59/tests/results/anime-girl-1.birefnet-dis.png
rembg-2.0.59/tests/results/anime-girl-1.birefnet-general-lite.png
rembg-2.0.59/tests/results/anime-girl-1.birefnet-general.png
rembg-2.0.59/tests/results/anime-girl-1.birefnet-hrsod.png
rembg-2.0.59/tests/results/anime-girl-1.birefnet-massive.png
rembg-2.0.59/tests/results/anime-girl-1.birefnet-portrait.png
rembg-2.0.59/tests/results/anime-girl-1.isnet-anime.png
rembg-2.0.59/tests/results/anime-girl-1.isnet-general-use.png
rembg-2.0.59/tests/results/anime-girl-1.sam.png
rembg-2.0.59/tests/results/anime-girl-1.silueta.png
rembg-2.0.59/tests/results/anime-girl-1.u2net.png
rembg-2.0.59/tests/results/anime-girl-1.u2net_cloth_seg.png
rembg-2.0.59/tests/results/anime-girl-1.u2net_human_seg.png
rembg-2.0.59/tests/results/anime-girl-1.u2netp.png
rembg-2.0.59/tests/results/car-1.birefnet-cod.png
rembg-2.0.59/tests/results/car-1.birefnet-dis.png
rembg-2.0.59/tests/results/car-1.birefnet-general-lite.png
rembg-2.0.59/tests/results/car-1.birefnet-general.png
rembg-2.0.59/tests/results/car-1.birefnet-hrsod.png
rembg-2.0.59/tests/results/car-1.birefnet-massive.png
rembg-2.0.59/tests/results/car-1.birefnet-portrait.png
rembg-2.0.59/tests/results/car-1.isnet-anime.png
rembg-2.0.59/tests/results/car-1.isnet-general-use.png
rembg-2.0.59/tests/results/car-1.sam.png
rembg-2.0.59/tests/results/car-1.silueta.png
rembg-2.0.59/tests/results/car-1.u2net.png
rembg-2.0.59/tests/results/car-1.u2net_cloth_seg.png
rembg-2.0.59/tests/results/car-1.u2net_human_seg.png
rembg-2.0.59/tests/results/car-1.u2netp.png
rembg-2.0.59/tests/results/cloth-1.birefnet-cod.png
rembg-2.0.59/tests/results/cloth-1.birefnet-dis.png
rembg-2.0.59/tests/results/cloth-1.birefnet-general-lite.png
rembg-2.0.59/tests/results/cloth-1.birefnet-general.png
rembg-2.0.59/tests/results/cloth-1.birefnet-hrsod.png
rembg-2.0.59/tests/results/cloth-1.birefnet-massive.png
rembg-2.0.59/tests/results/cloth-1.birefnet-portrait.png
rembg-2.0.59/tests/results/cloth-1.isnet-anime.png
rembg-2.0.59/tests/results/cloth-1.isnet-general-use.png
rembg-2.0.59/tests/results/cloth-1.sam.png
rembg-2.0.59/tests/results/cloth-1.silueta.png
rembg-2.0.59/tests/results/cloth-1.u2net.png
rembg-2.0.59/tests/results/cloth-1.u2net_cloth_seg.png
rembg-2.0.59/tests/results/cloth-1.u2net_human_seg.png
rembg-2.0.59/tests/results/cloth-1.u2netp.png
rembg-2.0.59/tests/results/plants-1.birefnet-cod.png
rembg-2.0.59/tests/results/plants-1.birefnet-dis.png
rembg-2.0.59/tests/results/plants-1.birefnet-general-lite.png
rembg-2.0.59/tests/results/plants-1.birefnet-general.png
rembg-2.0.59/tests/results/plants-1.birefnet-hrsod.png
rembg-2.0.59/tests/results/plants-1.birefnet-massive.png
rembg-2.0.59/tests/results/plants-1.birefnet-portrait.png
rembg-2.0.59/tests/results/plants-1.isnet-anime.png
rembg-2.0.59/tests/results/plants-1.isnet-general-use.png
rembg-2.0.59/tests/results/plants-1.sam.png
rembg-2.0.59/tests/results/plants-1.silueta.png
rembg-2.0.59/tests/results/plants-1.u2net.png
rembg-2.0.59/tests/results/plants-1.u2net_cloth_seg.png
rembg-2.0.59/tests/results/plants-1.u2net_human_seg.png
rembg-2.0.59/tests/results/plants-1.u2netp.png
rembg-2.0.59/tests/test_remove.py
rembg-2.0.59/versioneer.py
/home/omen/BUILDS/gpacman/rembg/work
README or README.md already exists, skipping creation.
hm...lets continue and see what happens
running install
/usr/lib/python3.11/site-packages/setuptools/_distutils/cmd.py:66: SetuptoolsDeprecationWarning: setup.py install is deprecated.
!!

        ********************************************************************************
        Please avoid running ``setup.py`` directly.
        Instead, use pypa/build, pypa/installer or other
        standards-based tools.

        See https://blog.ganssle.io/articles/2021/10/setup-py-deprecated.html for details.
        ********************************************************************************

!!
  self.initialize_options()
running build
running build_py
creating build/lib/rembg
copying rembg/_version.py -> build/lib/rembg
copying rembg/session_factory.py -> build/lib/rembg
copying rembg/bg.py -> build/lib/rembg
copying rembg/cli.py -> build/lib/rembg
copying rembg/__init__.py -> build/lib/rembg
creating build/lib/rembg/sessions
copying rembg/sessions/base.py -> build/lib/rembg/sessions
copying rembg/sessions/birefnet_general.py -> build/lib/rembg/sessions
copying rembg/sessions/u2net_custom.py -> build/lib/rembg/sessions
copying rembg/sessions/birefnet_general_lite.py -> build/lib/rembg/sessions
copying rembg/sessions/dis_general_use.py -> build/lib/rembg/sessions
copying rembg/sessions/birefnet_cod.py -> build/lib/rembg/sessions
copying rembg/sessions/u2netp.py -> build/lib/rembg/sessions
copying rembg/sessions/u2net_cloth_seg.py -> build/lib/rembg/sessions
copying rembg/sessions/silueta.py -> build/lib/rembg/sessions
copying rembg/sessions/birefnet_massive.py -> build/lib/rembg/sessions
copying rembg/sessions/birefnet_portrait.py -> build/lib/rembg/sessions
copying rembg/sessions/u2net_human_seg.py -> build/lib/rembg/sessions
copying rembg/sessions/sam.py -> build/lib/rembg/sessions
copying rembg/sessions/u2net.py -> build/lib/rembg/sessions
copying rembg/sessions/dis_anime.py -> build/lib/rembg/sessions
copying rembg/sessions/birefnet_hrsod.py -> build/lib/rembg/sessions
copying rembg/sessions/birefnet_dis.py -> build/lib/rembg/sessions
copying rembg/sessions/__init__.py -> build/lib/rembg/sessions
creating build/lib/rembg/commands
copying rembg/commands/b_command.py -> build/lib/rembg/commands
copying rembg/commands/p_command.py -> build/lib/rembg/commands
copying rembg/commands/s_command.py -> build/lib/rembg/commands
copying rembg/commands/d_command.py -> build/lib/rembg/commands
copying rembg/commands/i_command.py -> build/lib/rembg/commands
copying rembg/commands/__init__.py -> build/lib/rembg/commands
UPDATING build/lib/rembg/_version.py
set build/lib/rembg/_version.py to '2.0.59'
running install_lib
creating /home/omen/BUILDS/gpacman/rembg/package-rembg/usr/lib/python3.11/site-packages
creating /home/omen/BUILDS/gpacman/rembg/package-rembg/usr/lib/python3.11/site-packages/rembg
creating /home/omen/BUILDS/gpacman/rembg/package-rembg/usr/lib/python3.11/site-packages/rembg/sessions
copying build/lib/rembg/sessions/base.py -> /home/omen/BUILDS/gpacman/rembg/package-rembg/usr/lib/python3.11/site-packages/rembg/sessions
copying build/lib/rembg/sessions/birefnet_general.py -> /home/omen/BUILDS/gpacman/rembg/package-rembg/usr/lib/python3.11/site-packages/rembg/sessions
copying build/lib/rembg/sessions/u2net_custom.py -> /home/omen/BUILDS/gpacman/rembg/package-rembg/usr/lib/python3.11/site-packages/rembg/sessions
copying build/lib/rembg/sessions/birefnet_general_lite.py -> /home/omen/BUILDS/gpacman/rembg/package-rembg/usr/lib/python3.11/site-packages/rembg/sessions
copying build/lib/rembg/sessions/dis_general_use.py -> /home/omen/BUILDS/gpacman/rembg/package-rembg/usr/lib/python3.11/site-packages/rembg/sessions
copying build/lib/rembg/sessions/birefnet_cod.py -> /home/omen/BUILDS/gpacman/rembg/package-rembg/usr/lib/python3.11/site-packages/rembg/sessions
copying build/lib/rembg/sessions/u2netp.py -> /home/omen/BUILDS/gpacman/rembg/package-rembg/usr/lib/python3.11/site-packages/rembg/sessions
copying build/lib/rembg/sessions/u2net_cloth_seg.py -> /home/omen/BUILDS/gpacman/rembg/package-rembg/usr/lib/python3.11/site-packages/rembg/sessions
copying build/lib/rembg/sessions/silueta.py -> /home/omen/BUILDS/gpacman/rembg/package-rembg/usr/lib/python3.11/site-packages/rembg/sessions
copying build/lib/rembg/sessions/birefnet_massive.py -> /home/omen/BUILDS/gpacman/rembg/package-rembg/usr/lib/python3.11/site-packages/rembg/sessions
copying build/lib/rembg/sessions/birefnet_portrait.py -> /home/omen/BUILDS/gpacman/rembg/package-rembg/usr/lib/python3.11/site-packages/rembg/sessions
copying build/lib/rembg/sessions/u2net_human_seg.py -> /home/omen/BUILDS/gpacman/rembg/package-rembg/usr/lib/python3.11/site-packages/rembg/sessions
copying build/lib/rembg/sessions/sam.py -> /home/omen/BUILDS/gpacman/rembg/package-rembg/usr/lib/python3.11/site-packages/rembg/sessions
copying build/lib/rembg/sessions/u2net.py -> /home/omen/BUILDS/gpacman/rembg/package-rembg/usr/lib/python3.11/site-packages/rembg/sessions
copying build/lib/rembg/sessions/dis_anime.py -> /home/omen/BUILDS/gpacman/rembg/package-rembg/usr/lib/python3.11/site-packages/rembg/sessions
copying build/lib/rembg/sessions/birefnet_hrsod.py -> /home/omen/BUILDS/gpacman/rembg/package-rembg/usr/lib/python3.11/site-packages/rembg/sessions
copying build/lib/rembg/sessions/birefnet_dis.py -> /home/omen/BUILDS/gpacman/rembg/package-rembg/usr/lib/python3.11/site-packages/rembg/sessions
copying build/lib/rembg/sessions/__init__.py -> /home/omen/BUILDS/gpacman/rembg/package-rembg/usr/lib/python3.11/site-packages/rembg/sessions
copying build/lib/rembg/_version.py -> /home/omen/BUILDS/gpacman/rembg/package-rembg/usr/lib/python3.11/site-packages/rembg
copying build/lib/rembg/session_factory.py -> /home/omen/BUILDS/gpacman/rembg/package-rembg/usr/lib/python3.11/site-packages/rembg
copying build/lib/rembg/bg.py -> /home/omen/BUILDS/gpacman/rembg/package-rembg/usr/lib/python3.11/site-packages/rembg
creating /home/omen/BUILDS/gpacman/rembg/package-rembg/usr/lib/python3.11/site-packages/rembg/commands
copying build/lib/rembg/commands/b_command.py -> /home/omen/BUILDS/gpacman/rembg/package-rembg/usr/lib/python3.11/site-packages/rembg/commands
copying build/lib/rembg/commands/p_command.py -> /home/omen/BUILDS/gpacman/rembg/package-rembg/usr/lib/python3.11/site-packages/rembg/commands
copying build/lib/rembg/commands/s_command.py -> /home/omen/BUILDS/gpacman/rembg/package-rembg/usr/lib/python3.11/site-packages/rembg/commands
copying build/lib/rembg/commands/d_command.py -> /home/omen/BUILDS/gpacman/rembg/package-rembg/usr/lib/python3.11/site-packages/rembg/commands
copying build/lib/rembg/commands/i_command.py -> /home/omen/BUILDS/gpacman/rembg/package-rembg/usr/lib/python3.11/site-packages/rembg/commands
copying build/lib/rembg/commands/__init__.py -> /home/omen/BUILDS/gpacman/rembg/package-rembg/usr/lib/python3.11/site-packages/rembg/commands
copying build/lib/rembg/cli.py -> /home/omen/BUILDS/gpacman/rembg/package-rembg/usr/lib/python3.11/site-packages/rembg
copying build/lib/rembg/__init__.py -> /home/omen/BUILDS/gpacman/rembg/package-rembg/usr/lib/python3.11/site-packages/rembg
byte-compiling /home/omen/BUILDS/gpacman/rembg/package-rembg/usr/lib/python3.11/site-packages/rembg/sessions/base.py to base.cpython-311.pyc
byte-compiling /home/omen/BUILDS/gpacman/rembg/package-rembg/usr/lib/python3.11/site-packages/rembg/sessions/birefnet_general.py to birefnet_general.cpython-311.pyc
byte-compiling /home/omen/BUILDS/gpacman/rembg/package-rembg/usr/lib/python3.11/site-packages/rembg/sessions/u2net_custom.py to u2net_custom.cpython-311.pyc
byte-compiling /home/omen/BUILDS/gpacman/rembg/package-rembg/usr/lib/python3.11/site-packages/rembg/sessions/birefnet_general_lite.py to birefnet_general_lite.cpython-311.pyc
byte-compiling /home/omen/BUILDS/gpacman/rembg/package-rembg/usr/lib/python3.11/site-packages/rembg/sessions/dis_general_use.py to dis_general_use.cpython-311.pyc
byte-compiling /home/omen/BUILDS/gpacman/rembg/package-rembg/usr/lib/python3.11/site-packages/rembg/sessions/birefnet_cod.py to birefnet_cod.cpython-311.pyc
byte-compiling /home/omen/BUILDS/gpacman/rembg/package-rembg/usr/lib/python3.11/site-packages/rembg/sessions/u2netp.py to u2netp.cpython-311.pyc
byte-compiling /home/omen/BUILDS/gpacman/rembg/package-rembg/usr/lib/python3.11/site-packages/rembg/sessions/u2net_cloth_seg.py to u2net_cloth_seg.cpython-311.pyc
byte-compiling /home/omen/BUILDS/gpacman/rembg/package-rembg/usr/lib/python3.11/site-packages/rembg/sessions/silueta.py to silueta.cpython-311.pyc
byte-compiling /home/omen/BUILDS/gpacman/rembg/package-rembg/usr/lib/python3.11/site-packages/rembg/sessions/birefnet_massive.py to birefnet_massive.cpython-311.pyc
byte-compiling /home/omen/BUILDS/gpacman/rembg/package-rembg/usr/lib/python3.11/site-packages/rembg/sessions/birefnet_portrait.py to birefnet_portrait.cpython-311.pyc
byte-compiling /home/omen/BUILDS/gpacman/rembg/package-rembg/usr/lib/python3.11/site-packages/rembg/sessions/u2net_human_seg.py to u2net_human_seg.cpython-311.pyc
byte-compiling /home/omen/BUILDS/gpacman/rembg/package-rembg/usr/lib/python3.11/site-packages/rembg/sessions/sam.py to sam.cpython-311.pyc
byte-compiling /home/omen/BUILDS/gpacman/rembg/package-rembg/usr/lib/python3.11/site-packages/rembg/sessions/u2net.py to u2net.cpython-311.pyc
byte-compiling /home/omen/BUILDS/gpacman/rembg/package-rembg/usr/lib/python3.11/site-packages/rembg/sessions/dis_anime.py to dis_anime.cpython-311.pyc
byte-compiling /home/omen/BUILDS/gpacman/rembg/package-rembg/usr/lib/python3.11/site-packages/rembg/sessions/birefnet_hrsod.py to birefnet_hrsod.cpython-311.pyc
byte-compiling /home/omen/BUILDS/gpacman/rembg/package-rembg/usr/lib/python3.11/site-packages/rembg/sessions/birefnet_dis.py to birefnet_dis.cpython-311.pyc
byte-compiling /home/omen/BUILDS/gpacman/rembg/package-rembg/usr/lib/python3.11/site-packages/rembg/sessions/__init__.py to __init__.cpython-311.pyc
byte-compiling /home/omen/BUILDS/gpacman/rembg/package-rembg/usr/lib/python3.11/site-packages/rembg/_version.py to _version.cpython-311.pyc
byte-compiling /home/omen/BUILDS/gpacman/rembg/package-rembg/usr/lib/python3.11/site-packages/rembg/session_factory.py to session_factory.cpython-311.pyc
byte-compiling /home/omen/BUILDS/gpacman/rembg/package-rembg/usr/lib/python3.11/site-packages/rembg/bg.py to bg.cpython-311.pyc
byte-compiling /home/omen/BUILDS/gpacman/rembg/package-rembg/usr/lib/python3.11/site-packages/rembg/commands/b_command.py to b_command.cpython-311.pyc
byte-compiling /home/omen/BUILDS/gpacman/rembg/package-rembg/usr/lib/python3.11/site-packages/rembg/commands/p_command.py to p_command.cpython-311.pyc
byte-compiling /home/omen/BUILDS/gpacman/rembg/package-rembg/usr/lib/python3.11/site-packages/rembg/commands/s_command.py to s_command.cpython-311.pyc
byte-compiling /home/omen/BUILDS/gpacman/rembg/package-rembg/usr/lib/python3.11/site-packages/rembg/commands/d_command.py to d_command.cpython-311.pyc
byte-compiling /home/omen/BUILDS/gpacman/rembg/package-rembg/usr/lib/python3.11/site-packages/rembg/commands/i_command.py to i_command.cpython-311.pyc
byte-compiling /home/omen/BUILDS/gpacman/rembg/package-rembg/usr/lib/python3.11/site-packages/rembg/commands/__init__.py to __init__.cpython-311.pyc
byte-compiling /home/omen/BUILDS/gpacman/rembg/package-rembg/usr/lib/python3.11/site-packages/rembg/cli.py to cli.cpython-311.pyc
byte-compiling /home/omen/BUILDS/gpacman/rembg/package-rembg/usr/lib/python3.11/site-packages/rembg/__init__.py to __init__.cpython-311.pyc
running install_egg_info
running egg_info
creating rembg.egg-info
writing rembg.egg-info/PKG-INFO
writing dependency_links to rembg.egg-info/dependency_links.txt
writing entry points to rembg.egg-info/entry_points.txt
writing requirements to rembg.egg-info/requires.txt
writing top-level names to rembg.egg-info/top_level.txt
writing manifest file 'rembg.egg-info/SOURCES.txt'
ERROR setuptools_scm._file_finders.git listing git files failed - pretending there aren't any
reading manifest file 'rembg.egg-info/SOURCES.txt'
reading manifest template 'MANIFEST.in'
warning: no files found matching 'requirements.txt'
warning: no files found matching 'requirements-gpu.txt'
adding license file 'LICENSE.txt'
writing manifest file 'rembg.egg-info/SOURCES.txt'
Copying rembg.egg-info to /home/omen/BUILDS/gpacman/rembg/package-rembg/usr/lib/python3.11/site-packages/rembg-2.0.59-py3.11.egg-info
running install_scripts
Installing rembg script to /home/omen/BUILDS/gpacman/rembg/package-rembg/usr/bin
cp: cannot stat 'AUTHORS ChangeLog Changelog CHANGELOG COPYING COPYRIGHT CONFIGURATION* CONTRIBUTING* *FAQ* GPL* HACKING index.ht* *INDEX* INSTALL* License* LICENSE* *README* *Readme* *RELEASE* TODO VERSION': No such file or directory

Slackware package maker, version 3.14159265.

Searching for symbolic links:

No symbolic links were found, so we won't make an installation script.
You can make your own later in ./install/doinst.sh and rebuild the
package if you like.

This next step is optional - you can set the directories in your package
to some sane permissions. If any of the directories in your package have
special permissions, then DO NOT reset them here!

Would you like to reset all directory permissions to 755 (drwxr-xr-x) and
directory ownerships to root.root ([y]es, [n]o)? n


Creating Slackware package:  /home/omen/BUILDS/gpacman/rembg/binary-rembg-2.0.59/rembg-2.0.59-x86_64-1_rtz.tlz

./
install/
install/doinst.sh
install/slack-desc
usr/
usr/bin/
usr/bin/rembg
usr/doc/
usr/doc/rembg-2.0.59/
usr/doc/rembg-2.0.59/rembg.SlackBuild
usr/lib/
usr/lib/python3.11/
usr/lib/python3.11/site-packages/
usr/lib/python3.11/site-packages/rembg/
usr/lib/python3.11/site-packages/rembg-2.0.59-py3.11.egg-info/
usr/lib/python3.11/site-packages/rembg-2.0.59-py3.11.egg-info/PKG-INFO
usr/lib/python3.11/site-packages/rembg-2.0.59-py3.11.egg-info/SOURCES.txt
usr/lib/python3.11/site-packages/rembg-2.0.59-py3.11.egg-info/dependency_links.txt
usr/lib/python3.11/site-packages/rembg-2.0.59-py3.11.egg-info/entry_points.txt
usr/lib/python3.11/site-packages/rembg-2.0.59-py3.11.egg-info/requires.txt
usr/lib/python3.11/site-packages/rembg-2.0.59-py3.11.egg-info/top_level.txt
usr/lib/python3.11/site-packages/rembg/__init__.py
usr/lib/python3.11/site-packages/rembg/__pycache__/
usr/lib/python3.11/site-packages/rembg/__pycache__/__init__.cpython-311.pyc
usr/lib/python3.11/site-packages/rembg/__pycache__/_version.cpython-311.pyc
usr/lib/python3.11/site-packages/rembg/__pycache__/bg.cpython-311.pyc
usr/lib/python3.11/site-packages/rembg/__pycache__/cli.cpython-311.pyc
usr/lib/python3.11/site-packages/rembg/__pycache__/session_factory.cpython-311.pyc
usr/lib/python3.11/site-packages/rembg/_version.py
usr/lib/python3.11/site-packages/rembg/bg.py
usr/lib/python3.11/site-packages/rembg/cli.py
usr/lib/python3.11/site-packages/rembg/commands/
usr/lib/python3.11/site-packages/rembg/commands/__init__.py
usr/lib/python3.11/site-packages/rembg/commands/__pycache__/
usr/lib/python3.11/site-packages/rembg/commands/__pycache__/__init__.cpython-311.pyc
usr/lib/python3.11/site-packages/rembg/commands/__pycache__/b_command.cpython-311.pyc
usr/lib/python3.11/site-packages/rembg/commands/__pycache__/d_command.cpython-311.pyc
usr/lib/python3.11/site-packages/rembg/commands/__pycache__/i_command.cpython-311.pyc
usr/lib/python3.11/site-packages/rembg/commands/__pycache__/p_command.cpython-311.pyc
usr/lib/python3.11/site-packages/rembg/commands/__pycache__/s_command.cpython-311.pyc
usr/lib/python3.11/site-packages/rembg/commands/b_command.py
usr/lib/python3.11/site-packages/rembg/commands/d_command.py
usr/lib/python3.11/site-packages/rembg/commands/i_command.py
usr/lib/python3.11/site-packages/rembg/commands/p_command.py
usr/lib/python3.11/site-packages/rembg/commands/s_command.py
usr/lib/python3.11/site-packages/rembg/session_factory.py
usr/lib/python3.11/site-packages/rembg/sessions/
usr/lib/python3.11/site-packages/rembg/sessions/__init__.py
usr/lib/python3.11/site-packages/rembg/sessions/__pycache__/
usr/lib/python3.11/site-packages/rembg/sessions/__pycache__/__init__.cpython-311.pyc
usr/lib/python3.11/site-packages/rembg/sessions/__pycache__/base.cpython-311.pyc
usr/lib/python3.11/site-packages/rembg/sessions/__pycache__/birefnet_cod.cpython-311.pyc
usr/lib/python3.11/site-packages/rembg/sessions/__pycache__/birefnet_dis.cpython-311.pyc
usr/lib/python3.11/site-packages/rembg/sessions/__pycache__/birefnet_general.cpython-311.pyc
usr/lib/python3.11/site-packages/rembg/sessions/__pycache__/birefnet_general_lite.cpython-311.pyc
usr/lib/python3.11/site-packages/rembg/sessions/__pycache__/birefnet_hrsod.cpython-311.pyc
usr/lib/python3.11/site-packages/rembg/sessions/__pycache__/birefnet_massive.cpython-311.pyc
usr/lib/python3.11/site-packages/rembg/sessions/__pycache__/birefnet_portrait.cpython-311.pyc
usr/lib/python3.11/site-packages/rembg/sessions/__pycache__/dis_anime.cpython-311.pyc
usr/lib/python3.11/site-packages/rembg/sessions/__pycache__/dis_general_use.cpython-311.pyc
usr/lib/python3.11/site-packages/rembg/sessions/__pycache__/sam.cpython-311.pyc
usr/lib/python3.11/site-packages/rembg/sessions/__pycache__/silueta.cpython-311.pyc
usr/lib/python3.11/site-packages/rembg/sessions/__pycache__/u2net.cpython-311.pyc
usr/lib/python3.11/site-packages/rembg/sessions/__pycache__/u2net_cloth_seg.cpython-311.pyc
usr/lib/python3.11/site-packages/rembg/sessions/__pycache__/u2net_custom.cpython-311.pyc
usr/lib/python3.11/site-packages/rembg/sessions/__pycache__/u2net_human_seg.cpython-311.pyc
usr/lib/python3.11/site-packages/rembg/sessions/__pycache__/u2netp.cpython-311.pyc
usr/lib/python3.11/site-packages/rembg/sessions/base.py
usr/lib/python3.11/site-packages/rembg/sessions/birefnet_cod.py
usr/lib/python3.11/site-packages/rembg/sessions/birefnet_dis.py
usr/lib/python3.11/site-packages/rembg/sessions/birefnet_general.py
usr/lib/python3.11/site-packages/rembg/sessions/birefnet_general_lite.py
usr/lib/python3.11/site-packages/rembg/sessions/birefnet_hrsod.py
usr/lib/python3.11/site-packages/rembg/sessions/birefnet_massive.py
usr/lib/python3.11/site-packages/rembg/sessions/birefnet_portrait.py
usr/lib/python3.11/site-packages/rembg/sessions/dis_anime.py
usr/lib/python3.11/site-packages/rembg/sessions/dis_general_use.py
usr/lib/python3.11/site-packages/rembg/sessions/sam.py
usr/lib/python3.11/site-packages/rembg/sessions/silueta.py
usr/lib/python3.11/site-packages/rembg/sessions/u2net.py
usr/lib/python3.11/site-packages/rembg/sessions/u2net_cloth_seg.py
usr/lib/python3.11/site-packages/rembg/sessions/u2net_custom.py
usr/lib/python3.11/site-packages/rembg/sessions/u2net_human_seg.py
usr/lib/python3.11/site-packages/rembg/sessions/u2netp.py

Slackware package /home/omen/BUILDS/gpacman/rembg/binary-rembg-2.0.59/rembg-2.0.59-x86_64-1_rtz.tlz created.

Build process completed in 0 minutes and 12 seconds.
