
Mon Oct 14 11:31:19 EEST 2024 Anagnostakis Ioannis (rizitis@gmail.com) GR
Slackware package maker, version 3.14159265.

Searching for symbolic links:

No symbolic links were found, so we won't make an installation script.
You can make your own later in ./install/doinst.sh and rebuild the
package if you like.

This next step is optional - you can set the directories in your package
to some sane permissions. If any of the directories in your package have
special permissions, then DO NOT reset them here!

Would you like to reset all directory permissions to 755 (drwxr-xr-x) and
directory ownerships to root.root ([y]es, [n]o)? n

Removing rpath from: ./opt/Gitify/libffmpeg.so
Removing rpath from: ./opt/Gitify/gitify

Creating Slackware package:  /home/omen/GITHUB/AUTO_SLACKBUILD/hacks/gitify/binary-gitify-5.16.1/gitify-5.16.1-x86_64-1_rtz.tlz

./
install/
install/doinst.sh
install/slack-desc
opt/
opt/Gitify/
opt/Gitify/chrome_100_percent.pak
opt/Gitify/chrome_200_percent.pak
opt/Gitify/chrome_crashpad_handler
opt/Gitify/chrome-sandbox
opt/Gitify/gitify
opt/Gitify/icudtl.dat
opt/Gitify/libEGL.so
opt/Gitify/libffmpeg.so
opt/Gitify/libGLESv2.so
opt/Gitify/libvk_swiftshader.so
opt/Gitify/libvulkan.so.1
opt/Gitify/LICENSE.electron.txt
opt/Gitify/LICENSES.chromium.html
opt/Gitify/locales/
opt/Gitify/resources/
opt/Gitify/resources/app.asar
opt/Gitify/resources/app-update.yml
opt/Gitify/resources/package-type
opt/Gitify/resources.pak
opt/Gitify/snapshot_blob.bin
opt/Gitify/v8_context_snapshot.bin
opt/Gitify/vk_swiftshader_icd.json
usr/
usr/doc/
usr/doc/gitify-5.16.1/
usr/doc/gitify-5.16.1/gitify.SlackBuild
usr/doc/gitify-5.16.1/LICENSE
usr/share/
usr/share/applications/
usr/share/applications/gitify.desktop
usr/share/doc/
usr/share/doc/gitify/
usr/share/doc/gitify/changelog.gz
usr/share/icons/
usr/share/icons/hicolor/
usr/share/icons/hicolor/1024x1024/
usr/share/icons/hicolor/1024x1024/apps/
usr/share/icons/hicolor/1024x1024/apps/gitify.png
usr/share/icons/hicolor/128x128/
usr/share/icons/hicolor/128x128/apps/
usr/share/icons/hicolor/128x128/apps/gitify.png
usr/share/icons/hicolor/16x16/
usr/share/icons/hicolor/16x16/apps/
usr/share/icons/hicolor/16x16/apps/gitify.png
usr/share/icons/hicolor/256x256/
usr/share/icons/hicolor/256x256/apps/
usr/share/icons/hicolor/256x256/apps/gitify.png
usr/share/icons/hicolor/32x32/
usr/share/icons/hicolor/32x32/apps/
usr/share/icons/hicolor/32x32/apps/gitify.png
usr/share/icons/hicolor/48x48/
usr/share/icons/hicolor/48x48/apps/
usr/share/icons/hicolor/48x48/apps/gitify.png
usr/share/icons/hicolor/512x512/
usr/share/icons/hicolor/512x512/apps/
usr/share/icons/hicolor/512x512/apps/gitify.png
usr/share/icons/hicolor/64x64/
usr/share/icons/hicolor/64x64/apps/
usr/share/icons/hicolor/64x64/apps/gitify.png

Slackware package /home/omen/GITHUB/AUTO_SLACKBUILD/hacks/gitify/binary-gitify-5.16.1/gitify-5.16.1-x86_64-1_rtz.tlz created.

